2018-05-24 12:02:54.2286 ERROR CEC.SAISE.EDayModule.Infrastructure.HandleAndLogErrorAttribute.OnException  NHibernate.Exceptions.GenericADOException: Failed to execute multi criteria[SQL: SELECT count(*) as y0_ FROM Voter this_ WHERE this_.idnp = ?;
SELECT TOP (?)  this_.VoterId as y0_, this_.idnp as y1_, this_.streetName as y2_, this_.streetNumber as y3_, this_.streetSubNumber as y4_, this_.documentNumber as y5_, this_.nameRo as y6_, this_.lastNameRo as y7_, this_.VoterId as y8_ FROM Voter this_ WHERE this_.idnp = ?;
] ---> System.IndexOutOfRangeException: Index was outside the bounds of the array.
   at NHibernate.Loader.Criteria.CriteriaLoader.GetResultColumnOrRow(Object[] row, IResultTransformer customResultTransformer, IDataReader rs, ISessionImplementor session)
   at NHibernate.Loader.Loader.GetRowFromResultSet(IDataReader resultSet, ISessionImplementor session, QueryParameters queryParameters, LockMode[] lockModeArray, EntityKey optionalObjectKey, IList hydratedObjects, EntityKey[] keys, Boolean returnProxies)
   at NHibernate.Impl.MultiCriteriaImpl.GetResultsFromDatabase(IList results)
   --- End of inner exception stack trace ---
   at NHibernate.Impl.MultiCriteriaImpl.GetResultsFromDatabase(IList results)
   at NHibernate.Impl.MultiCriteriaImpl.List()
   at NHibernate.Impl.FutureCriteriaBatch.GetResultsFrom(IMultiCriteria multiApproach)
   at NHibernate.Impl.FutureBatch`2.GetResults()
   at NHibernate.Impl.FutureBatch`2.GetCurrentResult[TResult](Int32 currentIndex)
   at NHibernate.Impl.FutureBatch`2.<>c__DisplayClass1`1.<GetFutureValue>b__0()
   at NHibernate.Impl.FutureValue`1.get_Value()
   at Amdaris.NHibernateProvider.Utils.PageHelper.CreatePage[T](ICriteria criteria, PageRequest request, ICriteria countCriteria)
   at Amdaris.NHibernateProvider.Utils.PageHelper.CreatePage[T](ICriteria criteria, PageRequest request)
   at CEC.SAISE.BLL.Impl.VoterCertificatBll.GetVoter(PageRequest pageRequest, String idnp) in D:\work\CEC\CEC.SRV\src\CEC.SAISE.BLL\Impl\VoterCertificatBll.cs:line 66
   at CEC.SAISE.EDayModule.Controllers.VoterCertificatController.SearchVoterAsync(JqGridRequest request, String idnp) in D:\work\CEC\CEC.SRV\src\CEC.SAISE.EDayModule\Controllers\VoterCertificatController.cs:line 77
   at lambda_method(Closure , ControllerBase , Object[] )
   at System.Web.Mvc.ActionMethodDispatcher.Execute(ControllerBase controller, Object[] parameters)
   at System.Web.Mvc.ReflectedActionDescriptor.Execute(ControllerContext controllerContext, IDictionary`2 parameters)
   at System.Web.Mvc.ControllerActionInvoker.InvokeActionMethod(ControllerContext controllerContext, ActionDescriptor actionDescriptor, IDictionary`2 parameters)
   at System.Web.Mvc.Async.AsyncControllerActionInvoker.<BeginInvokeSynchronousActionMethod>b__39(IAsyncResult asyncResult, ActionInvocation innerInvokeState)
   at System.Web.Mvc.Async.AsyncResultWrapper.WrappedAsyncResult`2.CallEndDelegate(IAsyncResult asyncResult)
   at System.Web.Mvc.Async.AsyncResultWrapper.WrappedAsyncResultBase`1.End()
   at System.Web.Mvc.Async.AsyncControllerActionInvoker.EndInvokeActionMethod(IAsyncResult asyncResult)
   at System.Web.Mvc.Async.AsyncControllerActionInvoker.AsyncInvocationWithFilters.<InvokeActionMethodFilterAsynchronouslyRecursive>b__3d()
   at System.Web.Mvc.Async.AsyncControllerActionInvoker.AsyncInvocationWithFilters.<>c__DisplayClass46.<InvokeActionMethodFilterAsynchronouslyRecursive>b__3f()
   at System.Web.Mvc.Async.AsyncControllerActionInvoker.AsyncInvocationWithFilters.<>c__DisplayClass46.<InvokeActionMethodFilterAsynchronouslyRecursive>b__3f()
   at System.Web.Mvc.Async.AsyncControllerActionInvoker.<>c__DisplayClass33.<BeginInvokeActionMethodWithFilters>b__32(IAsyncResult asyncResult)
   at System.Web.Mvc.Async.AsyncResultWrapper.WrappedAsyncResult`1.CallEndDelegate(IAsyncResult asyncResult)
   at System.Web.Mvc.Async.AsyncResultWrapper.WrappedAsyncResultBase`1.End()
   at System.Web.Mvc.Async.AsyncControllerActionInvoker.EndInvokeActionMethodWithFilters(IAsyncResult asyncResult)
   at System.Web.Mvc.Async.AsyncControllerActionInvoker.<>c__DisplayClass21.<>c__DisplayClass2b.<BeginInvokeAction>b__1c()
   at System.Web.Mvc.Async.AsyncControllerActionInvoker.<>c__DisplayClass21.<BeginInvokeAction>b__1e(IAsyncResult asyncResult)
2018-05-24 12:05:31.6260 ERROR CEC.SAISE.EDayModule.Infrastructure.HandleAndLogErrorAttribute.OnException  NHibernate.Exceptions.GenericADOException: Failed to execute multi criteria[SQL: SELECT count(*) as y0_ FROM Voter this_ WHERE this_.idnp = ?;
SELECT TOP (?)  this_.VoterId as y0_, this_.idnp as y1_, this_.streetName as y2_, this_.streetNumber as y3_, this_.streetSubNumber as y4_, this_.documentNumber as y5_, this_.nameRo as y6_, this_.lastNameRo as y7_, this_.VoterId as y8_ FROM Voter this_ WHERE this_.idnp = ?;
] ---> System.IndexOutOfRangeException: Index was outside the bounds of the array.
   at NHibernate.Loader.Criteria.CriteriaLoader.GetResultColumnOrRow(Object[] row, IResultTransformer customResultTransformer, IDataReader rs, ISessionImplementor session)
   at NHibernate.Loader.Loader.GetRowFromResultSet(IDataReader resultSet, ISessionImplementor session, QueryParameters queryParameters, LockMode[] lockModeArray, EntityKey optionalObjectKey, IList hydratedObjects, EntityKey[] keys, Boolean returnProxies)
   at NHibernate.Impl.MultiCriteriaImpl.GetResultsFromDatabase(IList results)
   --- End of inner exception stack trace ---
   at NHibernate.Impl.MultiCriteriaImpl.GetResultsFromDatabase(IList results)
   at NHibernate.Impl.MultiCriteriaImpl.List()
   at NHibernate.Impl.FutureCriteriaBatch.GetResultsFrom(IMultiCriteria multiApproach)
   at NHibernate.Impl.FutureBatch`2.GetResults()
   at NHibernate.Impl.FutureBatch`2.GetCurrentResult[TResult](Int32 currentIndex)
   at NHibernate.Impl.FutureBatch`2.<>c__DisplayClass1`1.<GetFutureValue>b__0()
   at NHibernate.Impl.FutureValue`1.get_Value()
   at Amdaris.NHibernateProvider.Utils.PageHelper.CreatePage[T](ICriteria criteria, PageRequest request, ICriteria countCriteria)
   at Amdaris.NHibernateProvider.Utils.PageHelper.CreatePage[T](ICriteria criteria, PageRequest request)
   at CEC.SAISE.BLL.Impl.VoterCertificatBll.GetVoter(PageRequest pageRequest, String idnp) in D:\work\CEC\CEC.SRV\src\CEC.SAISE.BLL\Impl\VoterCertificatBll.cs:line 66
   at CEC.SAISE.EDayModule.Controllers.VoterCertificatController.SearchVoterAsync(JqGridRequest request, String idnp) in D:\work\CEC\CEC.SRV\src\CEC.SAISE.EDayModule\Controllers\VoterCertificatController.cs:line 77
   at lambda_method(Closure , ControllerBase , Object[] )
   at System.Web.Mvc.ActionMethodDispatcher.Execute(ControllerBase controller, Object[] parameters)
   at System.Web.Mvc.ReflectedActionDescriptor.Execute(ControllerContext controllerContext, IDictionary`2 parameters)
   at System.Web.Mvc.ControllerActionInvoker.InvokeActionMethod(ControllerContext controllerContext, ActionDescriptor actionDescriptor, IDictionary`2 parameters)
   at System.Web.Mvc.Async.AsyncControllerActionInvoker.<BeginInvokeSynchronousActionMethod>b__39(IAsyncResult asyncResult, ActionInvocation innerInvokeState)
   at System.Web.Mvc.Async.AsyncResultWrapper.WrappedAsyncResult`2.CallEndDelegate(IAsyncResult asyncResult)
   at System.Web.Mvc.Async.AsyncResultWrapper.WrappedAsyncResultBase`1.End()
   at System.Web.Mvc.Async.AsyncControllerActionInvoker.EndInvokeActionMethod(IAsyncResult asyncResult)
   at System.Web.Mvc.Async.AsyncControllerActionInvoker.AsyncInvocationWithFilters.<InvokeActionMethodFilterAsynchronouslyRecursive>b__3d()
   at System.Web.Mvc.Async.AsyncControllerActionInvoker.AsyncInvocationWithFilters.<>c__DisplayClass46.<InvokeActionMethodFilterAsynchronouslyRecursive>b__3f()
   at System.Web.Mvc.Async.AsyncControllerActionInvoker.AsyncInvocationWithFilters.<>c__DisplayClass46.<InvokeActionMethodFilterAsynchronouslyRecursive>b__3f()
   at System.Web.Mvc.Async.AsyncControllerActionInvoker.<>c__DisplayClass33.<BeginInvokeActionMethodWithFilters>b__32(IAsyncResult asyncResult)
   at System.Web.Mvc.Async.AsyncResultWrapper.WrappedAsyncResult`1.CallEndDelegate(IAsyncResult asyncResult)
   at System.Web.Mvc.Async.AsyncResultWrapper.WrappedAsyncResultBase`1.End()
   at System.Web.Mvc.Async.AsyncControllerActionInvoker.EndInvokeActionMethodWithFilters(IAsyncResult asyncResult)
   at System.Web.Mvc.Async.AsyncControllerActionInvoker.<>c__DisplayClass21.<>c__DisplayClass2b.<BeginInvokeAction>b__1c()
   at System.Web.Mvc.Async.AsyncControllerActionInvoker.<>c__DisplayClass21.<BeginInvokeAction>b__1e(IAsyncResult asyncResult)
2018-05-24 12:07:41.7328 ERROR CEC.SAISE.EDayModule.Infrastructure.HandleAndLogErrorAttribute.OnException  NHibernate.Exceptions.GenericADOException: Failed to execute multi criteria[SQL: SELECT count(*) as y0_ FROM Voter this_ WHERE this_.idnp = ?;
SELECT TOP (?)  this_.VoterId as y0_, this_.idnp as y1_, this_.streetName as y2_, this_.streetNumber as y3_, this_.streetSubNumber as y4_, this_.documentNumber as y5_, this_.nameRo as y6_, this_.lastNameRo as y7_, this_.VoterId as y8_ FROM Voter this_ WHERE this_.idnp = ?;
] ---> System.IndexOutOfRangeException: Index was outside the bounds of the array.
   at NHibernate.Loader.Criteria.CriteriaLoader.GetResultColumnOrRow(Object[] row, IResultTransformer customResultTransformer, IDataReader rs, ISessionImplementor session)
   at NHibernate.Loader.Loader.GetRowFromResultSet(IDataReader resultSet, ISessionImplementor session, QueryParameters queryParameters, LockMode[] lockModeArray, EntityKey optionalObjectKey, IList hydratedObjects, EntityKey[] keys, Boolean returnProxies)
   at NHibernate.Impl.MultiCriteriaImpl.GetResultsFromDatabase(IList results)
   --- End of inner exception stack trace ---
   at NHibernate.Impl.MultiCriteriaImpl.GetResultsFromDatabase(IList results)
   at NHibernate.Impl.MultiCriteriaImpl.List()
   at NHibernate.Impl.FutureCriteriaBatch.GetResultsFrom(IMultiCriteria multiApproach)
   at NHibernate.Impl.FutureBatch`2.GetResults()
   at NHibernate.Impl.FutureBatch`2.GetCurrentResult[TResult](Int32 currentIndex)
   at NHibernate.Impl.FutureBatch`2.<>c__DisplayClass1`1.<GetFutureValue>b__0()
   at NHibernate.Impl.FutureValue`1.get_Value()
   at Amdaris.NHibernateProvider.Utils.PageHelper.CreatePage[T](ICriteria criteria, PageRequest request, ICriteria countCriteria)
   at Amdaris.NHibernateProvider.Utils.PageHelper.CreatePage[T](ICriteria criteria, PageRequest request)
   at CEC.SAISE.BLL.Impl.VoterCertificatBll.GetVoter(PageRequest pageRequest, String idnp) in D:\work\CEC\CEC.SRV\src\CEC.SAISE.BLL\Impl\VoterCertificatBll.cs:line 66
   at CEC.SAISE.EDayModule.Controllers.VoterCertificatController.SearchVoterAsync(JqGridRequest request, String idnp) in D:\work\CEC\CEC.SRV\src\CEC.SAISE.EDayModule\Controllers\VoterCertificatController.cs:line 77
   at lambda_method(Closure , ControllerBase , Object[] )
   at System.Web.Mvc.ActionMethodDispatcher.Execute(ControllerBase controller, Object[] parameters)
   at System.Web.Mvc.ReflectedActionDescriptor.Execute(ControllerContext controllerContext, IDictionary`2 parameters)
   at System.Web.Mvc.ControllerActionInvoker.InvokeActionMethod(ControllerContext controllerContext, ActionDescriptor actionDescriptor, IDictionary`2 parameters)
   at System.Web.Mvc.Async.AsyncControllerActionInvoker.<BeginInvokeSynchronousActionMethod>b__39(IAsyncResult asyncResult, ActionInvocation innerInvokeState)
   at System.Web.Mvc.Async.AsyncResultWrapper.WrappedAsyncResult`2.CallEndDelegate(IAsyncResult asyncResult)
   at System.Web.Mvc.Async.AsyncResultWrapper.WrappedAsyncResultBase`1.End()
   at System.Web.Mvc.Async.AsyncControllerActionInvoker.EndInvokeActionMethod(IAsyncResult asyncResult)
   at System.Web.Mvc.Async.AsyncControllerActionInvoker.AsyncInvocationWithFilters.<InvokeActionMethodFilterAsynchronouslyRecursive>b__3d()
   at System.Web.Mvc.Async.AsyncControllerActionInvoker.AsyncInvocationWithFilters.<>c__DisplayClass46.<InvokeActionMethodFilterAsynchronouslyRecursive>b__3f()
   at System.Web.Mvc.Async.AsyncControllerActionInvoker.AsyncInvocationWithFilters.<>c__DisplayClass46.<InvokeActionMethodFilterAsynchronouslyRecursive>b__3f()
   at System.Web.Mvc.Async.AsyncControllerActionInvoker.<>c__DisplayClass33.<BeginInvokeActionMethodWithFilters>b__32(IAsyncResult asyncResult)
   at System.Web.Mvc.Async.AsyncResultWrapper.WrappedAsyncResult`1.CallEndDelegate(IAsyncResult asyncResult)
   at System.Web.Mvc.Async.AsyncResultWrapper.WrappedAsyncResultBase`1.End()
   at System.Web.Mvc.Async.AsyncControllerActionInvoker.EndInvokeActionMethodWithFilters(IAsyncResult asyncResult)
   at System.Web.Mvc.Async.AsyncControllerActionInvoker.<>c__DisplayClass21.<>c__DisplayClass2b.<BeginInvokeAction>b__1c()
   at System.Web.Mvc.Async.AsyncControllerActionInvoker.<>c__DisplayClass21.<BeginInvokeAction>b__1e(IAsyncResult asyncResult)
2018-05-24 12:08:44.8005 ERROR CEC.SAISE.EDayModule.Infrastructure.HandleAndLogErrorAttribute.OnException  NHibernate.QueryException: could not resolve property: voter.VoterCertificats of: CEC.SAISE.Domain.Voter
   at NHibernate.Persister.Entity.AbstractPropertyMapping.ToType(String propertyName)
   at NHibernate.Persister.Entity.AbstractEntityPersister.ToType(String propertyName)
   at NHibernate.Loader.Criteria.CriteriaQueryTranslator.GetType(ICriteria subcriteria, String propertyName)
   at NHibernate.Criterion.PropertyProjection.GetTypes(ICriteria criteria, ICriteriaQuery criteriaQuery)
   at NHibernate.Criterion.AliasedProjection.GetTypes(ICriteria criteria, ICriteriaQuery criteriaQuery)
   at NHibernate.Criterion.ProjectionList.GetTypes(ICriteria criteria, ICriteriaQuery criteriaQuery)
   at NHibernate.Loader.Criteria.CriteriaJoinWalker..ctor(IOuterJoinLoadable persister, CriteriaQueryTranslator translator, ISessionFactoryImplementor factory, ICriteria criteria, String rootEntityName, IDictionary`2 enabledFilters)
   at NHibernate.Loader.Criteria.CriteriaLoader..ctor(IOuterJoinLoadable persister, ISessionFactoryImplementor factory, CriteriaImpl rootCriteria, String rootEntityName, IDictionary`2 enabledFilters)
   at NHibernate.Impl.MultiCriteriaImpl.CreateCriteriaLoaders()
   at NHibernate.Impl.MultiCriteriaImpl.List()
   at NHibernate.Impl.FutureCriteriaBatch.GetResultsFrom(IMultiCriteria multiApproach)
   at NHibernate.Impl.FutureBatch`2.GetResults()
   at NHibernate.Impl.FutureBatch`2.GetCurrentResult[TResult](Int32 currentIndex)
   at NHibernate.Impl.FutureBatch`2.<>c__DisplayClass1`1.<GetFutureValue>b__0()
   at NHibernate.Impl.FutureValue`1.get_Value()
   at Amdaris.NHibernateProvider.Utils.PageHelper.CreatePage[T](ICriteria criteria, PageRequest request, ICriteria countCriteria)
   at Amdaris.NHibernateProvider.Utils.PageHelper.CreatePage[T](ICriteria criteria, PageRequest request)
   at CEC.SAISE.BLL.Impl.VoterCertificatBll.GetVoter(PageRequest pageRequest, String idnp) in D:\work\CEC\CEC.SRV\src\CEC.SAISE.BLL\Impl\VoterCertificatBll.cs:line 66
   at CEC.SAISE.EDayModule.Controllers.VoterCertificatController.SearchVoterAsync(JqGridRequest request, String idnp) in D:\work\CEC\CEC.SRV\src\CEC.SAISE.EDayModule\Controllers\VoterCertificatController.cs:line 77
   at lambda_method(Closure , ControllerBase , Object[] )
   at System.Web.Mvc.ActionMethodDispatcher.Execute(ControllerBase controller, Object[] parameters)
   at System.Web.Mvc.ReflectedActionDescriptor.Execute(ControllerContext controllerContext, IDictionary`2 parameters)
   at System.Web.Mvc.ControllerActionInvoker.InvokeActionMethod(ControllerContext controllerContext, ActionDescriptor actionDescriptor, IDictionary`2 parameters)
   at System.Web.Mvc.Async.AsyncControllerActionInvoker.<BeginInvokeSynchronousActionMethod>b__39(IAsyncResult asyncResult, ActionInvocation innerInvokeState)
   at System.Web.Mvc.Async.AsyncResultWrapper.WrappedAsyncResult`2.CallEndDelegate(IAsyncResult asyncResult)
   at System.Web.Mvc.Async.AsyncResultWrapper.WrappedAsyncResultBase`1.End()
   at System.Web.Mvc.Async.AsyncControllerActionInvoker.EndInvokeActionMethod(IAsyncResult asyncResult)
   at System.Web.Mvc.Async.AsyncControllerActionInvoker.AsyncInvocationWithFilters.<InvokeActionMethodFilterAsynchronouslyRecursive>b__3d()
   at System.Web.Mvc.Async.AsyncControllerActionInvoker.AsyncInvocationWithFilters.<>c__DisplayClass46.<InvokeActionMethodFilterAsynchronouslyRecursive>b__3f()
   at System.Web.Mvc.Async.AsyncControllerActionInvoker.AsyncInvocationWithFilters.<>c__DisplayClass46.<InvokeActionMethodFilterAsynchronouslyRecursive>b__3f()
   at System.Web.Mvc.Async.AsyncControllerActionInvoker.<>c__DisplayClass33.<BeginInvokeActionMethodWithFilters>b__32(IAsyncResult asyncResult)
   at System.Web.Mvc.Async.AsyncResultWrapper.WrappedAsyncResult`1.CallEndDelegate(IAsyncResult asyncResult)
   at System.Web.Mvc.Async.AsyncResultWrapper.WrappedAsyncResultBase`1.End()
   at System.Web.Mvc.Async.AsyncControllerActionInvoker.EndInvokeActionMethodWithFilters(IAsyncResult asyncResult)
   at System.Web.Mvc.Async.AsyncControllerActionInvoker.<>c__DisplayClass21.<>c__DisplayClass2b.<BeginInvokeAction>b__1c()
   at System.Web.Mvc.Async.AsyncControllerActionInvoker.<>c__DisplayClass21.<BeginInvokeAction>b__1e(IAsyncResult asyncResult)
2018-05-24 12:12:58.6277 ERROR CEC.SAISE.EDayModule.Infrastructure.HandleAndLogErrorAttribute.OnException  NHibernate.PropertyNotFoundException: Could not find a setter for property 'this' in class 'CEC.SAISE.Domain.Voter'
   at NHibernate.Properties.ChainedPropertyAccessor.GetSetter(Type theClass, String propertyName)
   at NHibernate.Transform.AliasToBeanResultTransformer.TransformTuple(Object[] tuple, String[] aliases)
   at NHibernate.Loader.Criteria.CriteriaLoader.GetResultList(IList results, IResultTransformer customResultTransformer)
   at NHibernate.Impl.MultiCriteriaImpl.GetResultList(IList results)
   at NHibernate.Impl.MultiCriteriaImpl.List()
   at NHibernate.Impl.FutureCriteriaBatch.GetResultsFrom(IMultiCriteria multiApproach)
   at NHibernate.Impl.FutureBatch`2.GetResults()
   at NHibernate.Impl.FutureBatch`2.GetCurrentResult[TResult](Int32 currentIndex)
   at NHibernate.Impl.FutureBatch`2.<>c__DisplayClass1`1.<GetFutureValue>b__0()
   at NHibernate.Impl.FutureValue`1.get_Value()
   at Amdaris.NHibernateProvider.Utils.PageHelper.CreatePage[T](ICriteria criteria, PageRequest request, ICriteria countCriteria)
   at Amdaris.NHibernateProvider.Utils.PageHelper.CreatePage[T](ICriteria criteria, PageRequest request)
   at CEC.SAISE.BLL.Impl.VoterCertificatBll.GetVoter(PageRequest pageRequest, String idnp) in D:\work\CEC\CEC.SRV\src\CEC.SAISE.BLL\Impl\VoterCertificatBll.cs:line 62
   at CEC.SAISE.EDayModule.Controllers.VoterCertificatController.SearchVoterAsync(JqGridRequest request, String idnp) in D:\work\CEC\CEC.SRV\src\CEC.SAISE.EDayModule\Controllers\VoterCertificatController.cs:line 77
   at lambda_method(Closure , ControllerBase , Object[] )
   at System.Web.Mvc.ActionMethodDispatcher.Execute(ControllerBase controller, Object[] parameters)
   at System.Web.Mvc.ReflectedActionDescriptor.Execute(ControllerContext controllerContext, IDictionary`2 parameters)
   at System.Web.Mvc.ControllerActionInvoker.InvokeActionMethod(ControllerContext controllerContext, ActionDescriptor actionDescriptor, IDictionary`2 parameters)
   at System.Web.Mvc.Async.AsyncControllerActionInvoker.<BeginInvokeSynchronousActionMethod>b__39(IAsyncResult asyncResult, ActionInvocation innerInvokeState)
   at System.Web.Mvc.Async.AsyncResultWrapper.WrappedAsyncResult`2.CallEndDelegate(IAsyncResult asyncResult)
   at System.Web.Mvc.Async.AsyncResultWrapper.WrappedAsyncResultBase`1.End()
   at System.Web.Mvc.Async.AsyncControllerActionInvoker.EndInvokeActionMethod(IAsyncResult asyncResult)
   at System.Web.Mvc.Async.AsyncControllerActionInvoker.AsyncInvocationWithFilters.<InvokeActionMethodFilterAsynchronouslyRecursive>b__3d()
   at System.Web.Mvc.Async.AsyncControllerActionInvoker.AsyncInvocationWithFilters.<>c__DisplayClass46.<InvokeActionMethodFilterAsynchronouslyRecursive>b__3f()
   at System.Web.Mvc.Async.AsyncControllerActionInvoker.AsyncInvocationWithFilters.<>c__DisplayClass46.<InvokeActionMethodFilterAsynchronouslyRecursive>b__3f()
   at System.Web.Mvc.Async.AsyncControllerActionInvoker.<>c__DisplayClass33.<BeginInvokeActionMethodWithFilters>b__32(IAsyncResult asyncResult)
   at System.Web.Mvc.Async.AsyncResultWrapper.WrappedAsyncResult`1.CallEndDelegate(IAsyncResult asyncResult)
   at System.Web.Mvc.Async.AsyncResultWrapper.WrappedAsyncResultBase`1.End()
   at System.Web.Mvc.Async.AsyncControllerActionInvoker.EndInvokeActionMethodWithFilters(IAsyncResult asyncResult)
   at System.Web.Mvc.Async.AsyncControllerActionInvoker.<>c__DisplayClass21.<>c__DisplayClass2b.<BeginInvokeAction>b__1c()
   at System.Web.Mvc.Async.AsyncControllerActionInvoker.<>c__DisplayClass21.<BeginInvokeAction>b__1e(IAsyncResult asyncResult)
2018-05-24 12:13:17.7997 ERROR CEC.SAISE.EDayModule.Infrastructure.HandleAndLogErrorAttribute.OnException  NHibernate.TransactionException: Begin failed with SQL exception ---> System.Runtime.InteropServices.COMException: The handle is invalid. (Exception from HRESULT: 0x80070006 (E_HANDLE))
   at System.Runtime.InteropServices.Marshal.ThrowExceptionForHRInternal(Int32 errorCode, IntPtr errorInfo)
   at System.Data.ProviderBase.DbConnectionPool.TryGetConnection(DbConnection owningObject, UInt32 waitForMultipleObjectsTimeout, Boolean allowCreate, Boolean onlyOneCheckConnection, DbConnectionOptions userOptions, DbConnectionInternal& connection)
   at System.Data.ProviderBase.DbConnectionPool.TryGetConnection(DbConnection owningObject, TaskCompletionSource`1 retry, DbConnectionOptions userOptions, DbConnectionInternal& connection)
   at System.Data.ProviderBase.DbConnectionFactory.TryGetConnection(DbConnection owningConnection, TaskCompletionSource`1 retry, DbConnectionOptions userOptions, DbConnectionInternal oldConnection, DbConnectionInternal& connection)
   at System.Data.ProviderBase.DbConnectionInternal.TryOpenConnectionInternal(DbConnection outerConnection, DbConnectionFactory connectionFactory, TaskCompletionSource`1 retry, DbConnectionOptions userOptions)
   at System.Data.ProviderBase.DbConnectionClosed.TryOpenConnection(DbConnection outerConnection, DbConnectionFactory connectionFactory, TaskCompletionSource`1 retry, DbConnectionOptions userOptions)
   at System.Data.SqlClient.SqlConnection.TryOpenInner(TaskCompletionSource`1 retry)
   at System.Data.SqlClient.SqlConnection.TryOpen(TaskCompletionSource`1 retry)
   at System.Data.SqlClient.SqlConnection.Open()
   at NHibernate.Connection.DriverConnectionProvider.GetConnection()
   at NHibernate.AdoNet.ConnectionManager.GetConnection()
   at NHibernate.Impl.SessionImpl.get_Connection()
   at NHibernate.Transaction.AdoTransaction.Begin(IsolationLevel isolationLevel)
   --- End of inner exception stack trace ---
   at NHibernate.Transaction.AdoTransaction.Begin(IsolationLevel isolationLevel)
   at NHibernate.Transaction.AdoTransaction.Begin()
   at NHibernate.Impl.SessionImpl.BeginTransaction()
   at Amdaris.NHibernateProvider.LazySessionManager.<>c__DisplayClass1.<StartSession>b__0()
   at System.Lazy`1.CreateValue()
   at System.Lazy`1.LazyInitValue()
   at System.Lazy`1.get_Value()
   at Amdaris.NHibernateProvider.LazySessionContext.CurrentSession()
   at NHibernate.Impl.SessionFactoryImpl.GetCurrentSession()
   at Amdaris.NHibernateProvider.Repository.get_Session()
   at CEC.SAISE.BLL.Impl.SaiseRepository.QueryOver[T]() in D:\work\CEC\CEC.SRV\src\CEC.SAISE.BLL\Impl\SaiseRepository.cs:line 26
   at CEC.SAISE.BLL.Impl.VoterCertificatBll.GetVoter(PageRequest pageRequest, String idnp) in D:\work\CEC\CEC.SRV\src\CEC.SAISE.BLL\Impl\VoterCertificatBll.cs:line 62
   at CEC.SAISE.EDayModule.Controllers.VoterCertificatController.SearchVoterAsync(JqGridRequest request, String idnp) in D:\work\CEC\CEC.SRV\src\CEC.SAISE.EDayModule\Controllers\VoterCertificatController.cs:line 77
   at lambda_method(Closure , ControllerBase , Object[] )
   at System.Web.Mvc.ActionMethodDispatcher.Execute(ControllerBase controller, Object[] parameters)
   at System.Web.Mvc.ReflectedActionDescriptor.Execute(ControllerContext controllerContext, IDictionary`2 parameters)
   at System.Web.Mvc.ControllerActionInvoker.InvokeActionMethod(ControllerContext controllerContext, ActionDescriptor actionDescriptor, IDictionary`2 parameters)
   at System.Web.Mvc.Async.AsyncControllerActionInvoker.<BeginInvokeSynchronousActionMethod>b__39(IAsyncResult asyncResult, ActionInvocation innerInvokeState)
   at System.Web.Mvc.Async.AsyncResultWrapper.WrappedAsyncResult`2.CallEndDelegate(IAsyncResult asyncResult)
   at System.Web.Mvc.Async.AsyncResultWrapper.WrappedAsyncResultBase`1.End()
   at System.Web.Mvc.Async.AsyncControllerActionInvoker.EndInvokeActionMethod(IAsyncResult asyncResult)
   at System.Web.Mvc.Async.AsyncControllerActionInvoker.AsyncInvocationWithFilters.<InvokeActionMethodFilterAsynchronouslyRecursive>b__3d()
   at System.Web.Mvc.Async.AsyncControllerActionInvoker.AsyncInvocationWithFilters.<>c__DisplayClass46.<InvokeActionMethodFilterAsynchronouslyRecursive>b__3f()
   at System.Web.Mvc.Async.AsyncControllerActionInvoker.AsyncInvocationWithFilters.<>c__DisplayClass46.<InvokeActionMethodFilterAsynchronouslyRecursive>b__3f()
   at System.Web.Mvc.Async.AsyncControllerActionInvoker.<>c__DisplayClass33.<BeginInvokeActionMethodWithFilters>b__32(IAsyncResult asyncResult)
   at System.Web.Mvc.Async.AsyncResultWrapper.WrappedAsyncResult`1.CallEndDelegate(IAsyncResult asyncResult)
   at System.Web.Mvc.Async.AsyncResultWrapper.WrappedAsyncResultBase`1.End()
   at System.Web.Mvc.Async.AsyncControllerActionInvoker.EndInvokeActionMethodWithFilters(IAsyncResult asyncResult)
   at System.Web.Mvc.Async.AsyncControllerActionInvoker.<>c__DisplayClass21.<>c__DisplayClass2b.<BeginInvokeAction>b__1c()
   at System.Web.Mvc.Async.AsyncControllerActionInvoker.<>c__DisplayClass21.<BeginInvokeAction>b__1e(IAsyncResult asyncResult)
2018-05-24 12:13:22.2074 ERROR CEC.SAISE.EDayModule.Infrastructure.HandleAndLogErrorAttribute.OnException  NHibernate.ADOException: Could not close System.Data.SqlClient.SqlConnection connection ---> System.Threading.SemaphoreFullException: Adding the specified count to the semaphore would cause it to exceed its maximum count.
   at System.Threading.Semaphore.Release(Int32 releaseCount)
   at System.Data.ProviderBase.DbConnectionPool.PutNewObject(DbConnectionInternal obj)
   at System.Data.ProviderBase.DbConnectionPool.DeactivateObject(DbConnectionInternal obj)
   at System.Data.ProviderBase.DbConnectionPool.PutObject(DbConnectionInternal obj, Object owningObject)
   at System.Data.ProviderBase.DbConnectionInternal.CloseConnection(DbConnection owningObject, DbConnectionFactory connectionFactory)
   at System.Data.SqlClient.SqlConnection.CloseInnerConnection()
   at System.Data.SqlClient.SqlConnection.Close()
   at NHibernate.Connection.ConnectionProvider.CloseConnection(IDbConnection conn)
   --- End of inner exception stack trace ---
   at NHibernate.Connection.ConnectionProvider.CloseConnection(IDbConnection conn)
   at NHibernate.Connection.DriverConnectionProvider.CloseConnection(IDbConnection conn)
   at NHibernate.AdoNet.ConnectionManager.CloseConnection()
   at NHibernate.AdoNet.ConnectionManager.AggressiveRelease()
   at NHibernate.AdoNet.ConnectionManager.AfterTransaction()
   at NHibernate.Impl.SessionImpl.AfterTransactionCompletion(Boolean success, ITransaction tx)
   at NHibernate.Transaction.AdoTransaction.AfterTransactionCompletion(Boolean successful)
   at NHibernate.Transaction.AdoTransaction.Commit()
   at Amdaris.NHibernateProvider.LazySessionManager.EndSession(ISession session, Boolean commitTransaction)
   at Amdaris.NHibernateProvider.LazySessionManager.CloseSession(Boolean commitTransaction)
   at Amdaris.NHibernateProvider.Web.NHibernateSessionAttribute.OnActionExecuted(ActionExecutedContext filterContext)
   at System.Web.Mvc.Async.AsyncControllerActionInvoker.AsyncInvocationWithFilters.<>c__DisplayClass46.<InvokeActionMethodFilterAsynchronouslyRecursive>b__3f()
   at System.Web.Mvc.Async.AsyncControllerActionInvoker.AsyncInvocationWithFilters.<>c__DisplayClass46.<InvokeActionMethodFilterAsynchronouslyRecursive>b__3f()
   at System.Web.Mvc.Async.AsyncControllerActionInvoker.<>c__DisplayClass33.<BeginInvokeActionMethodWithFilters>b__32(IAsyncResult asyncResult)
   at System.Web.Mvc.Async.AsyncResultWrapper.WrappedAsyncResult`1.CallEndDelegate(IAsyncResult asyncResult)
   at System.Web.Mvc.Async.AsyncResultWrapper.WrappedAsyncResultBase`1.End()
   at System.Web.Mvc.Async.AsyncControllerActionInvoker.EndInvokeActionMethodWithFilters(IAsyncResult asyncResult)
   at System.Web.Mvc.Async.AsyncControllerActionInvoker.<>c__DisplayClass21.<>c__DisplayClass2b.<BeginInvokeAction>b__1c()
   at System.Web.Mvc.Async.AsyncControllerActionInvoker.<>c__DisplayClass21.<BeginInvokeAction>b__1e(IAsyncResult asyncResult)
   at System.Web.Mvc.Async.AsyncResultWrapper.WrappedAsyncResult`1.CallEndDelegate(IAsyncResult asyncResult)
   at System.Web.Mvc.Async.AsyncResultWrapper.WrappedAsyncResultBase`1.End()
   at System.Web.Mvc.Async.AsyncControllerActionInvoker.EndInvokeAction(IAsyncResult asyncResult)
   at System.Web.Mvc.Controller.<BeginExecuteCore>b__1d(IAsyncResult asyncResult, ExecuteCoreState innerState)
   at System.Web.Mvc.Async.AsyncResultWrapper.WrappedAsyncVoid`1.CallEndDelegate(IAsyncResult asyncResult)
   at System.Web.Mvc.Async.AsyncResultWrapper.WrappedAsyncResultBase`1.End()
   at System.Web.Mvc.Controller.EndExecuteCore(IAsyncResult asyncResult)
   at System.Web.Mvc.Controller.<BeginExecute>b__15(IAsyncResult asyncResult, Controller controller)
   at System.Web.Mvc.Async.AsyncResultWrapper.WrappedAsyncVoid`1.CallEndDelegate(IAsyncResult asyncResult)
   at System.Web.Mvc.Async.AsyncResultWrapper.WrappedAsyncResultBase`1.End()
   at System.Web.Mvc.Controller.EndExecute(IAsyncResult asyncResult)
   at System.Web.Mvc.Controller.System.Web.Mvc.Async.IAsyncController.EndExecute(IAsyncResult asyncResult)
   at System.Web.Mvc.MvcHandler.<BeginProcessRequest>b__5(IAsyncResult asyncResult, ProcessRequestState innerState)
   at System.Web.Mvc.Async.AsyncResultWrapper.WrappedAsyncVoid`1.CallEndDelegate(IAsyncResult asyncResult)
   at System.Web.Mvc.Async.AsyncResultWrapper.WrappedAsyncResultBase`1.End()
   at System.Web.Mvc.MvcHandler.EndProcessRequest(IAsyncResult asyncResult)
   at System.Web.Mvc.MvcHandler.System.Web.IHttpAsyncHandler.EndProcessRequest(IAsyncResult result)
   at System.Web.HttpApplication.CallHandlerExecutionStep.System.Web.HttpApplication.IExecutionStep.Execute()
   at System.Web.HttpApplication.ExecuteStepImpl(IExecutionStep step)
   at System.Web.HttpApplication.ExecuteStep(IExecutionStep step, Boolean& completedSynchronously)
2018-05-24 12:13:27.8436 ERROR CEC.SAISE.EDayModule.Infrastructure.HandleAndLogErrorAttribute.OnException  NHibernate.ADOException: Could not close System.Data.SqlClient.SqlConnection connection ---> System.Threading.SemaphoreFullException: Adding the specified count to the semaphore would cause it to exceed its maximum count.
   at System.Threading.Semaphore.Release(Int32 releaseCount)
   at System.Data.ProviderBase.DbConnectionPool.PutNewObject(DbConnectionInternal obj)
   at System.Data.ProviderBase.DbConnectionPool.DeactivateObject(DbConnectionInternal obj)
   at System.Data.ProviderBase.DbConnectionPool.PutObject(DbConnectionInternal obj, Object owningObject)
   at System.Data.ProviderBase.DbConnectionInternal.CloseConnection(DbConnection owningObject, DbConnectionFactory connectionFactory)
   at System.Data.SqlClient.SqlConnection.CloseInnerConnection()
   at System.Data.SqlClient.SqlConnection.Close()
   at NHibernate.Connection.ConnectionProvider.CloseConnection(IDbConnection conn)
   --- End of inner exception stack trace ---
   at NHibernate.Connection.ConnectionProvider.CloseConnection(IDbConnection conn)
   at NHibernate.Connection.DriverConnectionProvider.CloseConnection(IDbConnection conn)
   at NHibernate.AdoNet.ConnectionManager.CloseConnection()
   at NHibernate.AdoNet.ConnectionManager.AggressiveRelease()
   at NHibernate.AdoNet.ConnectionManager.AfterTransaction()
   at NHibernate.Impl.SessionImpl.AfterTransactionCompletion(Boolean success, ITransaction tx)
   at NHibernate.Transaction.AdoTransaction.AfterTransactionCompletion(Boolean successful)
   at NHibernate.Transaction.AdoTransaction.Commit()
   at Amdaris.NHibernateProvider.LazySessionManager.EndSession(ISession session, Boolean commitTransaction)
   at Amdaris.NHibernateProvider.LazySessionManager.CloseSession(Boolean commitTransaction)
   at Amdaris.NHibernateProvider.Web.NHibernateSessionAttribute.OnActionExecuted(ActionExecutedContext filterContext)
   at System.Web.Mvc.Async.AsyncControllerActionInvoker.AsyncInvocationWithFilters.<>c__DisplayClass46.<InvokeActionMethodFilterAsynchronouslyRecursive>b__3f()
   at System.Web.Mvc.Async.AsyncControllerActionInvoker.AsyncInvocationWithFilters.<>c__DisplayClass46.<InvokeActionMethodFilterAsynchronouslyRecursive>b__3f()
   at System.Web.Mvc.Async.AsyncControllerActionInvoker.<>c__DisplayClass33.<BeginInvokeActionMethodWithFilters>b__32(IAsyncResult asyncResult)
   at System.Web.Mvc.Async.AsyncResultWrapper.WrappedAsyncResult`1.CallEndDelegate(IAsyncResult asyncResult)
   at System.Web.Mvc.Async.AsyncResultWrapper.WrappedAsyncResultBase`1.End()
   at System.Web.Mvc.Async.AsyncControllerActionInvoker.EndInvokeActionMethodWithFilters(IAsyncResult asyncResult)
   at System.Web.Mvc.Async.AsyncControllerActionInvoker.<>c__DisplayClass21.<>c__DisplayClass2b.<BeginInvokeAction>b__1c()
   at System.Web.Mvc.Async.AsyncControllerActionInvoker.<>c__DisplayClass21.<BeginInvokeAction>b__1e(IAsyncResult asyncResult)
   at System.Web.Mvc.Async.AsyncResultWrapper.WrappedAsyncResult`1.CallEndDelegate(IAsyncResult asyncResult)
   at System.Web.Mvc.Async.AsyncResultWrapper.WrappedAsyncResultBase`1.End()
   at System.Web.Mvc.Async.AsyncControllerActionInvoker.EndInvokeAction(IAsyncResult asyncResult)
   at System.Web.Mvc.Controller.<BeginExecuteCore>b__1d(IAsyncResult asyncResult, ExecuteCoreState innerState)
   at System.Web.Mvc.Async.AsyncResultWrapper.WrappedAsyncVoid`1.CallEndDelegate(IAsyncResult asyncResult)
   at System.Web.Mvc.Async.AsyncResultWrapper.WrappedAsyncResultBase`1.End()
   at System.Web.Mvc.Controller.EndExecuteCore(IAsyncResult asyncResult)
   at System.Web.Mvc.Controller.<BeginExecute>b__15(IAsyncResult asyncResult, Controller controller)
   at System.Web.Mvc.Async.AsyncResultWrapper.WrappedAsyncVoid`1.CallEndDelegate(IAsyncResult asyncResult)
   at System.Web.Mvc.Async.AsyncResultWrapper.WrappedAsyncResultBase`1.End()
   at System.Web.Mvc.Controller.EndExecute(IAsyncResult asyncResult)
   at System.Web.Mvc.Controller.System.Web.Mvc.Async.IAsyncController.EndExecute(IAsyncResult asyncResult)
   at System.Web.Mvc.MvcHandler.<BeginProcessRequest>b__5(IAsyncResult asyncResult, ProcessRequestState innerState)
   at System.Web.Mvc.Async.AsyncResultWrapper.WrappedAsyncVoid`1.CallEndDelegate(IAsyncResult asyncResult)
   at System.Web.Mvc.Async.AsyncResultWrapper.WrappedAsyncResultBase`1.End()
   at System.Web.Mvc.MvcHandler.EndProcessRequest(IAsyncResult asyncResult)
   at System.Web.Mvc.MvcHandler.System.Web.IHttpAsyncHandler.EndProcessRequest(IAsyncResult result)
   at System.Web.HttpApplication.CallHandlerExecutionStep.System.Web.HttpApplication.IExecutionStep.Execute()
   at System.Web.HttpApplication.ExecuteStepImpl(IExecutionStep step)
   at System.Web.HttpApplication.ExecuteStep(IExecutionStep step, Boolean& completedSynchronously)
2018-05-24 12:14:45.8842 ERROR CEC.SAISE.EDayModule.Infrastructure.HandleAndLogErrorAttribute.OnException  NHibernate.QueryException: could not resolve property: voter.VoterCertificats of: CEC.SAISE.Domain.Voter
   at NHibernate.Persister.Entity.AbstractPropertyMapping.ToType(String propertyName)
   at NHibernate.Persister.Entity.AbstractEntityPersister.ToType(String propertyName)
   at NHibernate.Loader.Criteria.CriteriaQueryTranslator.GetType(ICriteria subcriteria, String propertyName)
   at NHibernate.Criterion.PropertyProjection.GetTypes(ICriteria criteria, ICriteriaQuery criteriaQuery)
   at NHibernate.Criterion.AliasedProjection.GetTypes(ICriteria criteria, ICriteriaQuery criteriaQuery)
   at NHibernate.Criterion.ProjectionList.GetTypes(ICriteria criteria, ICriteriaQuery criteriaQuery)
   at NHibernate.Loader.Criteria.CriteriaJoinWalker..ctor(IOuterJoinLoadable persister, CriteriaQueryTranslator translator, ISessionFactoryImplementor factory, ICriteria criteria, String rootEntityName, IDictionary`2 enabledFilters)
   at NHibernate.Loader.Criteria.CriteriaLoader..ctor(IOuterJoinLoadable persister, ISessionFactoryImplementor factory, CriteriaImpl rootCriteria, String rootEntityName, IDictionary`2 enabledFilters)
   at NHibernate.Impl.MultiCriteriaImpl.CreateCriteriaLoaders()
   at NHibernate.Impl.MultiCriteriaImpl.List()
   at NHibernate.Impl.FutureCriteriaBatch.GetResultsFrom(IMultiCriteria multiApproach)
   at NHibernate.Impl.FutureBatch`2.GetResults()
   at NHibernate.Impl.FutureBatch`2.GetCurrentResult[TResult](Int32 currentIndex)
   at NHibernate.Impl.FutureBatch`2.<>c__DisplayClass1`1.<GetFutureValue>b__0()
   at NHibernate.Impl.FutureValue`1.get_Value()
   at Amdaris.NHibernateProvider.Utils.PageHelper.CreatePage[T](ICriteria criteria, PageRequest request, ICriteria countCriteria)
   at Amdaris.NHibernateProvider.Utils.PageHelper.CreatePage[T](ICriteria criteria, PageRequest request)
   at CEC.SAISE.BLL.Impl.VoterCertificatBll.GetVoter(PageRequest pageRequest, String idnp) in D:\work\CEC\CEC.SRV\src\CEC.SAISE.BLL\Impl\VoterCertificatBll.cs:line 66
   at CEC.SAISE.EDayModule.Controllers.VoterCertificatController.SearchVoterAsync(JqGridRequest request, String idnp) in D:\work\CEC\CEC.SRV\src\CEC.SAISE.EDayModule\Controllers\VoterCertificatController.cs:line 77
   at lambda_method(Closure , ControllerBase , Object[] )
   at System.Web.Mvc.ActionMethodDispatcher.Execute(ControllerBase controller, Object[] parameters)
   at System.Web.Mvc.ReflectedActionDescriptor.Execute(ControllerContext controllerContext, IDictionary`2 parameters)
   at System.Web.Mvc.ControllerActionInvoker.InvokeActionMethod(ControllerContext controllerContext, ActionDescriptor actionDescriptor, IDictionary`2 parameters)
   at System.Web.Mvc.Async.AsyncControllerActionInvoker.<BeginInvokeSynchronousActionMethod>b__39(IAsyncResult asyncResult, ActionInvocation innerInvokeState)
   at System.Web.Mvc.Async.AsyncResultWrapper.WrappedAsyncResult`2.CallEndDelegate(IAsyncResult asyncResult)
   at System.Web.Mvc.Async.AsyncResultWrapper.WrappedAsyncResultBase`1.End()
   at System.Web.Mvc.Async.AsyncControllerActionInvoker.EndInvokeActionMethod(IAsyncResult asyncResult)
   at System.Web.Mvc.Async.AsyncControllerActionInvoker.AsyncInvocationWithFilters.<InvokeActionMethodFilterAsynchronouslyRecursive>b__3d()
   at System.Web.Mvc.Async.AsyncControllerActionInvoker.AsyncInvocationWithFilters.<>c__DisplayClass46.<InvokeActionMethodFilterAsynchronouslyRecursive>b__3f()
   at System.Web.Mvc.Async.AsyncControllerActionInvoker.AsyncInvocationWithFilters.<>c__DisplayClass46.<InvokeActionMethodFilterAsynchronouslyRecursive>b__3f()
   at System.Web.Mvc.Async.AsyncControllerActionInvoker.<>c__DisplayClass33.<BeginInvokeActionMethodWithFilters>b__32(IAsyncResult asyncResult)
   at System.Web.Mvc.Async.AsyncResultWrapper.WrappedAsyncResult`1.CallEndDelegate(IAsyncResult asyncResult)
   at System.Web.Mvc.Async.AsyncResultWrapper.WrappedAsyncResultBase`1.End()
   at System.Web.Mvc.Async.AsyncControllerActionInvoker.EndInvokeActionMethodWithFilters(IAsyncResult asyncResult)
   at System.Web.Mvc.Async.AsyncControllerActionInvoker.<>c__DisplayClass21.<>c__DisplayClass2b.<BeginInvokeAction>b__1c()
   at System.Web.Mvc.Async.AsyncControllerActionInvoker.<>c__DisplayClass21.<BeginInvokeAction>b__1e(IAsyncResult asyncResult)
2018-05-24 12:16:09.2910 ERROR CEC.SAISE.EDayModule.Infrastructure.HandleAndLogErrorAttribute.OnException  NHibernate.QueryException: could not resolve property: voter.VoterCertificats of: CEC.SAISE.Domain.Voter
   at NHibernate.Persister.Entity.AbstractPropertyMapping.ToType(String propertyName)
   at NHibernate.Persister.Entity.AbstractEntityPersister.ToType(String propertyName)
   at NHibernate.Loader.Criteria.CriteriaQueryTranslator.GetType(ICriteria subcriteria, String propertyName)
   at NHibernate.Criterion.PropertyProjection.GetTypes(ICriteria criteria, ICriteriaQuery criteriaQuery)
   at NHibernate.Criterion.AliasedProjection.GetTypes(ICriteria criteria, ICriteriaQuery criteriaQuery)
   at NHibernate.Criterion.ProjectionList.GetTypes(ICriteria criteria, ICriteriaQuery criteriaQuery)
   at NHibernate.Loader.Criteria.CriteriaJoinWalker..ctor(IOuterJoinLoadable persister, CriteriaQueryTranslator translator, ISessionFactoryImplementor factory, ICriteria criteria, String rootEntityName, IDictionary`2 enabledFilters)
   at NHibernate.Loader.Criteria.CriteriaLoader..ctor(IOuterJoinLoadable persister, ISessionFactoryImplementor factory, CriteriaImpl rootCriteria, String rootEntityName, IDictionary`2 enabledFilters)
   at NHibernate.Impl.MultiCriteriaImpl.CreateCriteriaLoaders()
   at NHibernate.Impl.MultiCriteriaImpl.List()
   at NHibernate.Impl.FutureCriteriaBatch.GetResultsFrom(IMultiCriteria multiApproach)
   at NHibernate.Impl.FutureBatch`2.GetResults()
   at NHibernate.Impl.FutureBatch`2.GetCurrentResult[TResult](Int32 currentIndex)
   at NHibernate.Impl.FutureBatch`2.<>c__DisplayClass1`1.<GetFutureValue>b__0()
   at NHibernate.Impl.FutureValue`1.get_Value()
   at Amdaris.NHibernateProvider.Utils.PageHelper.CreatePage[T](ICriteria criteria, PageRequest request, ICriteria countCriteria)
   at Amdaris.NHibernateProvider.Utils.PageHelper.CreatePage[T](ICriteria criteria, PageRequest request)
   at CEC.SAISE.BLL.Impl.VoterCertificatBll.GetVoter(PageRequest pageRequest, String idnp) in D:\work\CEC\CEC.SRV\src\CEC.SAISE.BLL\Impl\VoterCertificatBll.cs:line 80
   at CEC.SAISE.EDayModule.Controllers.VoterCertificatController.SearchVoterAsync(JqGridRequest request, String idnp) in D:\work\CEC\CEC.SRV\src\CEC.SAISE.EDayModule\Controllers\VoterCertificatController.cs:line 77
   at lambda_method(Closure , ControllerBase , Object[] )
   at System.Web.Mvc.ActionMethodDispatcher.Execute(ControllerBase controller, Object[] parameters)
   at System.Web.Mvc.ReflectedActionDescriptor.Execute(ControllerContext controllerContext, IDictionary`2 parameters)
   at System.Web.Mvc.ControllerActionInvoker.InvokeActionMethod(ControllerContext controllerContext, ActionDescriptor actionDescriptor, IDictionary`2 parameters)
   at System.Web.Mvc.Async.AsyncControllerActionInvoker.<BeginInvokeSynchronousActionMethod>b__39(IAsyncResult asyncResult, ActionInvocation innerInvokeState)
   at System.Web.Mvc.Async.AsyncResultWrapper.WrappedAsyncResult`2.CallEndDelegate(IAsyncResult asyncResult)
   at System.Web.Mvc.Async.AsyncResultWrapper.WrappedAsyncResultBase`1.End()
   at System.Web.Mvc.Async.AsyncControllerActionInvoker.EndInvokeActionMethod(IAsyncResult asyncResult)
   at System.Web.Mvc.Async.AsyncControllerActionInvoker.AsyncInvocationWithFilters.<InvokeActionMethodFilterAsynchronouslyRecursive>b__3d()
   at System.Web.Mvc.Async.AsyncControllerActionInvoker.AsyncInvocationWithFilters.<>c__DisplayClass46.<InvokeActionMethodFilterAsynchronouslyRecursive>b__3f()
   at System.Web.Mvc.Async.AsyncControllerActionInvoker.AsyncInvocationWithFilters.<>c__DisplayClass46.<InvokeActionMethodFilterAsynchronouslyRecursive>b__3f()
   at System.Web.Mvc.Async.AsyncControllerActionInvoker.<>c__DisplayClass33.<BeginInvokeActionMethodWithFilters>b__32(IAsyncResult asyncResult)
   at System.Web.Mvc.Async.AsyncResultWrapper.WrappedAsyncResult`1.CallEndDelegate(IAsyncResult asyncResult)
   at System.Web.Mvc.Async.AsyncResultWrapper.WrappedAsyncResultBase`1.End()
   at System.Web.Mvc.Async.AsyncControllerActionInvoker.EndInvokeActionMethodWithFilters(IAsyncResult asyncResult)
   at System.Web.Mvc.Async.AsyncControllerActionInvoker.<>c__DisplayClass21.<>c__DisplayClass2b.<BeginInvokeAction>b__1c()
   at System.Web.Mvc.Async.AsyncControllerActionInvoker.<>c__DisplayClass21.<BeginInvokeAction>b__1e(IAsyncResult asyncResult)
2018-05-24 12:17:41.1342 ERROR CEC.SAISE.EDayModule.Infrastructure.HandleAndLogErrorAttribute.OnException  NHibernate.Exceptions.GenericADOException: Failed to execute multi criteria[SQL: SELECT count(*) as y0_ FROM Voter this_ WHERE this_.idnp = ?;
SELECT TOP (?)  this_.VoterId as y0_, this_.idnp as y1_, this_.streetName as y2_, this_.streetNumber as y3_, this_.streetSubNumber as y4_, this_.documentNumber as y5_, this_.nameRo as y6_, this_.lastNameRo as y7_, this_.VoterId as y8_ FROM Voter this_ WHERE this_.idnp = ?;
] ---> System.IndexOutOfRangeException: Index was outside the bounds of the array.
   at NHibernate.Loader.Criteria.CriteriaLoader.GetResultColumnOrRow(Object[] row, IResultTransformer customResultTransformer, IDataReader rs, ISessionImplementor session)
   at NHibernate.Loader.Loader.GetRowFromResultSet(IDataReader resultSet, ISessionImplementor session, QueryParameters queryParameters, LockMode[] lockModeArray, EntityKey optionalObjectKey, IList hydratedObjects, EntityKey[] keys, Boolean returnProxies)
   at NHibernate.Impl.MultiCriteriaImpl.GetResultsFromDatabase(IList results)
   --- End of inner exception stack trace ---
   at NHibernate.Impl.MultiCriteriaImpl.GetResultsFromDatabase(IList results)
   at NHibernate.Impl.MultiCriteriaImpl.List()
   at NHibernate.Impl.FutureCriteriaBatch.GetResultsFrom(IMultiCriteria multiApproach)
   at NHibernate.Impl.FutureBatch`2.GetResults()
   at NHibernate.Impl.FutureBatch`2.GetCurrentResult[TResult](Int32 currentIndex)
   at NHibernate.Impl.FutureBatch`2.<>c__DisplayClass1`1.<GetFutureValue>b__0()
   at NHibernate.Impl.FutureValue`1.get_Value()
   at Amdaris.NHibernateProvider.Utils.PageHelper.CreatePage[T](ICriteria criteria, PageRequest request, ICriteria countCriteria)
   at Amdaris.NHibernateProvider.Utils.PageHelper.CreatePage[T](ICriteria criteria, PageRequest request)
   at CEC.SAISE.BLL.Impl.VoterCertificatBll.GetVoter(PageRequest pageRequest, String idnp) in D:\work\CEC\CEC.SRV\src\CEC.SAISE.BLL\Impl\VoterCertificatBll.cs:line 80
   at CEC.SAISE.EDayModule.Controllers.VoterCertificatController.SearchVoterAsync(JqGridRequest request, String idnp) in D:\work\CEC\CEC.SRV\src\CEC.SAISE.EDayModule\Controllers\VoterCertificatController.cs:line 77
   at lambda_method(Closure , ControllerBase , Object[] )
   at System.Web.Mvc.ActionMethodDispatcher.Execute(ControllerBase controller, Object[] parameters)
   at System.Web.Mvc.ReflectedActionDescriptor.Execute(ControllerContext controllerContext, IDictionary`2 parameters)
   at System.Web.Mvc.ControllerActionInvoker.InvokeActionMethod(ControllerContext controllerContext, ActionDescriptor actionDescriptor, IDictionary`2 parameters)
   at System.Web.Mvc.Async.AsyncControllerActionInvoker.<BeginInvokeSynchronousActionMethod>b__39(IAsyncResult asyncResult, ActionInvocation innerInvokeState)
   at System.Web.Mvc.Async.AsyncResultWrapper.WrappedAsyncResult`2.CallEndDelegate(IAsyncResult asyncResult)
   at System.Web.Mvc.Async.AsyncResultWrapper.WrappedAsyncResultBase`1.End()
   at System.Web.Mvc.Async.AsyncControllerActionInvoker.EndInvokeActionMethod(IAsyncResult asyncResult)
   at System.Web.Mvc.Async.AsyncControllerActionInvoker.AsyncInvocationWithFilters.<InvokeActionMethodFilterAsynchronouslyRecursive>b__3d()
   at System.Web.Mvc.Async.AsyncControllerActionInvoker.AsyncInvocationWithFilters.<>c__DisplayClass46.<InvokeActionMethodFilterAsynchronouslyRecursive>b__3f()
   at System.Web.Mvc.Async.AsyncControllerActionInvoker.AsyncInvocationWithFilters.<>c__DisplayClass46.<InvokeActionMethodFilterAsynchronouslyRecursive>b__3f()
   at System.Web.Mvc.Async.AsyncControllerActionInvoker.<>c__DisplayClass33.<BeginInvokeActionMethodWithFilters>b__32(IAsyncResult asyncResult)
   at System.Web.Mvc.Async.AsyncResultWrapper.WrappedAsyncResult`1.CallEndDelegate(IAsyncResult asyncResult)
   at System.Web.Mvc.Async.AsyncResultWrapper.WrappedAsyncResultBase`1.End()
   at System.Web.Mvc.Async.AsyncControllerActionInvoker.EndInvokeActionMethodWithFilters(IAsyncResult asyncResult)
   at System.Web.Mvc.Async.AsyncControllerActionInvoker.<>c__DisplayClass21.<>c__DisplayClass2b.<BeginInvokeAction>b__1c()
   at System.Web.Mvc.Async.AsyncControllerActionInvoker.<>c__DisplayClass21.<BeginInvokeAction>b__1e(IAsyncResult asyncResult)
2018-05-24 12:22:13.1391 ERROR CEC.SAISE.EDayModule.Infrastructure.HandleAndLogErrorAttribute.OnException  NHibernate.Exceptions.GenericADOException: Failed to execute multi criteria[SQL: SELECT count(*) as y0_ FROM Voter this_ WHERE this_.idnp = ?;
SELECT TOP (?)  this_.VoterId as y0_, this_.idnp as y1_, this_.streetName as y2_, this_.streetNumber as y3_, this_.streetSubNumber as y4_, this_.documentNumber as y5_, this_.nameRo as y6_, this_.lastNameRo as y7_, this_.VoterId as y8_ FROM Voter this_ WHERE this_.idnp = ?;
] ---> System.IndexOutOfRangeException: Index was outside the bounds of the array.
   at NHibernate.Loader.Criteria.CriteriaLoader.GetResultColumnOrRow(Object[] row, IResultTransformer customResultTransformer, IDataReader rs, ISessionImplementor session)
   at NHibernate.Loader.Loader.GetRowFromResultSet(IDataReader resultSet, ISessionImplementor session, QueryParameters queryParameters, LockMode[] lockModeArray, EntityKey optionalObjectKey, IList hydratedObjects, EntityKey[] keys, Boolean returnProxies)
   at NHibernate.Impl.MultiCriteriaImpl.GetResultsFromDatabase(IList results)
   --- End of inner exception stack trace ---
   at NHibernate.Impl.MultiCriteriaImpl.GetResultsFromDatabase(IList results)
   at NHibernate.Impl.MultiCriteriaImpl.List()
   at NHibernate.Impl.FutureCriteriaBatch.GetResultsFrom(IMultiCriteria multiApproach)
   at NHibernate.Impl.FutureBatch`2.GetResults()
   at NHibernate.Impl.FutureBatch`2.GetCurrentResult[TResult](Int32 currentIndex)
   at NHibernate.Impl.FutureBatch`2.<>c__DisplayClass1`1.<GetFutureValue>b__0()
   at NHibernate.Impl.FutureValue`1.get_Value()
   at Amdaris.NHibernateProvider.Utils.PageHelper.CreatePage[T](ICriteria criteria, PageRequest request, ICriteria countCriteria)
   at Amdaris.NHibernateProvider.Utils.PageHelper.CreatePage[T](ICriteria criteria, PageRequest request)
   at CEC.SAISE.BLL.Impl.VoterCertificatBll.GetVoter(PageRequest pageRequest, String idnp) in D:\work\CEC\CEC.SRV\src\CEC.SAISE.BLL\Impl\VoterCertificatBll.cs:line 80
   at CEC.SAISE.EDayModule.Controllers.VoterCertificatController.SearchVoterAsync(JqGridRequest request, String idnp) in D:\work\CEC\CEC.SRV\src\CEC.SAISE.EDayModule\Controllers\VoterCertificatController.cs:line 77
   at lambda_method(Closure , ControllerBase , Object[] )
   at System.Web.Mvc.ActionMethodDispatcher.Execute(ControllerBase controller, Object[] parameters)
   at System.Web.Mvc.ReflectedActionDescriptor.Execute(ControllerContext controllerContext, IDictionary`2 parameters)
   at System.Web.Mvc.ControllerActionInvoker.InvokeActionMethod(ControllerContext controllerContext, ActionDescriptor actionDescriptor, IDictionary`2 parameters)
   at System.Web.Mvc.Async.AsyncControllerActionInvoker.<BeginInvokeSynchronousActionMethod>b__39(IAsyncResult asyncResult, ActionInvocation innerInvokeState)
   at System.Web.Mvc.Async.AsyncResultWrapper.WrappedAsyncResult`2.CallEndDelegate(IAsyncResult asyncResult)
   at System.Web.Mvc.Async.AsyncResultWrapper.WrappedAsyncResultBase`1.End()
   at System.Web.Mvc.Async.AsyncControllerActionInvoker.EndInvokeActionMethod(IAsyncResult asyncResult)
   at System.Web.Mvc.Async.AsyncControllerActionInvoker.AsyncInvocationWithFilters.<InvokeActionMethodFilterAsynchronouslyRecursive>b__3d()
   at System.Web.Mvc.Async.AsyncControllerActionInvoker.AsyncInvocationWithFilters.<>c__DisplayClass46.<InvokeActionMethodFilterAsynchronouslyRecursive>b__3f()
   at System.Web.Mvc.Async.AsyncControllerActionInvoker.AsyncInvocationWithFilters.<>c__DisplayClass46.<InvokeActionMethodFilterAsynchronouslyRecursive>b__3f()
   at System.Web.Mvc.Async.AsyncControllerActionInvoker.<>c__DisplayClass33.<BeginInvokeActionMethodWithFilters>b__32(IAsyncResult asyncResult)
   at System.Web.Mvc.Async.AsyncResultWrapper.WrappedAsyncResult`1.CallEndDelegate(IAsyncResult asyncResult)
   at System.Web.Mvc.Async.AsyncResultWrapper.WrappedAsyncResultBase`1.End()
   at System.Web.Mvc.Async.AsyncControllerActionInvoker.EndInvokeActionMethodWithFilters(IAsyncResult asyncResult)
   at System.Web.Mvc.Async.AsyncControllerActionInvoker.<>c__DisplayClass21.<>c__DisplayClass2b.<BeginInvokeAction>b__1c()
   at System.Web.Mvc.Async.AsyncControllerActionInvoker.<>c__DisplayClass21.<BeginInvokeAction>b__1e(IAsyncResult asyncResult)
2018-05-24 12:27:31.2996 ERROR CEC.SAISE.EDayModule.Infrastructure.HandleAndLogErrorAttribute.OnException  NHibernate.Exceptions.GenericADOException: Failed to execute multi criteria[SQL: SELECT count(*) as y0_ FROM Voter this_ WHERE this_.idnp = ?;
SELECT TOP (?)  this_.VoterId as y0_, this_.idnp as y1_, this_.streetName as y2_, this_.streetNumber as y3_, this_.streetSubNumber as y4_, this_.documentNumber as y5_, this_.nameRo as y6_, this_.lastNameRo as y7_, this_.VoterId as y8_ FROM Voter this_ WHERE this_.idnp = ?;
] ---> System.IndexOutOfRangeException: Index was outside the bounds of the array.
   at NHibernate.Loader.Criteria.CriteriaLoader.GetResultColumnOrRow(Object[] row, IResultTransformer customResultTransformer, IDataReader rs, ISessionImplementor session)
   at NHibernate.Loader.Loader.GetRowFromResultSet(IDataReader resultSet, ISessionImplementor session, QueryParameters queryParameters, LockMode[] lockModeArray, EntityKey optionalObjectKey, IList hydratedObjects, EntityKey[] keys, Boolean returnProxies)
   at NHibernate.Impl.MultiCriteriaImpl.GetResultsFromDatabase(IList results)
   --- End of inner exception stack trace ---
   at NHibernate.Impl.MultiCriteriaImpl.GetResultsFromDatabase(IList results)
   at NHibernate.Impl.MultiCriteriaImpl.List()
   at NHibernate.Impl.FutureCriteriaBatch.GetResultsFrom(IMultiCriteria multiApproach)
   at NHibernate.Impl.FutureBatch`2.GetResults()
   at NHibernate.Impl.FutureBatch`2.GetCurrentResult[TResult](Int32 currentIndex)
   at NHibernate.Impl.FutureBatch`2.<>c__DisplayClass1`1.<GetFutureValue>b__0()
   at NHibernate.Impl.FutureValue`1.get_Value()
   at Amdaris.NHibernateProvider.Utils.PageHelper.CreatePage[T](ICriteria criteria, PageRequest request, ICriteria countCriteria)
   at Amdaris.NHibernateProvider.Utils.PageHelper.CreatePage[T](ICriteria criteria, PageRequest request)
   at CEC.SAISE.BLL.Impl.VoterCertificatBll.GetVoter(PageRequest pageRequest, String idnp) in D:\work\CEC\CEC.SRV\src\CEC.SAISE.BLL\Impl\VoterCertificatBll.cs:line 80
   at CEC.SAISE.EDayModule.Controllers.VoterCertificatController.SearchVoterAsync(JqGridRequest request, String idnp) in D:\work\CEC\CEC.SRV\src\CEC.SAISE.EDayModule\Controllers\VoterCertificatController.cs:line 77
   at lambda_method(Closure , ControllerBase , Object[] )
   at System.Web.Mvc.ActionMethodDispatcher.Execute(ControllerBase controller, Object[] parameters)
   at System.Web.Mvc.ReflectedActionDescriptor.Execute(ControllerContext controllerContext, IDictionary`2 parameters)
   at System.Web.Mvc.ControllerActionInvoker.InvokeActionMethod(ControllerContext controllerContext, ActionDescriptor actionDescriptor, IDictionary`2 parameters)
   at System.Web.Mvc.Async.AsyncControllerActionInvoker.<BeginInvokeSynchronousActionMethod>b__39(IAsyncResult asyncResult, ActionInvocation innerInvokeState)
   at System.Web.Mvc.Async.AsyncResultWrapper.WrappedAsyncResult`2.CallEndDelegate(IAsyncResult asyncResult)
   at System.Web.Mvc.Async.AsyncResultWrapper.WrappedAsyncResultBase`1.End()
   at System.Web.Mvc.Async.AsyncControllerActionInvoker.EndInvokeActionMethod(IAsyncResult asyncResult)
   at System.Web.Mvc.Async.AsyncControllerActionInvoker.AsyncInvocationWithFilters.<InvokeActionMethodFilterAsynchronouslyRecursive>b__3d()
   at System.Web.Mvc.Async.AsyncControllerActionInvoker.AsyncInvocationWithFilters.<>c__DisplayClass46.<InvokeActionMethodFilterAsynchronouslyRecursive>b__3f()
   at System.Web.Mvc.Async.AsyncControllerActionInvoker.AsyncInvocationWithFilters.<>c__DisplayClass46.<InvokeActionMethodFilterAsynchronouslyRecursive>b__3f()
   at System.Web.Mvc.Async.AsyncControllerActionInvoker.<>c__DisplayClass33.<BeginInvokeActionMethodWithFilters>b__32(IAsyncResult asyncResult)
   at System.Web.Mvc.Async.AsyncResultWrapper.WrappedAsyncResult`1.CallEndDelegate(IAsyncResult asyncResult)
   at System.Web.Mvc.Async.AsyncResultWrapper.WrappedAsyncResultBase`1.End()
   at System.Web.Mvc.Async.AsyncControllerActionInvoker.EndInvokeActionMethodWithFilters(IAsyncResult asyncResult)
   at System.Web.Mvc.Async.AsyncControllerActionInvoker.<>c__DisplayClass21.<>c__DisplayClass2b.<BeginInvokeAction>b__1c()
   at System.Web.Mvc.Async.AsyncControllerActionInvoker.<>c__DisplayClass21.<BeginInvokeAction>b__1e(IAsyncResult asyncResult)
2018-05-24 12:35:34.1456 ERROR CEC.SAISE.EDayModule.Infrastructure.HandleAndLogErrorAttribute.OnException  System.NullReferenceException: Object reference not set to an instance of an object.
   at CEC.SAISE.BLL.Impl.VoterCertificatBll.GetVoter(PageRequest pageRequest, String idnp) in D:\work\CEC\CEC.SRV\src\CEC.SAISE.BLL\Impl\VoterCertificatBll.cs:line 85
   at CEC.SAISE.EDayModule.Controllers.VoterCertificatController.SearchVoterAsync(JqGridRequest request, String idnp) in D:\work\CEC\CEC.SRV\src\CEC.SAISE.EDayModule\Controllers\VoterCertificatController.cs:line 77
   at lambda_method(Closure , ControllerBase , Object[] )
   at System.Web.Mvc.ActionMethodDispatcher.Execute(ControllerBase controller, Object[] parameters)
   at System.Web.Mvc.ReflectedActionDescriptor.Execute(ControllerContext controllerContext, IDictionary`2 parameters)
   at System.Web.Mvc.ControllerActionInvoker.InvokeActionMethod(ControllerContext controllerContext, ActionDescriptor actionDescriptor, IDictionary`2 parameters)
   at System.Web.Mvc.Async.AsyncControllerActionInvoker.<BeginInvokeSynchronousActionMethod>b__39(IAsyncResult asyncResult, ActionInvocation innerInvokeState)
   at System.Web.Mvc.Async.AsyncResultWrapper.WrappedAsyncResult`2.CallEndDelegate(IAsyncResult asyncResult)
   at System.Web.Mvc.Async.AsyncResultWrapper.WrappedAsyncResultBase`1.End()
   at System.Web.Mvc.Async.AsyncControllerActionInvoker.EndInvokeActionMethod(IAsyncResult asyncResult)
   at System.Web.Mvc.Async.AsyncControllerActionInvoker.AsyncInvocationWithFilters.<InvokeActionMethodFilterAsynchronouslyRecursive>b__3d()
   at System.Web.Mvc.Async.AsyncControllerActionInvoker.AsyncInvocationWithFilters.<>c__DisplayClass46.<InvokeActionMethodFilterAsynchronouslyRecursive>b__3f()
   at System.Web.Mvc.Async.AsyncControllerActionInvoker.AsyncInvocationWithFilters.<>c__DisplayClass46.<InvokeActionMethodFilterAsynchronouslyRecursive>b__3f()
   at System.Web.Mvc.Async.AsyncControllerActionInvoker.<>c__DisplayClass33.<BeginInvokeActionMethodWithFilters>b__32(IAsyncResult asyncResult)
   at System.Web.Mvc.Async.AsyncResultWrapper.WrappedAsyncResult`1.CallEndDelegate(IAsyncResult asyncResult)
   at System.Web.Mvc.Async.AsyncResultWrapper.WrappedAsyncResultBase`1.End()
   at System.Web.Mvc.Async.AsyncControllerActionInvoker.EndInvokeActionMethodWithFilters(IAsyncResult asyncResult)
   at System.Web.Mvc.Async.AsyncControllerActionInvoker.<>c__DisplayClass21.<>c__DisplayClass2b.<BeginInvokeAction>b__1c()
   at System.Web.Mvc.Async.AsyncControllerActionInvoker.<>c__DisplayClass21.<BeginInvokeAction>b__1e(IAsyncResult asyncResult)
2018-05-24 12:44:24.8560 ERROR CEC.SAISE.EDayModule.Infrastructure.HandleAndLogErrorAttribute.OnException  NHibernate.Exceptions.GenericADOException: Failed to execute multi criteria[SQL: SELECT count(*) as y0_ FROM Voter this_ WHERE this_.idnp = ?;
SELECT TOP (?)  this_.VoterId as y0_, this_.idnp as y1_, this_.streetName as y2_, this_.streetNumber as y3_, this_.streetSubNumber as y4_, this_.documentNumber as y5_, this_.nameRo as y6_, this_.lastNameRo as y7_, this_.VoterId as y8_ FROM Voter this_ WHERE this_.idnp = ?;
] ---> System.IndexOutOfRangeException: Index was outside the bounds of the array.
   at NHibernate.Loader.Criteria.CriteriaLoader.GetResultColumnOrRow(Object[] row, IResultTransformer customResultTransformer, IDataReader rs, ISessionImplementor session)
   at NHibernate.Loader.Loader.GetRowFromResultSet(IDataReader resultSet, ISessionImplementor session, QueryParameters queryParameters, LockMode[] lockModeArray, EntityKey optionalObjectKey, IList hydratedObjects, EntityKey[] keys, Boolean returnProxies)
   at NHibernate.Impl.MultiCriteriaImpl.GetResultsFromDatabase(IList results)
   --- End of inner exception stack trace ---
   at NHibernate.Impl.MultiCriteriaImpl.GetResultsFromDatabase(IList results)
   at NHibernate.Impl.MultiCriteriaImpl.List()
   at NHibernate.Impl.FutureCriteriaBatch.GetResultsFrom(IMultiCriteria multiApproach)
   at NHibernate.Impl.FutureBatch`2.GetResults()
   at NHibernate.Impl.FutureBatch`2.GetCurrentResult[TResult](Int32 currentIndex)
   at NHibernate.Impl.FutureBatch`2.<>c__DisplayClass1`1.<GetFutureValue>b__0()
   at NHibernate.Impl.FutureValue`1.get_Value()
   at Amdaris.NHibernateProvider.Utils.PageHelper.CreatePage[T](ICriteria criteria, PageRequest request, ICriteria countCriteria)
   at Amdaris.NHibernateProvider.Utils.PageHelper.CreatePage[T](ICriteria criteria, PageRequest request)
   at CEC.SAISE.BLL.Impl.VoterCertificatBll.GetVoter(PageRequest pageRequest, String idnp) in D:\work\CEC\CEC.SRV\src\CEC.SAISE.BLL\Impl\VoterCertificatBll.cs:line 68
   at CEC.SAISE.EDayModule.Controllers.VoterCertificatController.SearchVoterAsync(JqGridRequest request, String idnp) in D:\work\CEC\CEC.SRV\src\CEC.SAISE.EDayModule\Controllers\VoterCertificatController.cs:line 77
   at lambda_method(Closure , ControllerBase , Object[] )
   at System.Web.Mvc.ActionMethodDispatcher.Execute(ControllerBase controller, Object[] parameters)
   at System.Web.Mvc.ReflectedActionDescriptor.Execute(ControllerContext controllerContext, IDictionary`2 parameters)
   at System.Web.Mvc.ControllerActionInvoker.InvokeActionMethod(ControllerContext controllerContext, ActionDescriptor actionDescriptor, IDictionary`2 parameters)
   at System.Web.Mvc.Async.AsyncControllerActionInvoker.<BeginInvokeSynchronousActionMethod>b__39(IAsyncResult asyncResult, ActionInvocation innerInvokeState)
   at System.Web.Mvc.Async.AsyncResultWrapper.WrappedAsyncResult`2.CallEndDelegate(IAsyncResult asyncResult)
   at System.Web.Mvc.Async.AsyncResultWrapper.WrappedAsyncResultBase`1.End()
   at System.Web.Mvc.Async.AsyncControllerActionInvoker.EndInvokeActionMethod(IAsyncResult asyncResult)
   at System.Web.Mvc.Async.AsyncControllerActionInvoker.AsyncInvocationWithFilters.<InvokeActionMethodFilterAsynchronouslyRecursive>b__3d()
   at System.Web.Mvc.Async.AsyncControllerActionInvoker.AsyncInvocationWithFilters.<>c__DisplayClass46.<InvokeActionMethodFilterAsynchronouslyRecursive>b__3f()
   at System.Web.Mvc.Async.AsyncControllerActionInvoker.AsyncInvocationWithFilters.<>c__DisplayClass46.<InvokeActionMethodFilterAsynchronouslyRecursive>b__3f()
   at System.Web.Mvc.Async.AsyncControllerActionInvoker.<>c__DisplayClass33.<BeginInvokeActionMethodWithFilters>b__32(IAsyncResult asyncResult)
   at System.Web.Mvc.Async.AsyncResultWrapper.WrappedAsyncResult`1.CallEndDelegate(IAsyncResult asyncResult)
   at System.Web.Mvc.Async.AsyncResultWrapper.WrappedAsyncResultBase`1.End()
   at System.Web.Mvc.Async.AsyncControllerActionInvoker.EndInvokeActionMethodWithFilters(IAsyncResult asyncResult)
   at System.Web.Mvc.Async.AsyncControllerActionInvoker.<>c__DisplayClass21.<>c__DisplayClass2b.<BeginInvokeAction>b__1c()
   at System.Web.Mvc.Async.AsyncControllerActionInvoker.<>c__DisplayClass21.<BeginInvokeAction>b__1e(IAsyncResult asyncResult)
2018-05-24 12:46:48.3414 ERROR CEC.SAISE.EDayModule.Infrastructure.HandleAndLogErrorAttribute.OnException  NHibernate.Exceptions.GenericADOException: Failed to execute multi criteria[SQL: SELECT count(*) as y0_ FROM Voter this_ WHERE this_.idnp = ?;
SELECT TOP (?)  this_.VoterId as y0_, this_.idnp as y1_, this_.streetName as y2_, this_.streetNumber as y3_, this_.streetSubNumber as y4_, this_.documentNumber as y5_, this_.nameRo as y6_, this_.lastNameRo as y7_, ? as y8_ FROM Voter this_ WHERE this_.idnp = ?;
] ---> NHibernate.TransientObjectException: object references an unsaved transient instance - save the transient instance before flushing or set cascade action for the property to something that would make it autosave. Type: CEC.SAISE.Domain.VoterCertificat, Entity: CEC.SAISE.Domain.VoterCertificat
   at NHibernate.Engine.ForeignKeys.GetEntityIdentifierIfNotUnsaved(String entityName, Object entity, ISessionImplementor session)
   at NHibernate.Type.EntityType.GetIdentifier(Object value, ISessionImplementor session)
   at NHibernate.Type.ManyToOneType.NullSafeSet(IDbCommand cmd, Object value, Int32 index, ISessionImplementor session)
   at NHibernate.Param.CriteriaNamedParameterSpecification.Bind(IDbCommand command, IList`1 multiSqlQueryParametersList, Int32 singleSqlParametersOffset, IList`1 sqlQueryParametersList, QueryParameters queryParameters, ISessionImplementor session)
   at NHibernate.SqlCommand.SqlCommandImpl.Bind(IDbCommand command, IList`1 commandQueryParametersList, Int32 singleSqlParametersOffset, ISessionImplementor session)
   at NHibernate.Driver.BasicResultSetsCommand.<>c__DisplayClass5.<BindParameters>b__4(ISqlCommand sqlLoaderCommand, Int32 offset)
   at NHibernate.Driver.BasicResultSetsCommand.ForEachSqlCommand(Action`2 actionToDo)
   at NHibernate.Driver.BasicResultSetsCommand.BindParameters(IDbCommand command)
   at NHibernate.Driver.BasicResultSetsCommand.GetReader(Nullable`1 commandTimeout)
   at NHibernate.Impl.MultiCriteriaImpl.GetResultsFromDatabase(IList results)
   --- End of inner exception stack trace ---
   at NHibernate.Impl.MultiCriteriaImpl.GetResultsFromDatabase(IList results)
   at NHibernate.Impl.MultiCriteriaImpl.List()
   at NHibernate.Impl.FutureCriteriaBatch.GetResultsFrom(IMultiCriteria multiApproach)
   at NHibernate.Impl.FutureBatch`2.GetResults()
   at NHibernate.Impl.FutureBatch`2.GetCurrentResult[TResult](Int32 currentIndex)
   at NHibernate.Impl.FutureBatch`2.<>c__DisplayClass1`1.<GetFutureValue>b__0()
   at NHibernate.Impl.FutureValue`1.get_Value()
   at Amdaris.NHibernateProvider.Utils.PageHelper.CreatePage[T](ICriteria criteria, PageRequest request, ICriteria countCriteria)
   at Amdaris.NHibernateProvider.Utils.PageHelper.CreatePage[T](ICriteria criteria, PageRequest request)
   at CEC.SAISE.BLL.Impl.VoterCertificatBll.GetVoter(PageRequest pageRequest, String idnp) in D:\work\CEC\CEC.SRV\src\CEC.SAISE.BLL\Impl\VoterCertificatBll.cs:line 67
   at CEC.SAISE.EDayModule.Controllers.VoterCertificatController.SearchVoterAsync(JqGridRequest request, String idnp) in D:\work\CEC\CEC.SRV\src\CEC.SAISE.EDayModule\Controllers\VoterCertificatController.cs:line 77
   at lambda_method(Closure , ControllerBase , Object[] )
   at System.Web.Mvc.ActionMethodDispatcher.Execute(ControllerBase controller, Object[] parameters)
   at System.Web.Mvc.ReflectedActionDescriptor.Execute(ControllerContext controllerContext, IDictionary`2 parameters)
   at System.Web.Mvc.ControllerActionInvoker.InvokeActionMethod(ControllerContext controllerContext, ActionDescriptor actionDescriptor, IDictionary`2 parameters)
   at System.Web.Mvc.Async.AsyncControllerActionInvoker.<BeginInvokeSynchronousActionMethod>b__39(IAsyncResult asyncResult, ActionInvocation innerInvokeState)
   at System.Web.Mvc.Async.AsyncResultWrapper.WrappedAsyncResult`2.CallEndDelegate(IAsyncResult asyncResult)
   at System.Web.Mvc.Async.AsyncResultWrapper.WrappedAsyncResultBase`1.End()
   at System.Web.Mvc.Async.AsyncControllerActionInvoker.EndInvokeActionMethod(IAsyncResult asyncResult)
   at System.Web.Mvc.Async.AsyncControllerActionInvoker.AsyncInvocationWithFilters.<InvokeActionMethodFilterAsynchronouslyRecursive>b__3d()
   at System.Web.Mvc.Async.AsyncControllerActionInvoker.AsyncInvocationWithFilters.<>c__DisplayClass46.<InvokeActionMethodFilterAsynchronouslyRecursive>b__3f()
   at System.Web.Mvc.Async.AsyncControllerActionInvoker.AsyncInvocationWithFilters.<>c__DisplayClass46.<InvokeActionMethodFilterAsynchronouslyRecursive>b__3f()
   at System.Web.Mvc.Async.AsyncControllerActionInvoker.<>c__DisplayClass33.<BeginInvokeActionMethodWithFilters>b__32(IAsyncResult asyncResult)
   at System.Web.Mvc.Async.AsyncResultWrapper.WrappedAsyncResult`1.CallEndDelegate(IAsyncResult asyncResult)
   at System.Web.Mvc.Async.AsyncResultWrapper.WrappedAsyncResultBase`1.End()
   at System.Web.Mvc.Async.AsyncControllerActionInvoker.EndInvokeActionMethodWithFilters(IAsyncResult asyncResult)
   at System.Web.Mvc.Async.AsyncControllerActionInvoker.<>c__DisplayClass21.<>c__DisplayClass2b.<BeginInvokeAction>b__1c()
   at System.Web.Mvc.Async.AsyncControllerActionInvoker.<>c__DisplayClass21.<BeginInvokeAction>b__1e(IAsyncResult asyncResult)
2018-05-24 13:06:54.5101 ERROR CEC.SAISE.EDayModule.Infrastructure.HandleAndLogErrorAttribute.OnException  System.NullReferenceException: Object reference not set to an instance of an object.
   at NHibernate.Criterion.ProjectionList.GetTypes(ICriteria criteria, ICriteriaQuery criteriaQuery)
   at NHibernate.Criterion.ProjectionList.GetTypes(ICriteria criteria, ICriteriaQuery criteriaQuery)
   at NHibernate.Loader.Criteria.CriteriaJoinWalker..ctor(IOuterJoinLoadable persister, CriteriaQueryTranslator translator, ISessionFactoryImplementor factory, ICriteria criteria, String rootEntityName, IDictionary`2 enabledFilters)
   at NHibernate.Loader.Criteria.CriteriaLoader..ctor(IOuterJoinLoadable persister, ISessionFactoryImplementor factory, CriteriaImpl rootCriteria, String rootEntityName, IDictionary`2 enabledFilters)
   at NHibernate.Impl.MultiCriteriaImpl.CreateCriteriaLoaders()
   at NHibernate.Impl.MultiCriteriaImpl.List()
   at NHibernate.Impl.FutureCriteriaBatch.GetResultsFrom(IMultiCriteria multiApproach)
   at NHibernate.Impl.FutureBatch`2.GetResults()
   at NHibernate.Impl.FutureBatch`2.GetCurrentResult[TResult](Int32 currentIndex)
   at NHibernate.Impl.FutureBatch`2.<>c__DisplayClass1`1.<GetFutureValue>b__0()
   at NHibernate.Impl.FutureValue`1.get_Value()
   at Amdaris.NHibernateProvider.Utils.PageHelper.CreatePage[T](ICriteria criteria, PageRequest request, ICriteria countCriteria)
   at Amdaris.NHibernateProvider.Utils.PageHelper.CreatePage[T](ICriteria criteria, PageRequest request)
   at CEC.SAISE.BLL.Impl.VoterCertificatBll.GetVoter(PageRequest pageRequest, String idnp) in D:\work\CEC\CEC.SRV\src\CEC.SAISE.BLL\Impl\VoterCertificatBll.cs:line 67
   at CEC.SAISE.EDayModule.Controllers.VoterCertificatController.SearchVoterAsync(JqGridRequest request, String idnp) in D:\work\CEC\CEC.SRV\src\CEC.SAISE.EDayModule\Controllers\VoterCertificatController.cs:line 77
   at lambda_method(Closure , ControllerBase , Object[] )
   at System.Web.Mvc.ActionMethodDispatcher.Execute(ControllerBase controller, Object[] parameters)
   at System.Web.Mvc.ReflectedActionDescriptor.Execute(ControllerContext controllerContext, IDictionary`2 parameters)
   at System.Web.Mvc.ControllerActionInvoker.InvokeActionMethod(ControllerContext controllerContext, ActionDescriptor actionDescriptor, IDictionary`2 parameters)
   at System.Web.Mvc.Async.AsyncControllerActionInvoker.<BeginInvokeSynchronousActionMethod>b__39(IAsyncResult asyncResult, ActionInvocation innerInvokeState)
   at System.Web.Mvc.Async.AsyncResultWrapper.WrappedAsyncResult`2.CallEndDelegate(IAsyncResult asyncResult)
   at System.Web.Mvc.Async.AsyncResultWrapper.WrappedAsyncResultBase`1.End()
   at System.Web.Mvc.Async.AsyncControllerActionInvoker.EndInvokeActionMethod(IAsyncResult asyncResult)
   at System.Web.Mvc.Async.AsyncControllerActionInvoker.AsyncInvocationWithFilters.<InvokeActionMethodFilterAsynchronouslyRecursive>b__3d()
   at System.Web.Mvc.Async.AsyncControllerActionInvoker.AsyncInvocationWithFilters.<>c__DisplayClass46.<InvokeActionMethodFilterAsynchronouslyRecursive>b__3f()
   at System.Web.Mvc.Async.AsyncControllerActionInvoker.AsyncInvocationWithFilters.<>c__DisplayClass46.<InvokeActionMethodFilterAsynchronouslyRecursive>b__3f()
   at System.Web.Mvc.Async.AsyncControllerActionInvoker.<>c__DisplayClass33.<BeginInvokeActionMethodWithFilters>b__32(IAsyncResult asyncResult)
   at System.Web.Mvc.Async.AsyncResultWrapper.WrappedAsyncResult`1.CallEndDelegate(IAsyncResult asyncResult)
   at System.Web.Mvc.Async.AsyncResultWrapper.WrappedAsyncResultBase`1.End()
   at System.Web.Mvc.Async.AsyncControllerActionInvoker.EndInvokeActionMethodWithFilters(IAsyncResult asyncResult)
   at System.Web.Mvc.Async.AsyncControllerActionInvoker.<>c__DisplayClass21.<>c__DisplayClass2b.<BeginInvokeAction>b__1c()
   at System.Web.Mvc.Async.AsyncControllerActionInvoker.<>c__DisplayClass21.<BeginInvokeAction>b__1e(IAsyncResult asyncResult)
2018-05-24 13:08:00.2405 ERROR CEC.SAISE.EDayModule.Infrastructure.HandleAndLogErrorAttribute.OnException  System.NullReferenceException: Object reference not set to an instance of an object.
   at NHibernate.Criterion.ProjectionList.GetTypes(ICriteria criteria, ICriteriaQuery criteriaQuery)
   at NHibernate.Criterion.ProjectionList.GetTypes(ICriteria criteria, ICriteriaQuery criteriaQuery)
   at NHibernate.Loader.Criteria.CriteriaJoinWalker..ctor(IOuterJoinLoadable persister, CriteriaQueryTranslator translator, ISessionFactoryImplementor factory, ICriteria criteria, String rootEntityName, IDictionary`2 enabledFilters)
   at NHibernate.Loader.Criteria.CriteriaLoader..ctor(IOuterJoinLoadable persister, ISessionFactoryImplementor factory, CriteriaImpl rootCriteria, String rootEntityName, IDictionary`2 enabledFilters)
   at NHibernate.Impl.MultiCriteriaImpl.CreateCriteriaLoaders()
   at NHibernate.Impl.MultiCriteriaImpl.List()
   at NHibernate.Impl.FutureCriteriaBatch.GetResultsFrom(IMultiCriteria multiApproach)
   at NHibernate.Impl.FutureBatch`2.GetResults()
   at NHibernate.Impl.FutureBatch`2.GetCurrentResult[TResult](Int32 currentIndex)
   at NHibernate.Impl.FutureBatch`2.<>c__DisplayClass1`1.<GetFutureValue>b__0()
   at NHibernate.Impl.FutureValue`1.get_Value()
   at Amdaris.NHibernateProvider.Utils.PageHelper.CreatePage[T](ICriteria criteria, PageRequest request, ICriteria countCriteria)
   at Amdaris.NHibernateProvider.Utils.PageHelper.CreatePage[T](ICriteria criteria, PageRequest request)
   at CEC.SAISE.BLL.Impl.VoterCertificatBll.GetVoter(PageRequest pageRequest, String idnp) in D:\work\CEC\CEC.SRV\src\CEC.SAISE.BLL\Impl\VoterCertificatBll.cs:line 67
   at CEC.SAISE.EDayModule.Controllers.VoterCertificatController.SearchVoterAsync(JqGridRequest request, String idnp) in D:\work\CEC\CEC.SRV\src\CEC.SAISE.EDayModule\Controllers\VoterCertificatController.cs:line 77
   at lambda_method(Closure , ControllerBase , Object[] )
   at System.Web.Mvc.ActionMethodDispatcher.Execute(ControllerBase controller, Object[] parameters)
   at System.Web.Mvc.ReflectedActionDescriptor.Execute(ControllerContext controllerContext, IDictionary`2 parameters)
   at System.Web.Mvc.ControllerActionInvoker.InvokeActionMethod(ControllerContext controllerContext, ActionDescriptor actionDescriptor, IDictionary`2 parameters)
   at System.Web.Mvc.Async.AsyncControllerActionInvoker.<BeginInvokeSynchronousActionMethod>b__39(IAsyncResult asyncResult, ActionInvocation innerInvokeState)
   at System.Web.Mvc.Async.AsyncResultWrapper.WrappedAsyncResult`2.CallEndDelegate(IAsyncResult asyncResult)
   at System.Web.Mvc.Async.AsyncResultWrapper.WrappedAsyncResultBase`1.End()
   at System.Web.Mvc.Async.AsyncControllerActionInvoker.EndInvokeActionMethod(IAsyncResult asyncResult)
   at System.Web.Mvc.Async.AsyncControllerActionInvoker.AsyncInvocationWithFilters.<InvokeActionMethodFilterAsynchronouslyRecursive>b__3d()
   at System.Web.Mvc.Async.AsyncControllerActionInvoker.AsyncInvocationWithFilters.<>c__DisplayClass46.<InvokeActionMethodFilterAsynchronouslyRecursive>b__3f()
   at System.Web.Mvc.Async.AsyncControllerActionInvoker.AsyncInvocationWithFilters.<>c__DisplayClass46.<InvokeActionMethodFilterAsynchronouslyRecursive>b__3f()
   at System.Web.Mvc.Async.AsyncControllerActionInvoker.<>c__DisplayClass33.<BeginInvokeActionMethodWithFilters>b__32(IAsyncResult asyncResult)
   at System.Web.Mvc.Async.AsyncResultWrapper.WrappedAsyncResult`1.CallEndDelegate(IAsyncResult asyncResult)
   at System.Web.Mvc.Async.AsyncResultWrapper.WrappedAsyncResultBase`1.End()
   at System.Web.Mvc.Async.AsyncControllerActionInvoker.EndInvokeActionMethodWithFilters(IAsyncResult asyncResult)
   at System.Web.Mvc.Async.AsyncControllerActionInvoker.<>c__DisplayClass21.<>c__DisplayClass2b.<BeginInvokeAction>b__1c()
   at System.Web.Mvc.Async.AsyncControllerActionInvoker.<>c__DisplayClass21.<BeginInvokeAction>b__1e(IAsyncResult asyncResult)
2018-05-24 13:09:35.5361 ERROR CEC.SAISE.EDayModule.Infrastructure.HandleAndLogErrorAttribute.OnException  System.NullReferenceException: Object reference not set to an instance of an object.
   at NHibernate.Criterion.ProjectionList.GetTypes(ICriteria criteria, ICriteriaQuery criteriaQuery)
   at NHibernate.Criterion.ProjectionList.GetTypes(ICriteria criteria, ICriteriaQuery criteriaQuery)
   at NHibernate.Loader.Criteria.CriteriaJoinWalker..ctor(IOuterJoinLoadable persister, CriteriaQueryTranslator translator, ISessionFactoryImplementor factory, ICriteria criteria, String rootEntityName, IDictionary`2 enabledFilters)
   at NHibernate.Loader.Criteria.CriteriaLoader..ctor(IOuterJoinLoadable persister, ISessionFactoryImplementor factory, CriteriaImpl rootCriteria, String rootEntityName, IDictionary`2 enabledFilters)
   at NHibernate.Impl.MultiCriteriaImpl.CreateCriteriaLoaders()
   at NHibernate.Impl.MultiCriteriaImpl.List()
   at NHibernate.Impl.FutureCriteriaBatch.GetResultsFrom(IMultiCriteria multiApproach)
   at NHibernate.Impl.FutureBatch`2.GetResults()
   at NHibernate.Impl.FutureBatch`2.GetCurrentResult[TResult](Int32 currentIndex)
   at NHibernate.Impl.FutureBatch`2.<>c__DisplayClass1`1.<GetFutureValue>b__0()
   at NHibernate.Impl.FutureValue`1.get_Value()
   at Amdaris.NHibernateProvider.Utils.PageHelper.CreatePage[T](ICriteria criteria, PageRequest request, ICriteria countCriteria)
   at Amdaris.NHibernateProvider.Utils.PageHelper.CreatePage[T](ICriteria criteria, PageRequest request)
   at CEC.SAISE.BLL.Impl.VoterCertificatBll.GetVoter(PageRequest pageRequest, String idnp) in D:\work\CEC\CEC.SRV\src\CEC.SAISE.BLL\Impl\VoterCertificatBll.cs:line 67
   at CEC.SAISE.EDayModule.Controllers.VoterCertificatController.SearchVoterAsync(JqGridRequest request, String idnp) in D:\work\CEC\CEC.SRV\src\CEC.SAISE.EDayModule\Controllers\VoterCertificatController.cs:line 77
   at lambda_method(Closure , ControllerBase , Object[] )
   at System.Web.Mvc.ActionMethodDispatcher.Execute(ControllerBase controller, Object[] parameters)
   at System.Web.Mvc.ReflectedActionDescriptor.Execute(ControllerContext controllerContext, IDictionary`2 parameters)
   at System.Web.Mvc.ControllerActionInvoker.InvokeActionMethod(ControllerContext controllerContext, ActionDescriptor actionDescriptor, IDictionary`2 parameters)
   at System.Web.Mvc.Async.AsyncControllerActionInvoker.<BeginInvokeSynchronousActionMethod>b__39(IAsyncResult asyncResult, ActionInvocation innerInvokeState)
   at System.Web.Mvc.Async.AsyncResultWrapper.WrappedAsyncResult`2.CallEndDelegate(IAsyncResult asyncResult)
   at System.Web.Mvc.Async.AsyncResultWrapper.WrappedAsyncResultBase`1.End()
   at System.Web.Mvc.Async.AsyncControllerActionInvoker.EndInvokeActionMethod(IAsyncResult asyncResult)
   at System.Web.Mvc.Async.AsyncControllerActionInvoker.AsyncInvocationWithFilters.<InvokeActionMethodFilterAsynchronouslyRecursive>b__3d()
   at System.Web.Mvc.Async.AsyncControllerActionInvoker.AsyncInvocationWithFilters.<>c__DisplayClass46.<InvokeActionMethodFilterAsynchronouslyRecursive>b__3f()
   at System.Web.Mvc.Async.AsyncControllerActionInvoker.AsyncInvocationWithFilters.<>c__DisplayClass46.<InvokeActionMethodFilterAsynchronouslyRecursive>b__3f()
   at System.Web.Mvc.Async.AsyncControllerActionInvoker.<>c__DisplayClass33.<BeginInvokeActionMethodWithFilters>b__32(IAsyncResult asyncResult)
   at System.Web.Mvc.Async.AsyncResultWrapper.WrappedAsyncResult`1.CallEndDelegate(IAsyncResult asyncResult)
   at System.Web.Mvc.Async.AsyncResultWrapper.WrappedAsyncResultBase`1.End()
   at System.Web.Mvc.Async.AsyncControllerActionInvoker.EndInvokeActionMethodWithFilters(IAsyncResult asyncResult)
   at System.Web.Mvc.Async.AsyncControllerActionInvoker.<>c__DisplayClass21.<>c__DisplayClass2b.<BeginInvokeAction>b__1c()
   at System.Web.Mvc.Async.AsyncControllerActionInvoker.<>c__DisplayClass21.<BeginInvokeAction>b__1e(IAsyncResult asyncResult)
2018-05-24 13:10:15.1244 ERROR CEC.SAISE.EDayModule.Infrastructure.HandleAndLogErrorAttribute.OnException  System.NullReferenceException: Object reference not set to an instance of an object.
   at NHibernate.Criterion.ProjectionList.GetTypes(ICriteria criteria, ICriteriaQuery criteriaQuery)
   at NHibernate.Loader.Criteria.CriteriaJoinWalker..ctor(IOuterJoinLoadable persister, CriteriaQueryTranslator translator, ISessionFactoryImplementor factory, ICriteria criteria, String rootEntityName, IDictionary`2 enabledFilters)
   at NHibernate.Loader.Criteria.CriteriaLoader..ctor(IOuterJoinLoadable persister, ISessionFactoryImplementor factory, CriteriaImpl rootCriteria, String rootEntityName, IDictionary`2 enabledFilters)
   at NHibernate.Impl.MultiCriteriaImpl.CreateCriteriaLoaders()
   at NHibernate.Impl.MultiCriteriaImpl.List()
   at NHibernate.Impl.FutureCriteriaBatch.GetResultsFrom(IMultiCriteria multiApproach)
   at NHibernate.Impl.FutureBatch`2.GetResults()
   at NHibernate.Impl.FutureBatch`2.GetCurrentResult[TResult](Int32 currentIndex)
   at NHibernate.Impl.FutureBatch`2.<>c__DisplayClass1`1.<GetFutureValue>b__0()
   at NHibernate.Impl.FutureValue`1.get_Value()
   at Amdaris.NHibernateProvider.Utils.PageHelper.CreatePage[T](ICriteria criteria, PageRequest request, ICriteria countCriteria)
   at Amdaris.NHibernateProvider.Utils.PageHelper.CreatePage[T](ICriteria criteria, PageRequest request)
   at CEC.SAISE.BLL.Impl.VoterCertificatBll.GetVoter(PageRequest pageRequest, String idnp) in D:\work\CEC\CEC.SRV\src\CEC.SAISE.BLL\Impl\VoterCertificatBll.cs:line 67
   at CEC.SAISE.EDayModule.Controllers.VoterCertificatController.SearchVoterAsync(JqGridRequest request, String idnp) in D:\work\CEC\CEC.SRV\src\CEC.SAISE.EDayModule\Controllers\VoterCertificatController.cs:line 77
   at lambda_method(Closure , ControllerBase , Object[] )
   at System.Web.Mvc.ActionMethodDispatcher.Execute(ControllerBase controller, Object[] parameters)
   at System.Web.Mvc.ReflectedActionDescriptor.Execute(ControllerContext controllerContext, IDictionary`2 parameters)
   at System.Web.Mvc.ControllerActionInvoker.InvokeActionMethod(ControllerContext controllerContext, ActionDescriptor actionDescriptor, IDictionary`2 parameters)
   at System.Web.Mvc.Async.AsyncControllerActionInvoker.<BeginInvokeSynchronousActionMethod>b__39(IAsyncResult asyncResult, ActionInvocation innerInvokeState)
   at System.Web.Mvc.Async.AsyncResultWrapper.WrappedAsyncResult`2.CallEndDelegate(IAsyncResult asyncResult)
   at System.Web.Mvc.Async.AsyncResultWrapper.WrappedAsyncResultBase`1.End()
   at System.Web.Mvc.Async.AsyncControllerActionInvoker.EndInvokeActionMethod(IAsyncResult asyncResult)
   at System.Web.Mvc.Async.AsyncControllerActionInvoker.AsyncInvocationWithFilters.<InvokeActionMethodFilterAsynchronouslyRecursive>b__3d()
   at System.Web.Mvc.Async.AsyncControllerActionInvoker.AsyncInvocationWithFilters.<>c__DisplayClass46.<InvokeActionMethodFilterAsynchronouslyRecursive>b__3f()
   at System.Web.Mvc.Async.AsyncControllerActionInvoker.AsyncInvocationWithFilters.<>c__DisplayClass46.<InvokeActionMethodFilterAsynchronouslyRecursive>b__3f()
   at System.Web.Mvc.Async.AsyncControllerActionInvoker.<>c__DisplayClass33.<BeginInvokeActionMethodWithFilters>b__32(IAsyncResult asyncResult)
   at System.Web.Mvc.Async.AsyncResultWrapper.WrappedAsyncResult`1.CallEndDelegate(IAsyncResult asyncResult)
   at System.Web.Mvc.Async.AsyncResultWrapper.WrappedAsyncResultBase`1.End()
   at System.Web.Mvc.Async.AsyncControllerActionInvoker.EndInvokeActionMethodWithFilters(IAsyncResult asyncResult)
   at System.Web.Mvc.Async.AsyncControllerActionInvoker.<>c__DisplayClass21.<>c__DisplayClass2b.<BeginInvokeAction>b__1c()
   at System.Web.Mvc.Async.AsyncControllerActionInvoker.<>c__DisplayClass21.<BeginInvokeAction>b__1e(IAsyncResult asyncResult)
2018-05-24 13:11:41.6918 ERROR CEC.SAISE.EDayModule.Infrastructure.HandleAndLogErrorAttribute.OnException  System.NullReferenceException: Object reference not set to an instance of an object.
   at NHibernate.Criterion.ProjectionList.GetTypes(ICriteria criteria, ICriteriaQuery criteriaQuery)
   at NHibernate.Loader.Criteria.CriteriaJoinWalker..ctor(IOuterJoinLoadable persister, CriteriaQueryTranslator translator, ISessionFactoryImplementor factory, ICriteria criteria, String rootEntityName, IDictionary`2 enabledFilters)
   at NHibernate.Loader.Criteria.CriteriaLoader..ctor(IOuterJoinLoadable persister, ISessionFactoryImplementor factory, CriteriaImpl rootCriteria, String rootEntityName, IDictionary`2 enabledFilters)
   at NHibernate.Impl.MultiCriteriaImpl.CreateCriteriaLoaders()
   at NHibernate.Impl.MultiCriteriaImpl.List()
   at NHibernate.Impl.FutureCriteriaBatch.GetResultsFrom(IMultiCriteria multiApproach)
   at NHibernate.Impl.FutureBatch`2.GetResults()
   at NHibernate.Impl.FutureBatch`2.GetCurrentResult[TResult](Int32 currentIndex)
   at NHibernate.Impl.FutureBatch`2.<>c__DisplayClass1`1.<GetFutureValue>b__0()
   at NHibernate.Impl.FutureValue`1.get_Value()
   at Amdaris.NHibernateProvider.Utils.PageHelper.CreatePage[T](ICriteria criteria, PageRequest request, ICriteria countCriteria)
   at Amdaris.NHibernateProvider.Utils.PageHelper.CreatePage[T](ICriteria criteria, PageRequest request)
   at CEC.SAISE.BLL.Impl.VoterCertificatBll.GetVoter(PageRequest pageRequest, String idnp) in D:\work\CEC\CEC.SRV\src\CEC.SAISE.BLL\Impl\VoterCertificatBll.cs:line 67
   at CEC.SAISE.EDayModule.Controllers.VoterCertificatController.SearchVoterAsync(JqGridRequest request, String idnp) in D:\work\CEC\CEC.SRV\src\CEC.SAISE.EDayModule\Controllers\VoterCertificatController.cs:line 77
   at lambda_method(Closure , ControllerBase , Object[] )
   at System.Web.Mvc.ActionMethodDispatcher.Execute(ControllerBase controller, Object[] parameters)
   at System.Web.Mvc.ReflectedActionDescriptor.Execute(ControllerContext controllerContext, IDictionary`2 parameters)
   at System.Web.Mvc.ControllerActionInvoker.InvokeActionMethod(ControllerContext controllerContext, ActionDescriptor actionDescriptor, IDictionary`2 parameters)
   at System.Web.Mvc.Async.AsyncControllerActionInvoker.<BeginInvokeSynchronousActionMethod>b__39(IAsyncResult asyncResult, ActionInvocation innerInvokeState)
   at System.Web.Mvc.Async.AsyncResultWrapper.WrappedAsyncResult`2.CallEndDelegate(IAsyncResult asyncResult)
   at System.Web.Mvc.Async.AsyncResultWrapper.WrappedAsyncResultBase`1.End()
   at System.Web.Mvc.Async.AsyncControllerActionInvoker.EndInvokeActionMethod(IAsyncResult asyncResult)
   at System.Web.Mvc.Async.AsyncControllerActionInvoker.AsyncInvocationWithFilters.<InvokeActionMethodFilterAsynchronouslyRecursive>b__3d()
   at System.Web.Mvc.Async.AsyncControllerActionInvoker.AsyncInvocationWithFilters.<>c__DisplayClass46.<InvokeActionMethodFilterAsynchronouslyRecursive>b__3f()
   at System.Web.Mvc.Async.AsyncControllerActionInvoker.AsyncInvocationWithFilters.<>c__DisplayClass46.<InvokeActionMethodFilterAsynchronouslyRecursive>b__3f()
   at System.Web.Mvc.Async.AsyncControllerActionInvoker.<>c__DisplayClass33.<BeginInvokeActionMethodWithFilters>b__32(IAsyncResult asyncResult)
   at System.Web.Mvc.Async.AsyncResultWrapper.WrappedAsyncResult`1.CallEndDelegate(IAsyncResult asyncResult)
   at System.Web.Mvc.Async.AsyncResultWrapper.WrappedAsyncResultBase`1.End()
   at System.Web.Mvc.Async.AsyncControllerActionInvoker.EndInvokeActionMethodWithFilters(IAsyncResult asyncResult)
   at System.Web.Mvc.Async.AsyncControllerActionInvoker.<>c__DisplayClass21.<>c__DisplayClass2b.<BeginInvokeAction>b__1c()
   at System.Web.Mvc.Async.AsyncControllerActionInvoker.<>c__DisplayClass21.<BeginInvokeAction>b__1e(IAsyncResult asyncResult)
