2018-05-21 11:33:22.4214 ERROR CEC.SAISE.EDayModule.Infrastructure.HandleAndLogErrorAttribute.OnException  NHibernate.Exceptions.GenericADOException: could not execute query
[ SELECT ppalias1_.PoliticalPartyId as y0_, ppalias1_.code as y1_, ppalias1_.nameRo as y2_, ppalias1_.nameRu as y3_, ppalias1_.dateOfRegistration as y4_, ppalias1_.status as y5_, ppalias1_.ballotOrder as y6_, ppalias1_.isIndependent as y7_, (SELECT count(*) as y0_ FROM CandidateVillageRel this_0_ inner join Candidate candidatea1_ on this_0_.candidateId=candidatea1_.CandidateId WHERE ((this_0_.electionId = @p0 and this_0_.villageId = @p1) and candidatea1_.politicalPartyId = ppalias1_.PoliticalPartyId)) as y8_ FROM PartyVillageElectionRel this_ inner join PoliticalParty ppalias1_ on this_.politicalPartyId=ppalias1_.PoliticalPartyId WHERE (((this_.electionId = @p2 or this_.electionId = @p3) and (this_.villageId = @p4 or this_.villageId = @p5)) and this_.politicalPartyId > @p6) ORDER BY ppalias1_.partyOrder desc, ppalias1_.code asc ]
  Name:cp0 - Value:999999  Name:cp1 - Value:-1  Name:cp2 - Value:999999  Name:cp3 - Value:-1  Name:cp4 - Value:-1  Name:cp5 - Value:-1  Name:cp6 - Value:0
[SQL: SELECT ppalias1_.PoliticalPartyId as y0_, ppalias1_.code as y1_, ppalias1_.nameRo as y2_, ppalias1_.nameRu as y3_, ppalias1_.dateOfRegistration as y4_, ppalias1_.status as y5_, ppalias1_.ballotOrder as y6_, ppalias1_.isIndependent as y7_, (SELECT count(*) as y0_ FROM CandidateVillageRel this_0_ inner join Candidate candidatea1_ on this_0_.candidateId=candidatea1_.CandidateId WHERE ((this_0_.electionId = @p0 and this_0_.villageId = @p1) and candidatea1_.politicalPartyId = ppalias1_.PoliticalPartyId)) as y8_ FROM PartyVillageElectionRel this_ inner join PoliticalParty ppalias1_ on this_.politicalPartyId=ppalias1_.PoliticalPartyId WHERE (((this_.electionId = @p2 or this_.electionId = @p3) and (this_.villageId = @p4 or this_.villageId = @p5)) and this_.politicalPartyId > @p6) ORDER BY ppalias1_.partyOrder desc, ppalias1_.code asc] ---> System.Data.SqlClient.SqlException: Invalid object name 'PartyVillageElectionRel'.
   at System.Data.SqlClient.SqlConnection.OnError(SqlException exception, Boolean breakConnection, Action`1 wrapCloseInAction)
   at System.Data.SqlClient.SqlInternalConnection.OnError(SqlException exception, Boolean breakConnection, Action`1 wrapCloseInAction)
   at System.Data.SqlClient.TdsParser.ThrowExceptionAndWarning(TdsParserStateObject stateObj, Boolean callerHasConnectionLock, Boolean asyncClose)
   at System.Data.SqlClient.TdsParser.TryRun(RunBehavior runBehavior, SqlCommand cmdHandler, SqlDataReader dataStream, BulkCopySimpleResultSet bulkCopyHandler, TdsParserStateObject stateObj, Boolean& dataReady)
   at System.Data.SqlClient.SqlDataReader.TryConsumeMetaData()
   at System.Data.SqlClient.SqlDataReader.get_MetaData()
   at System.Data.SqlClient.SqlCommand.FinishExecuteReader(SqlDataReader ds, RunBehavior runBehavior, String resetOptionsString, Boolean isInternal, Boolean forDescribeParameterEncryption, Boolean shouldCacheForAlwaysEncrypted)
   at System.Data.SqlClient.SqlCommand.RunExecuteReaderTds(CommandBehavior cmdBehavior, RunBehavior runBehavior, Boolean returnStream, Boolean async, Int32 timeout, Task& task, Boolean asyncWrite, Boolean inRetry, SqlDataReader ds, Boolean describeParameterEncryptionRequest)
   at System.Data.SqlClient.SqlCommand.RunExecuteReader(CommandBehavior cmdBehavior, RunBehavior runBehavior, Boolean returnStream, String method, TaskCompletionSource`1 completion, Int32 timeout, Task& task, Boolean& usedCache, Boolean asyncWrite, Boolean inRetry)
   at System.Data.SqlClient.SqlCommand.RunExecuteReader(CommandBehavior cmdBehavior, RunBehavior runBehavior, Boolean returnStream, String method)
   at System.Data.SqlClient.SqlCommand.ExecuteReader(CommandBehavior behavior, String method)
   at System.Data.SqlClient.SqlCommand.ExecuteDbDataReader(CommandBehavior behavior)
   at System.Data.Common.DbCommand.System.Data.IDbCommand.ExecuteReader()
   at NHibernate.AdoNet.AbstractBatcher.ExecuteReader(IDbCommand cmd)
   at NHibernate.Loader.Loader.GetResultSet(IDbCommand st, Boolean autoDiscoverTypes, Boolean callable, RowSelection selection, ISessionImplementor session)
   at NHibernate.Loader.Loader.DoQuery(ISessionImplementor session, QueryParameters queryParameters, Boolean returnProxies)
   at NHibernate.Loader.Loader.DoQueryAndInitializeNonLazyCollections(ISessionImplementor session, QueryParameters queryParameters, Boolean returnProxies)
   at NHibernate.Loader.Loader.DoList(ISessionImplementor session, QueryParameters queryParameters)
   --- End of inner exception stack trace ---
   at NHibernate.Loader.Loader.DoList(ISessionImplementor session, QueryParameters queryParameters)
   at NHibernate.Loader.Loader.ListIgnoreQueryCache(ISessionImplementor session, QueryParameters queryParameters)
   at NHibernate.Loader.Loader.List(ISessionImplementor session, QueryParameters queryParameters, ISet`1 querySpaces, IType[] resultTypes)
   at NHibernate.Impl.SessionImpl.List(CriteriaImpl criteria, IList results)
   at NHibernate.Impl.CriteriaImpl.List(IList results)
   at NHibernate.Impl.CriteriaImpl.List[T]()
   at NHibernate.Criterion.QueryOver`1.List[U]()
   at NHibernate.Criterion.QueryOver`1.NHibernate.IQueryOver<TRoot>.List[U]()
   at CEC.SAISE.BLL.Impl.ConcurentsBll.GetAllParties(DelimitationDto delimitation) in D:\work\CEC\CEC.SRV\src\CEC.SAISE.BLL\Impl\ConcurentsBll.cs:line 52
   at CEC.SAISE.EDayModule.Controllers.PoliticalPartyController.GetAllParties(DelimitationModel delimitation) in D:\work\CEC\CEC.SRV\src\CEC.SAISE.EDayModule\Controllers\PoliticalPartyController.cs:line 57
   at lambda_method(Closure , ControllerBase , Object[] )
   at System.Web.Mvc.ActionMethodDispatcher.Execute(ControllerBase controller, Object[] parameters)
   at System.Web.Mvc.ReflectedActionDescriptor.Execute(ControllerContext controllerContext, IDictionary`2 parameters)
   at System.Web.Mvc.ControllerActionInvoker.InvokeActionMethod(ControllerContext controllerContext, ActionDescriptor actionDescriptor, IDictionary`2 parameters)
   at System.Web.Mvc.Async.AsyncControllerActionInvoker.<BeginInvokeSynchronousActionMethod>b__39(IAsyncResult asyncResult, ActionInvocation innerInvokeState)
   at System.Web.Mvc.Async.AsyncResultWrapper.WrappedAsyncResult`2.CallEndDelegate(IAsyncResult asyncResult)
   at System.Web.Mvc.Async.AsyncResultWrapper.WrappedAsyncResultBase`1.End()
   at System.Web.Mvc.Async.AsyncControllerActionInvoker.EndInvokeActionMethod(IAsyncResult asyncResult)
   at System.Web.Mvc.Async.AsyncControllerActionInvoker.AsyncInvocationWithFilters.<InvokeActionMethodFilterAsynchronouslyRecursive>b__3d()
   at System.Web.Mvc.Async.AsyncControllerActionInvoker.AsyncInvocationWithFilters.<>c__DisplayClass46.<InvokeActionMethodFilterAsynchronouslyRecursive>b__3f()
   at System.Web.Mvc.Async.AsyncControllerActionInvoker.AsyncInvocationWithFilters.<>c__DisplayClass46.<InvokeActionMethodFilterAsynchronouslyRecursive>b__3f()
   at System.Web.Mvc.Async.AsyncControllerActionInvoker.<>c__DisplayClass33.<BeginInvokeActionMethodWithFilters>b__32(IAsyncResult asyncResult)
   at System.Web.Mvc.Async.AsyncResultWrapper.WrappedAsyncResult`1.CallEndDelegate(IAsyncResult asyncResult)
   at System.Web.Mvc.Async.AsyncResultWrapper.WrappedAsyncResultBase`1.End()
   at System.Web.Mvc.Async.AsyncControllerActionInvoker.EndInvokeActionMethodWithFilters(IAsyncResult asyncResult)
   at System.Web.Mvc.Async.AsyncControllerActionInvoker.<>c__DisplayClass21.<>c__DisplayClass2b.<BeginInvokeAction>b__1c()
   at System.Web.Mvc.Async.AsyncControllerActionInvoker.<>c__DisplayClass21.<BeginInvokeAction>b__1e(IAsyncResult asyncResult)
