2018-05-31 17:14:41.5643 ERROR CEC.SAISE.EDayModule.Infrastructure.HandleAndLogErrorAttribute.OnException  AutoMapper.AutoMapperMappingException: 

Mapping types:
Voter -> String
CEC.SAISE.Domain.Voter -> System.String

Destination path:
VoterGridViewModel.Address.Address

Source value:
CEC.SAISE.Domain.Voter ---> NHibernate.Exceptions.GenericADOException: could not initialize a collection: [CEC.SAISE.Domain.Voter.AssignedVoters#95][SQL: SELECT assignedvo0_.voterId as voterId1_, assignedvo0_.AssignedVoterId as Assigned1_1_, assignedvo0_.AssignedVoterId as Assigned1_13_0_, assignedvo0_.Version as Version13_0_, assignedvo0_.category as category13_0_, assignedvo0_.status as status13_0_, assignedvo0_.comment as comment13_0_, assignedvo0_.editDate as editDate13_0_, assignedvo0_.electionId as electionId13_0_, assignedvo0_.requestingVillageId as requesti8_13_0_, assignedvo0_.villageId as villageId13_0_, assignedvo0_.ropVillageId as ropVill10_13_0_, assignedvo0_.pollingStationId as polling11_13_0_, assignedvo0_.requestingPollingStationId as request12_13_0_, assignedvo0_.voterId as voterId13_0_, assignedvo0_.editUserId as editUserId13_0_ FROM AssignedVoter assignedvo0_ WHERE assignedvo0_.voterId=?] ---> System.Data.SqlClient.SqlException: Invalid column name 'electionId'.
   at System.Data.SqlClient.SqlConnection.OnError(SqlException exception, Boolean breakConnection, Action`1 wrapCloseInAction)
   at System.Data.SqlClient.SqlInternalConnection.OnError(SqlException exception, Boolean breakConnection, Action`1 wrapCloseInAction)
   at System.Data.SqlClient.TdsParser.ThrowExceptionAndWarning(TdsParserStateObject stateObj, Boolean callerHasConnectionLock, Boolean asyncClose)
   at System.Data.SqlClient.TdsParser.TryRun(RunBehavior runBehavior, SqlCommand cmdHandler, SqlDataReader dataStream, BulkCopySimpleResultSet bulkCopyHandler, TdsParserStateObject stateObj, Boolean& dataReady)
   at System.Data.SqlClient.SqlDataReader.TryConsumeMetaData()
   at System.Data.SqlClient.SqlDataReader.get_MetaData()
   at System.Data.SqlClient.SqlCommand.FinishExecuteReader(SqlDataReader ds, RunBehavior runBehavior, String resetOptionsString, Boolean isInternal, Boolean forDescribeParameterEncryption, Boolean shouldCacheForAlwaysEncrypted)
   at System.Data.SqlClient.SqlCommand.RunExecuteReaderTds(CommandBehavior cmdBehavior, RunBehavior runBehavior, Boolean returnStream, Boolean async, Int32 timeout, Task& task, Boolean asyncWrite, Boolean inRetry, SqlDataReader ds, Boolean describeParameterEncryptionRequest)
   at System.Data.SqlClient.SqlCommand.RunExecuteReader(CommandBehavior cmdBehavior, RunBehavior runBehavior, Boolean returnStream, String method, TaskCompletionSource`1 completion, Int32 timeout, Task& task, Boolean& usedCache, Boolean asyncWrite, Boolean inRetry)
   at System.Data.SqlClient.SqlCommand.RunExecuteReader(CommandBehavior cmdBehavior, RunBehavior runBehavior, Boolean returnStream, String method)
   at System.Data.SqlClient.SqlCommand.ExecuteReader(CommandBehavior behavior, String method)
   at System.Data.SqlClient.SqlCommand.ExecuteDbDataReader(CommandBehavior behavior)
   at System.Data.Common.DbCommand.System.Data.IDbCommand.ExecuteReader()
   at NHibernate.AdoNet.AbstractBatcher.ExecuteReader(IDbCommand cmd)
   at NHibernate.Loader.Loader.GetResultSet(IDbCommand st, Boolean autoDiscoverTypes, Boolean callable, RowSelection selection, ISessionImplementor session)
   at NHibernate.Loader.Loader.DoQuery(ISessionImplementor session, QueryParameters queryParameters, Boolean returnProxies)
   at NHibernate.Loader.Loader.DoQueryAndInitializeNonLazyCollections(ISessionImplementor session, QueryParameters queryParameters, Boolean returnProxies)
   at NHibernate.Loader.Loader.LoadCollection(ISessionImplementor session, Object id, IType type)
   --- End of inner exception stack trace ---
   at NHibernate.Loader.Loader.LoadCollection(ISessionImplementor session, Object id, IType type)
   at NHibernate.Loader.Collection.CollectionLoader.Initialize(Object id, ISessionImplementor session)
   at NHibernate.Persister.Collection.AbstractCollectionPersister.Initialize(Object key, ISessionImplementor session)
   at NHibernate.Event.Default.DefaultInitializeCollectionEventListener.OnInitializeCollection(InitializeCollectionEvent event)
   at NHibernate.Impl.SessionImpl.InitializeCollection(IPersistentCollection collection, Boolean writing)
   at NHibernate.Collection.AbstractPersistentCollection.Initialize(Boolean writing)
   at NHibernate.Collection.AbstractPersistentCollection.Read()
   at NHibernate.Collection.Generic.PersistentGenericBag`1.System.Collections.Generic.IEnumerable<T>.GetEnumerator()
   at System.Collections.ObjectModel.ReadOnlyCollection`1.GetEnumerator()
   at System.Linq.Enumerable.WhereSelectEnumerableIterator`2.MoveNext()
   at System.Linq.Enumerable.FirstOrDefault[TSource](IEnumerable`1 source)
   at lambda_method(Closure , Voter )
   at AutoMapper.DelegateBasedResolver`2.Resolve(ResolutionResult source)
   at AutoMapper.NullReferenceExceptionSwallowingResolver.Resolve(ResolutionResult source)
   at AutoMapper.PropertyMap.<ResolveValue>b__6(ResolutionResult current, IValueResolver resolver)
   at System.Linq.Enumerable.Aggregate[TSource,TAccumulate](IEnumerable`1 source, TAccumulate seed, Func`3 func)
   at AutoMapper.PropertyMap.ResolveValue(ResolutionContext context)
   at AutoMapper.Mappers.TypeMapObjectMapperRegistry.PropertyMapMappingStrategy.MapPropertyValue(ResolutionContext context, IMappingEngineRunner mapper, Object mappedObject, PropertyMap propertyMap)
   --- End of inner exception stack trace ---
   at AutoMapper.Mappers.TypeMapObjectMapperRegistry.PropertyMapMappingStrategy.MapPropertyValue(ResolutionContext context, IMappingEngineRunner mapper, Object mappedObject, PropertyMap propertyMap)
   at AutoMapper.Mappers.TypeMapObjectMapperRegistry.PropertyMapMappingStrategy.Map(ResolutionContext context, IMappingEngineRunner mapper)
   at AutoMapper.Mappers.TypeMapMapper.Map(ResolutionContext context, IMappingEngineRunner mapper)
   at AutoMapper.MappingEngine.AutoMapper.IMappingEngineRunner.Map(ResolutionContext context)
   at AutoMapper.MappingEngine.MapCore(Object source, Type sourceType, Type destinationType, MappingOperationOptions options)
   at AutoMapper.MappingEngine.Map(Object source, Type sourceType, Type destinationType, Action`1 opts)
   at AutoMapper.MappingEngine.Map[TSource,TDestination](TSource source)
   at AutoMapper.Mapper.Map[TSource,TDestination](TSource source)
   at CEC.SAISE.EDayModule.Infrastructure.Grids.JqGridExtensions.<>c__DisplayClass8_0`2.<ToJqGridJsonResult>b__0(T x) in D:\work\CEC\CEC.SRV\src\CEC.SAISE.EDayModule\Infrastructure\Grids\HtmlGridExtensions.cs:line 219
   at System.Linq.Enumerable.WhereSelectListIterator`2.MoveNext()
   at System.Collections.Generic.List`1.InsertRange(Int32 index, IEnumerable`1 collection)
   at System.Collections.Generic.List`1.AddRange(IEnumerable`1 collection)
   at CEC.SAISE.EDayModule.Infrastructure.Grids.JqGridExtensions.ToJqGridJsonResult[T,TModel](PageResponse`1 pageResponse, Func`2 convertMethod) in D:\work\CEC\CEC.SRV\src\CEC.SAISE.EDayModule\Infrastructure\Grids\HtmlGridExtensions.cs:line 223
   at CEC.SAISE.EDayModule.Infrastructure.Grids.JqGridExtensions.ToJqGridJsonResult[T,TModel](PageResponse`1 pageResponse) in D:\work\CEC\CEC.SRV\src\CEC.SAISE.EDayModule\Infrastructure\Grids\HtmlGridExtensions.cs:line 203
   at CEC.SAISE.EDayModule.Controllers.VoterCertificatController.SearchVoterAsync(JqGridRequest request, String idnp) in D:\work\CEC\CEC.SRV\src\CEC.SAISE.EDayModule\Controllers\VoterCertificatController.cs:line 78
   at lambda_method(Closure , ControllerBase , Object[] )
   at System.Web.Mvc.ActionMethodDispatcher.Execute(ControllerBase controller, Object[] parameters)
   at System.Web.Mvc.ReflectedActionDescriptor.Execute(ControllerContext controllerContext, IDictionary`2 parameters)
   at System.Web.Mvc.ControllerActionInvoker.InvokeActionMethod(ControllerContext controllerContext, ActionDescriptor actionDescriptor, IDictionary`2 parameters)
   at System.Web.Mvc.Async.AsyncControllerActionInvoker.<BeginInvokeSynchronousActionMethod>b__39(IAsyncResult asyncResult, ActionInvocation innerInvokeState)
   at System.Web.Mvc.Async.AsyncResultWrapper.WrappedAsyncResult`2.CallEndDelegate(IAsyncResult asyncResult)
   at System.Web.Mvc.Async.AsyncResultWrapper.WrappedAsyncResultBase`1.End()
   at System.Web.Mvc.Async.AsyncControllerActionInvoker.EndInvokeActionMethod(IAsyncResult asyncResult)
   at System.Web.Mvc.Async.AsyncControllerActionInvoker.AsyncInvocationWithFilters.<InvokeActionMethodFilterAsynchronouslyRecursive>b__3d()
   at System.Web.Mvc.Async.AsyncControllerActionInvoker.AsyncInvocationWithFilters.<>c__DisplayClass46.<InvokeActionMethodFilterAsynchronouslyRecursive>b__3f()
   at System.Web.Mvc.Async.AsyncControllerActionInvoker.AsyncInvocationWithFilters.<>c__DisplayClass46.<InvokeActionMethodFilterAsynchronouslyRecursive>b__3f()
   at System.Web.Mvc.Async.AsyncControllerActionInvoker.<>c__DisplayClass33.<BeginInvokeActionMethodWithFilters>b__32(IAsyncResult asyncResult)
   at System.Web.Mvc.Async.AsyncResultWrapper.WrappedAsyncResult`1.CallEndDelegate(IAsyncResult asyncResult)
   at System.Web.Mvc.Async.AsyncResultWrapper.WrappedAsyncResultBase`1.End()
   at System.Web.Mvc.Async.AsyncControllerActionInvoker.EndInvokeActionMethodWithFilters(IAsyncResult asyncResult)
   at System.Web.Mvc.Async.AsyncControllerActionInvoker.<>c__DisplayClass21.<>c__DisplayClass2b.<BeginInvokeAction>b__1c()
   at System.Web.Mvc.Async.AsyncControllerActionInvoker.<>c__DisplayClass21.<BeginInvokeAction>b__1e(IAsyncResult asyncResult)
2018-05-31 17:15:11.8497 ERROR CEC.SAISE.EDayModule.Infrastructure.HandleAndLogErrorAttribute.OnException  AutoMapper.AutoMapperMappingException: 

Mapping types:
Voter -> String
CEC.SAISE.Domain.Voter -> System.String

Destination path:
VoterGridViewModel.Address.Address

Source value:
CEC.SAISE.Domain.Voter ---> NHibernate.Exceptions.GenericADOException: could not initialize a collection: [CEC.SAISE.Domain.Voter.AssignedVoters#95][SQL: SELECT assignedvo0_.voterId as voterId1_, assignedvo0_.AssignedVoterId as Assigned1_1_, assignedvo0_.AssignedVoterId as Assigned1_13_0_, assignedvo0_.Version as Version13_0_, assignedvo0_.category as category13_0_, assignedvo0_.status as status13_0_, assignedvo0_.comment as comment13_0_, assignedvo0_.editDate as editDate13_0_, assignedvo0_.electionId as electionId13_0_, assignedvo0_.requestingVillageId as requesti8_13_0_, assignedvo0_.villageId as villageId13_0_, assignedvo0_.ropVillageId as ropVill10_13_0_, assignedvo0_.pollingStationId as polling11_13_0_, assignedvo0_.requestingPollingStationId as request12_13_0_, assignedvo0_.voterId as voterId13_0_, assignedvo0_.editUserId as editUserId13_0_ FROM AssignedVoter assignedvo0_ WHERE assignedvo0_.voterId=?] ---> System.Data.SqlClient.SqlException: Invalid column name 'electionId'.
   at System.Data.SqlClient.SqlConnection.OnError(SqlException exception, Boolean breakConnection, Action`1 wrapCloseInAction)
   at System.Data.SqlClient.SqlInternalConnection.OnError(SqlException exception, Boolean breakConnection, Action`1 wrapCloseInAction)
   at System.Data.SqlClient.TdsParser.ThrowExceptionAndWarning(TdsParserStateObject stateObj, Boolean callerHasConnectionLock, Boolean asyncClose)
   at System.Data.SqlClient.TdsParser.TryRun(RunBehavior runBehavior, SqlCommand cmdHandler, SqlDataReader dataStream, BulkCopySimpleResultSet bulkCopyHandler, TdsParserStateObject stateObj, Boolean& dataReady)
   at System.Data.SqlClient.SqlDataReader.TryConsumeMetaData()
   at System.Data.SqlClient.SqlDataReader.get_MetaData()
   at System.Data.SqlClient.SqlCommand.FinishExecuteReader(SqlDataReader ds, RunBehavior runBehavior, String resetOptionsString, Boolean isInternal, Boolean forDescribeParameterEncryption, Boolean shouldCacheForAlwaysEncrypted)
   at System.Data.SqlClient.SqlCommand.RunExecuteReaderTds(CommandBehavior cmdBehavior, RunBehavior runBehavior, Boolean returnStream, Boolean async, Int32 timeout, Task& task, Boolean asyncWrite, Boolean inRetry, SqlDataReader ds, Boolean describeParameterEncryptionRequest)
   at System.Data.SqlClient.SqlCommand.RunExecuteReader(CommandBehavior cmdBehavior, RunBehavior runBehavior, Boolean returnStream, String method, TaskCompletionSource`1 completion, Int32 timeout, Task& task, Boolean& usedCache, Boolean asyncWrite, Boolean inRetry)
   at System.Data.SqlClient.SqlCommand.RunExecuteReader(CommandBehavior cmdBehavior, RunBehavior runBehavior, Boolean returnStream, String method)
   at System.Data.SqlClient.SqlCommand.ExecuteReader(CommandBehavior behavior, String method)
   at System.Data.SqlClient.SqlCommand.ExecuteDbDataReader(CommandBehavior behavior)
   at System.Data.Common.DbCommand.System.Data.IDbCommand.ExecuteReader()
   at NHibernate.AdoNet.AbstractBatcher.ExecuteReader(IDbCommand cmd)
   at NHibernate.Loader.Loader.GetResultSet(IDbCommand st, Boolean autoDiscoverTypes, Boolean callable, RowSelection selection, ISessionImplementor session)
   at NHibernate.Loader.Loader.DoQuery(ISessionImplementor session, QueryParameters queryParameters, Boolean returnProxies)
   at NHibernate.Loader.Loader.DoQueryAndInitializeNonLazyCollections(ISessionImplementor session, QueryParameters queryParameters, Boolean returnProxies)
   at NHibernate.Loader.Loader.LoadCollection(ISessionImplementor session, Object id, IType type)
   --- End of inner exception stack trace ---
   at NHibernate.Loader.Loader.LoadCollection(ISessionImplementor session, Object id, IType type)
   at NHibernate.Loader.Collection.CollectionLoader.Initialize(Object id, ISessionImplementor session)
   at NHibernate.Persister.Collection.AbstractCollectionPersister.Initialize(Object key, ISessionImplementor session)
   at NHibernate.Event.Default.DefaultInitializeCollectionEventListener.OnInitializeCollection(InitializeCollectionEvent event)
   at NHibernate.Impl.SessionImpl.InitializeCollection(IPersistentCollection collection, Boolean writing)
   at NHibernate.Collection.AbstractPersistentCollection.Initialize(Boolean writing)
   at NHibernate.Collection.AbstractPersistentCollection.Read()
   at NHibernate.Collection.Generic.PersistentGenericBag`1.System.Collections.Generic.IEnumerable<T>.GetEnumerator()
   at System.Collections.ObjectModel.ReadOnlyCollection`1.GetEnumerator()
   at System.Linq.Enumerable.WhereSelectEnumerableIterator`2.MoveNext()
   at System.Linq.Enumerable.FirstOrDefault[TSource](IEnumerable`1 source)
   at lambda_method(Closure , Voter )
   at AutoMapper.DelegateBasedResolver`2.Resolve(ResolutionResult source)
   at AutoMapper.NullReferenceExceptionSwallowingResolver.Resolve(ResolutionResult source)
   at AutoMapper.PropertyMap.<ResolveValue>b__6(ResolutionResult current, IValueResolver resolver)
   at System.Linq.Enumerable.Aggregate[TSource,TAccumulate](IEnumerable`1 source, TAccumulate seed, Func`3 func)
   at AutoMapper.PropertyMap.ResolveValue(ResolutionContext context)
   at AutoMapper.Mappers.TypeMapObjectMapperRegistry.PropertyMapMappingStrategy.MapPropertyValue(ResolutionContext context, IMappingEngineRunner mapper, Object mappedObject, PropertyMap propertyMap)
   --- End of inner exception stack trace ---
   at AutoMapper.Mappers.TypeMapObjectMapperRegistry.PropertyMapMappingStrategy.MapPropertyValue(ResolutionContext context, IMappingEngineRunner mapper, Object mappedObject, PropertyMap propertyMap)
   at AutoMapper.Mappers.TypeMapObjectMapperRegistry.PropertyMapMappingStrategy.Map(ResolutionContext context, IMappingEngineRunner mapper)
   at AutoMapper.Mappers.TypeMapMapper.Map(ResolutionContext context, IMappingEngineRunner mapper)
   at AutoMapper.MappingEngine.AutoMapper.IMappingEngineRunner.Map(ResolutionContext context)
   at AutoMapper.MappingEngine.MapCore(Object source, Type sourceType, Type destinationType, MappingOperationOptions options)
   at AutoMapper.MappingEngine.Map(Object source, Type sourceType, Type destinationType, Action`1 opts)
   at AutoMapper.MappingEngine.Map[TSource,TDestination](TSource source)
   at AutoMapper.Mapper.Map[TSource,TDestination](TSource source)
   at CEC.SAISE.EDayModule.Infrastructure.Grids.JqGridExtensions.<>c__DisplayClass8_0`2.<ToJqGridJsonResult>b__0(T x) in D:\work\CEC\CEC.SRV\src\CEC.SAISE.EDayModule\Infrastructure\Grids\HtmlGridExtensions.cs:line 219
   at System.Linq.Enumerable.WhereSelectListIterator`2.MoveNext()
   at System.Collections.Generic.List`1.InsertRange(Int32 index, IEnumerable`1 collection)
   at System.Collections.Generic.List`1.AddRange(IEnumerable`1 collection)
   at CEC.SAISE.EDayModule.Infrastructure.Grids.JqGridExtensions.ToJqGridJsonResult[T,TModel](PageResponse`1 pageResponse, Func`2 convertMethod) in D:\work\CEC\CEC.SRV\src\CEC.SAISE.EDayModule\Infrastructure\Grids\HtmlGridExtensions.cs:line 223
   at CEC.SAISE.EDayModule.Infrastructure.Grids.JqGridExtensions.ToJqGridJsonResult[T,TModel](PageResponse`1 pageResponse) in D:\work\CEC\CEC.SRV\src\CEC.SAISE.EDayModule\Infrastructure\Grids\HtmlGridExtensions.cs:line 203
   at CEC.SAISE.EDayModule.Controllers.VoterCertificatController.SearchVoterAsync(JqGridRequest request, String idnp) in D:\work\CEC\CEC.SRV\src\CEC.SAISE.EDayModule\Controllers\VoterCertificatController.cs:line 78
   at lambda_method(Closure , ControllerBase , Object[] )
   at System.Web.Mvc.ActionMethodDispatcher.Execute(ControllerBase controller, Object[] parameters)
   at System.Web.Mvc.ReflectedActionDescriptor.Execute(ControllerContext controllerContext, IDictionary`2 parameters)
   at System.Web.Mvc.ControllerActionInvoker.InvokeActionMethod(ControllerContext controllerContext, ActionDescriptor actionDescriptor, IDictionary`2 parameters)
   at System.Web.Mvc.Async.AsyncControllerActionInvoker.<BeginInvokeSynchronousActionMethod>b__39(IAsyncResult asyncResult, ActionInvocation innerInvokeState)
   at System.Web.Mvc.Async.AsyncResultWrapper.WrappedAsyncResult`2.CallEndDelegate(IAsyncResult asyncResult)
   at System.Web.Mvc.Async.AsyncResultWrapper.WrappedAsyncResultBase`1.End()
   at System.Web.Mvc.Async.AsyncControllerActionInvoker.EndInvokeActionMethod(IAsyncResult asyncResult)
   at System.Web.Mvc.Async.AsyncControllerActionInvoker.AsyncInvocationWithFilters.<InvokeActionMethodFilterAsynchronouslyRecursive>b__3d()
   at System.Web.Mvc.Async.AsyncControllerActionInvoker.AsyncInvocationWithFilters.<>c__DisplayClass46.<InvokeActionMethodFilterAsynchronouslyRecursive>b__3f()
   at System.Web.Mvc.Async.AsyncControllerActionInvoker.AsyncInvocationWithFilters.<>c__DisplayClass46.<InvokeActionMethodFilterAsynchronouslyRecursive>b__3f()
   at System.Web.Mvc.Async.AsyncControllerActionInvoker.<>c__DisplayClass33.<BeginInvokeActionMethodWithFilters>b__32(IAsyncResult asyncResult)
   at System.Web.Mvc.Async.AsyncResultWrapper.WrappedAsyncResult`1.CallEndDelegate(IAsyncResult asyncResult)
   at System.Web.Mvc.Async.AsyncResultWrapper.WrappedAsyncResultBase`1.End()
   at System.Web.Mvc.Async.AsyncControllerActionInvoker.EndInvokeActionMethodWithFilters(IAsyncResult asyncResult)
   at System.Web.Mvc.Async.AsyncControllerActionInvoker.<>c__DisplayClass21.<>c__DisplayClass2b.<BeginInvokeAction>b__1c()
   at System.Web.Mvc.Async.AsyncControllerActionInvoker.<>c__DisplayClass21.<BeginInvokeAction>b__1e(IAsyncResult asyncResult)
2018-05-31 17:16:03.1769 ERROR CEC.SAISE.EDayModule.Infrastructure.HandleAndLogErrorAttribute.OnException  AutoMapper.AutoMapperMappingException: 

Mapping types:
Voter -> String
CEC.SAISE.Domain.Voter -> System.String

Destination path:
VoterGridViewModel.Address.Address

Source value:
CEC.SAISE.Domain.Voter ---> NHibernate.Exceptions.GenericADOException: could not initialize a collection: [CEC.SAISE.Domain.Voter.AssignedVoters#95][SQL: SELECT assignedvo0_.voterId as voterId1_, assignedvo0_.AssignedVoterId as Assigned1_1_, assignedvo0_.AssignedVoterId as Assigned1_13_0_, assignedvo0_.Version as Version13_0_, assignedvo0_.category as category13_0_, assignedvo0_.status as status13_0_, assignedvo0_.comment as comment13_0_, assignedvo0_.editDate as editDate13_0_, assignedvo0_.electionId as electionId13_0_, assignedvo0_.requestingVillageId as requesti8_13_0_, assignedvo0_.villageId as villageId13_0_, assignedvo0_.ropVillageId as ropVill10_13_0_, assignedvo0_.pollingStationId as polling11_13_0_, assignedvo0_.requestingPollingStationId as request12_13_0_, assignedvo0_.voterId as voterId13_0_, assignedvo0_.editUserId as editUserId13_0_ FROM AssignedVoter assignedvo0_ WHERE assignedvo0_.voterId=?] ---> System.Data.SqlClient.SqlException: Invalid column name 'electionId'.
   at System.Data.SqlClient.SqlConnection.OnError(SqlException exception, Boolean breakConnection, Action`1 wrapCloseInAction)
   at System.Data.SqlClient.SqlInternalConnection.OnError(SqlException exception, Boolean breakConnection, Action`1 wrapCloseInAction)
   at System.Data.SqlClient.TdsParser.ThrowExceptionAndWarning(TdsParserStateObject stateObj, Boolean callerHasConnectionLock, Boolean asyncClose)
   at System.Data.SqlClient.TdsParser.TryRun(RunBehavior runBehavior, SqlCommand cmdHandler, SqlDataReader dataStream, BulkCopySimpleResultSet bulkCopyHandler, TdsParserStateObject stateObj, Boolean& dataReady)
   at System.Data.SqlClient.SqlDataReader.TryConsumeMetaData()
   at System.Data.SqlClient.SqlDataReader.get_MetaData()
   at System.Data.SqlClient.SqlCommand.FinishExecuteReader(SqlDataReader ds, RunBehavior runBehavior, String resetOptionsString, Boolean isInternal, Boolean forDescribeParameterEncryption, Boolean shouldCacheForAlwaysEncrypted)
   at System.Data.SqlClient.SqlCommand.RunExecuteReaderTds(CommandBehavior cmdBehavior, RunBehavior runBehavior, Boolean returnStream, Boolean async, Int32 timeout, Task& task, Boolean asyncWrite, Boolean inRetry, SqlDataReader ds, Boolean describeParameterEncryptionRequest)
   at System.Data.SqlClient.SqlCommand.RunExecuteReader(CommandBehavior cmdBehavior, RunBehavior runBehavior, Boolean returnStream, String method, TaskCompletionSource`1 completion, Int32 timeout, Task& task, Boolean& usedCache, Boolean asyncWrite, Boolean inRetry)
   at System.Data.SqlClient.SqlCommand.RunExecuteReader(CommandBehavior cmdBehavior, RunBehavior runBehavior, Boolean returnStream, String method)
   at System.Data.SqlClient.SqlCommand.ExecuteReader(CommandBehavior behavior, String method)
   at System.Data.SqlClient.SqlCommand.ExecuteDbDataReader(CommandBehavior behavior)
   at System.Data.Common.DbCommand.System.Data.IDbCommand.ExecuteReader()
   at NHibernate.AdoNet.AbstractBatcher.ExecuteReader(IDbCommand cmd)
   at NHibernate.Loader.Loader.GetResultSet(IDbCommand st, Boolean autoDiscoverTypes, Boolean callable, RowSelection selection, ISessionImplementor session)
   at NHibernate.Loader.Loader.DoQuery(ISessionImplementor session, QueryParameters queryParameters, Boolean returnProxies)
   at NHibernate.Loader.Loader.DoQueryAndInitializeNonLazyCollections(ISessionImplementor session, QueryParameters queryParameters, Boolean returnProxies)
   at NHibernate.Loader.Loader.LoadCollection(ISessionImplementor session, Object id, IType type)
   --- End of inner exception stack trace ---
   at NHibernate.Loader.Loader.LoadCollection(ISessionImplementor session, Object id, IType type)
   at NHibernate.Loader.Collection.CollectionLoader.Initialize(Object id, ISessionImplementor session)
   at NHibernate.Persister.Collection.AbstractCollectionPersister.Initialize(Object key, ISessionImplementor session)
   at NHibernate.Event.Default.DefaultInitializeCollectionEventListener.OnInitializeCollection(InitializeCollectionEvent event)
   at NHibernate.Impl.SessionImpl.InitializeCollection(IPersistentCollection collection, Boolean writing)
   at NHibernate.Collection.AbstractPersistentCollection.Initialize(Boolean writing)
   at NHibernate.Collection.AbstractPersistentCollection.Read()
   at NHibernate.Collection.Generic.PersistentGenericBag`1.System.Collections.Generic.IEnumerable<T>.GetEnumerator()
   at System.Collections.ObjectModel.ReadOnlyCollection`1.GetEnumerator()
   at System.Linq.Enumerable.WhereSelectEnumerableIterator`2.MoveNext()
   at System.Linq.Enumerable.FirstOrDefault[TSource](IEnumerable`1 source)
   at lambda_method(Closure , Voter )
   at AutoMapper.DelegateBasedResolver`2.Resolve(ResolutionResult source)
   at AutoMapper.NullReferenceExceptionSwallowingResolver.Resolve(ResolutionResult source)
   at AutoMapper.PropertyMap.<ResolveValue>b__6(ResolutionResult current, IValueResolver resolver)
   at System.Linq.Enumerable.Aggregate[TSource,TAccumulate](IEnumerable`1 source, TAccumulate seed, Func`3 func)
   at AutoMapper.PropertyMap.ResolveValue(ResolutionContext context)
   at AutoMapper.Mappers.TypeMapObjectMapperRegistry.PropertyMapMappingStrategy.MapPropertyValue(ResolutionContext context, IMappingEngineRunner mapper, Object mappedObject, PropertyMap propertyMap)
   --- End of inner exception stack trace ---
   at AutoMapper.Mappers.TypeMapObjectMapperRegistry.PropertyMapMappingStrategy.MapPropertyValue(ResolutionContext context, IMappingEngineRunner mapper, Object mappedObject, PropertyMap propertyMap)
   at AutoMapper.Mappers.TypeMapObjectMapperRegistry.PropertyMapMappingStrategy.Map(ResolutionContext context, IMappingEngineRunner mapper)
   at AutoMapper.Mappers.TypeMapMapper.Map(ResolutionContext context, IMappingEngineRunner mapper)
   at AutoMapper.MappingEngine.AutoMapper.IMappingEngineRunner.Map(ResolutionContext context)
   at AutoMapper.MappingEngine.MapCore(Object source, Type sourceType, Type destinationType, MappingOperationOptions options)
   at AutoMapper.MappingEngine.Map(Object source, Type sourceType, Type destinationType, Action`1 opts)
   at AutoMapper.MappingEngine.Map[TSource,TDestination](TSource source)
   at AutoMapper.Mapper.Map[TSource,TDestination](TSource source)
   at CEC.SAISE.EDayModule.Infrastructure.Grids.JqGridExtensions.<>c__DisplayClass8_0`2.<ToJqGridJsonResult>b__0(T x) in D:\work\CEC\CEC.SRV\src\CEC.SAISE.EDayModule\Infrastructure\Grids\HtmlGridExtensions.cs:line 219
   at System.Linq.Enumerable.WhereSelectListIterator`2.MoveNext()
   at System.Collections.Generic.List`1.InsertRange(Int32 index, IEnumerable`1 collection)
   at System.Collections.Generic.List`1.AddRange(IEnumerable`1 collection)
   at CEC.SAISE.EDayModule.Infrastructure.Grids.JqGridExtensions.ToJqGridJsonResult[T,TModel](PageResponse`1 pageResponse, Func`2 convertMethod) in D:\work\CEC\CEC.SRV\src\CEC.SAISE.EDayModule\Infrastructure\Grids\HtmlGridExtensions.cs:line 223
   at CEC.SAISE.EDayModule.Infrastructure.Grids.JqGridExtensions.ToJqGridJsonResult[T,TModel](PageResponse`1 pageResponse) in D:\work\CEC\CEC.SRV\src\CEC.SAISE.EDayModule\Infrastructure\Grids\HtmlGridExtensions.cs:line 203
   at CEC.SAISE.EDayModule.Controllers.VoterCertificatController.SearchVoterAsync(JqGridRequest request, String idnp) in D:\work\CEC\CEC.SRV\src\CEC.SAISE.EDayModule\Controllers\VoterCertificatController.cs:line 78
   at lambda_method(Closure , ControllerBase , Object[] )
   at System.Web.Mvc.ActionMethodDispatcher.Execute(ControllerBase controller, Object[] parameters)
   at System.Web.Mvc.ReflectedActionDescriptor.Execute(ControllerContext controllerContext, IDictionary`2 parameters)
   at System.Web.Mvc.ControllerActionInvoker.InvokeActionMethod(ControllerContext controllerContext, ActionDescriptor actionDescriptor, IDictionary`2 parameters)
   at System.Web.Mvc.Async.AsyncControllerActionInvoker.<BeginInvokeSynchronousActionMethod>b__39(IAsyncResult asyncResult, ActionInvocation innerInvokeState)
   at System.Web.Mvc.Async.AsyncResultWrapper.WrappedAsyncResult`2.CallEndDelegate(IAsyncResult asyncResult)
   at System.Web.Mvc.Async.AsyncResultWrapper.WrappedAsyncResultBase`1.End()
   at System.Web.Mvc.Async.AsyncControllerActionInvoker.EndInvokeActionMethod(IAsyncResult asyncResult)
   at System.Web.Mvc.Async.AsyncControllerActionInvoker.AsyncInvocationWithFilters.<InvokeActionMethodFilterAsynchronouslyRecursive>b__3d()
   at System.Web.Mvc.Async.AsyncControllerActionInvoker.AsyncInvocationWithFilters.<>c__DisplayClass46.<InvokeActionMethodFilterAsynchronouslyRecursive>b__3f()
   at System.Web.Mvc.Async.AsyncControllerActionInvoker.AsyncInvocationWithFilters.<>c__DisplayClass46.<InvokeActionMethodFilterAsynchronouslyRecursive>b__3f()
   at System.Web.Mvc.Async.AsyncControllerActionInvoker.<>c__DisplayClass33.<BeginInvokeActionMethodWithFilters>b__32(IAsyncResult asyncResult)
   at System.Web.Mvc.Async.AsyncResultWrapper.WrappedAsyncResult`1.CallEndDelegate(IAsyncResult asyncResult)
   at System.Web.Mvc.Async.AsyncResultWrapper.WrappedAsyncResultBase`1.End()
   at System.Web.Mvc.Async.AsyncControllerActionInvoker.EndInvokeActionMethodWithFilters(IAsyncResult asyncResult)
   at System.Web.Mvc.Async.AsyncControllerActionInvoker.<>c__DisplayClass21.<>c__DisplayClass2b.<BeginInvokeAction>b__1c()
   at System.Web.Mvc.Async.AsyncControllerActionInvoker.<>c__DisplayClass21.<BeginInvokeAction>b__1e(IAsyncResult asyncResult)
2018-05-31 17:17:07.8790 ERROR CEC.SAISE.EDayModule.Infrastructure.HandleAndLogErrorAttribute.OnException  AutoMapper.AutoMapperMappingException: 

Mapping types:
Voter -> String
CEC.SAISE.Domain.Voter -> System.String

Destination path:
VoterGridViewModel.Address.Address

Source value:
CEC.SAISE.Domain.Voter ---> NHibernate.Exceptions.GenericADOException: could not initialize a collection: [CEC.SAISE.Domain.Voter.AssignedVoters#95][SQL: SELECT assignedvo0_.voterId as voterId1_, assignedvo0_.AssignedVoterId as Assigned1_1_, assignedvo0_.AssignedVoterId as Assigned1_13_0_, assignedvo0_.Version as Version13_0_, assignedvo0_.category as category13_0_, assignedvo0_.status as status13_0_, assignedvo0_.comment as comment13_0_, assignedvo0_.editDate as editDate13_0_, assignedvo0_.electionId as electionId13_0_, assignedvo0_.requestingVillageId as requesti8_13_0_, assignedvo0_.villageId as villageId13_0_, assignedvo0_.ropVillageId as ropVill10_13_0_, assignedvo0_.pollingStationId as polling11_13_0_, assignedvo0_.requestingPollingStationId as request12_13_0_, assignedvo0_.voterId as voterId13_0_, assignedvo0_.editUserId as editUserId13_0_ FROM AssignedVoter assignedvo0_ WHERE assignedvo0_.voterId=?] ---> System.Data.SqlClient.SqlException: Invalid column name 'electionId'.
   at System.Data.SqlClient.SqlConnection.OnError(SqlException exception, Boolean breakConnection, Action`1 wrapCloseInAction)
   at System.Data.SqlClient.SqlInternalConnection.OnError(SqlException exception, Boolean breakConnection, Action`1 wrapCloseInAction)
   at System.Data.SqlClient.TdsParser.ThrowExceptionAndWarning(TdsParserStateObject stateObj, Boolean callerHasConnectionLock, Boolean asyncClose)
   at System.Data.SqlClient.TdsParser.TryRun(RunBehavior runBehavior, SqlCommand cmdHandler, SqlDataReader dataStream, BulkCopySimpleResultSet bulkCopyHandler, TdsParserStateObject stateObj, Boolean& dataReady)
   at System.Data.SqlClient.SqlDataReader.TryConsumeMetaData()
   at System.Data.SqlClient.SqlDataReader.get_MetaData()
   at System.Data.SqlClient.SqlCommand.FinishExecuteReader(SqlDataReader ds, RunBehavior runBehavior, String resetOptionsString, Boolean isInternal, Boolean forDescribeParameterEncryption, Boolean shouldCacheForAlwaysEncrypted)
   at System.Data.SqlClient.SqlCommand.RunExecuteReaderTds(CommandBehavior cmdBehavior, RunBehavior runBehavior, Boolean returnStream, Boolean async, Int32 timeout, Task& task, Boolean asyncWrite, Boolean inRetry, SqlDataReader ds, Boolean describeParameterEncryptionRequest)
   at System.Data.SqlClient.SqlCommand.RunExecuteReader(CommandBehavior cmdBehavior, RunBehavior runBehavior, Boolean returnStream, String method, TaskCompletionSource`1 completion, Int32 timeout, Task& task, Boolean& usedCache, Boolean asyncWrite, Boolean inRetry)
   at System.Data.SqlClient.SqlCommand.RunExecuteReader(CommandBehavior cmdBehavior, RunBehavior runBehavior, Boolean returnStream, String method)
   at System.Data.SqlClient.SqlCommand.ExecuteReader(CommandBehavior behavior, String method)
   at System.Data.SqlClient.SqlCommand.ExecuteDbDataReader(CommandBehavior behavior)
   at System.Data.Common.DbCommand.System.Data.IDbCommand.ExecuteReader()
   at NHibernate.AdoNet.AbstractBatcher.ExecuteReader(IDbCommand cmd)
   at NHibernate.Loader.Loader.GetResultSet(IDbCommand st, Boolean autoDiscoverTypes, Boolean callable, RowSelection selection, ISessionImplementor session)
   at NHibernate.Loader.Loader.DoQuery(ISessionImplementor session, QueryParameters queryParameters, Boolean returnProxies)
   at NHibernate.Loader.Loader.DoQueryAndInitializeNonLazyCollections(ISessionImplementor session, QueryParameters queryParameters, Boolean returnProxies)
   at NHibernate.Loader.Loader.LoadCollection(ISessionImplementor session, Object id, IType type)
   --- End of inner exception stack trace ---
   at NHibernate.Loader.Loader.LoadCollection(ISessionImplementor session, Object id, IType type)
   at NHibernate.Loader.Collection.CollectionLoader.Initialize(Object id, ISessionImplementor session)
   at NHibernate.Persister.Collection.AbstractCollectionPersister.Initialize(Object key, ISessionImplementor session)
   at NHibernate.Event.Default.DefaultInitializeCollectionEventListener.OnInitializeCollection(InitializeCollectionEvent event)
   at NHibernate.Impl.SessionImpl.InitializeCollection(IPersistentCollection collection, Boolean writing)
   at NHibernate.Collection.AbstractPersistentCollection.Initialize(Boolean writing)
   at NHibernate.Collection.AbstractPersistentCollection.Read()
   at NHibernate.Collection.Generic.PersistentGenericBag`1.System.Collections.Generic.IEnumerable<T>.GetEnumerator()
   at System.Collections.ObjectModel.ReadOnlyCollection`1.GetEnumerator()
   at System.Linq.Enumerable.WhereSelectEnumerableIterator`2.MoveNext()
   at System.Linq.Enumerable.FirstOrDefault[TSource](IEnumerable`1 source)
   at lambda_method(Closure , Voter )
   at AutoMapper.DelegateBasedResolver`2.Resolve(ResolutionResult source)
   at AutoMapper.NullReferenceExceptionSwallowingResolver.Resolve(ResolutionResult source)
   at AutoMapper.PropertyMap.<ResolveValue>b__6(ResolutionResult current, IValueResolver resolver)
   at System.Linq.Enumerable.Aggregate[TSource,TAccumulate](IEnumerable`1 source, TAccumulate seed, Func`3 func)
   at AutoMapper.PropertyMap.ResolveValue(ResolutionContext context)
   at AutoMapper.Mappers.TypeMapObjectMapperRegistry.PropertyMapMappingStrategy.MapPropertyValue(ResolutionContext context, IMappingEngineRunner mapper, Object mappedObject, PropertyMap propertyMap)
   --- End of inner exception stack trace ---
   at AutoMapper.Mappers.TypeMapObjectMapperRegistry.PropertyMapMappingStrategy.MapPropertyValue(ResolutionContext context, IMappingEngineRunner mapper, Object mappedObject, PropertyMap propertyMap)
   at AutoMapper.Mappers.TypeMapObjectMapperRegistry.PropertyMapMappingStrategy.Map(ResolutionContext context, IMappingEngineRunner mapper)
   at AutoMapper.Mappers.TypeMapMapper.Map(ResolutionContext context, IMappingEngineRunner mapper)
   at AutoMapper.MappingEngine.AutoMapper.IMappingEngineRunner.Map(ResolutionContext context)
   at AutoMapper.MappingEngine.MapCore(Object source, Type sourceType, Type destinationType, MappingOperationOptions options)
   at AutoMapper.MappingEngine.Map(Object source, Type sourceType, Type destinationType, Action`1 opts)
   at AutoMapper.MappingEngine.Map[TSource,TDestination](TSource source)
   at AutoMapper.Mapper.Map[TSource,TDestination](TSource source)
   at CEC.SAISE.EDayModule.Infrastructure.Grids.JqGridExtensions.<>c__DisplayClass8_0`2.<ToJqGridJsonResult>b__0(T x) in D:\work\CEC\CEC.SRV\src\CEC.SAISE.EDayModule\Infrastructure\Grids\HtmlGridExtensions.cs:line 219
   at System.Linq.Enumerable.WhereSelectListIterator`2.MoveNext()
   at System.Collections.Generic.List`1.InsertRange(Int32 index, IEnumerable`1 collection)
   at System.Collections.Generic.List`1.AddRange(IEnumerable`1 collection)
   at CEC.SAISE.EDayModule.Infrastructure.Grids.JqGridExtensions.ToJqGridJsonResult[T,TModel](PageResponse`1 pageResponse, Func`2 convertMethod) in D:\work\CEC\CEC.SRV\src\CEC.SAISE.EDayModule\Infrastructure\Grids\HtmlGridExtensions.cs:line 223
   at CEC.SAISE.EDayModule.Infrastructure.Grids.JqGridExtensions.ToJqGridJsonResult[T,TModel](PageResponse`1 pageResponse) in D:\work\CEC\CEC.SRV\src\CEC.SAISE.EDayModule\Infrastructure\Grids\HtmlGridExtensions.cs:line 203
   at CEC.SAISE.EDayModule.Controllers.VoterCertificatController.SearchVoterAsync(JqGridRequest request, String idnp) in D:\work\CEC\CEC.SRV\src\CEC.SAISE.EDayModule\Controllers\VoterCertificatController.cs:line 78
   at lambda_method(Closure , ControllerBase , Object[] )
   at System.Web.Mvc.ActionMethodDispatcher.Execute(ControllerBase controller, Object[] parameters)
   at System.Web.Mvc.ReflectedActionDescriptor.Execute(ControllerContext controllerContext, IDictionary`2 parameters)
   at System.Web.Mvc.ControllerActionInvoker.InvokeActionMethod(ControllerContext controllerContext, ActionDescriptor actionDescriptor, IDictionary`2 parameters)
   at System.Web.Mvc.Async.AsyncControllerActionInvoker.<BeginInvokeSynchronousActionMethod>b__39(IAsyncResult asyncResult, ActionInvocation innerInvokeState)
   at System.Web.Mvc.Async.AsyncResultWrapper.WrappedAsyncResult`2.CallEndDelegate(IAsyncResult asyncResult)
   at System.Web.Mvc.Async.AsyncResultWrapper.WrappedAsyncResultBase`1.End()
   at System.Web.Mvc.Async.AsyncControllerActionInvoker.EndInvokeActionMethod(IAsyncResult asyncResult)
   at System.Web.Mvc.Async.AsyncControllerActionInvoker.AsyncInvocationWithFilters.<InvokeActionMethodFilterAsynchronouslyRecursive>b__3d()
   at System.Web.Mvc.Async.AsyncControllerActionInvoker.AsyncInvocationWithFilters.<>c__DisplayClass46.<InvokeActionMethodFilterAsynchronouslyRecursive>b__3f()
   at System.Web.Mvc.Async.AsyncControllerActionInvoker.AsyncInvocationWithFilters.<>c__DisplayClass46.<InvokeActionMethodFilterAsynchronouslyRecursive>b__3f()
   at System.Web.Mvc.Async.AsyncControllerActionInvoker.<>c__DisplayClass33.<BeginInvokeActionMethodWithFilters>b__32(IAsyncResult asyncResult)
   at System.Web.Mvc.Async.AsyncResultWrapper.WrappedAsyncResult`1.CallEndDelegate(IAsyncResult asyncResult)
   at System.Web.Mvc.Async.AsyncResultWrapper.WrappedAsyncResultBase`1.End()
   at System.Web.Mvc.Async.AsyncControllerActionInvoker.EndInvokeActionMethodWithFilters(IAsyncResult asyncResult)
   at System.Web.Mvc.Async.AsyncControllerActionInvoker.<>c__DisplayClass21.<>c__DisplayClass2b.<BeginInvokeAction>b__1c()
   at System.Web.Mvc.Async.AsyncControllerActionInvoker.<>c__DisplayClass21.<BeginInvokeAction>b__1e(IAsyncResult asyncResult)
2018-05-31 17:34:21.8225 ERROR CEC.SAISE.EDayModule.Infrastructure.HandleAndLogErrorAttribute.OnException  System.AggregateException: One or more errors occurred. ---> System.NullReferenceException: Object reference not set to an instance of an object.
   at CEC.SAISE.BLL.Impl.VotingBll.<SearchVoterAsync>d__14.MoveNext() in D:\work\CEC\CEC.SRV\src\CEC.SAISE.BLL\Impl\VotingBll.cs:line 279
   --- End of inner exception stack trace ---
   at System.Threading.Tasks.Task.ThrowIfExceptional(Boolean includeTaskCanceledExceptions)
   at System.Threading.Tasks.Task`1.GetResultCore(Boolean waitCompletionNotification)
   at System.Threading.Tasks.Task`1.get_Result()
   at CEC.SAISE.EDayModule.Controllers.VoterCertificatController.CreateCertifcat(String idnp) in D:\work\CEC\CEC.SRV\src\CEC.SAISE.EDayModule\Controllers\VoterCertificatController.cs:line 92
   at lambda_method(Closure , ControllerBase , Object[] )
   at System.Web.Mvc.ActionMethodDispatcher.Execute(ControllerBase controller, Object[] parameters)
   at System.Web.Mvc.ReflectedActionDescriptor.Execute(ControllerContext controllerContext, IDictionary`2 parameters)
   at System.Web.Mvc.ControllerActionInvoker.InvokeActionMethod(ControllerContext controllerContext, ActionDescriptor actionDescriptor, IDictionary`2 parameters)
   at System.Web.Mvc.Async.AsyncControllerActionInvoker.<BeginInvokeSynchronousActionMethod>b__39(IAsyncResult asyncResult, ActionInvocation innerInvokeState)
   at System.Web.Mvc.Async.AsyncResultWrapper.WrappedAsyncResult`2.CallEndDelegate(IAsyncResult asyncResult)
   at System.Web.Mvc.Async.AsyncResultWrapper.WrappedAsyncResultBase`1.End()
   at System.Web.Mvc.Async.AsyncControllerActionInvoker.EndInvokeActionMethod(IAsyncResult asyncResult)
   at System.Web.Mvc.Async.AsyncControllerActionInvoker.AsyncInvocationWithFilters.<InvokeActionMethodFilterAsynchronouslyRecursive>b__3d()
   at System.Web.Mvc.Async.AsyncControllerActionInvoker.AsyncInvocationWithFilters.<>c__DisplayClass46.<InvokeActionMethodFilterAsynchronouslyRecursive>b__3f()
   at System.Web.Mvc.Async.AsyncControllerActionInvoker.AsyncInvocationWithFilters.<>c__DisplayClass46.<InvokeActionMethodFilterAsynchronouslyRecursive>b__3f()
   at System.Web.Mvc.Async.AsyncControllerActionInvoker.<>c__DisplayClass33.<BeginInvokeActionMethodWithFilters>b__32(IAsyncResult asyncResult)
   at System.Web.Mvc.Async.AsyncResultWrapper.WrappedAsyncResult`1.CallEndDelegate(IAsyncResult asyncResult)
   at System.Web.Mvc.Async.AsyncResultWrapper.WrappedAsyncResultBase`1.End()
   at System.Web.Mvc.Async.AsyncControllerActionInvoker.EndInvokeActionMethodWithFilters(IAsyncResult asyncResult)
   at System.Web.Mvc.Async.AsyncControllerActionInvoker.<>c__DisplayClass21.<>c__DisplayClass2b.<BeginInvokeAction>b__1c()
   at System.Web.Mvc.Async.AsyncControllerActionInvoker.<>c__DisplayClass21.<BeginInvokeAction>b__1e(IAsyncResult asyncResult)
---> (Inner Exception #0) System.NullReferenceException: Object reference not set to an instance of an object.
   at CEC.SAISE.BLL.Impl.VotingBll.<SearchVoterAsync>d__14.MoveNext() in D:\work\CEC\CEC.SRV\src\CEC.SAISE.BLL\Impl\VotingBll.cs:line 279<---

2018-05-31 17:54:56.5710 ERROR CEC.SAISE.EDayModule.Infrastructure.HandleAndLogErrorAttribute.OnException  System.AggregateException: One or more errors occurred. ---> System.NullReferenceException: Object reference not set to an instance of an object.
   at CEC.SAISE.BLL.Impl.VotingBll.<SearchVoterAsync>d__14.MoveNext() in D:\work\CEC\CEC.SRV\src\CEC.SAISE.BLL\Impl\VotingBll.cs:line 279
   --- End of inner exception stack trace ---
   at System.Threading.Tasks.Task.ThrowIfExceptional(Boolean includeTaskCanceledExceptions)
   at System.Threading.Tasks.Task`1.GetResultCore(Boolean waitCompletionNotification)
   at System.Threading.Tasks.Task`1.get_Result()
   at CEC.SAISE.EDayModule.Controllers.VoterCertificatController.CreateCertifcat(String idnp) in D:\work\CEC\CEC.SRV\src\CEC.SAISE.EDayModule\Controllers\VoterCertificatController.cs:line 92
   at lambda_method(Closure , ControllerBase , Object[] )
   at System.Web.Mvc.ActionMethodDispatcher.Execute(ControllerBase controller, Object[] parameters)
   at System.Web.Mvc.ReflectedActionDescriptor.Execute(ControllerContext controllerContext, IDictionary`2 parameters)
   at System.Web.Mvc.ControllerActionInvoker.InvokeActionMethod(ControllerContext controllerContext, ActionDescriptor actionDescriptor, IDictionary`2 parameters)
   at System.Web.Mvc.Async.AsyncControllerActionInvoker.<BeginInvokeSynchronousActionMethod>b__39(IAsyncResult asyncResult, ActionInvocation innerInvokeState)
   at System.Web.Mvc.Async.AsyncResultWrapper.WrappedAsyncResult`2.CallEndDelegate(IAsyncResult asyncResult)
   at System.Web.Mvc.Async.AsyncResultWrapper.WrappedAsyncResultBase`1.End()
   at System.Web.Mvc.Async.AsyncControllerActionInvoker.EndInvokeActionMethod(IAsyncResult asyncResult)
   at System.Web.Mvc.Async.AsyncControllerActionInvoker.AsyncInvocationWithFilters.<InvokeActionMethodFilterAsynchronouslyRecursive>b__3d()
   at System.Web.Mvc.Async.AsyncControllerActionInvoker.AsyncInvocationWithFilters.<>c__DisplayClass46.<InvokeActionMethodFilterAsynchronouslyRecursive>b__3f()
   at System.Web.Mvc.Async.AsyncControllerActionInvoker.AsyncInvocationWithFilters.<>c__DisplayClass46.<InvokeActionMethodFilterAsynchronouslyRecursive>b__3f()
   at System.Web.Mvc.Async.AsyncControllerActionInvoker.<>c__DisplayClass33.<BeginInvokeActionMethodWithFilters>b__32(IAsyncResult asyncResult)
   at System.Web.Mvc.Async.AsyncResultWrapper.WrappedAsyncResult`1.CallEndDelegate(IAsyncResult asyncResult)
   at System.Web.Mvc.Async.AsyncResultWrapper.WrappedAsyncResultBase`1.End()
   at System.Web.Mvc.Async.AsyncControllerActionInvoker.EndInvokeActionMethodWithFilters(IAsyncResult asyncResult)
   at System.Web.Mvc.Async.AsyncControllerActionInvoker.<>c__DisplayClass21.<>c__DisplayClass2b.<BeginInvokeAction>b__1c()
   at System.Web.Mvc.Async.AsyncControllerActionInvoker.<>c__DisplayClass21.<BeginInvokeAction>b__1e(IAsyncResult asyncResult)
---> (Inner Exception #0) System.NullReferenceException: Object reference not set to an instance of an object.
   at CEC.SAISE.BLL.Impl.VotingBll.<SearchVoterAsync>d__14.MoveNext() in D:\work\CEC\CEC.SRV\src\CEC.SAISE.BLL\Impl\VotingBll.cs:line 279<---

2018-05-31 17:59:26.1015 ERROR CEC.SAISE.EDayModule.Infrastructure.HandleAndLogErrorAttribute.OnException  System.AggregateException: One or more errors occurred. ---> System.NullReferenceException: Object reference not set to an instance of an object.
   at CEC.SAISE.BLL.Impl.VotingBll.<SearchVoterAsync>d__14.MoveNext() in D:\work\CEC\CEC.SRV\src\CEC.SAISE.BLL\Impl\VotingBll.cs:line 279
   --- End of inner exception stack trace ---
   at System.Threading.Tasks.Task.ThrowIfExceptional(Boolean includeTaskCanceledExceptions)
   at System.Threading.Tasks.Task`1.GetResultCore(Boolean waitCompletionNotification)
   at System.Threading.Tasks.Task`1.get_Result()
   at CEC.SAISE.EDayModule.Controllers.VoterCertificatController.CreateCertifcat(String idnp) in D:\work\CEC\CEC.SRV\src\CEC.SAISE.EDayModule\Controllers\VoterCertificatController.cs:line 92
   at lambda_method(Closure , ControllerBase , Object[] )
   at System.Web.Mvc.ActionMethodDispatcher.Execute(ControllerBase controller, Object[] parameters)
   at System.Web.Mvc.ReflectedActionDescriptor.Execute(ControllerContext controllerContext, IDictionary`2 parameters)
   at System.Web.Mvc.ControllerActionInvoker.InvokeActionMethod(ControllerContext controllerContext, ActionDescriptor actionDescriptor, IDictionary`2 parameters)
   at System.Web.Mvc.Async.AsyncControllerActionInvoker.<BeginInvokeSynchronousActionMethod>b__39(IAsyncResult asyncResult, ActionInvocation innerInvokeState)
   at System.Web.Mvc.Async.AsyncResultWrapper.WrappedAsyncResult`2.CallEndDelegate(IAsyncResult asyncResult)
   at System.Web.Mvc.Async.AsyncResultWrapper.WrappedAsyncResultBase`1.End()
   at System.Web.Mvc.Async.AsyncControllerActionInvoker.EndInvokeActionMethod(IAsyncResult asyncResult)
   at System.Web.Mvc.Async.AsyncControllerActionInvoker.AsyncInvocationWithFilters.<InvokeActionMethodFilterAsynchronouslyRecursive>b__3d()
   at System.Web.Mvc.Async.AsyncControllerActionInvoker.AsyncInvocationWithFilters.<>c__DisplayClass46.<InvokeActionMethodFilterAsynchronouslyRecursive>b__3f()
   at System.Web.Mvc.Async.AsyncControllerActionInvoker.AsyncInvocationWithFilters.<>c__DisplayClass46.<InvokeActionMethodFilterAsynchronouslyRecursive>b__3f()
   at System.Web.Mvc.Async.AsyncControllerActionInvoker.<>c__DisplayClass33.<BeginInvokeActionMethodWithFilters>b__32(IAsyncResult asyncResult)
   at System.Web.Mvc.Async.AsyncResultWrapper.WrappedAsyncResult`1.CallEndDelegate(IAsyncResult asyncResult)
   at System.Web.Mvc.Async.AsyncResultWrapper.WrappedAsyncResultBase`1.End()
   at System.Web.Mvc.Async.AsyncControllerActionInvoker.EndInvokeActionMethodWithFilters(IAsyncResult asyncResult)
   at System.Web.Mvc.Async.AsyncControllerActionInvoker.<>c__DisplayClass21.<>c__DisplayClass2b.<BeginInvokeAction>b__1c()
   at System.Web.Mvc.Async.AsyncControllerActionInvoker.<>c__DisplayClass21.<BeginInvokeAction>b__1e(IAsyncResult asyncResult)
---> (Inner Exception #0) System.NullReferenceException: Object reference not set to an instance of an object.
   at CEC.SAISE.BLL.Impl.VotingBll.<SearchVoterAsync>d__14.MoveNext() in D:\work\CEC\CEC.SRV\src\CEC.SAISE.BLL\Impl\VotingBll.cs:line 279<---

2018-05-31 18:11:19.6248 ERROR CEC.SAISE.EDayModule.Infrastructure.HandleAndLogErrorAttribute.OnException  System.AggregateException: One or more errors occurred. ---> NHibernate.Exceptions.GenericADOException: could not execute query
[ select TOP (1)  electionda0_.ElectionDayId as Election1_20_, electionda0_.Version as Version20_, electionda0_.Name as Name20_, electionda0_.Description as Descript4_20_, electionda0_.ElectionDayDate as Election5_20_, electionda0_.editDate as editDate20_, electionda0_.editUserId as editUserId20_ from ElectionDay electionda0_ ]
[SQL: select TOP (1)  electionda0_.ElectionDayId as Election1_20_, electionda0_.Version as Version20_, electionda0_.Name as Name20_, electionda0_.Description as Descript4_20_, electionda0_.ElectionDayDate as Election5_20_, electionda0_.editDate as editDate20_, electionda0_.editUserId as editUserId20_ from ElectionDay electionda0_] ---> System.Data.SqlClient.SqlException: Invalid column name 'Version'.
Invalid column name 'editDate'.
Invalid column name 'editUserId'.
   at System.Data.SqlClient.SqlConnection.OnError(SqlException exception, Boolean breakConnection, Action`1 wrapCloseInAction)
   at System.Data.SqlClient.SqlInternalConnection.OnError(SqlException exception, Boolean breakConnection, Action`1 wrapCloseInAction)
   at System.Data.SqlClient.TdsParser.ThrowExceptionAndWarning(TdsParserStateObject stateObj, Boolean callerHasConnectionLock, Boolean asyncClose)
   at System.Data.SqlClient.TdsParser.TryRun(RunBehavior runBehavior, SqlCommand cmdHandler, SqlDataReader dataStream, BulkCopySimpleResultSet bulkCopyHandler, TdsParserStateObject stateObj, Boolean& dataReady)
   at System.Data.SqlClient.SqlDataReader.TryConsumeMetaData()
   at System.Data.SqlClient.SqlDataReader.get_MetaData()
   at System.Data.SqlClient.SqlCommand.FinishExecuteReader(SqlDataReader ds, RunBehavior runBehavior, String resetOptionsString, Boolean isInternal, Boolean forDescribeParameterEncryption, Boolean shouldCacheForAlwaysEncrypted)
   at System.Data.SqlClient.SqlCommand.RunExecuteReaderTds(CommandBehavior cmdBehavior, RunBehavior runBehavior, Boolean returnStream, Boolean async, Int32 timeout, Task& task, Boolean asyncWrite, Boolean inRetry, SqlDataReader ds, Boolean describeParameterEncryptionRequest)
   at System.Data.SqlClient.SqlCommand.RunExecuteReader(CommandBehavior cmdBehavior, RunBehavior runBehavior, Boolean returnStream, String method, TaskCompletionSource`1 completion, Int32 timeout, Task& task, Boolean& usedCache, Boolean asyncWrite, Boolean inRetry)
   at System.Data.SqlClient.SqlCommand.RunExecuteReader(CommandBehavior cmdBehavior, RunBehavior runBehavior, Boolean returnStream, String method)
   at System.Data.SqlClient.SqlCommand.ExecuteReader(CommandBehavior behavior, String method)
   at System.Data.SqlClient.SqlCommand.ExecuteDbDataReader(CommandBehavior behavior)
   at System.Data.Common.DbCommand.System.Data.IDbCommand.ExecuteReader()
   at NHibernate.AdoNet.AbstractBatcher.ExecuteReader(IDbCommand cmd)
   at NHibernate.Loader.Loader.GetResultSet(IDbCommand st, Boolean autoDiscoverTypes, Boolean callable, RowSelection selection, ISessionImplementor session)
   at NHibernate.Loader.Loader.DoQuery(ISessionImplementor session, QueryParameters queryParameters, Boolean returnProxies)
   at NHibernate.Loader.Loader.DoQueryAndInitializeNonLazyCollections(ISessionImplementor session, QueryParameters queryParameters, Boolean returnProxies)
   at NHibernate.Loader.Loader.DoList(ISessionImplementor session, QueryParameters queryParameters)
   --- End of inner exception stack trace ---
   at NHibernate.Loader.Loader.DoList(ISessionImplementor session, QueryParameters queryParameters)
   at NHibernate.Loader.Loader.ListIgnoreQueryCache(ISessionImplementor session, QueryParameters queryParameters)
   at NHibernate.Loader.Loader.List(ISessionImplementor session, QueryParameters queryParameters, ISet`1 querySpaces, IType[] resultTypes)
   at NHibernate.Hql.Ast.ANTLR.Loader.QueryLoader.List(ISessionImplementor session, QueryParameters queryParameters)
   at NHibernate.Hql.Ast.ANTLR.QueryTranslatorImpl.List(ISessionImplementor session, QueryParameters queryParameters)
   at NHibernate.Engine.Query.HQLQueryPlan.PerformList(QueryParameters queryParameters, ISessionImplementor session, IList results)
   at NHibernate.Impl.SessionImpl.List(IQueryExpression queryExpression, QueryParameters queryParameters, IList results)
   at NHibernate.Impl.AbstractSessionImpl.List(IQueryExpression queryExpression, QueryParameters parameters)
   at NHibernate.Impl.ExpressionQueryImpl.List()
   at NHibernate.Linq.DefaultQueryProvider.ExecuteQuery(NhLinqExpression nhLinqExpression, IQuery query, NhLinqExpression nhQuery)
   at NHibernate.Linq.DefaultQueryProvider.Execute(Expression expression)
   at NHibernate.Linq.DefaultQueryProvider.Execute[TResult](Expression expression)
   at System.Linq.Queryable.FirstOrDefault[TSource](IQueryable`1 source)
   at CEC.SAISE.BLL.Impl.VotingBll.<SearchVoterAsync>d__14.MoveNext() in D:\work\CEC\CEC.SRV\src\CEC.SAISE.BLL\Impl\VotingBll.cs:line 255
   --- End of inner exception stack trace ---
   at System.Threading.Tasks.Task.ThrowIfExceptional(Boolean includeTaskCanceledExceptions)
   at System.Threading.Tasks.Task`1.GetResultCore(Boolean waitCompletionNotification)
   at System.Threading.Tasks.Task`1.get_Result()
   at CEC.SAISE.EDayModule.Controllers.VoterCertificatController.CreateCertifcat(String idnp) in D:\work\CEC\CEC.SRV\src\CEC.SAISE.EDayModule\Controllers\VoterCertificatController.cs:line 92
   at lambda_method(Closure , ControllerBase , Object[] )
   at System.Web.Mvc.ActionMethodDispatcher.Execute(ControllerBase controller, Object[] parameters)
   at System.Web.Mvc.ReflectedActionDescriptor.Execute(ControllerContext controllerContext, IDictionary`2 parameters)
   at System.Web.Mvc.ControllerActionInvoker.InvokeActionMethod(ControllerContext controllerContext, ActionDescriptor actionDescriptor, IDictionary`2 parameters)
   at System.Web.Mvc.Async.AsyncControllerActionInvoker.<BeginInvokeSynchronousActionMethod>b__39(IAsyncResult asyncResult, ActionInvocation innerInvokeState)
   at System.Web.Mvc.Async.AsyncResultWrapper.WrappedAsyncResult`2.CallEndDelegate(IAsyncResult asyncResult)
   at System.Web.Mvc.Async.AsyncResultWrapper.WrappedAsyncResultBase`1.End()
   at System.Web.Mvc.Async.AsyncControllerActionInvoker.EndInvokeActionMethod(IAsyncResult asyncResult)
   at System.Web.Mvc.Async.AsyncControllerActionInvoker.AsyncInvocationWithFilters.<InvokeActionMethodFilterAsynchronouslyRecursive>b__3d()
   at System.Web.Mvc.Async.AsyncControllerActionInvoker.AsyncInvocationWithFilters.<>c__DisplayClass46.<InvokeActionMethodFilterAsynchronouslyRecursive>b__3f()
   at System.Web.Mvc.Async.AsyncControllerActionInvoker.AsyncInvocationWithFilters.<>c__DisplayClass46.<InvokeActionMethodFilterAsynchronouslyRecursive>b__3f()
   at System.Web.Mvc.Async.AsyncControllerActionInvoker.<>c__DisplayClass33.<BeginInvokeActionMethodWithFilters>b__32(IAsyncResult asyncResult)
   at System.Web.Mvc.Async.AsyncResultWrapper.WrappedAsyncResult`1.CallEndDelegate(IAsyncResult asyncResult)
   at System.Web.Mvc.Async.AsyncResultWrapper.WrappedAsyncResultBase`1.End()
   at System.Web.Mvc.Async.AsyncControllerActionInvoker.EndInvokeActionMethodWithFilters(IAsyncResult asyncResult)
   at System.Web.Mvc.Async.AsyncControllerActionInvoker.<>c__DisplayClass21.<>c__DisplayClass2b.<BeginInvokeAction>b__1c()
   at System.Web.Mvc.Async.AsyncControllerActionInvoker.<>c__DisplayClass21.<BeginInvokeAction>b__1e(IAsyncResult asyncResult)
---> (Inner Exception #0) NHibernate.Exceptions.GenericADOException: could not execute query
[ select TOP (1)  electionda0_.ElectionDayId as Election1_20_, electionda0_.Version as Version20_, electionda0_.Name as Name20_, electionda0_.Description as Descript4_20_, electionda0_.ElectionDayDate as Election5_20_, electionda0_.editDate as editDate20_, electionda0_.editUserId as editUserId20_ from ElectionDay electionda0_ ]
[SQL: select TOP (1)  electionda0_.ElectionDayId as Election1_20_, electionda0_.Version as Version20_, electionda0_.Name as Name20_, electionda0_.Description as Descript4_20_, electionda0_.ElectionDayDate as Election5_20_, electionda0_.editDate as editDate20_, electionda0_.editUserId as editUserId20_ from ElectionDay electionda0_] ---> System.Data.SqlClient.SqlException: Invalid column name 'Version'.
Invalid column name 'editDate'.
Invalid column name 'editUserId'.
   at System.Data.SqlClient.SqlConnection.OnError(SqlException exception, Boolean breakConnection, Action`1 wrapCloseInAction)
   at System.Data.SqlClient.SqlInternalConnection.OnError(SqlException exception, Boolean breakConnection, Action`1 wrapCloseInAction)
   at System.Data.SqlClient.TdsParser.ThrowExceptionAndWarning(TdsParserStateObject stateObj, Boolean callerHasConnectionLock, Boolean asyncClose)
   at System.Data.SqlClient.TdsParser.TryRun(RunBehavior runBehavior, SqlCommand cmdHandler, SqlDataReader dataStream, BulkCopySimpleResultSet bulkCopyHandler, TdsParserStateObject stateObj, Boolean& dataReady)
   at System.Data.SqlClient.SqlDataReader.TryConsumeMetaData()
   at System.Data.SqlClient.SqlDataReader.get_MetaData()
   at System.Data.SqlClient.SqlCommand.FinishExecuteReader(SqlDataReader ds, RunBehavior runBehavior, String resetOptionsString, Boolean isInternal, Boolean forDescribeParameterEncryption, Boolean shouldCacheForAlwaysEncrypted)
   at System.Data.SqlClient.SqlCommand.RunExecuteReaderTds(CommandBehavior cmdBehavior, RunBehavior runBehavior, Boolean returnStream, Boolean async, Int32 timeout, Task& task, Boolean asyncWrite, Boolean inRetry, SqlDataReader ds, Boolean describeParameterEncryptionRequest)
   at System.Data.SqlClient.SqlCommand.RunExecuteReader(CommandBehavior cmdBehavior, RunBehavior runBehavior, Boolean returnStream, String method, TaskCompletionSource`1 completion, Int32 timeout, Task& task, Boolean& usedCache, Boolean asyncWrite, Boolean inRetry)
   at System.Data.SqlClient.SqlCommand.RunExecuteReader(CommandBehavior cmdBehavior, RunBehavior runBehavior, Boolean returnStream, String method)
   at System.Data.SqlClient.SqlCommand.ExecuteReader(CommandBehavior behavior, String method)
   at System.Data.SqlClient.SqlCommand.ExecuteDbDataReader(CommandBehavior behavior)
   at System.Data.Common.DbCommand.System.Data.IDbCommand.ExecuteReader()
   at NHibernate.AdoNet.AbstractBatcher.ExecuteReader(IDbCommand cmd)
   at NHibernate.Loader.Loader.GetResultSet(IDbCommand st, Boolean autoDiscoverTypes, Boolean callable, RowSelection selection, ISessionImplementor session)
   at NHibernate.Loader.Loader.DoQuery(ISessionImplementor session, QueryParameters queryParameters, Boolean returnProxies)
   at NHibernate.Loader.Loader.DoQueryAndInitializeNonLazyCollections(ISessionImplementor session, QueryParameters queryParameters, Boolean returnProxies)
   at NHibernate.Loader.Loader.DoList(ISessionImplementor session, QueryParameters queryParameters)
   --- End of inner exception stack trace ---
   at NHibernate.Loader.Loader.DoList(ISessionImplementor session, QueryParameters queryParameters)
   at NHibernate.Loader.Loader.ListIgnoreQueryCache(ISessionImplementor session, QueryParameters queryParameters)
   at NHibernate.Loader.Loader.List(ISessionImplementor session, QueryParameters queryParameters, ISet`1 querySpaces, IType[] resultTypes)
   at NHibernate.Hql.Ast.ANTLR.Loader.QueryLoader.List(ISessionImplementor session, QueryParameters queryParameters)
   at NHibernate.Hql.Ast.ANTLR.QueryTranslatorImpl.List(ISessionImplementor session, QueryParameters queryParameters)
   at NHibernate.Engine.Query.HQLQueryPlan.PerformList(QueryParameters queryParameters, ISessionImplementor session, IList results)
   at NHibernate.Impl.SessionImpl.List(IQueryExpression queryExpression, QueryParameters queryParameters, IList results)
   at NHibernate.Impl.AbstractSessionImpl.List(IQueryExpression queryExpression, QueryParameters parameters)
   at NHibernate.Impl.ExpressionQueryImpl.List()
   at NHibernate.Linq.DefaultQueryProvider.ExecuteQuery(NhLinqExpression nhLinqExpression, IQuery query, NhLinqExpression nhQuery)
   at NHibernate.Linq.DefaultQueryProvider.Execute(Expression expression)
   at NHibernate.Linq.DefaultQueryProvider.Execute[TResult](Expression expression)
   at System.Linq.Queryable.FirstOrDefault[TSource](IQueryable`1 source)
   at CEC.SAISE.BLL.Impl.VotingBll.<SearchVoterAsync>d__14.MoveNext() in D:\work\CEC\CEC.SRV\src\CEC.SAISE.BLL\Impl\VotingBll.cs:line 255<---

2018-05-31 18:12:16.6995 ERROR CEC.SAISE.EDayModule.Infrastructure.HandleAndLogErrorAttribute.OnException  System.AggregateException: One or more errors occurred. ---> NHibernate.ObjectNotFoundException: No row with the given identifier exists[CEC.SAISE.Domain.SystemUser#1]
   at NHibernate.Impl.SessionFactoryImpl.DefaultEntityNotFoundDelegate.HandleEntityNotFound(String entityName, Object id)
   at NHibernate.Proxy.AbstractLazyInitializer.CheckTargetState()
   at NHibernate.Proxy.AbstractLazyInitializer.Initialize()
   at NHibernate.Proxy.DefaultLazyInitializer.Intercept(InvocationInfo info)
   at SystemUserProxy.get_UserName()
   at CEC.SAISE.BLL.Dto.VoterAssignementData..ctor(AssignedVoter assignedVoter) in D:\work\CEC\CEC.SRV\src\CEC.SAISE.BLL\Dto\SearchResult.cs:line 154
   at CEC.SAISE.BLL.Dto.VoterData..ctor(Voter voter, AssignedVoter assignedVoter) in D:\work\CEC\CEC.SRV\src\CEC.SAISE.BLL\Dto\SearchResult.cs:line 47
   at CEC.SAISE.BLL.Impl.VotingBll.<SearchVoterAsync>d__14.MoveNext() in D:\work\CEC\CEC.SRV\src\CEC.SAISE.BLL\Impl\VotingBll.cs:line 303
   --- End of inner exception stack trace ---
   at System.Threading.Tasks.Task.ThrowIfExceptional(Boolean includeTaskCanceledExceptions)
   at System.Threading.Tasks.Task`1.GetResultCore(Boolean waitCompletionNotification)
   at System.Threading.Tasks.Task`1.get_Result()
   at CEC.SAISE.EDayModule.Controllers.VoterCertificatController.CreateCertifcat(String idnp) in D:\work\CEC\CEC.SRV\src\CEC.SAISE.EDayModule\Controllers\VoterCertificatController.cs:line 92
   at lambda_method(Closure , ControllerBase , Object[] )
   at System.Web.Mvc.ActionMethodDispatcher.Execute(ControllerBase controller, Object[] parameters)
   at System.Web.Mvc.ReflectedActionDescriptor.Execute(ControllerContext controllerContext, IDictionary`2 parameters)
   at System.Web.Mvc.ControllerActionInvoker.InvokeActionMethod(ControllerContext controllerContext, ActionDescriptor actionDescriptor, IDictionary`2 parameters)
   at System.Web.Mvc.Async.AsyncControllerActionInvoker.<BeginInvokeSynchronousActionMethod>b__39(IAsyncResult asyncResult, ActionInvocation innerInvokeState)
   at System.Web.Mvc.Async.AsyncResultWrapper.WrappedAsyncResult`2.CallEndDelegate(IAsyncResult asyncResult)
   at System.Web.Mvc.Async.AsyncResultWrapper.WrappedAsyncResultBase`1.End()
   at System.Web.Mvc.Async.AsyncControllerActionInvoker.EndInvokeActionMethod(IAsyncResult asyncResult)
   at System.Web.Mvc.Async.AsyncControllerActionInvoker.AsyncInvocationWithFilters.<InvokeActionMethodFilterAsynchronouslyRecursive>b__3d()
   at System.Web.Mvc.Async.AsyncControllerActionInvoker.AsyncInvocationWithFilters.<>c__DisplayClass46.<InvokeActionMethodFilterAsynchronouslyRecursive>b__3f()
   at System.Web.Mvc.Async.AsyncControllerActionInvoker.AsyncInvocationWithFilters.<>c__DisplayClass46.<InvokeActionMethodFilterAsynchronouslyRecursive>b__3f()
   at System.Web.Mvc.Async.AsyncControllerActionInvoker.<>c__DisplayClass33.<BeginInvokeActionMethodWithFilters>b__32(IAsyncResult asyncResult)
   at System.Web.Mvc.Async.AsyncResultWrapper.WrappedAsyncResult`1.CallEndDelegate(IAsyncResult asyncResult)
   at System.Web.Mvc.Async.AsyncResultWrapper.WrappedAsyncResultBase`1.End()
   at System.Web.Mvc.Async.AsyncControllerActionInvoker.EndInvokeActionMethodWithFilters(IAsyncResult asyncResult)
   at System.Web.Mvc.Async.AsyncControllerActionInvoker.<>c__DisplayClass21.<>c__DisplayClass2b.<BeginInvokeAction>b__1c()
   at System.Web.Mvc.Async.AsyncControllerActionInvoker.<>c__DisplayClass21.<BeginInvokeAction>b__1e(IAsyncResult asyncResult)
---> (Inner Exception #0) NHibernate.ObjectNotFoundException: No row with the given identifier exists[CEC.SAISE.Domain.SystemUser#1]
   at NHibernate.Impl.SessionFactoryImpl.DefaultEntityNotFoundDelegate.HandleEntityNotFound(String entityName, Object id)
   at NHibernate.Proxy.AbstractLazyInitializer.CheckTargetState()
   at NHibernate.Proxy.AbstractLazyInitializer.Initialize()
   at NHibernate.Proxy.DefaultLazyInitializer.Intercept(InvocationInfo info)
   at SystemUserProxy.get_UserName()
   at CEC.SAISE.BLL.Dto.VoterAssignementData..ctor(AssignedVoter assignedVoter) in D:\work\CEC\CEC.SRV\src\CEC.SAISE.BLL\Dto\SearchResult.cs:line 154
   at CEC.SAISE.BLL.Dto.VoterData..ctor(Voter voter, AssignedVoter assignedVoter) in D:\work\CEC\CEC.SRV\src\CEC.SAISE.BLL\Dto\SearchResult.cs:line 47
   at CEC.SAISE.BLL.Impl.VotingBll.<SearchVoterAsync>d__14.MoveNext() in D:\work\CEC\CEC.SRV\src\CEC.SAISE.BLL\Impl\VotingBll.cs:line 303<---

2018-05-31 18:12:47.9358 ERROR CEC.SAISE.EDayModule.Infrastructure.HandleAndLogErrorAttribute.OnException  System.AggregateException: One or more errors occurred. ---> NHibernate.ObjectNotFoundException: No row with the given identifier exists[CEC.SAISE.Domain.SystemUser#1]
   at NHibernate.Impl.SessionFactoryImpl.DefaultEntityNotFoundDelegate.HandleEntityNotFound(String entityName, Object id)
   at NHibernate.Proxy.AbstractLazyInitializer.CheckTargetState()
   at NHibernate.Proxy.AbstractLazyInitializer.Initialize()
   at NHibernate.Proxy.DefaultLazyInitializer.Intercept(InvocationInfo info)
   at SystemUserProxy.get_UserName()
   at CEC.SAISE.BLL.Dto.VoterAssignementData..ctor(AssignedVoter assignedVoter) in D:\work\CEC\CEC.SRV\src\CEC.SAISE.BLL\Dto\SearchResult.cs:line 154
   at CEC.SAISE.BLL.Dto.VoterData..ctor(Voter voter, AssignedVoter assignedVoter) in D:\work\CEC\CEC.SRV\src\CEC.SAISE.BLL\Dto\SearchResult.cs:line 47
   at CEC.SAISE.BLL.Impl.VotingBll.<SearchVoterAsync>d__14.MoveNext() in D:\work\CEC\CEC.SRV\src\CEC.SAISE.BLL\Impl\VotingBll.cs:line 303
   --- End of inner exception stack trace ---
   at System.Threading.Tasks.Task.ThrowIfExceptional(Boolean includeTaskCanceledExceptions)
   at System.Threading.Tasks.Task`1.GetResultCore(Boolean waitCompletionNotification)
   at System.Threading.Tasks.Task`1.get_Result()
   at CEC.SAISE.EDayModule.Controllers.VoterCertificatController.CreateCertifcat(String idnp) in D:\work\CEC\CEC.SRV\src\CEC.SAISE.EDayModule\Controllers\VoterCertificatController.cs:line 92
   at lambda_method(Closure , ControllerBase , Object[] )
   at System.Web.Mvc.ActionMethodDispatcher.Execute(ControllerBase controller, Object[] parameters)
   at System.Web.Mvc.ReflectedActionDescriptor.Execute(ControllerContext controllerContext, IDictionary`2 parameters)
   at System.Web.Mvc.ControllerActionInvoker.InvokeActionMethod(ControllerContext controllerContext, ActionDescriptor actionDescriptor, IDictionary`2 parameters)
   at System.Web.Mvc.Async.AsyncControllerActionInvoker.<BeginInvokeSynchronousActionMethod>b__39(IAsyncResult asyncResult, ActionInvocation innerInvokeState)
   at System.Web.Mvc.Async.AsyncResultWrapper.WrappedAsyncResult`2.CallEndDelegate(IAsyncResult asyncResult)
   at System.Web.Mvc.Async.AsyncResultWrapper.WrappedAsyncResultBase`1.End()
   at System.Web.Mvc.Async.AsyncControllerActionInvoker.EndInvokeActionMethod(IAsyncResult asyncResult)
   at System.Web.Mvc.Async.AsyncControllerActionInvoker.AsyncInvocationWithFilters.<InvokeActionMethodFilterAsynchronouslyRecursive>b__3d()
   at System.Web.Mvc.Async.AsyncControllerActionInvoker.AsyncInvocationWithFilters.<>c__DisplayClass46.<InvokeActionMethodFilterAsynchronouslyRecursive>b__3f()
   at System.Web.Mvc.Async.AsyncControllerActionInvoker.AsyncInvocationWithFilters.<>c__DisplayClass46.<InvokeActionMethodFilterAsynchronouslyRecursive>b__3f()
   at System.Web.Mvc.Async.AsyncControllerActionInvoker.<>c__DisplayClass33.<BeginInvokeActionMethodWithFilters>b__32(IAsyncResult asyncResult)
   at System.Web.Mvc.Async.AsyncResultWrapper.WrappedAsyncResult`1.CallEndDelegate(IAsyncResult asyncResult)
   at System.Web.Mvc.Async.AsyncResultWrapper.WrappedAsyncResultBase`1.End()
   at System.Web.Mvc.Async.AsyncControllerActionInvoker.EndInvokeActionMethodWithFilters(IAsyncResult asyncResult)
   at System.Web.Mvc.Async.AsyncControllerActionInvoker.<>c__DisplayClass21.<>c__DisplayClass2b.<BeginInvokeAction>b__1c()
   at System.Web.Mvc.Async.AsyncControllerActionInvoker.<>c__DisplayClass21.<BeginInvokeAction>b__1e(IAsyncResult asyncResult)
---> (Inner Exception #0) NHibernate.ObjectNotFoundException: No row with the given identifier exists[CEC.SAISE.Domain.SystemUser#1]
   at NHibernate.Impl.SessionFactoryImpl.DefaultEntityNotFoundDelegate.HandleEntityNotFound(String entityName, Object id)
   at NHibernate.Proxy.AbstractLazyInitializer.CheckTargetState()
   at NHibernate.Proxy.AbstractLazyInitializer.Initialize()
   at NHibernate.Proxy.DefaultLazyInitializer.Intercept(InvocationInfo info)
   at SystemUserProxy.get_UserName()
   at CEC.SAISE.BLL.Dto.VoterAssignementData..ctor(AssignedVoter assignedVoter) in D:\work\CEC\CEC.SRV\src\CEC.SAISE.BLL\Dto\SearchResult.cs:line 154
   at CEC.SAISE.BLL.Dto.VoterData..ctor(Voter voter, AssignedVoter assignedVoter) in D:\work\CEC\CEC.SRV\src\CEC.SAISE.BLL\Dto\SearchResult.cs:line 47
   at CEC.SAISE.BLL.Impl.VotingBll.<SearchVoterAsync>d__14.MoveNext() in D:\work\CEC\CEC.SRV\src\CEC.SAISE.BLL\Impl\VotingBll.cs:line 303<---

2018-05-31 18:13:27.0927 ERROR CEC.SAISE.EDayModule.Infrastructure.HandleAndLogErrorAttribute.OnException  System.AggregateException: One or more errors occurred. ---> NHibernate.ObjectNotFoundException: No row with the given identifier exists[CEC.SAISE.Domain.SystemUser#1]
   at NHibernate.Impl.SessionFactoryImpl.DefaultEntityNotFoundDelegate.HandleEntityNotFound(String entityName, Object id)
   at NHibernate.Proxy.AbstractLazyInitializer.CheckTargetState()
   at NHibernate.Proxy.AbstractLazyInitializer.Initialize()
   at NHibernate.Proxy.DefaultLazyInitializer.Intercept(InvocationInfo info)
   at SystemUserProxy.get_UserName()
   at CEC.SAISE.BLL.Dto.VoterAssignementData..ctor(AssignedVoter assignedVoter) in D:\work\CEC\CEC.SRV\src\CEC.SAISE.BLL\Dto\SearchResult.cs:line 154
   at CEC.SAISE.BLL.Dto.VoterData..ctor(Voter voter, AssignedVoter assignedVoter) in D:\work\CEC\CEC.SRV\src\CEC.SAISE.BLL\Dto\SearchResult.cs:line 47
   at CEC.SAISE.BLL.Impl.VotingBll.<SearchVoterAsync>d__14.MoveNext() in D:\work\CEC\CEC.SRV\src\CEC.SAISE.BLL\Impl\VotingBll.cs:line 303
   --- End of inner exception stack trace ---
   at System.Threading.Tasks.Task.ThrowIfExceptional(Boolean includeTaskCanceledExceptions)
   at System.Threading.Tasks.Task`1.GetResultCore(Boolean waitCompletionNotification)
   at System.Threading.Tasks.Task`1.get_Result()
   at CEC.SAISE.EDayModule.Controllers.VoterCertificatController.CreateCertifcat(String idnp) in D:\work\CEC\CEC.SRV\src\CEC.SAISE.EDayModule\Controllers\VoterCertificatController.cs:line 92
   at lambda_method(Closure , ControllerBase , Object[] )
   at System.Web.Mvc.ActionMethodDispatcher.Execute(ControllerBase controller, Object[] parameters)
   at System.Web.Mvc.ReflectedActionDescriptor.Execute(ControllerContext controllerContext, IDictionary`2 parameters)
   at System.Web.Mvc.ControllerActionInvoker.InvokeActionMethod(ControllerContext controllerContext, ActionDescriptor actionDescriptor, IDictionary`2 parameters)
   at System.Web.Mvc.Async.AsyncControllerActionInvoker.<BeginInvokeSynchronousActionMethod>b__39(IAsyncResult asyncResult, ActionInvocation innerInvokeState)
   at System.Web.Mvc.Async.AsyncResultWrapper.WrappedAsyncResult`2.CallEndDelegate(IAsyncResult asyncResult)
   at System.Web.Mvc.Async.AsyncResultWrapper.WrappedAsyncResultBase`1.End()
   at System.Web.Mvc.Async.AsyncControllerActionInvoker.EndInvokeActionMethod(IAsyncResult asyncResult)
   at System.Web.Mvc.Async.AsyncControllerActionInvoker.AsyncInvocationWithFilters.<InvokeActionMethodFilterAsynchronouslyRecursive>b__3d()
   at System.Web.Mvc.Async.AsyncControllerActionInvoker.AsyncInvocationWithFilters.<>c__DisplayClass46.<InvokeActionMethodFilterAsynchronouslyRecursive>b__3f()
   at System.Web.Mvc.Async.AsyncControllerActionInvoker.AsyncInvocationWithFilters.<>c__DisplayClass46.<InvokeActionMethodFilterAsynchronouslyRecursive>b__3f()
   at System.Web.Mvc.Async.AsyncControllerActionInvoker.<>c__DisplayClass33.<BeginInvokeActionMethodWithFilters>b__32(IAsyncResult asyncResult)
   at System.Web.Mvc.Async.AsyncResultWrapper.WrappedAsyncResult`1.CallEndDelegate(IAsyncResult asyncResult)
   at System.Web.Mvc.Async.AsyncResultWrapper.WrappedAsyncResultBase`1.End()
   at System.Web.Mvc.Async.AsyncControllerActionInvoker.EndInvokeActionMethodWithFilters(IAsyncResult asyncResult)
   at System.Web.Mvc.Async.AsyncControllerActionInvoker.<>c__DisplayClass21.<>c__DisplayClass2b.<BeginInvokeAction>b__1c()
   at System.Web.Mvc.Async.AsyncControllerActionInvoker.<>c__DisplayClass21.<BeginInvokeAction>b__1e(IAsyncResult asyncResult)
---> (Inner Exception #0) NHibernate.ObjectNotFoundException: No row with the given identifier exists[CEC.SAISE.Domain.SystemUser#1]
   at NHibernate.Impl.SessionFactoryImpl.DefaultEntityNotFoundDelegate.HandleEntityNotFound(String entityName, Object id)
   at NHibernate.Proxy.AbstractLazyInitializer.CheckTargetState()
   at NHibernate.Proxy.AbstractLazyInitializer.Initialize()
   at NHibernate.Proxy.DefaultLazyInitializer.Intercept(InvocationInfo info)
   at SystemUserProxy.get_UserName()
   at CEC.SAISE.BLL.Dto.VoterAssignementData..ctor(AssignedVoter assignedVoter) in D:\work\CEC\CEC.SRV\src\CEC.SAISE.BLL\Dto\SearchResult.cs:line 154
   at CEC.SAISE.BLL.Dto.VoterData..ctor(Voter voter, AssignedVoter assignedVoter) in D:\work\CEC\CEC.SRV\src\CEC.SAISE.BLL\Dto\SearchResult.cs:line 47
   at CEC.SAISE.BLL.Impl.VotingBll.<SearchVoterAsync>d__14.MoveNext() in D:\work\CEC\CEC.SRV\src\CEC.SAISE.BLL\Impl\VotingBll.cs:line 303<---

