2018-05-14 11:56:12.4221 ERROR CEC.SAISE.EDayModule.Infrastructure.HandleAndLogErrorAttribute.OnException  NHibernate.QueryException: could not resolve property: CS$<>8__locals1 of: CEC.SAISE.Domain.CandidateVillageRel
   at NHibernate.Persister.Entity.AbstractPropertyMapping.ToType(String propertyName)
   at NHibernate.Persister.Entity.AbstractEntityPersister.ToType(String propertyName)
   at NHibernate.Loader.Criteria.EntityCriteriaInfoProvider.GetType(String relativePath)
   at NHibernate.Loader.Criteria.CriteriaQueryTranslator.GetPathInfo(String path)
   at NHibernate.Loader.Criteria.CriteriaQueryTranslator.CreateCriteriaEntityNameMap()
   at NHibernate.Loader.Criteria.CriteriaQueryTranslator..ctor(ISessionFactoryImplementor factory, CriteriaImpl criteria, String rootEntityName, String rootSQLAlias)
   at NHibernate.Loader.Criteria.CriteriaLoader..ctor(IOuterJoinLoadable persister, ISessionFactoryImplementor factory, CriteriaImpl rootCriteria, String rootEntityName, IDictionary`2 enabledFilters)
   at NHibernate.Impl.SessionImpl.List(CriteriaImpl criteria, IList results)
   at NHibernate.Impl.CriteriaImpl.List(IList results)
   at NHibernate.Impl.CriteriaImpl.List[T]()
   at NHibernate.Criterion.QueryOver`1.List[U]()
   at NHibernate.Criterion.QueryOver`1.NHibernate.IQueryOver<TRoot>.List[U]()
   at CEC.SAISE.BLL.Impl.ConcurentsBll.SetFirstCandidates(DelimitationDto delimitation, IList`1 parties) in D:\work\CEC\CEC.SRV\src\CEC.SAISE.BLL\Impl\ConcurentsBll.cs:line 1099
   at CEC.SAISE.BLL.Impl.ConcurentsBll.GetAllParties(DelimitationDto delimitation) in D:\work\CEC\CEC.SRV\src\CEC.SAISE.BLL\Impl\ConcurentsBll.cs:line 73
   at CEC.SAISE.EDayModule.Controllers.PoliticalPartyController.GetAllParties(DelimitationModel delimitation) in D:\work\CEC\CEC.SRV\src\CEC.SAISE.EDayModule\Controllers\PoliticalPartyController.cs:line 57
   at lambda_method(Closure , ControllerBase , Object[] )
   at System.Web.Mvc.ActionMethodDispatcher.Execute(ControllerBase controller, Object[] parameters)
   at System.Web.Mvc.ReflectedActionDescriptor.Execute(ControllerContext controllerContext, IDictionary`2 parameters)
   at System.Web.Mvc.ControllerActionInvoker.InvokeActionMethod(ControllerContext controllerContext, ActionDescriptor actionDescriptor, IDictionary`2 parameters)
   at System.Web.Mvc.Async.AsyncControllerActionInvoker.<BeginInvokeSynchronousActionMethod>b__39(IAsyncResult asyncResult, ActionInvocation innerInvokeState)
   at System.Web.Mvc.Async.AsyncResultWrapper.WrappedAsyncResult`2.CallEndDelegate(IAsyncResult asyncResult)
   at System.Web.Mvc.Async.AsyncResultWrapper.WrappedAsyncResultBase`1.End()
   at System.Web.Mvc.Async.AsyncControllerActionInvoker.EndInvokeActionMethod(IAsyncResult asyncResult)
   at System.Web.Mvc.Async.AsyncControllerActionInvoker.AsyncInvocationWithFilters.<InvokeActionMethodFilterAsynchronouslyRecursive>b__3d()
   at System.Web.Mvc.Async.AsyncControllerActionInvoker.AsyncInvocationWithFilters.<>c__DisplayClass46.<InvokeActionMethodFilterAsynchronouslyRecursive>b__3f()
   at System.Web.Mvc.Async.AsyncControllerActionInvoker.AsyncInvocationWithFilters.<>c__DisplayClass46.<InvokeActionMethodFilterAsynchronouslyRecursive>b__3f()
   at System.Web.Mvc.Async.AsyncControllerActionInvoker.<>c__DisplayClass33.<BeginInvokeActionMethodWithFilters>b__32(IAsyncResult asyncResult)
   at System.Web.Mvc.Async.AsyncResultWrapper.WrappedAsyncResult`1.CallEndDelegate(IAsyncResult asyncResult)
   at System.Web.Mvc.Async.AsyncResultWrapper.WrappedAsyncResultBase`1.End()
   at System.Web.Mvc.Async.AsyncControllerActionInvoker.EndInvokeActionMethodWithFilters(IAsyncResult asyncResult)
   at System.Web.Mvc.Async.AsyncControllerActionInvoker.<>c__DisplayClass21.<>c__DisplayClass2b.<BeginInvokeAction>b__1c()
   at System.Web.Mvc.Async.AsyncControllerActionInvoker.<>c__DisplayClass21.<BeginInvokeAction>b__1e(IAsyncResult asyncResult)
2018-05-14 11:56:14.9492 ERROR CEC.SAISE.EDayModule.Infrastructure.HandleAndLogErrorAttribute.OnException  NHibernate.QueryException: could not resolve property: CS$<>8__locals1 of: CEC.SAISE.Domain.CandidateVillageRel
   at NHibernate.Persister.Entity.AbstractPropertyMapping.ToType(String propertyName)
   at NHibernate.Persister.Entity.AbstractEntityPersister.ToType(String propertyName)
   at NHibernate.Loader.Criteria.EntityCriteriaInfoProvider.GetType(String relativePath)
   at NHibernate.Loader.Criteria.CriteriaQueryTranslator.GetPathInfo(String path)
   at NHibernate.Loader.Criteria.CriteriaQueryTranslator.CreateCriteriaEntityNameMap()
   at NHibernate.Loader.Criteria.CriteriaQueryTranslator..ctor(ISessionFactoryImplementor factory, CriteriaImpl criteria, String rootEntityName, String rootSQLAlias)
   at NHibernate.Loader.Criteria.CriteriaLoader..ctor(IOuterJoinLoadable persister, ISessionFactoryImplementor factory, CriteriaImpl rootCriteria, String rootEntityName, IDictionary`2 enabledFilters)
   at NHibernate.Impl.SessionImpl.List(CriteriaImpl criteria, IList results)
   at NHibernate.Impl.CriteriaImpl.List(IList results)
   at NHibernate.Impl.CriteriaImpl.List[T]()
   at NHibernate.Criterion.QueryOver`1.List[U]()
   at NHibernate.Criterion.QueryOver`1.NHibernate.IQueryOver<TRoot>.List[U]()
   at CEC.SAISE.BLL.Impl.ConcurentsBll.SetFirstCandidates(DelimitationDto delimitation, IList`1 parties) in D:\work\CEC\CEC.SRV\src\CEC.SAISE.BLL\Impl\ConcurentsBll.cs:line 1099
   at CEC.SAISE.BLL.Impl.ConcurentsBll.GetAllocatedParties(DelimitationDto delimitation) in D:\work\CEC\CEC.SRV\src\CEC.SAISE.BLL\Impl\ConcurentsBll.cs:line 152
   at CEC.SAISE.EDayModule.Controllers.PoliticalPartyController.GetAllocatedParties(DelimitationModel delimitation) in D:\work\CEC\CEC.SRV\src\CEC.SAISE.EDayModule\Controllers\PoliticalPartyController.cs:line 66
   at lambda_method(Closure , ControllerBase , Object[] )
   at System.Web.Mvc.ActionMethodDispatcher.Execute(ControllerBase controller, Object[] parameters)
   at System.Web.Mvc.ReflectedActionDescriptor.Execute(ControllerContext controllerContext, IDictionary`2 parameters)
   at System.Web.Mvc.ControllerActionInvoker.InvokeActionMethod(ControllerContext controllerContext, ActionDescriptor actionDescriptor, IDictionary`2 parameters)
   at System.Web.Mvc.Async.AsyncControllerActionInvoker.<BeginInvokeSynchronousActionMethod>b__39(IAsyncResult asyncResult, ActionInvocation innerInvokeState)
   at System.Web.Mvc.Async.AsyncResultWrapper.WrappedAsyncResult`2.CallEndDelegate(IAsyncResult asyncResult)
   at System.Web.Mvc.Async.AsyncResultWrapper.WrappedAsyncResultBase`1.End()
   at System.Web.Mvc.Async.AsyncControllerActionInvoker.EndInvokeActionMethod(IAsyncResult asyncResult)
   at System.Web.Mvc.Async.AsyncControllerActionInvoker.AsyncInvocationWithFilters.<InvokeActionMethodFilterAsynchronouslyRecursive>b__3d()
   at System.Web.Mvc.Async.AsyncControllerActionInvoker.AsyncInvocationWithFilters.<>c__DisplayClass46.<InvokeActionMethodFilterAsynchronouslyRecursive>b__3f()
   at System.Web.Mvc.Async.AsyncControllerActionInvoker.AsyncInvocationWithFilters.<>c__DisplayClass46.<InvokeActionMethodFilterAsynchronouslyRecursive>b__3f()
   at System.Web.Mvc.Async.AsyncControllerActionInvoker.<>c__DisplayClass33.<BeginInvokeActionMethodWithFilters>b__32(IAsyncResult asyncResult)
   at System.Web.Mvc.Async.AsyncResultWrapper.WrappedAsyncResult`1.CallEndDelegate(IAsyncResult asyncResult)
   at System.Web.Mvc.Async.AsyncResultWrapper.WrappedAsyncResultBase`1.End()
   at System.Web.Mvc.Async.AsyncControllerActionInvoker.EndInvokeActionMethodWithFilters(IAsyncResult asyncResult)
   at System.Web.Mvc.Async.AsyncControllerActionInvoker.<>c__DisplayClass21.<>c__DisplayClass2b.<BeginInvokeAction>b__1c()
   at System.Web.Mvc.Async.AsyncControllerActionInvoker.<>c__DisplayClass21.<BeginInvokeAction>b__1e(IAsyncResult asyncResult)
2018-05-14 11:57:02.0985 ERROR CEC.SAISE.EDayModule.Infrastructure.HandleAndLogErrorAttribute.OnException  System.UnauthorizedAccessException: Attempted to perform an unauthorized operation.
   at CEC.SAISE.BLL.Impl.UserBll.<GetCurrentUserData>d__4.MoveNext() in D:\work\CEC\CEC.SRV\src\CEC.SAISE.BLL\Impl\UserBll.cs:line 43
--- End of stack trace from previous location where exception was thrown ---
   at System.Runtime.CompilerServices.TaskAwaiter.ThrowForNonSuccess(Task task)
   at System.Runtime.CompilerServices.TaskAwaiter.HandleNonSuccessAndDebuggerNotification(Task task)
   at System.Runtime.CompilerServices.TaskAwaiter`1.GetResult()
   at CEC.SAISE.EDayModule.Controllers.ElectionResultsController.<Index>d__6.MoveNext() in D:\work\CEC\CEC.SRV\src\CEC.SAISE.EDayModule\Controllers\ElectionResultsController.cs:line 45
--- End of stack trace from previous location where exception was thrown ---
   at System.Runtime.CompilerServices.TaskAwaiter.ThrowForNonSuccess(Task task)
   at System.Runtime.CompilerServices.TaskAwaiter.HandleNonSuccessAndDebuggerNotification(Task task)
   at System.Web.Mvc.Async.TaskAsyncActionDescriptor.EndExecute(IAsyncResult asyncResult)
   at System.Web.Mvc.Async.AsyncControllerActionInvoker.<>c__DisplayClass37.<BeginInvokeAsynchronousActionMethod>b__36(IAsyncResult asyncResult)
   at System.Web.Mvc.Async.AsyncResultWrapper.WrappedAsyncResult`1.CallEndDelegate(IAsyncResult asyncResult)
   at System.Web.Mvc.Async.AsyncResultWrapper.WrappedAsyncResultBase`1.End()
   at System.Web.Mvc.Async.AsyncControllerActionInvoker.EndInvokeActionMethod(IAsyncResult asyncResult)
   at System.Web.Mvc.Async.AsyncControllerActionInvoker.AsyncInvocationWithFilters.<InvokeActionMethodFilterAsynchronouslyRecursive>b__3d()
   at System.Web.Mvc.Async.AsyncControllerActionInvoker.AsyncInvocationWithFilters.<>c__DisplayClass46.<InvokeActionMethodFilterAsynchronouslyRecursive>b__3f()
   at System.Web.Mvc.Async.AsyncControllerActionInvoker.AsyncInvocationWithFilters.<>c__DisplayClass46.<InvokeActionMethodFilterAsynchronouslyRecursive>b__3f()
   at System.Web.Mvc.Async.AsyncControllerActionInvoker.<>c__DisplayClass33.<BeginInvokeActionMethodWithFilters>b__32(IAsyncResult asyncResult)
   at System.Web.Mvc.Async.AsyncResultWrapper.WrappedAsyncResult`1.CallEndDelegate(IAsyncResult asyncResult)
   at System.Web.Mvc.Async.AsyncResultWrapper.WrappedAsyncResultBase`1.End()
   at System.Web.Mvc.Async.AsyncControllerActionInvoker.EndInvokeActionMethodWithFilters(IAsyncResult asyncResult)
   at System.Web.Mvc.Async.AsyncControllerActionInvoker.<>c__DisplayClass21.<>c__DisplayClass2b.<BeginInvokeAction>b__1c()
   at System.Web.Mvc.Async.AsyncControllerActionInvoker.<>c__DisplayClass21.<BeginInvokeAction>b__1e(IAsyncResult asyncResult)
   at System.Web.Mvc.Async.AsyncResultWrapper.WrappedAsyncResult`1.CallEndDelegate(IAsyncResult asyncResult)
   at System.Web.Mvc.Async.AsyncResultWrapper.WrappedAsyncResultBase`1.End()
   at System.Web.Mvc.Async.AsyncControllerActionInvoker.EndInvokeAction(IAsyncResult asyncResult)
   at System.Web.Mvc.Controller.<BeginExecuteCore>b__1d(IAsyncResult asyncResult, ExecuteCoreState innerState)
   at System.Web.Mvc.Async.AsyncResultWrapper.WrappedAsyncVoid`1.CallEndDelegate(IAsyncResult asyncResult)
   at System.Web.Mvc.Async.AsyncResultWrapper.WrappedAsyncResultBase`1.End()
   at System.Web.Mvc.Controller.EndExecuteCore(IAsyncResult asyncResult)
   at System.Web.Mvc.Controller.<BeginExecute>b__15(IAsyncResult asyncResult, Controller controller)
   at System.Web.Mvc.Async.AsyncResultWrapper.WrappedAsyncVoid`1.CallEndDelegate(IAsyncResult asyncResult)
   at System.Web.Mvc.Async.AsyncResultWrapper.WrappedAsyncResultBase`1.End()
   at System.Web.Mvc.Controller.EndExecute(IAsyncResult asyncResult)
   at System.Web.Mvc.Controller.System.Web.Mvc.Async.IAsyncController.EndExecute(IAsyncResult asyncResult)
   at System.Web.Mvc.MvcHandler.<BeginProcessRequest>b__5(IAsyncResult asyncResult, ProcessRequestState innerState)
   at System.Web.Mvc.Async.AsyncResultWrapper.WrappedAsyncVoid`1.CallEndDelegate(IAsyncResult asyncResult)
   at System.Web.Mvc.Async.AsyncResultWrapper.WrappedAsyncResultBase`1.End()
   at System.Web.Mvc.MvcHandler.EndProcessRequest(IAsyncResult asyncResult)
   at System.Web.Mvc.MvcHandler.System.Web.IHttpAsyncHandler.EndProcessRequest(IAsyncResult result)
   at System.Web.HttpApplication.CallHandlerExecutionStep.System.Web.HttpApplication.IExecutionStep.Execute()
   at System.Web.HttpApplication.ExecuteStepImpl(IExecutionStep step)
   at System.Web.HttpApplication.ExecuteStep(IExecutionStep step, Boolean& completedSynchronously)
