2020-03-05 13:02:05.0761 ERROR CEC.SAISE.EDayModule.Controllers.VotingController+<UpdateVoter>d__10.MoveNext Input data: userId = 387282, updateData.AssignedVoterId = 0, updateData.AssignedVoterStatus = ReceivedBallotSupplementary, updateData.ElectionId = 5, updateData.VoterId = 13, updateData.VoterStatus = NoChange NHibernate.AssertionFailure: null id in CEC.SAISE.Domain.AssignedVoter entry (don't flush the Session after an exception occurs)
   at NHibernate.Event.Default.DefaultFlushEntityEventListener.CheckId(Object obj, IEntityPersister persister, Object id, EntityMode entityMode)
   at NHibernate.Event.Default.DefaultFlushEntityEventListener.GetValues(Object entity, EntityEntry entry, EntityMode entityMode, Boolean mightBeDirty, ISessionImplementor session)
   at NHibernate.Event.Default.DefaultFlushEntityEventListener.OnFlushEntity(FlushEntityEvent event)
   at NHibernate.Event.Default.AbstractFlushingEventListener.FlushEntities(FlushEvent event)
   at NHibernate.Event.Default.AbstractFlushingEventListener.FlushEverythingToExecutions(FlushEvent event)
   at NHibernate.Event.Default.DefaultAutoFlushEventListener.OnAutoFlush(AutoFlushEvent event)
   at NHibernate.Impl.SessionImpl.AutoFlushIfRequired(ISet`1 querySpaces)
   at NHibernate.Impl.SessionImpl.List(IQueryExpression queryExpression, QueryParameters queryParameters, IList results)
   at NHibernate.Impl.AbstractSessionImpl.List(IQueryExpression queryExpression, QueryParameters parameters)
   at NHibernate.Impl.ExpressionQueryImpl.List()
   at NHibernate.Linq.DefaultQueryProvider.ExecuteQuery(NhLinqExpression nhLinqExpression, IQuery query, NhLinqExpression nhQuery)
   at NHibernate.Linq.DefaultQueryProvider.Execute(Expression expression)
   at NHibernate.Linq.DefaultQueryProvider.Execute[TResult](Expression expression)
   at System.Linq.Queryable.FirstOrDefault[TSource](IQueryable`1 source, Expression`1 predicate)
   at lambda_method(Closure , IQueryable`1 )
   at Amdaris.NHibernateProvider.Repository.<>c__DisplayClass15_0`2.<QueryAsync>b__0()
   at Amdaris.NHibernateProvider.Repository.ExecuteAsync[T](Func`1 func)
   at Amdaris.NHibernateProvider.Repository.QueryAsync[T,TResult](Expression`1 expression)
   at Amdaris.NHibernateProvider.Repository.QueryAsync[T](Expression`1 expression)
   at CEC.SAISE.BLL.Impl.VotingBll.<ReceivedBallotSupplementaryActionAsync>d__12.MoveNext() in D:\work\CEC\CEC.SRV\src\CEC.SAISE.BLL\Impl\VotingBll.cs:line 161
--- End of stack trace from previous location where exception was thrown ---
   at System.Runtime.CompilerServices.TaskAwaiter.ThrowForNonSuccess(Task task)
   at System.Runtime.CompilerServices.TaskAwaiter.HandleNonSuccessAndDebuggerNotification(Task task)
   at System.Runtime.CompilerServices.TaskAwaiter.GetResult()
   at CEC.SAISE.BLL.Impl.VotingBll.<SaveUpdateVoterAsync>d__11.MoveNext() in D:\work\CEC\CEC.SRV\src\CEC.SAISE.BLL\Impl\VotingBll.cs:line 144
--- End of stack trace from previous location where exception was thrown ---
   at System.Runtime.CompilerServices.TaskAwaiter.ThrowForNonSuccess(Task task)
   at System.Runtime.CompilerServices.TaskAwaiter.HandleNonSuccessAndDebuggerNotification(Task task)
   at System.Runtime.CompilerServices.TaskAwaiter`1.GetResult()
   at CEC.SAISE.EDayModule.Controllers.VotingController.<UpdateVoter>d__10.MoveNext() in D:\work\CEC\CEC.SRV\src\CEC.SAISE.EDayModule\Controllers\VotingController.cs:line 264
--- End of stack trace from previous location where exception was thrown ---
   at System.Runtime.CompilerServices.TaskAwaiter.ThrowForNonSuccess(Task task)
   at System.Runtime.CompilerServices.TaskAwaiter.HandleNonSuccessAndDebuggerNotification(Task task)
   at System.Web.Mvc.Async.TaskAsyncActionDescriptor.EndExecute(IAsyncResult asyncResult)
   at System.Web.Mvc.Async.AsyncControllerActionInvoker.<>c__DisplayClass37.<BeginInvokeAsynchronousActionMethod>b__36(IAsyncResult asyncResult)
   at System.Web.Mvc.Async.AsyncResultWrapper.WrappedAsyncResult`1.CallEndDelegate(IAsyncResult asyncResult)
   at System.Web.Mvc.Async.AsyncResultWrapper.WrappedAsyncResultBase`1.End()
   at System.Web.Mvc.Async.AsyncControllerActionInvoker.EndInvokeActionMethod(IAsyncResult asyncResult)
   at System.Web.Mvc.Async.AsyncControllerActionInvoker.AsyncInvocationWithFilters.<InvokeActionMethodFilterAsynchronouslyRecursive>b__3d()
   at System.Web.Mvc.Async.AsyncControllerActionInvoker.AsyncInvocationWithFilters.<>c__DisplayClass46.<InvokeActionMethodFilterAsynchronouslyRecursive>b__3f()
   at System.Web.Mvc.Async.AsyncControllerActionInvoker.AsyncInvocationWithFilters.<>c__DisplayClass46.<InvokeActionMethodFilterAsynchronouslyRecursive>b__3f()
   at System.Web.Mvc.Async.AsyncControllerActionInvoker.<>c__DisplayClass33.<BeginInvokeActionMethodWithFilters>b__32(IAsyncResult asyncResult)
   at System.Web.Mvc.Async.AsyncResultWrapper.WrappedAsyncResult`1.CallEndDelegate(IAsyncResult asyncResult)
   at System.Web.Mvc.Async.AsyncResultWrapper.WrappedAsyncResultBase`1.End()
   at System.Web.Mvc.Async.AsyncControllerActionInvoker.EndInvokeActionMethodWithFilters(IAsyncResult asyncResult)
   at System.Web.Mvc.Async.AsyncControllerActionInvoker.<>c__DisplayClass21.<>c__DisplayClass2b.<BeginInvokeAction>b__1c()
   at System.Web.Mvc.Async.AsyncControllerActionInvoker.<>c__DisplayClass21.<BeginInvokeAction>b__1e(IAsyncResult asyncResult)
2020-03-05 13:02:05.1134 ERROR CEC.SAISE.EDayModule.Infrastructure.HandleAndLogErrorAttribute.OnException  NHibernate.AssertionFailure: null id in CEC.SAISE.Domain.AssignedVoter entry (don't flush the Session after an exception occurs)
   at NHibernate.Event.Default.DefaultFlushEntityEventListener.CheckId(Object obj, IEntityPersister persister, Object id, EntityMode entityMode)
   at NHibernate.Event.Default.DefaultFlushEntityEventListener.GetValues(Object entity, EntityEntry entry, EntityMode entityMode, Boolean mightBeDirty, ISessionImplementor session)
   at NHibernate.Event.Default.DefaultFlushEntityEventListener.OnFlushEntity(FlushEntityEvent event)
   at NHibernate.Event.Default.AbstractFlushingEventListener.FlushEntities(FlushEvent event)
   at NHibernate.Event.Default.AbstractFlushingEventListener.FlushEverythingToExecutions(FlushEvent event)
   at NHibernate.Event.Default.DefaultAutoFlushEventListener.OnAutoFlush(AutoFlushEvent event)
   at NHibernate.Impl.SessionImpl.AutoFlushIfRequired(ISet`1 querySpaces)
   at NHibernate.Impl.SessionImpl.List(IQueryExpression queryExpression, QueryParameters queryParameters, IList results)
   at NHibernate.Impl.AbstractSessionImpl.List(IQueryExpression queryExpression, QueryParameters parameters)
   at NHibernate.Impl.ExpressionQueryImpl.List()
   at NHibernate.Linq.DefaultQueryProvider.ExecuteQuery(NhLinqExpression nhLinqExpression, IQuery query, NhLinqExpression nhQuery)
   at NHibernate.Linq.DefaultQueryProvider.Execute(Expression expression)
   at NHibernate.Linq.DefaultQueryProvider.Execute[TResult](Expression expression)
   at System.Linq.Queryable.FirstOrDefault[TSource](IQueryable`1 source, Expression`1 predicate)
   at lambda_method(Closure , IQueryable`1 )
   at Amdaris.NHibernateProvider.Repository.<>c__DisplayClass15_0`2.<QueryAsync>b__0()
   at Amdaris.NHibernateProvider.Repository.ExecuteAsync[T](Func`1 func)
   at Amdaris.NHibernateProvider.Repository.QueryAsync[T,TResult](Expression`1 expression)
   at Amdaris.NHibernateProvider.Repository.QueryAsync[T](Expression`1 expression)
   at CEC.SAISE.BLL.Impl.VotingBll.<ReceivedBallotSupplementaryActionAsync>d__12.MoveNext() in D:\work\CEC\CEC.SRV\src\CEC.SAISE.BLL\Impl\VotingBll.cs:line 161
--- End of stack trace from previous location where exception was thrown ---
   at System.Runtime.CompilerServices.TaskAwaiter.ThrowForNonSuccess(Task task)
   at System.Runtime.CompilerServices.TaskAwaiter.HandleNonSuccessAndDebuggerNotification(Task task)
   at System.Runtime.CompilerServices.TaskAwaiter.GetResult()
   at CEC.SAISE.BLL.Impl.VotingBll.<SaveUpdateVoterAsync>d__11.MoveNext() in D:\work\CEC\CEC.SRV\src\CEC.SAISE.BLL\Impl\VotingBll.cs:line 144
--- End of stack trace from previous location where exception was thrown ---
   at System.Runtime.CompilerServices.TaskAwaiter.ThrowForNonSuccess(Task task)
   at System.Runtime.CompilerServices.TaskAwaiter.HandleNonSuccessAndDebuggerNotification(Task task)
   at System.Runtime.CompilerServices.TaskAwaiter`1.GetResult()
   at CEC.SAISE.EDayModule.Controllers.VotingController.<UpdateVoter>d__10.MoveNext() in D:\work\CEC\CEC.SRV\src\CEC.SAISE.EDayModule\Controllers\VotingController.cs:line 264
--- End of stack trace from previous location where exception was thrown ---
   at System.Runtime.CompilerServices.TaskAwaiter.ThrowForNonSuccess(Task task)
   at System.Runtime.CompilerServices.TaskAwaiter.HandleNonSuccessAndDebuggerNotification(Task task)
   at System.Web.Mvc.Async.TaskAsyncActionDescriptor.EndExecute(IAsyncResult asyncResult)
   at System.Web.Mvc.Async.AsyncControllerActionInvoker.<>c__DisplayClass37.<BeginInvokeAsynchronousActionMethod>b__36(IAsyncResult asyncResult)
   at System.Web.Mvc.Async.AsyncResultWrapper.WrappedAsyncResult`1.CallEndDelegate(IAsyncResult asyncResult)
   at System.Web.Mvc.Async.AsyncResultWrapper.WrappedAsyncResultBase`1.End()
   at System.Web.Mvc.Async.AsyncControllerActionInvoker.EndInvokeActionMethod(IAsyncResult asyncResult)
   at System.Web.Mvc.Async.AsyncControllerActionInvoker.AsyncInvocationWithFilters.<InvokeActionMethodFilterAsynchronouslyRecursive>b__3d()
   at System.Web.Mvc.Async.AsyncControllerActionInvoker.AsyncInvocationWithFilters.<>c__DisplayClass46.<InvokeActionMethodFilterAsynchronouslyRecursive>b__3f()
   at System.Web.Mvc.Async.AsyncControllerActionInvoker.AsyncInvocationWithFilters.<>c__DisplayClass46.<InvokeActionMethodFilterAsynchronouslyRecursive>b__3f()
   at System.Web.Mvc.Async.AsyncControllerActionInvoker.<>c__DisplayClass33.<BeginInvokeActionMethodWithFilters>b__32(IAsyncResult asyncResult)
   at System.Web.Mvc.Async.AsyncResultWrapper.WrappedAsyncResult`1.CallEndDelegate(IAsyncResult asyncResult)
   at System.Web.Mvc.Async.AsyncResultWrapper.WrappedAsyncResultBase`1.End()
   at System.Web.Mvc.Async.AsyncControllerActionInvoker.EndInvokeActionMethodWithFilters(IAsyncResult asyncResult)
   at System.Web.Mvc.Async.AsyncControllerActionInvoker.<>c__DisplayClass21.<>c__DisplayClass2b.<BeginInvokeAction>b__1c()
   at System.Web.Mvc.Async.AsyncControllerActionInvoker.<>c__DisplayClass21.<BeginInvokeAction>b__1e(IAsyncResult asyncResult)
2020-03-05 13:04:40.7545 ERROR CEC.SAISE.EDayModule.Controllers.VotingController+<UpdateVoter>d__10.MoveNext Input data: userId = 387282, updateData.AssignedVoterId = 0, updateData.AssignedVoterStatus = ReceivedBallotSupplementary, updateData.ElectionId = 5, updateData.VoterId = 13, updateData.VoterStatus = NoChange NHibernate.Exceptions.GenericADOException: could not insert: [CEC.SAISE.Domain.AssignedVoter][SQL: INSERT INTO AssignedVoter (Version, category, status, comment, electionListNr, editDate, regionId, pollingStationId, requestingPollingStationId, voterId, editUserId) VALUES (?, ?, ?, ?, ?, ?, ?, ?, ?, ?, ?); select SCOPE_IDENTITY()] ---> System.Data.SqlClient.SqlException: The INSERT statement conflicted with the FOREIGN KEY constraint "FK_AssignedVoter_Region". The conflict occurred in database "SAISE.ElectionDay20200308", table "dbo.Region", column 'RegionId'.
The statement has been terminated.
   at System.Data.SqlClient.SqlConnection.OnError(SqlException exception, Boolean breakConnection, Action`1 wrapCloseInAction)
   at System.Data.SqlClient.SqlInternalConnection.OnError(SqlException exception, Boolean breakConnection, Action`1 wrapCloseInAction)
   at System.Data.SqlClient.TdsParser.ThrowExceptionAndWarning(TdsParserStateObject stateObj, Boolean callerHasConnectionLock, Boolean asyncClose)
   at System.Data.SqlClient.TdsParser.TryRun(RunBehavior runBehavior, SqlCommand cmdHandler, SqlDataReader dataStream, BulkCopySimpleResultSet bulkCopyHandler, TdsParserStateObject stateObj, Boolean& dataReady)
   at System.Data.SqlClient.SqlDataReader.TryConsumeMetaData()
   at System.Data.SqlClient.SqlDataReader.get_MetaData()
   at System.Data.SqlClient.SqlCommand.FinishExecuteReader(SqlDataReader ds, RunBehavior runBehavior, String resetOptionsString, Boolean isInternal, Boolean forDescribeParameterEncryption, Boolean shouldCacheForAlwaysEncrypted)
   at System.Data.SqlClient.SqlCommand.RunExecuteReaderTds(CommandBehavior cmdBehavior, RunBehavior runBehavior, Boolean returnStream, Boolean async, Int32 timeout, Task& task, Boolean asyncWrite, Boolean inRetry, SqlDataReader ds, Boolean describeParameterEncryptionRequest)
   at System.Data.SqlClient.SqlCommand.RunExecuteReader(CommandBehavior cmdBehavior, RunBehavior runBehavior, Boolean returnStream, String method, TaskCompletionSource`1 completion, Int32 timeout, Task& task, Boolean& usedCache, Boolean asyncWrite, Boolean inRetry)
   at System.Data.SqlClient.SqlCommand.RunExecuteReader(CommandBehavior cmdBehavior, RunBehavior runBehavior, Boolean returnStream, String method)
   at System.Data.SqlClient.SqlCommand.ExecuteReader(CommandBehavior behavior, String method)
   at System.Data.SqlClient.SqlCommand.ExecuteDbDataReader(CommandBehavior behavior)
   at System.Data.Common.DbCommand.System.Data.IDbCommand.ExecuteReader()
   at NHibernate.AdoNet.AbstractBatcher.ExecuteReader(IDbCommand cmd)
   at NHibernate.Id.IdentityGenerator.InsertSelectDelegate.ExecuteAndExtract(IDbCommand insert, ISessionImplementor session)
   at NHibernate.Id.Insert.AbstractReturningDelegate.PerformInsert(SqlCommandInfo insertSQL, ISessionImplementor session, IBinder binder)
   --- End of inner exception stack trace ---
   at NHibernate.Id.Insert.AbstractReturningDelegate.PerformInsert(SqlCommandInfo insertSQL, ISessionImplementor session, IBinder binder)
   at NHibernate.Persister.Entity.AbstractEntityPersister.Insert(Object[] fields, Boolean[] notNull, SqlCommandInfo sql, Object obj, ISessionImplementor session)
   at NHibernate.Persister.Entity.AbstractEntityPersister.Insert(Object[] fields, Object obj, ISessionImplementor session)
   at NHibernate.Action.EntityIdentityInsertAction.Execute()
   at NHibernate.Engine.ActionQueue.Execute(IExecutable executable)
   at NHibernate.Event.Default.AbstractSaveEventListener.PerformSaveOrReplicate(Object entity, EntityKey key, IEntityPersister persister, Boolean useIdentityColumn, Object anything, IEventSource source, Boolean requiresImmediateIdAccess)
   at NHibernate.Event.Default.AbstractSaveEventListener.PerformSave(Object entity, Object id, IEntityPersister persister, Boolean useIdentityColumn, Object anything, IEventSource source, Boolean requiresImmediateIdAccess)
   at NHibernate.Event.Default.AbstractSaveEventListener.SaveWithGeneratedId(Object entity, String entityName, Object anything, IEventSource source, Boolean requiresImmediateIdAccess)
   at NHibernate.Event.Default.DefaultSaveOrUpdateEventListener.SaveWithGeneratedOrRequestedId(SaveOrUpdateEvent event)
   at NHibernate.Event.Default.DefaultSaveOrUpdateEventListener.EntityIsTransient(SaveOrUpdateEvent event)
   at NHibernate.Event.Default.DefaultSaveOrUpdateEventListener.PerformSaveOrUpdate(SaveOrUpdateEvent event)
   at Amdaris.NHibernateProvider.SaveUpdateEventListener`1.PerformSaveOrUpdate(SaveOrUpdateEvent event)
   at NHibernate.Event.Default.DefaultSaveOrUpdateEventListener.OnSaveOrUpdate(SaveOrUpdateEvent event)
   at NHibernate.Impl.SessionImpl.FireSaveOrUpdate(SaveOrUpdateEvent event)
   at NHibernate.Impl.SessionImpl.SaveOrUpdate(Object obj)
   at Amdaris.NHibernateProvider.Repository.<>c__DisplayClass9_0`1.<SaveOrUpdateAsync>b__0()
   at Amdaris.NHibernateProvider.Repository.ExecuteAsync(Action action)
   at Amdaris.NHibernateProvider.Repository.SaveOrUpdateAsync[T](T entity)
   at CEC.SAISE.BLL.Impl.VotingBll.<ReceivedBallotSupplementaryActionAsync>d__12.MoveNext() in D:\work\CEC\CEC.SRV\src\CEC.SAISE.BLL\Impl\VotingBll.cs:line 204
--- End of stack trace from previous location where exception was thrown ---
   at System.Runtime.CompilerServices.TaskAwaiter.ThrowForNonSuccess(Task task)
   at System.Runtime.CompilerServices.TaskAwaiter.HandleNonSuccessAndDebuggerNotification(Task task)
   at System.Runtime.CompilerServices.TaskAwaiter.GetResult()
   at CEC.SAISE.BLL.Impl.VotingBll.<SaveUpdateVoterAsync>d__11.MoveNext() in D:\work\CEC\CEC.SRV\src\CEC.SAISE.BLL\Impl\VotingBll.cs:line 144
--- End of stack trace from previous location where exception was thrown ---
   at System.Runtime.CompilerServices.TaskAwaiter.ThrowForNonSuccess(Task task)
   at System.Runtime.CompilerServices.TaskAwaiter.HandleNonSuccessAndDebuggerNotification(Task task)
   at System.Runtime.CompilerServices.TaskAwaiter`1.GetResult()
   at CEC.SAISE.EDayModule.Controllers.VotingController.<UpdateVoter>d__10.MoveNext() in D:\work\CEC\CEC.SRV\src\CEC.SAISE.EDayModule\Controllers\VotingController.cs:line 264
--- End of stack trace from previous location where exception was thrown ---
   at System.Runtime.CompilerServices.TaskAwaiter.ThrowForNonSuccess(Task task)
   at System.Runtime.CompilerServices.TaskAwaiter.HandleNonSuccessAndDebuggerNotification(Task task)
   at System.Web.Mvc.Async.TaskAsyncActionDescriptor.EndExecute(IAsyncResult asyncResult)
   at System.Web.Mvc.Async.AsyncControllerActionInvoker.<>c__DisplayClass37.<BeginInvokeAsynchronousActionMethod>b__36(IAsyncResult asyncResult)
   at System.Web.Mvc.Async.AsyncResultWrapper.WrappedAsyncResult`1.CallEndDelegate(IAsyncResult asyncResult)
   at System.Web.Mvc.Async.AsyncResultWrapper.WrappedAsyncResultBase`1.End()
   at System.Web.Mvc.Async.AsyncControllerActionInvoker.EndInvokeActionMethod(IAsyncResult asyncResult)
   at System.Web.Mvc.Async.AsyncControllerActionInvoker.AsyncInvocationWithFilters.<InvokeActionMethodFilterAsynchronouslyRecursive>b__3d()
   at System.Web.Mvc.Async.AsyncControllerActionInvoker.AsyncInvocationWithFilters.<>c__DisplayClass46.<InvokeActionMethodFilterAsynchronouslyRecursive>b__3f()
2020-03-05 13:04:40.8905 ERROR CEC.SAISE.EDayModule.Infrastructure.HandleAndLogErrorAttribute.OnException  NHibernate.Exceptions.GenericADOException: could not insert: [CEC.SAISE.Domain.AssignedVoter][SQL: INSERT INTO AssignedVoter (Version, category, status, comment, electionListNr, editDate, regionId, pollingStationId, requestingPollingStationId, voterId, editUserId) VALUES (?, ?, ?, ?, ?, ?, ?, ?, ?, ?, ?); select SCOPE_IDENTITY()] ---> System.Data.SqlClient.SqlException: The INSERT statement conflicted with the FOREIGN KEY constraint "FK_AssignedVoter_Region". The conflict occurred in database "SAISE.ElectionDay20200308", table "dbo.Region", column 'RegionId'.
The statement has been terminated.
   at System.Data.SqlClient.SqlConnection.OnError(SqlException exception, Boolean breakConnection, Action`1 wrapCloseInAction)
   at System.Data.SqlClient.SqlInternalConnection.OnError(SqlException exception, Boolean breakConnection, Action`1 wrapCloseInAction)
   at System.Data.SqlClient.TdsParser.ThrowExceptionAndWarning(TdsParserStateObject stateObj, Boolean callerHasConnectionLock, Boolean asyncClose)
   at System.Data.SqlClient.TdsParser.TryRun(RunBehavior runBehavior, SqlCommand cmdHandler, SqlDataReader dataStream, BulkCopySimpleResultSet bulkCopyHandler, TdsParserStateObject stateObj, Boolean& dataReady)
   at System.Data.SqlClient.SqlDataReader.TryConsumeMetaData()
   at System.Data.SqlClient.SqlDataReader.get_MetaData()
   at System.Data.SqlClient.SqlCommand.FinishExecuteReader(SqlDataReader ds, RunBehavior runBehavior, String resetOptionsString, Boolean isInternal, Boolean forDescribeParameterEncryption, Boolean shouldCacheForAlwaysEncrypted)
   at System.Data.SqlClient.SqlCommand.RunExecuteReaderTds(CommandBehavior cmdBehavior, RunBehavior runBehavior, Boolean returnStream, Boolean async, Int32 timeout, Task& task, Boolean asyncWrite, Boolean inRetry, SqlDataReader ds, Boolean describeParameterEncryptionRequest)
   at System.Data.SqlClient.SqlCommand.RunExecuteReader(CommandBehavior cmdBehavior, RunBehavior runBehavior, Boolean returnStream, String method, TaskCompletionSource`1 completion, Int32 timeout, Task& task, Boolean& usedCache, Boolean asyncWrite, Boolean inRetry)
   at System.Data.SqlClient.SqlCommand.RunExecuteReader(CommandBehavior cmdBehavior, RunBehavior runBehavior, Boolean returnStream, String method)
   at System.Data.SqlClient.SqlCommand.ExecuteReader(CommandBehavior behavior, String method)
   at System.Data.SqlClient.SqlCommand.ExecuteDbDataReader(CommandBehavior behavior)
   at System.Data.Common.DbCommand.System.Data.IDbCommand.ExecuteReader()
   at NHibernate.AdoNet.AbstractBatcher.ExecuteReader(IDbCommand cmd)
   at NHibernate.Id.IdentityGenerator.InsertSelectDelegate.ExecuteAndExtract(IDbCommand insert, ISessionImplementor session)
   at NHibernate.Id.Insert.AbstractReturningDelegate.PerformInsert(SqlCommandInfo insertSQL, ISessionImplementor session, IBinder binder)
   --- End of inner exception stack trace ---
   at NHibernate.Id.Insert.AbstractReturningDelegate.PerformInsert(SqlCommandInfo insertSQL, ISessionImplementor session, IBinder binder)
   at NHibernate.Persister.Entity.AbstractEntityPersister.Insert(Object[] fields, Boolean[] notNull, SqlCommandInfo sql, Object obj, ISessionImplementor session)
   at NHibernate.Persister.Entity.AbstractEntityPersister.Insert(Object[] fields, Object obj, ISessionImplementor session)
   at NHibernate.Action.EntityIdentityInsertAction.Execute()
   at NHibernate.Engine.ActionQueue.Execute(IExecutable executable)
   at NHibernate.Event.Default.AbstractSaveEventListener.PerformSaveOrReplicate(Object entity, EntityKey key, IEntityPersister persister, Boolean useIdentityColumn, Object anything, IEventSource source, Boolean requiresImmediateIdAccess)
   at NHibernate.Event.Default.AbstractSaveEventListener.PerformSave(Object entity, Object id, IEntityPersister persister, Boolean useIdentityColumn, Object anything, IEventSource source, Boolean requiresImmediateIdAccess)
   at NHibernate.Event.Default.AbstractSaveEventListener.SaveWithGeneratedId(Object entity, String entityName, Object anything, IEventSource source, Boolean requiresImmediateIdAccess)
   at NHibernate.Event.Default.DefaultSaveOrUpdateEventListener.SaveWithGeneratedOrRequestedId(SaveOrUpdateEvent event)
   at NHibernate.Event.Default.DefaultSaveOrUpdateEventListener.EntityIsTransient(SaveOrUpdateEvent event)
   at NHibernate.Event.Default.DefaultSaveOrUpdateEventListener.PerformSaveOrUpdate(SaveOrUpdateEvent event)
   at Amdaris.NHibernateProvider.SaveUpdateEventListener`1.PerformSaveOrUpdate(SaveOrUpdateEvent event)
   at NHibernate.Event.Default.DefaultSaveOrUpdateEventListener.OnSaveOrUpdate(SaveOrUpdateEvent event)
   at NHibernate.Impl.SessionImpl.FireSaveOrUpdate(SaveOrUpdateEvent event)
   at NHibernate.Impl.SessionImpl.SaveOrUpdate(Object obj)
   at Amdaris.NHibernateProvider.Repository.<>c__DisplayClass9_0`1.<SaveOrUpdateAsync>b__0()
   at Amdaris.NHibernateProvider.Repository.ExecuteAsync(Action action)
   at Amdaris.NHibernateProvider.Repository.SaveOrUpdateAsync[T](T entity)
   at CEC.SAISE.BLL.Impl.VotingBll.<ReceivedBallotSupplementaryActionAsync>d__12.MoveNext() in D:\work\CEC\CEC.SRV\src\CEC.SAISE.BLL\Impl\VotingBll.cs:line 204
--- End of stack trace from previous location where exception was thrown ---
   at System.Runtime.CompilerServices.TaskAwaiter.ThrowForNonSuccess(Task task)
   at System.Runtime.CompilerServices.TaskAwaiter.HandleNonSuccessAndDebuggerNotification(Task task)
   at System.Runtime.CompilerServices.TaskAwaiter.GetResult()
   at CEC.SAISE.BLL.Impl.VotingBll.<SaveUpdateVoterAsync>d__11.MoveNext() in D:\work\CEC\CEC.SRV\src\CEC.SAISE.BLL\Impl\VotingBll.cs:line 144
--- End of stack trace from previous location where exception was thrown ---
   at System.Runtime.CompilerServices.TaskAwaiter.ThrowForNonSuccess(Task task)
   at System.Runtime.CompilerServices.TaskAwaiter.HandleNonSuccessAndDebuggerNotification(Task task)
   at System.Runtime.CompilerServices.TaskAwaiter`1.GetResult()
   at CEC.SAISE.EDayModule.Controllers.VotingController.<UpdateVoter>d__10.MoveNext() in D:\work\CEC\CEC.SRV\src\CEC.SAISE.EDayModule\Controllers\VotingController.cs:line 264
--- End of stack trace from previous location where exception was thrown ---
   at System.Runtime.CompilerServices.TaskAwaiter.ThrowForNonSuccess(Task task)
   at System.Runtime.CompilerServices.TaskAwaiter.HandleNonSuccessAndDebuggerNotification(Task task)
   at System.Web.Mvc.Async.TaskAsyncActionDescriptor.EndExecute(IAsyncResult asyncResult)
   at System.Web.Mvc.Async.AsyncControllerActionInvoker.<>c__DisplayClass37.<BeginInvokeAsynchronousActionMethod>b__36(IAsyncResult asyncResult)
   at System.Web.Mvc.Async.AsyncResultWrapper.WrappedAsyncResult`1.CallEndDelegate(IAsyncResult asyncResult)
   at System.Web.Mvc.Async.AsyncResultWrapper.WrappedAsyncResultBase`1.End()
   at System.Web.Mvc.Async.AsyncControllerActionInvoker.EndInvokeActionMethod(IAsyncResult asyncResult)
   at System.Web.Mvc.Async.AsyncControllerActionInvoker.AsyncInvocationWithFilters.<InvokeActionMethodFilterAsynchronouslyRecursive>b__3d()
   at System.Web.Mvc.Async.AsyncControllerActionInvoker.AsyncInvocationWithFilters.<>c__DisplayClass46.<InvokeActionMethodFilterAsynchronouslyRecursive>b__3f()
   at System.Web.Mvc.Async.AsyncControllerActionInvoker.AsyncInvocationWithFilters.<>c__DisplayClass46.<InvokeActionMethodFilterAsynchronouslyRecursive>b__3f()
   at System.Web.Mvc.Async.AsyncControllerActionInvoker.<>c__DisplayClass33.<BeginInvokeActionMethodWithFilters>b__32(IAsyncResult asyncResult)
   at System.Web.Mvc.Async.AsyncResultWrapper.WrappedAsyncResult`1.CallEndDelegate(IAsyncResult asyncResult)
   at System.Web.Mvc.Async.AsyncResultWrapper.WrappedAsyncResultBase`1.End()
   at System.Web.Mvc.Async.AsyncControllerActionInvoker.EndInvokeActionMethodWithFilters(IAsyncResult asyncResult)
   at System.Web.Mvc.Async.AsyncControllerActionInvoker.<>c__DisplayClass21.<>c__DisplayClass2b.<BeginInvokeAction>b__1c()
   at System.Web.Mvc.Async.AsyncControllerActionInvoker.<>c__DisplayClass21.<BeginInvokeAction>b__1e(IAsyncResult asyncResult)
