2019-02-19 14:56:22.0667 ERROR CEC.SAISE.EDayModule.Infrastructure.HandleAndLogErrorAttribute.OnException  System.Reflection.TargetInvocationException: Exception has been thrown by the target of an invocation. ---> System.NullReferenceException: Object reference not set to an instance of an object.
   at lambda_method(Closure )
   --- End of inner exception stack trace ---
   at System.RuntimeMethodHandle.InvokeMethod(Object target, Object[] arguments, Signature sig, Boolean constructor)
   at System.Reflection.RuntimeMethodInfo.UnsafeInvokeInternal(Object obj, Object[] parameters, Object[] arguments)
   at System.Delegate.DynamicInvokeImpl(Object[] args)
   at NHibernate.Impl.ExpressionProcessor.EvaluatesToNull(Expression expression)
   at NHibernate.Impl.ExpressionProcessor.IsMemberExpression(Expression expression)
   at NHibernate.Impl.ExpressionProcessor.FindMemberProjection(Expression expression)
   at NHibernate.Criterion.Lambda.QueryOverProjectionBuilder`1.Select(Expression`1 expression)
   at CEC.SAISE.BLL.Impl.PollingStationStageBll.<>c__DisplayClass2_0.<GetPollingStation>b__15(QueryOverProjectionBuilder`1 list) in D:\work\CEC\CEC.SRV\src\CEC.SAISE.BLL\Impl\PollingStationStageBll.cs:line 47
   at NHibernate.Criterion.QueryOver`2.SelectList(Func`2 list)
   at NHibernate.Criterion.QueryOver`2.NHibernate.IQueryOver<TRoot,TSubType>.SelectList(Func`2 list)
   at CEC.SAISE.BLL.Impl.PollingStationStageBll.GetPollingStation(PageRequest pageRequest, Int64 electionId) in D:\work\CEC\CEC.SRV\src\CEC.SAISE.BLL\Impl\PollingStationStageBll.cs:line 38
   at CEC.SAISE.EDayModule.Controllers.PermissionManageController.ListPollingStationAjax(JqGridRequest request, Int64 electionId) in D:\work\CEC\CEC.SRV\src\CEC.SAISE.EDayModule\Controllers\PermissionManageController.cs:line 60
   at lambda_method(Closure , ControllerBase , Object[] )
   at System.Web.Mvc.ActionMethodDispatcher.Execute(ControllerBase controller, Object[] parameters)
   at System.Web.Mvc.ReflectedActionDescriptor.Execute(ControllerContext controllerContext, IDictionary`2 parameters)
   at System.Web.Mvc.ControllerActionInvoker.InvokeActionMethod(ControllerContext controllerContext, ActionDescriptor actionDescriptor, IDictionary`2 parameters)
   at System.Web.Mvc.Async.AsyncControllerActionInvoker.<BeginInvokeSynchronousActionMethod>b__39(IAsyncResult asyncResult, ActionInvocation innerInvokeState)
   at System.Web.Mvc.Async.AsyncResultWrapper.WrappedAsyncResult`2.CallEndDelegate(IAsyncResult asyncResult)
   at System.Web.Mvc.Async.AsyncResultWrapper.WrappedAsyncResultBase`1.End()
   at System.Web.Mvc.Async.AsyncControllerActionInvoker.EndInvokeActionMethod(IAsyncResult asyncResult)
   at System.Web.Mvc.Async.AsyncControllerActionInvoker.AsyncInvocationWithFilters.<InvokeActionMethodFilterAsynchronouslyRecursive>b__3d()
   at System.Web.Mvc.Async.AsyncControllerActionInvoker.AsyncInvocationWithFilters.<>c__DisplayClass46.<InvokeActionMethodFilterAsynchronouslyRecursive>b__3f()
   at System.Web.Mvc.Async.AsyncControllerActionInvoker.AsyncInvocationWithFilters.<>c__DisplayClass46.<InvokeActionMethodFilterAsynchronouslyRecursive>b__3f()
   at System.Web.Mvc.Async.AsyncControllerActionInvoker.<>c__DisplayClass33.<BeginInvokeActionMethodWithFilters>b__32(IAsyncResult asyncResult)
   at System.Web.Mvc.Async.AsyncResultWrapper.WrappedAsyncResult`1.CallEndDelegate(IAsyncResult asyncResult)
   at System.Web.Mvc.Async.AsyncResultWrapper.WrappedAsyncResultBase`1.End()
   at System.Web.Mvc.Async.AsyncControllerActionInvoker.EndInvokeActionMethodWithFilters(IAsyncResult asyncResult)
   at System.Web.Mvc.Async.AsyncControllerActionInvoker.<>c__DisplayClass21.<>c__DisplayClass2b.<BeginInvokeAction>b__1c()
   at System.Web.Mvc.Async.AsyncControllerActionInvoker.<>c__DisplayClass21.<BeginInvokeAction>b__1e(IAsyncResult asyncResult)
2019-02-19 14:56:38.4226 ERROR CEC.SAISE.EDayModule.Infrastructure.HandleAndLogErrorAttribute.OnException  System.Reflection.TargetInvocationException: Exception has been thrown by the target of an invocation. ---> System.NullReferenceException: Object reference not set to an instance of an object.
   at lambda_method(Closure )
   --- End of inner exception stack trace ---
   at System.RuntimeMethodHandle.InvokeMethod(Object target, Object[] arguments, Signature sig, Boolean constructor)
   at System.Reflection.RuntimeMethodInfo.UnsafeInvokeInternal(Object obj, Object[] parameters, Object[] arguments)
   at System.Delegate.DynamicInvokeImpl(Object[] args)
   at NHibernate.Impl.ExpressionProcessor.EvaluatesToNull(Expression expression)
   at NHibernate.Impl.ExpressionProcessor.IsMemberExpression(Expression expression)
   at NHibernate.Impl.ExpressionProcessor.FindMemberProjection(Expression expression)
   at NHibernate.Criterion.Lambda.QueryOverProjectionBuilder`1.Select(Expression`1 expression)
   at CEC.SAISE.BLL.Impl.PollingStationStageBll.<>c__DisplayClass2_0.<GetPollingStation>b__15(QueryOverProjectionBuilder`1 list) in D:\work\CEC\CEC.SRV\src\CEC.SAISE.BLL\Impl\PollingStationStageBll.cs:line 47
   at NHibernate.Criterion.QueryOver`2.SelectList(Func`2 list)
   at NHibernate.Criterion.QueryOver`2.NHibernate.IQueryOver<TRoot,TSubType>.SelectList(Func`2 list)
   at CEC.SAISE.BLL.Impl.PollingStationStageBll.GetPollingStation(PageRequest pageRequest, Int64 electionId) in D:\work\CEC\CEC.SRV\src\CEC.SAISE.BLL\Impl\PollingStationStageBll.cs:line 38
   at CEC.SAISE.EDayModule.Controllers.PermissionManageController.ListPollingStationAjax(JqGridRequest request, Int64 electionId) in D:\work\CEC\CEC.SRV\src\CEC.SAISE.EDayModule\Controllers\PermissionManageController.cs:line 60
   at lambda_method(Closure , ControllerBase , Object[] )
   at System.Web.Mvc.ActionMethodDispatcher.Execute(ControllerBase controller, Object[] parameters)
   at System.Web.Mvc.ReflectedActionDescriptor.Execute(ControllerContext controllerContext, IDictionary`2 parameters)
   at System.Web.Mvc.ControllerActionInvoker.InvokeActionMethod(ControllerContext controllerContext, ActionDescriptor actionDescriptor, IDictionary`2 parameters)
   at System.Web.Mvc.Async.AsyncControllerActionInvoker.<BeginInvokeSynchronousActionMethod>b__39(IAsyncResult asyncResult, ActionInvocation innerInvokeState)
   at System.Web.Mvc.Async.AsyncResultWrapper.WrappedAsyncResult`2.CallEndDelegate(IAsyncResult asyncResult)
   at System.Web.Mvc.Async.AsyncResultWrapper.WrappedAsyncResultBase`1.End()
   at System.Web.Mvc.Async.AsyncControllerActionInvoker.EndInvokeActionMethod(IAsyncResult asyncResult)
   at System.Web.Mvc.Async.AsyncControllerActionInvoker.AsyncInvocationWithFilters.<InvokeActionMethodFilterAsynchronouslyRecursive>b__3d()
   at System.Web.Mvc.Async.AsyncControllerActionInvoker.AsyncInvocationWithFilters.<>c__DisplayClass46.<InvokeActionMethodFilterAsynchronouslyRecursive>b__3f()
   at System.Web.Mvc.Async.AsyncControllerActionInvoker.AsyncInvocationWithFilters.<>c__DisplayClass46.<InvokeActionMethodFilterAsynchronouslyRecursive>b__3f()
   at System.Web.Mvc.Async.AsyncControllerActionInvoker.<>c__DisplayClass33.<BeginInvokeActionMethodWithFilters>b__32(IAsyncResult asyncResult)
   at System.Web.Mvc.Async.AsyncResultWrapper.WrappedAsyncResult`1.CallEndDelegate(IAsyncResult asyncResult)
   at System.Web.Mvc.Async.AsyncResultWrapper.WrappedAsyncResultBase`1.End()
   at System.Web.Mvc.Async.AsyncControllerActionInvoker.EndInvokeActionMethodWithFilters(IAsyncResult asyncResult)
   at System.Web.Mvc.Async.AsyncControllerActionInvoker.<>c__DisplayClass21.<>c__DisplayClass2b.<BeginInvokeAction>b__1c()
   at System.Web.Mvc.Async.AsyncControllerActionInvoker.<>c__DisplayClass21.<BeginInvokeAction>b__1e(IAsyncResult asyncResult)
2019-02-19 14:58:42.9209 ERROR CEC.SAISE.EDayModule.Infrastructure.HandleAndLogErrorAttribute.OnException  System.NullReferenceException: Object reference not set to an instance of an object.
   at CEC.SAISE.EDayModule.Infrastructure.Grids.JqGridExtensions.CreateResponse[T](PageResponse`1 pageResponse) in D:\work\CEC\CEC.SRV\src\CEC.SAISE.EDayModule\Infrastructure\Grids\HtmlGridExtensions.cs:line 187
   at CEC.SAISE.EDayModule.Infrastructure.Grids.JqGridExtensions.ToJqGridJsonResult[T,TModel](PageResponse`1 pageResponse, Func`2 convertMethod) in D:\work\CEC\CEC.SRV\src\CEC.SAISE.EDayModule\Infrastructure\Grids\HtmlGridExtensions.cs:line 212
   at CEC.SAISE.EDayModule.Infrastructure.Grids.JqGridExtensions.ToJqGridJsonResult[T,TModel](PageResponse`1 pageResponse) in D:\work\CEC\CEC.SRV\src\CEC.SAISE.EDayModule\Infrastructure\Grids\HtmlGridExtensions.cs:line 203
   at CEC.SAISE.EDayModule.Controllers.PermissionManageController.ListPollingStationAjax(JqGridRequest request, Int64 electionId) in D:\work\CEC\CEC.SRV\src\CEC.SAISE.EDayModule\Controllers\PermissionManageController.cs:line 62
   at lambda_method(Closure , ControllerBase , Object[] )
   at System.Web.Mvc.ActionMethodDispatcher.Execute(ControllerBase controller, Object[] parameters)
   at System.Web.Mvc.ReflectedActionDescriptor.Execute(ControllerContext controllerContext, IDictionary`2 parameters)
   at System.Web.Mvc.ControllerActionInvoker.InvokeActionMethod(ControllerContext controllerContext, ActionDescriptor actionDescriptor, IDictionary`2 parameters)
   at System.Web.Mvc.Async.AsyncControllerActionInvoker.<BeginInvokeSynchronousActionMethod>b__39(IAsyncResult asyncResult, ActionInvocation innerInvokeState)
   at System.Web.Mvc.Async.AsyncResultWrapper.WrappedAsyncResult`2.CallEndDelegate(IAsyncResult asyncResult)
   at System.Web.Mvc.Async.AsyncResultWrapper.WrappedAsyncResultBase`1.End()
   at System.Web.Mvc.Async.AsyncControllerActionInvoker.EndInvokeActionMethod(IAsyncResult asyncResult)
   at System.Web.Mvc.Async.AsyncControllerActionInvoker.AsyncInvocationWithFilters.<InvokeActionMethodFilterAsynchronouslyRecursive>b__3d()
   at System.Web.Mvc.Async.AsyncControllerActionInvoker.AsyncInvocationWithFilters.<>c__DisplayClass46.<InvokeActionMethodFilterAsynchronouslyRecursive>b__3f()
   at System.Web.Mvc.Async.AsyncControllerActionInvoker.AsyncInvocationWithFilters.<>c__DisplayClass46.<InvokeActionMethodFilterAsynchronouslyRecursive>b__3f()
   at System.Web.Mvc.Async.AsyncControllerActionInvoker.<>c__DisplayClass33.<BeginInvokeActionMethodWithFilters>b__32(IAsyncResult asyncResult)
   at System.Web.Mvc.Async.AsyncResultWrapper.WrappedAsyncResult`1.CallEndDelegate(IAsyncResult asyncResult)
   at System.Web.Mvc.Async.AsyncResultWrapper.WrappedAsyncResultBase`1.End()
   at System.Web.Mvc.Async.AsyncControllerActionInvoker.EndInvokeActionMethodWithFilters(IAsyncResult asyncResult)
   at System.Web.Mvc.Async.AsyncControllerActionInvoker.<>c__DisplayClass21.<>c__DisplayClass2b.<BeginInvokeAction>b__1c()
   at System.Web.Mvc.Async.AsyncControllerActionInvoker.<>c__DisplayClass21.<BeginInvokeAction>b__1e(IAsyncResult asyncResult)
2019-02-19 15:00:30.5364 ERROR CEC.SAISE.EDayModule.Infrastructure.HandleAndLogErrorAttribute.OnException  System.NullReferenceException: Object reference not set to an instance of an object.
   at CEC.SAISE.EDayModule.Infrastructure.Grids.JqGridExtensions.CreateResponse[T](PageResponse`1 pageResponse) in D:\work\CEC\CEC.SRV\src\CEC.SAISE.EDayModule\Infrastructure\Grids\HtmlGridExtensions.cs:line 187
   at CEC.SAISE.EDayModule.Infrastructure.Grids.JqGridExtensions.ToJqGridJsonResult[T,TModel](PageResponse`1 pageResponse, Func`2 convertMethod) in D:\work\CEC\CEC.SRV\src\CEC.SAISE.EDayModule\Infrastructure\Grids\HtmlGridExtensions.cs:line 212
   at CEC.SAISE.EDayModule.Infrastructure.Grids.JqGridExtensions.ToJqGridJsonResult[T,TModel](PageResponse`1 pageResponse) in D:\work\CEC\CEC.SRV\src\CEC.SAISE.EDayModule\Infrastructure\Grids\HtmlGridExtensions.cs:line 203
   at CEC.SAISE.EDayModule.Controllers.PermissionManageController.ListPollingStationAjax(JqGridRequest request, Int64 electionId) in D:\work\CEC\CEC.SRV\src\CEC.SAISE.EDayModule\Controllers\PermissionManageController.cs:line 62
   at lambda_method(Closure , ControllerBase , Object[] )
   at System.Web.Mvc.ActionMethodDispatcher.Execute(ControllerBase controller, Object[] parameters)
   at System.Web.Mvc.ReflectedActionDescriptor.Execute(ControllerContext controllerContext, IDictionary`2 parameters)
   at System.Web.Mvc.ControllerActionInvoker.InvokeActionMethod(ControllerContext controllerContext, ActionDescriptor actionDescriptor, IDictionary`2 parameters)
   at System.Web.Mvc.Async.AsyncControllerActionInvoker.<BeginInvokeSynchronousActionMethod>b__39(IAsyncResult asyncResult, ActionInvocation innerInvokeState)
   at System.Web.Mvc.Async.AsyncResultWrapper.WrappedAsyncResult`2.CallEndDelegate(IAsyncResult asyncResult)
   at System.Web.Mvc.Async.AsyncResultWrapper.WrappedAsyncResultBase`1.End()
   at System.Web.Mvc.Async.AsyncControllerActionInvoker.EndInvokeActionMethod(IAsyncResult asyncResult)
   at System.Web.Mvc.Async.AsyncControllerActionInvoker.AsyncInvocationWithFilters.<InvokeActionMethodFilterAsynchronouslyRecursive>b__3d()
   at System.Web.Mvc.Async.AsyncControllerActionInvoker.AsyncInvocationWithFilters.<>c__DisplayClass46.<InvokeActionMethodFilterAsynchronouslyRecursive>b__3f()
   at System.Web.Mvc.Async.AsyncControllerActionInvoker.AsyncInvocationWithFilters.<>c__DisplayClass46.<InvokeActionMethodFilterAsynchronouslyRecursive>b__3f()
   at System.Web.Mvc.Async.AsyncControllerActionInvoker.<>c__DisplayClass33.<BeginInvokeActionMethodWithFilters>b__32(IAsyncResult asyncResult)
   at System.Web.Mvc.Async.AsyncResultWrapper.WrappedAsyncResult`1.CallEndDelegate(IAsyncResult asyncResult)
   at System.Web.Mvc.Async.AsyncResultWrapper.WrappedAsyncResultBase`1.End()
   at System.Web.Mvc.Async.AsyncControllerActionInvoker.EndInvokeActionMethodWithFilters(IAsyncResult asyncResult)
   at System.Web.Mvc.Async.AsyncControllerActionInvoker.<>c__DisplayClass21.<>c__DisplayClass2b.<BeginInvokeAction>b__1c()
   at System.Web.Mvc.Async.AsyncControllerActionInvoker.<>c__DisplayClass21.<BeginInvokeAction>b__1e(IAsyncResult asyncResult)
2019-02-19 15:03:07.5006 ERROR CEC.SAISE.EDayModule.Infrastructure.HandleAndLogErrorAttribute.OnException  System.NullReferenceException: Object reference not set to an instance of an object.
   at CEC.SAISE.EDayModule.Infrastructure.Grids.JqGridExtensions.CreateResponse[T](PageResponse`1 pageResponse) in D:\work\CEC\CEC.SRV\src\CEC.SAISE.EDayModule\Infrastructure\Grids\HtmlGridExtensions.cs:line 187
   at CEC.SAISE.EDayModule.Infrastructure.Grids.JqGridExtensions.ToJqGridJsonResult[T,TModel](PageResponse`1 pageResponse, Func`2 convertMethod) in D:\work\CEC\CEC.SRV\src\CEC.SAISE.EDayModule\Infrastructure\Grids\HtmlGridExtensions.cs:line 212
   at CEC.SAISE.EDayModule.Infrastructure.Grids.JqGridExtensions.ToJqGridJsonResult[T,TModel](PageResponse`1 pageResponse) in D:\work\CEC\CEC.SRV\src\CEC.SAISE.EDayModule\Infrastructure\Grids\HtmlGridExtensions.cs:line 203
   at CEC.SAISE.EDayModule.Controllers.PermissionManageController.ListPollingStationAjax(JqGridRequest request, Int64 electionId) in D:\work\CEC\CEC.SRV\src\CEC.SAISE.EDayModule\Controllers\PermissionManageController.cs:line 62
   at lambda_method(Closure , ControllerBase , Object[] )
   at System.Web.Mvc.ActionMethodDispatcher.Execute(ControllerBase controller, Object[] parameters)
   at System.Web.Mvc.ReflectedActionDescriptor.Execute(ControllerContext controllerContext, IDictionary`2 parameters)
   at System.Web.Mvc.ControllerActionInvoker.InvokeActionMethod(ControllerContext controllerContext, ActionDescriptor actionDescriptor, IDictionary`2 parameters)
   at System.Web.Mvc.Async.AsyncControllerActionInvoker.<BeginInvokeSynchronousActionMethod>b__39(IAsyncResult asyncResult, ActionInvocation innerInvokeState)
   at System.Web.Mvc.Async.AsyncResultWrapper.WrappedAsyncResult`2.CallEndDelegate(IAsyncResult asyncResult)
   at System.Web.Mvc.Async.AsyncResultWrapper.WrappedAsyncResultBase`1.End()
   at System.Web.Mvc.Async.AsyncControllerActionInvoker.EndInvokeActionMethod(IAsyncResult asyncResult)
   at System.Web.Mvc.Async.AsyncControllerActionInvoker.AsyncInvocationWithFilters.<InvokeActionMethodFilterAsynchronouslyRecursive>b__3d()
   at System.Web.Mvc.Async.AsyncControllerActionInvoker.AsyncInvocationWithFilters.<>c__DisplayClass46.<InvokeActionMethodFilterAsynchronouslyRecursive>b__3f()
   at System.Web.Mvc.Async.AsyncControllerActionInvoker.AsyncInvocationWithFilters.<>c__DisplayClass46.<InvokeActionMethodFilterAsynchronouslyRecursive>b__3f()
   at System.Web.Mvc.Async.AsyncControllerActionInvoker.<>c__DisplayClass33.<BeginInvokeActionMethodWithFilters>b__32(IAsyncResult asyncResult)
   at System.Web.Mvc.Async.AsyncResultWrapper.WrappedAsyncResult`1.CallEndDelegate(IAsyncResult asyncResult)
   at System.Web.Mvc.Async.AsyncResultWrapper.WrappedAsyncResultBase`1.End()
   at System.Web.Mvc.Async.AsyncControllerActionInvoker.EndInvokeActionMethodWithFilters(IAsyncResult asyncResult)
   at System.Web.Mvc.Async.AsyncControllerActionInvoker.<>c__DisplayClass21.<>c__DisplayClass2b.<BeginInvokeAction>b__1c()
   at System.Web.Mvc.Async.AsyncControllerActionInvoker.<>c__DisplayClass21.<BeginInvokeAction>b__1e(IAsyncResult asyncResult)
2019-02-19 15:04:30.6363 ERROR CEC.SAISE.EDayModule.Infrastructure.HandleAndLogErrorAttribute.OnException  System.NullReferenceException: Object reference not set to an instance of an object.
   at CEC.SAISE.EDayModule.Infrastructure.Grids.JqGridExtensions.CreateResponse[T](PageResponse`1 pageResponse) in D:\work\CEC\CEC.SRV\src\CEC.SAISE.EDayModule\Infrastructure\Grids\HtmlGridExtensions.cs:line 187
   at CEC.SAISE.EDayModule.Infrastructure.Grids.JqGridExtensions.ToJqGridJsonResult[T,TModel](PageResponse`1 pageResponse, Func`2 convertMethod) in D:\work\CEC\CEC.SRV\src\CEC.SAISE.EDayModule\Infrastructure\Grids\HtmlGridExtensions.cs:line 212
   at CEC.SAISE.EDayModule.Infrastructure.Grids.JqGridExtensions.ToJqGridJsonResult[T,TModel](PageResponse`1 pageResponse) in D:\work\CEC\CEC.SRV\src\CEC.SAISE.EDayModule\Infrastructure\Grids\HtmlGridExtensions.cs:line 203
   at CEC.SAISE.EDayModule.Controllers.PermissionManageController.ListPollingStationAjax(JqGridRequest request, Int64 electionId) in D:\work\CEC\CEC.SRV\src\CEC.SAISE.EDayModule\Controllers\PermissionManageController.cs:line 62
   at lambda_method(Closure , ControllerBase , Object[] )
   at System.Web.Mvc.ActionMethodDispatcher.Execute(ControllerBase controller, Object[] parameters)
   at System.Web.Mvc.ReflectedActionDescriptor.Execute(ControllerContext controllerContext, IDictionary`2 parameters)
   at System.Web.Mvc.ControllerActionInvoker.InvokeActionMethod(ControllerContext controllerContext, ActionDescriptor actionDescriptor, IDictionary`2 parameters)
   at System.Web.Mvc.Async.AsyncControllerActionInvoker.<BeginInvokeSynchronousActionMethod>b__39(IAsyncResult asyncResult, ActionInvocation innerInvokeState)
   at System.Web.Mvc.Async.AsyncResultWrapper.WrappedAsyncResult`2.CallEndDelegate(IAsyncResult asyncResult)
   at System.Web.Mvc.Async.AsyncResultWrapper.WrappedAsyncResultBase`1.End()
   at System.Web.Mvc.Async.AsyncControllerActionInvoker.EndInvokeActionMethod(IAsyncResult asyncResult)
   at System.Web.Mvc.Async.AsyncControllerActionInvoker.AsyncInvocationWithFilters.<InvokeActionMethodFilterAsynchronouslyRecursive>b__3d()
   at System.Web.Mvc.Async.AsyncControllerActionInvoker.AsyncInvocationWithFilters.<>c__DisplayClass46.<InvokeActionMethodFilterAsynchronouslyRecursive>b__3f()
   at System.Web.Mvc.Async.AsyncControllerActionInvoker.AsyncInvocationWithFilters.<>c__DisplayClass46.<InvokeActionMethodFilterAsynchronouslyRecursive>b__3f()
   at System.Web.Mvc.Async.AsyncControllerActionInvoker.<>c__DisplayClass33.<BeginInvokeActionMethodWithFilters>b__32(IAsyncResult asyncResult)
   at System.Web.Mvc.Async.AsyncResultWrapper.WrappedAsyncResult`1.CallEndDelegate(IAsyncResult asyncResult)
   at System.Web.Mvc.Async.AsyncResultWrapper.WrappedAsyncResultBase`1.End()
   at System.Web.Mvc.Async.AsyncControllerActionInvoker.EndInvokeActionMethodWithFilters(IAsyncResult asyncResult)
   at System.Web.Mvc.Async.AsyncControllerActionInvoker.<>c__DisplayClass21.<>c__DisplayClass2b.<BeginInvokeAction>b__1c()
   at System.Web.Mvc.Async.AsyncControllerActionInvoker.<>c__DisplayClass21.<BeginInvokeAction>b__1e(IAsyncResult asyncResult)
2019-02-19 15:14:57.4519 ERROR CEC.SAISE.EDayModule.Infrastructure.HandleAndLogErrorAttribute.OnException  System.NullReferenceException: Object reference not set to an instance of an object.
   at CEC.SAISE.EDayModule.Infrastructure.Grids.JqGridExtensions.CreateResponse[T](PageResponse`1 pageResponse) in D:\work\CEC\CEC.SRV\src\CEC.SAISE.EDayModule\Infrastructure\Grids\HtmlGridExtensions.cs:line 187
   at CEC.SAISE.EDayModule.Infrastructure.Grids.JqGridExtensions.ToJqGridJsonResult[T,TModel](PageResponse`1 pageResponse, Func`2 convertMethod) in D:\work\CEC\CEC.SRV\src\CEC.SAISE.EDayModule\Infrastructure\Grids\HtmlGridExtensions.cs:line 212
   at CEC.SAISE.EDayModule.Infrastructure.Grids.JqGridExtensions.ToJqGridJsonResult[T,TModel](PageResponse`1 pageResponse) in D:\work\CEC\CEC.SRV\src\CEC.SAISE.EDayModule\Infrastructure\Grids\HtmlGridExtensions.cs:line 203
   at CEC.SAISE.EDayModule.Controllers.PermissionManageController.ListPollingStationAjax(JqGridRequest request, Int64 electionId) in D:\work\CEC\CEC.SRV\src\CEC.SAISE.EDayModule\Controllers\PermissionManageController.cs:line 62
   at lambda_method(Closure , ControllerBase , Object[] )
   at System.Web.Mvc.ActionMethodDispatcher.Execute(ControllerBase controller, Object[] parameters)
   at System.Web.Mvc.ReflectedActionDescriptor.Execute(ControllerContext controllerContext, IDictionary`2 parameters)
   at System.Web.Mvc.ControllerActionInvoker.InvokeActionMethod(ControllerContext controllerContext, ActionDescriptor actionDescriptor, IDictionary`2 parameters)
   at System.Web.Mvc.Async.AsyncControllerActionInvoker.<BeginInvokeSynchronousActionMethod>b__39(IAsyncResult asyncResult, ActionInvocation innerInvokeState)
   at System.Web.Mvc.Async.AsyncResultWrapper.WrappedAsyncResult`2.CallEndDelegate(IAsyncResult asyncResult)
   at System.Web.Mvc.Async.AsyncResultWrapper.WrappedAsyncResultBase`1.End()
   at System.Web.Mvc.Async.AsyncControllerActionInvoker.EndInvokeActionMethod(IAsyncResult asyncResult)
   at System.Web.Mvc.Async.AsyncControllerActionInvoker.AsyncInvocationWithFilters.<InvokeActionMethodFilterAsynchronouslyRecursive>b__3d()
   at System.Web.Mvc.Async.AsyncControllerActionInvoker.AsyncInvocationWithFilters.<>c__DisplayClass46.<InvokeActionMethodFilterAsynchronouslyRecursive>b__3f()
   at System.Web.Mvc.Async.AsyncControllerActionInvoker.AsyncInvocationWithFilters.<>c__DisplayClass46.<InvokeActionMethodFilterAsynchronouslyRecursive>b__3f()
   at System.Web.Mvc.Async.AsyncControllerActionInvoker.<>c__DisplayClass33.<BeginInvokeActionMethodWithFilters>b__32(IAsyncResult asyncResult)
   at System.Web.Mvc.Async.AsyncResultWrapper.WrappedAsyncResult`1.CallEndDelegate(IAsyncResult asyncResult)
   at System.Web.Mvc.Async.AsyncResultWrapper.WrappedAsyncResultBase`1.End()
   at System.Web.Mvc.Async.AsyncControllerActionInvoker.EndInvokeActionMethodWithFilters(IAsyncResult asyncResult)
   at System.Web.Mvc.Async.AsyncControllerActionInvoker.<>c__DisplayClass21.<>c__DisplayClass2b.<BeginInvokeAction>b__1c()
   at System.Web.Mvc.Async.AsyncControllerActionInvoker.<>c__DisplayClass21.<BeginInvokeAction>b__1e(IAsyncResult asyncResult)
2019-02-19 15:15:26.9003 ERROR CEC.SAISE.EDayModule.Infrastructure.HandleAndLogErrorAttribute.OnException  System.NullReferenceException: Object reference not set to an instance of an object.
   at CEC.SAISE.EDayModule.Infrastructure.Grids.JqGridExtensions.CreateResponse[T](PageResponse`1 pageResponse) in D:\work\CEC\CEC.SRV\src\CEC.SAISE.EDayModule\Infrastructure\Grids\HtmlGridExtensions.cs:line 187
   at CEC.SAISE.EDayModule.Infrastructure.Grids.JqGridExtensions.ToJqGridJsonResult[T,TModel](PageResponse`1 pageResponse, Func`2 convertMethod) in D:\work\CEC\CEC.SRV\src\CEC.SAISE.EDayModule\Infrastructure\Grids\HtmlGridExtensions.cs:line 212
   at CEC.SAISE.EDayModule.Infrastructure.Grids.JqGridExtensions.ToJqGridJsonResult[T,TModel](PageResponse`1 pageResponse) in D:\work\CEC\CEC.SRV\src\CEC.SAISE.EDayModule\Infrastructure\Grids\HtmlGridExtensions.cs:line 203
   at CEC.SAISE.EDayModule.Controllers.PermissionManageController.ListPollingStationAjax(JqGridRequest request, Int64 electionId) in D:\work\CEC\CEC.SRV\src\CEC.SAISE.EDayModule\Controllers\PermissionManageController.cs:line 62
   at lambda_method(Closure , ControllerBase , Object[] )
   at System.Web.Mvc.ActionMethodDispatcher.Execute(ControllerBase controller, Object[] parameters)
   at System.Web.Mvc.ReflectedActionDescriptor.Execute(ControllerContext controllerContext, IDictionary`2 parameters)
   at System.Web.Mvc.ControllerActionInvoker.InvokeActionMethod(ControllerContext controllerContext, ActionDescriptor actionDescriptor, IDictionary`2 parameters)
   at System.Web.Mvc.Async.AsyncControllerActionInvoker.<BeginInvokeSynchronousActionMethod>b__39(IAsyncResult asyncResult, ActionInvocation innerInvokeState)
   at System.Web.Mvc.Async.AsyncResultWrapper.WrappedAsyncResult`2.CallEndDelegate(IAsyncResult asyncResult)
   at System.Web.Mvc.Async.AsyncResultWrapper.WrappedAsyncResultBase`1.End()
   at System.Web.Mvc.Async.AsyncControllerActionInvoker.EndInvokeActionMethod(IAsyncResult asyncResult)
   at System.Web.Mvc.Async.AsyncControllerActionInvoker.AsyncInvocationWithFilters.<InvokeActionMethodFilterAsynchronouslyRecursive>b__3d()
   at System.Web.Mvc.Async.AsyncControllerActionInvoker.AsyncInvocationWithFilters.<>c__DisplayClass46.<InvokeActionMethodFilterAsynchronouslyRecursive>b__3f()
   at System.Web.Mvc.Async.AsyncControllerActionInvoker.AsyncInvocationWithFilters.<>c__DisplayClass46.<InvokeActionMethodFilterAsynchronouslyRecursive>b__3f()
   at System.Web.Mvc.Async.AsyncControllerActionInvoker.<>c__DisplayClass33.<BeginInvokeActionMethodWithFilters>b__32(IAsyncResult asyncResult)
   at System.Web.Mvc.Async.AsyncResultWrapper.WrappedAsyncResult`1.CallEndDelegate(IAsyncResult asyncResult)
   at System.Web.Mvc.Async.AsyncResultWrapper.WrappedAsyncResultBase`1.End()
   at System.Web.Mvc.Async.AsyncControllerActionInvoker.EndInvokeActionMethodWithFilters(IAsyncResult asyncResult)
   at System.Web.Mvc.Async.AsyncControllerActionInvoker.<>c__DisplayClass21.<>c__DisplayClass2b.<BeginInvokeAction>b__1c()
   at System.Web.Mvc.Async.AsyncControllerActionInvoker.<>c__DisplayClass21.<BeginInvokeAction>b__1e(IAsyncResult asyncResult)
2019-02-19 15:20:02.7407 ERROR CEC.SAISE.EDayModule.Infrastructure.HandleAndLogErrorAttribute.OnException  System.NullReferenceException: Object reference not set to an instance of an object.
   at CEC.SAISE.EDayModule.Infrastructure.Grids.JqGridExtensions.CreateResponse[T](PageResponse`1 pageResponse) in D:\work\CEC\CEC.SRV\src\CEC.SAISE.EDayModule\Infrastructure\Grids\HtmlGridExtensions.cs:line 187
   at CEC.SAISE.EDayModule.Infrastructure.Grids.JqGridExtensions.ToJqGridJsonResult[T,TModel](PageResponse`1 pageResponse, Func`2 convertMethod) in D:\work\CEC\CEC.SRV\src\CEC.SAISE.EDayModule\Infrastructure\Grids\HtmlGridExtensions.cs:line 212
   at CEC.SAISE.EDayModule.Infrastructure.Grids.JqGridExtensions.ToJqGridJsonResult[T,TModel](PageResponse`1 pageResponse) in D:\work\CEC\CEC.SRV\src\CEC.SAISE.EDayModule\Infrastructure\Grids\HtmlGridExtensions.cs:line 203
   at CEC.SAISE.EDayModule.Controllers.PermissionManageController.ListPollingStationAjax(JqGridRequest request, Int64 electionId) in D:\work\CEC\CEC.SRV\src\CEC.SAISE.EDayModule\Controllers\PermissionManageController.cs:line 62
   at lambda_method(Closure , ControllerBase , Object[] )
   at System.Web.Mvc.ActionMethodDispatcher.Execute(ControllerBase controller, Object[] parameters)
   at System.Web.Mvc.ReflectedActionDescriptor.Execute(ControllerContext controllerContext, IDictionary`2 parameters)
   at System.Web.Mvc.ControllerActionInvoker.InvokeActionMethod(ControllerContext controllerContext, ActionDescriptor actionDescriptor, IDictionary`2 parameters)
   at System.Web.Mvc.Async.AsyncControllerActionInvoker.<BeginInvokeSynchronousActionMethod>b__39(IAsyncResult asyncResult, ActionInvocation innerInvokeState)
   at System.Web.Mvc.Async.AsyncResultWrapper.WrappedAsyncResult`2.CallEndDelegate(IAsyncResult asyncResult)
   at System.Web.Mvc.Async.AsyncResultWrapper.WrappedAsyncResultBase`1.End()
   at System.Web.Mvc.Async.AsyncControllerActionInvoker.EndInvokeActionMethod(IAsyncResult asyncResult)
   at System.Web.Mvc.Async.AsyncControllerActionInvoker.AsyncInvocationWithFilters.<InvokeActionMethodFilterAsynchronouslyRecursive>b__3d()
   at System.Web.Mvc.Async.AsyncControllerActionInvoker.AsyncInvocationWithFilters.<>c__DisplayClass46.<InvokeActionMethodFilterAsynchronouslyRecursive>b__3f()
   at System.Web.Mvc.Async.AsyncControllerActionInvoker.AsyncInvocationWithFilters.<>c__DisplayClass46.<InvokeActionMethodFilterAsynchronouslyRecursive>b__3f()
   at System.Web.Mvc.Async.AsyncControllerActionInvoker.<>c__DisplayClass33.<BeginInvokeActionMethodWithFilters>b__32(IAsyncResult asyncResult)
   at System.Web.Mvc.Async.AsyncResultWrapper.WrappedAsyncResult`1.CallEndDelegate(IAsyncResult asyncResult)
   at System.Web.Mvc.Async.AsyncResultWrapper.WrappedAsyncResultBase`1.End()
   at System.Web.Mvc.Async.AsyncControllerActionInvoker.EndInvokeActionMethodWithFilters(IAsyncResult asyncResult)
   at System.Web.Mvc.Async.AsyncControllerActionInvoker.<>c__DisplayClass21.<>c__DisplayClass2b.<BeginInvokeAction>b__1c()
   at System.Web.Mvc.Async.AsyncControllerActionInvoker.<>c__DisplayClass21.<BeginInvokeAction>b__1e(IAsyncResult asyncResult)
2019-02-19 15:20:35.4006 ERROR CEC.SAISE.EDayModule.Infrastructure.HandleAndLogErrorAttribute.OnException  System.NullReferenceException: Object reference not set to an instance of an object.
   at CEC.SAISE.EDayModule.Infrastructure.Grids.JqGridExtensions.CreateResponse[T](PageResponse`1 pageResponse) in D:\work\CEC\CEC.SRV\src\CEC.SAISE.EDayModule\Infrastructure\Grids\HtmlGridExtensions.cs:line 187
   at CEC.SAISE.EDayModule.Infrastructure.Grids.JqGridExtensions.ToJqGridJsonResult[T,TModel](PageResponse`1 pageResponse, Func`2 convertMethod) in D:\work\CEC\CEC.SRV\src\CEC.SAISE.EDayModule\Infrastructure\Grids\HtmlGridExtensions.cs:line 212
   at CEC.SAISE.EDayModule.Infrastructure.Grids.JqGridExtensions.ToJqGridJsonResult[T,TModel](PageResponse`1 pageResponse) in D:\work\CEC\CEC.SRV\src\CEC.SAISE.EDayModule\Infrastructure\Grids\HtmlGridExtensions.cs:line 203
   at CEC.SAISE.EDayModule.Controllers.PermissionManageController.ListPollingStationAjax(JqGridRequest request, Int64 electionId) in D:\work\CEC\CEC.SRV\src\CEC.SAISE.EDayModule\Controllers\PermissionManageController.cs:line 62
   at lambda_method(Closure , ControllerBase , Object[] )
   at System.Web.Mvc.ActionMethodDispatcher.Execute(ControllerBase controller, Object[] parameters)
   at System.Web.Mvc.ReflectedActionDescriptor.Execute(ControllerContext controllerContext, IDictionary`2 parameters)
   at System.Web.Mvc.ControllerActionInvoker.InvokeActionMethod(ControllerContext controllerContext, ActionDescriptor actionDescriptor, IDictionary`2 parameters)
   at System.Web.Mvc.Async.AsyncControllerActionInvoker.<BeginInvokeSynchronousActionMethod>b__39(IAsyncResult asyncResult, ActionInvocation innerInvokeState)
   at System.Web.Mvc.Async.AsyncResultWrapper.WrappedAsyncResult`2.CallEndDelegate(IAsyncResult asyncResult)
   at System.Web.Mvc.Async.AsyncResultWrapper.WrappedAsyncResultBase`1.End()
   at System.Web.Mvc.Async.AsyncControllerActionInvoker.EndInvokeActionMethod(IAsyncResult asyncResult)
   at System.Web.Mvc.Async.AsyncControllerActionInvoker.AsyncInvocationWithFilters.<InvokeActionMethodFilterAsynchronouslyRecursive>b__3d()
   at System.Web.Mvc.Async.AsyncControllerActionInvoker.AsyncInvocationWithFilters.<>c__DisplayClass46.<InvokeActionMethodFilterAsynchronouslyRecursive>b__3f()
   at System.Web.Mvc.Async.AsyncControllerActionInvoker.AsyncInvocationWithFilters.<>c__DisplayClass46.<InvokeActionMethodFilterAsynchronouslyRecursive>b__3f()
   at System.Web.Mvc.Async.AsyncControllerActionInvoker.<>c__DisplayClass33.<BeginInvokeActionMethodWithFilters>b__32(IAsyncResult asyncResult)
   at System.Web.Mvc.Async.AsyncResultWrapper.WrappedAsyncResult`1.CallEndDelegate(IAsyncResult asyncResult)
   at System.Web.Mvc.Async.AsyncResultWrapper.WrappedAsyncResultBase`1.End()
   at System.Web.Mvc.Async.AsyncControllerActionInvoker.EndInvokeActionMethodWithFilters(IAsyncResult asyncResult)
   at System.Web.Mvc.Async.AsyncControllerActionInvoker.<>c__DisplayClass21.<>c__DisplayClass2b.<BeginInvokeAction>b__1c()
   at System.Web.Mvc.Async.AsyncControllerActionInvoker.<>c__DisplayClass21.<BeginInvokeAction>b__1e(IAsyncResult asyncResult)
2019-02-19 15:22:54.1911 ERROR CEC.SAISE.EDayModule.Infrastructure.HandleAndLogErrorAttribute.OnException  System.NullReferenceException: Object reference not set to an instance of an object.
   at CEC.SAISE.EDayModule.Infrastructure.Grids.JqGridExtensions.CreateResponse[T](PageResponse`1 pageResponse) in D:\work\CEC\CEC.SRV\src\CEC.SAISE.EDayModule\Infrastructure\Grids\HtmlGridExtensions.cs:line 187
   at CEC.SAISE.EDayModule.Infrastructure.Grids.JqGridExtensions.ToJqGridJsonResult[T,TModel](PageResponse`1 pageResponse, Func`2 convertMethod) in D:\work\CEC\CEC.SRV\src\CEC.SAISE.EDayModule\Infrastructure\Grids\HtmlGridExtensions.cs:line 212
   at CEC.SAISE.EDayModule.Infrastructure.Grids.JqGridExtensions.ToJqGridJsonResult[T,TModel](PageResponse`1 pageResponse) in D:\work\CEC\CEC.SRV\src\CEC.SAISE.EDayModule\Infrastructure\Grids\HtmlGridExtensions.cs:line 203
   at CEC.SAISE.EDayModule.Controllers.PermissionManageController.ListPollingStationAjax(JqGridRequest request, Int64 electionId) in D:\work\CEC\CEC.SRV\src\CEC.SAISE.EDayModule\Controllers\PermissionManageController.cs:line 62
   at lambda_method(Closure , ControllerBase , Object[] )
   at System.Web.Mvc.ActionMethodDispatcher.Execute(ControllerBase controller, Object[] parameters)
   at System.Web.Mvc.ReflectedActionDescriptor.Execute(ControllerContext controllerContext, IDictionary`2 parameters)
   at System.Web.Mvc.ControllerActionInvoker.InvokeActionMethod(ControllerContext controllerContext, ActionDescriptor actionDescriptor, IDictionary`2 parameters)
   at System.Web.Mvc.Async.AsyncControllerActionInvoker.<BeginInvokeSynchronousActionMethod>b__39(IAsyncResult asyncResult, ActionInvocation innerInvokeState)
   at System.Web.Mvc.Async.AsyncResultWrapper.WrappedAsyncResult`2.CallEndDelegate(IAsyncResult asyncResult)
   at System.Web.Mvc.Async.AsyncResultWrapper.WrappedAsyncResultBase`1.End()
   at System.Web.Mvc.Async.AsyncControllerActionInvoker.EndInvokeActionMethod(IAsyncResult asyncResult)
   at System.Web.Mvc.Async.AsyncControllerActionInvoker.AsyncInvocationWithFilters.<InvokeActionMethodFilterAsynchronouslyRecursive>b__3d()
   at System.Web.Mvc.Async.AsyncControllerActionInvoker.AsyncInvocationWithFilters.<>c__DisplayClass46.<InvokeActionMethodFilterAsynchronouslyRecursive>b__3f()
   at System.Web.Mvc.Async.AsyncControllerActionInvoker.AsyncInvocationWithFilters.<>c__DisplayClass46.<InvokeActionMethodFilterAsynchronouslyRecursive>b__3f()
   at System.Web.Mvc.Async.AsyncControllerActionInvoker.<>c__DisplayClass33.<BeginInvokeActionMethodWithFilters>b__32(IAsyncResult asyncResult)
   at System.Web.Mvc.Async.AsyncResultWrapper.WrappedAsyncResult`1.CallEndDelegate(IAsyncResult asyncResult)
   at System.Web.Mvc.Async.AsyncResultWrapper.WrappedAsyncResultBase`1.End()
   at System.Web.Mvc.Async.AsyncControllerActionInvoker.EndInvokeActionMethodWithFilters(IAsyncResult asyncResult)
   at System.Web.Mvc.Async.AsyncControllerActionInvoker.<>c__DisplayClass21.<>c__DisplayClass2b.<BeginInvokeAction>b__1c()
   at System.Web.Mvc.Async.AsyncControllerActionInvoker.<>c__DisplayClass21.<BeginInvokeAction>b__1e(IAsyncResult asyncResult)
2019-02-19 15:27:38.5840 ERROR CEC.SAISE.EDayModule.Infrastructure.HandleAndLogErrorAttribute.OnException  System.NullReferenceException: Object reference not set to an instance of an object.
   at CEC.SAISE.EDayModule.Infrastructure.Grids.JqGridExtensions.CreateResponse[T](PageResponse`1 pageResponse) in D:\work\CEC\CEC.SRV\src\CEC.SAISE.EDayModule\Infrastructure\Grids\HtmlGridExtensions.cs:line 187
   at CEC.SAISE.EDayModule.Infrastructure.Grids.JqGridExtensions.ToJqGridJsonResult[T,TModel](PageResponse`1 pageResponse, Func`2 convertMethod) in D:\work\CEC\CEC.SRV\src\CEC.SAISE.EDayModule\Infrastructure\Grids\HtmlGridExtensions.cs:line 212
   at CEC.SAISE.EDayModule.Infrastructure.Grids.JqGridExtensions.ToJqGridJsonResult[T,TModel](PageResponse`1 pageResponse) in D:\work\CEC\CEC.SRV\src\CEC.SAISE.EDayModule\Infrastructure\Grids\HtmlGridExtensions.cs:line 203
   at CEC.SAISE.EDayModule.Controllers.PermissionManageController.ListPollingStationAjax(JqGridRequest request, Int64 electionId) in D:\work\CEC\CEC.SRV\src\CEC.SAISE.EDayModule\Controllers\PermissionManageController.cs:line 62
   at lambda_method(Closure , ControllerBase , Object[] )
   at System.Web.Mvc.ActionMethodDispatcher.Execute(ControllerBase controller, Object[] parameters)
   at System.Web.Mvc.ReflectedActionDescriptor.Execute(ControllerContext controllerContext, IDictionary`2 parameters)
   at System.Web.Mvc.ControllerActionInvoker.InvokeActionMethod(ControllerContext controllerContext, ActionDescriptor actionDescriptor, IDictionary`2 parameters)
   at System.Web.Mvc.Async.AsyncControllerActionInvoker.<BeginInvokeSynchronousActionMethod>b__39(IAsyncResult asyncResult, ActionInvocation innerInvokeState)
   at System.Web.Mvc.Async.AsyncResultWrapper.WrappedAsyncResult`2.CallEndDelegate(IAsyncResult asyncResult)
   at System.Web.Mvc.Async.AsyncResultWrapper.WrappedAsyncResultBase`1.End()
   at System.Web.Mvc.Async.AsyncControllerActionInvoker.EndInvokeActionMethod(IAsyncResult asyncResult)
   at System.Web.Mvc.Async.AsyncControllerActionInvoker.AsyncInvocationWithFilters.<InvokeActionMethodFilterAsynchronouslyRecursive>b__3d()
   at System.Web.Mvc.Async.AsyncControllerActionInvoker.AsyncInvocationWithFilters.<>c__DisplayClass46.<InvokeActionMethodFilterAsynchronouslyRecursive>b__3f()
   at System.Web.Mvc.Async.AsyncControllerActionInvoker.AsyncInvocationWithFilters.<>c__DisplayClass46.<InvokeActionMethodFilterAsynchronouslyRecursive>b__3f()
   at System.Web.Mvc.Async.AsyncControllerActionInvoker.<>c__DisplayClass33.<BeginInvokeActionMethodWithFilters>b__32(IAsyncResult asyncResult)
   at System.Web.Mvc.Async.AsyncResultWrapper.WrappedAsyncResult`1.CallEndDelegate(IAsyncResult asyncResult)
   at System.Web.Mvc.Async.AsyncResultWrapper.WrappedAsyncResultBase`1.End()
   at System.Web.Mvc.Async.AsyncControllerActionInvoker.EndInvokeActionMethodWithFilters(IAsyncResult asyncResult)
   at System.Web.Mvc.Async.AsyncControllerActionInvoker.<>c__DisplayClass21.<>c__DisplayClass2b.<BeginInvokeAction>b__1c()
   at System.Web.Mvc.Async.AsyncControllerActionInvoker.<>c__DisplayClass21.<BeginInvokeAction>b__1e(IAsyncResult asyncResult)
2019-02-19 15:32:31.8676 ERROR CEC.SAISE.EDayModule.Infrastructure.HandleAndLogErrorAttribute.OnException  System.NullReferenceException: Object reference not set to an instance of an object.
   at CEC.SAISE.EDayModule.Infrastructure.Grids.JqGridExtensions.CreateResponse[T](PageResponse`1 pageResponse) in D:\work\CEC\CEC.SRV\src\CEC.SAISE.EDayModule\Infrastructure\Grids\HtmlGridExtensions.cs:line 187
   at CEC.SAISE.EDayModule.Infrastructure.Grids.JqGridExtensions.ToJqGridJsonResult[T,TModel](PageResponse`1 pageResponse, Func`2 convertMethod) in D:\work\CEC\CEC.SRV\src\CEC.SAISE.EDayModule\Infrastructure\Grids\HtmlGridExtensions.cs:line 212
   at CEC.SAISE.EDayModule.Infrastructure.Grids.JqGridExtensions.ToJqGridJsonResult[T,TModel](PageResponse`1 pageResponse) in D:\work\CEC\CEC.SRV\src\CEC.SAISE.EDayModule\Infrastructure\Grids\HtmlGridExtensions.cs:line 203
   at CEC.SAISE.EDayModule.Controllers.PermissionManageController.ListPollingStationAjax(JqGridRequest request, Int64 electionId) in D:\work\CEC\CEC.SRV\src\CEC.SAISE.EDayModule\Controllers\PermissionManageController.cs:line 62
   at lambda_method(Closure , ControllerBase , Object[] )
   at System.Web.Mvc.ActionMethodDispatcher.Execute(ControllerBase controller, Object[] parameters)
   at System.Web.Mvc.ReflectedActionDescriptor.Execute(ControllerContext controllerContext, IDictionary`2 parameters)
   at System.Web.Mvc.ControllerActionInvoker.InvokeActionMethod(ControllerContext controllerContext, ActionDescriptor actionDescriptor, IDictionary`2 parameters)
   at System.Web.Mvc.Async.AsyncControllerActionInvoker.<BeginInvokeSynchronousActionMethod>b__39(IAsyncResult asyncResult, ActionInvocation innerInvokeState)
   at System.Web.Mvc.Async.AsyncResultWrapper.WrappedAsyncResult`2.CallEndDelegate(IAsyncResult asyncResult)
   at System.Web.Mvc.Async.AsyncResultWrapper.WrappedAsyncResultBase`1.End()
   at System.Web.Mvc.Async.AsyncControllerActionInvoker.EndInvokeActionMethod(IAsyncResult asyncResult)
   at System.Web.Mvc.Async.AsyncControllerActionInvoker.AsyncInvocationWithFilters.<InvokeActionMethodFilterAsynchronouslyRecursive>b__3d()
   at System.Web.Mvc.Async.AsyncControllerActionInvoker.AsyncInvocationWithFilters.<>c__DisplayClass46.<InvokeActionMethodFilterAsynchronouslyRecursive>b__3f()
   at System.Web.Mvc.Async.AsyncControllerActionInvoker.AsyncInvocationWithFilters.<>c__DisplayClass46.<InvokeActionMethodFilterAsynchronouslyRecursive>b__3f()
   at System.Web.Mvc.Async.AsyncControllerActionInvoker.<>c__DisplayClass33.<BeginInvokeActionMethodWithFilters>b__32(IAsyncResult asyncResult)
   at System.Web.Mvc.Async.AsyncResultWrapper.WrappedAsyncResult`1.CallEndDelegate(IAsyncResult asyncResult)
   at System.Web.Mvc.Async.AsyncResultWrapper.WrappedAsyncResultBase`1.End()
   at System.Web.Mvc.Async.AsyncControllerActionInvoker.EndInvokeActionMethodWithFilters(IAsyncResult asyncResult)
   at System.Web.Mvc.Async.AsyncControllerActionInvoker.<>c__DisplayClass21.<>c__DisplayClass2b.<BeginInvokeAction>b__1c()
   at System.Web.Mvc.Async.AsyncControllerActionInvoker.<>c__DisplayClass21.<BeginInvokeAction>b__1e(IAsyncResult asyncResult)
2019-02-19 15:34:17.8352 ERROR CEC.SAISE.EDayModule.Infrastructure.HandleAndLogErrorAttribute.OnException  System.NullReferenceException: Object reference not set to an instance of an object.
   at CEC.SAISE.EDayModule.Infrastructure.Grids.JqGridExtensions.CreateResponse[T](PageResponse`1 pageResponse) in D:\work\CEC\CEC.SRV\src\CEC.SAISE.EDayModule\Infrastructure\Grids\HtmlGridExtensions.cs:line 187
   at CEC.SAISE.EDayModule.Infrastructure.Grids.JqGridExtensions.ToJqGridJsonResult[T,TModel](PageResponse`1 pageResponse, Func`2 convertMethod) in D:\work\CEC\CEC.SRV\src\CEC.SAISE.EDayModule\Infrastructure\Grids\HtmlGridExtensions.cs:line 212
   at CEC.SAISE.EDayModule.Infrastructure.Grids.JqGridExtensions.ToJqGridJsonResult[T,TModel](PageResponse`1 pageResponse) in D:\work\CEC\CEC.SRV\src\CEC.SAISE.EDayModule\Infrastructure\Grids\HtmlGridExtensions.cs:line 203
   at CEC.SAISE.EDayModule.Controllers.PermissionManageController.ListPollingStationAjax(JqGridRequest request, Int64 electionId) in D:\work\CEC\CEC.SRV\src\CEC.SAISE.EDayModule\Controllers\PermissionManageController.cs:line 62
   at lambda_method(Closure , ControllerBase , Object[] )
   at System.Web.Mvc.ActionMethodDispatcher.Execute(ControllerBase controller, Object[] parameters)
   at System.Web.Mvc.ReflectedActionDescriptor.Execute(ControllerContext controllerContext, IDictionary`2 parameters)
   at System.Web.Mvc.ControllerActionInvoker.InvokeActionMethod(ControllerContext controllerContext, ActionDescriptor actionDescriptor, IDictionary`2 parameters)
   at System.Web.Mvc.Async.AsyncControllerActionInvoker.<BeginInvokeSynchronousActionMethod>b__39(IAsyncResult asyncResult, ActionInvocation innerInvokeState)
   at System.Web.Mvc.Async.AsyncResultWrapper.WrappedAsyncResult`2.CallEndDelegate(IAsyncResult asyncResult)
   at System.Web.Mvc.Async.AsyncResultWrapper.WrappedAsyncResultBase`1.End()
   at System.Web.Mvc.Async.AsyncControllerActionInvoker.EndInvokeActionMethod(IAsyncResult asyncResult)
   at System.Web.Mvc.Async.AsyncControllerActionInvoker.AsyncInvocationWithFilters.<InvokeActionMethodFilterAsynchronouslyRecursive>b__3d()
   at System.Web.Mvc.Async.AsyncControllerActionInvoker.AsyncInvocationWithFilters.<>c__DisplayClass46.<InvokeActionMethodFilterAsynchronouslyRecursive>b__3f()
   at System.Web.Mvc.Async.AsyncControllerActionInvoker.AsyncInvocationWithFilters.<>c__DisplayClass46.<InvokeActionMethodFilterAsynchronouslyRecursive>b__3f()
   at System.Web.Mvc.Async.AsyncControllerActionInvoker.<>c__DisplayClass33.<BeginInvokeActionMethodWithFilters>b__32(IAsyncResult asyncResult)
   at System.Web.Mvc.Async.AsyncResultWrapper.WrappedAsyncResult`1.CallEndDelegate(IAsyncResult asyncResult)
   at System.Web.Mvc.Async.AsyncResultWrapper.WrappedAsyncResultBase`1.End()
   at System.Web.Mvc.Async.AsyncControllerActionInvoker.EndInvokeActionMethodWithFilters(IAsyncResult asyncResult)
   at System.Web.Mvc.Async.AsyncControllerActionInvoker.<>c__DisplayClass21.<>c__DisplayClass2b.<BeginInvokeAction>b__1c()
   at System.Web.Mvc.Async.AsyncControllerActionInvoker.<>c__DisplayClass21.<BeginInvokeAction>b__1e(IAsyncResult asyncResult)
2019-02-19 15:36:30.1083 ERROR CEC.SAISE.EDayModule.Infrastructure.HandleAndLogErrorAttribute.OnException  System.NullReferenceException: Object reference not set to an instance of an object.
   at CEC.SAISE.EDayModule.Infrastructure.Grids.JqGridExtensions.CreateResponse[T](PageResponse`1 pageResponse) in D:\work\CEC\CEC.SRV\src\CEC.SAISE.EDayModule\Infrastructure\Grids\HtmlGridExtensions.cs:line 187
   at CEC.SAISE.EDayModule.Infrastructure.Grids.JqGridExtensions.ToJqGridJsonResult[T,TModel](PageResponse`1 pageResponse, Func`2 convertMethod) in D:\work\CEC\CEC.SRV\src\CEC.SAISE.EDayModule\Infrastructure\Grids\HtmlGridExtensions.cs:line 212
   at CEC.SAISE.EDayModule.Infrastructure.Grids.JqGridExtensions.ToJqGridJsonResult[T,TModel](PageResponse`1 pageResponse) in D:\work\CEC\CEC.SRV\src\CEC.SAISE.EDayModule\Infrastructure\Grids\HtmlGridExtensions.cs:line 203
   at CEC.SAISE.EDayModule.Controllers.PermissionManageController.ListPollingStationAjax(JqGridRequest request, Int64 electionId) in D:\work\CEC\CEC.SRV\src\CEC.SAISE.EDayModule\Controllers\PermissionManageController.cs:line 62
   at lambda_method(Closure , ControllerBase , Object[] )
   at System.Web.Mvc.ActionMethodDispatcher.Execute(ControllerBase controller, Object[] parameters)
   at System.Web.Mvc.ReflectedActionDescriptor.Execute(ControllerContext controllerContext, IDictionary`2 parameters)
   at System.Web.Mvc.ControllerActionInvoker.InvokeActionMethod(ControllerContext controllerContext, ActionDescriptor actionDescriptor, IDictionary`2 parameters)
   at System.Web.Mvc.Async.AsyncControllerActionInvoker.<BeginInvokeSynchronousActionMethod>b__39(IAsyncResult asyncResult, ActionInvocation innerInvokeState)
   at System.Web.Mvc.Async.AsyncResultWrapper.WrappedAsyncResult`2.CallEndDelegate(IAsyncResult asyncResult)
   at System.Web.Mvc.Async.AsyncResultWrapper.WrappedAsyncResultBase`1.End()
   at System.Web.Mvc.Async.AsyncControllerActionInvoker.EndInvokeActionMethod(IAsyncResult asyncResult)
   at System.Web.Mvc.Async.AsyncControllerActionInvoker.AsyncInvocationWithFilters.<InvokeActionMethodFilterAsynchronouslyRecursive>b__3d()
   at System.Web.Mvc.Async.AsyncControllerActionInvoker.AsyncInvocationWithFilters.<>c__DisplayClass46.<InvokeActionMethodFilterAsynchronouslyRecursive>b__3f()
   at System.Web.Mvc.Async.AsyncControllerActionInvoker.AsyncInvocationWithFilters.<>c__DisplayClass46.<InvokeActionMethodFilterAsynchronouslyRecursive>b__3f()
   at System.Web.Mvc.Async.AsyncControllerActionInvoker.<>c__DisplayClass33.<BeginInvokeActionMethodWithFilters>b__32(IAsyncResult asyncResult)
   at System.Web.Mvc.Async.AsyncResultWrapper.WrappedAsyncResult`1.CallEndDelegate(IAsyncResult asyncResult)
   at System.Web.Mvc.Async.AsyncResultWrapper.WrappedAsyncResultBase`1.End()
   at System.Web.Mvc.Async.AsyncControllerActionInvoker.EndInvokeActionMethodWithFilters(IAsyncResult asyncResult)
   at System.Web.Mvc.Async.AsyncControllerActionInvoker.<>c__DisplayClass21.<>c__DisplayClass2b.<BeginInvokeAction>b__1c()
   at System.Web.Mvc.Async.AsyncControllerActionInvoker.<>c__DisplayClass21.<BeginInvokeAction>b__1e(IAsyncResult asyncResult)
2019-02-19 15:40:18.5829 ERROR CEC.SAISE.EDayModule.Infrastructure.HandleAndLogErrorAttribute.OnException  System.NullReferenceException: Object reference not set to an instance of an object.
   at CEC.SAISE.EDayModule.Infrastructure.Grids.JqGridExtensions.CreateResponse[T](PageResponse`1 pageResponse) in D:\work\CEC\CEC.SRV\src\CEC.SAISE.EDayModule\Infrastructure\Grids\HtmlGridExtensions.cs:line 187
   at CEC.SAISE.EDayModule.Infrastructure.Grids.JqGridExtensions.ToJqGridJsonResult[T,TModel](PageResponse`1 pageResponse, Func`2 convertMethod) in D:\work\CEC\CEC.SRV\src\CEC.SAISE.EDayModule\Infrastructure\Grids\HtmlGridExtensions.cs:line 212
   at CEC.SAISE.EDayModule.Infrastructure.Grids.JqGridExtensions.ToJqGridJsonResult[T,TModel](PageResponse`1 pageResponse) in D:\work\CEC\CEC.SRV\src\CEC.SAISE.EDayModule\Infrastructure\Grids\HtmlGridExtensions.cs:line 203
   at CEC.SAISE.EDayModule.Controllers.PermissionManageController.ListPollingStationAjax(JqGridRequest request, Int64 electionId) in D:\work\CEC\CEC.SRV\src\CEC.SAISE.EDayModule\Controllers\PermissionManageController.cs:line 62
   at lambda_method(Closure , ControllerBase , Object[] )
   at System.Web.Mvc.ActionMethodDispatcher.Execute(ControllerBase controller, Object[] parameters)
   at System.Web.Mvc.ReflectedActionDescriptor.Execute(ControllerContext controllerContext, IDictionary`2 parameters)
   at System.Web.Mvc.ControllerActionInvoker.InvokeActionMethod(ControllerContext controllerContext, ActionDescriptor actionDescriptor, IDictionary`2 parameters)
   at System.Web.Mvc.Async.AsyncControllerActionInvoker.<BeginInvokeSynchronousActionMethod>b__39(IAsyncResult asyncResult, ActionInvocation innerInvokeState)
   at System.Web.Mvc.Async.AsyncResultWrapper.WrappedAsyncResult`2.CallEndDelegate(IAsyncResult asyncResult)
   at System.Web.Mvc.Async.AsyncResultWrapper.WrappedAsyncResultBase`1.End()
   at System.Web.Mvc.Async.AsyncControllerActionInvoker.EndInvokeActionMethod(IAsyncResult asyncResult)
   at System.Web.Mvc.Async.AsyncControllerActionInvoker.AsyncInvocationWithFilters.<InvokeActionMethodFilterAsynchronouslyRecursive>b__3d()
   at System.Web.Mvc.Async.AsyncControllerActionInvoker.AsyncInvocationWithFilters.<>c__DisplayClass46.<InvokeActionMethodFilterAsynchronouslyRecursive>b__3f()
   at System.Web.Mvc.Async.AsyncControllerActionInvoker.AsyncInvocationWithFilters.<>c__DisplayClass46.<InvokeActionMethodFilterAsynchronouslyRecursive>b__3f()
   at System.Web.Mvc.Async.AsyncControllerActionInvoker.<>c__DisplayClass33.<BeginInvokeActionMethodWithFilters>b__32(IAsyncResult asyncResult)
   at System.Web.Mvc.Async.AsyncResultWrapper.WrappedAsyncResult`1.CallEndDelegate(IAsyncResult asyncResult)
   at System.Web.Mvc.Async.AsyncResultWrapper.WrappedAsyncResultBase`1.End()
   at System.Web.Mvc.Async.AsyncControllerActionInvoker.EndInvokeActionMethodWithFilters(IAsyncResult asyncResult)
   at System.Web.Mvc.Async.AsyncControllerActionInvoker.<>c__DisplayClass21.<>c__DisplayClass2b.<BeginInvokeAction>b__1c()
   at System.Web.Mvc.Async.AsyncControllerActionInvoker.<>c__DisplayClass21.<BeginInvokeAction>b__1e(IAsyncResult asyncResult)
2019-02-19 15:41:00.1717 ERROR CEC.SAISE.EDayModule.Infrastructure.HandleAndLogErrorAttribute.OnException  System.NullReferenceException: Object reference not set to an instance of an object.
   at CEC.SAISE.EDayModule.Infrastructure.Grids.JqGridExtensions.CreateResponse[T](PageResponse`1 pageResponse) in D:\work\CEC\CEC.SRV\src\CEC.SAISE.EDayModule\Infrastructure\Grids\HtmlGridExtensions.cs:line 187
   at CEC.SAISE.EDayModule.Infrastructure.Grids.JqGridExtensions.ToJqGridJsonResult[T,TModel](PageResponse`1 pageResponse, Func`2 convertMethod) in D:\work\CEC\CEC.SRV\src\CEC.SAISE.EDayModule\Infrastructure\Grids\HtmlGridExtensions.cs:line 212
   at CEC.SAISE.EDayModule.Infrastructure.Grids.JqGridExtensions.ToJqGridJsonResult[T,TModel](PageResponse`1 pageResponse) in D:\work\CEC\CEC.SRV\src\CEC.SAISE.EDayModule\Infrastructure\Grids\HtmlGridExtensions.cs:line 203
   at CEC.SAISE.EDayModule.Controllers.PermissionManageController.ListPollingStationAjax(JqGridRequest request, Int64 electionId) in D:\work\CEC\CEC.SRV\src\CEC.SAISE.EDayModule\Controllers\PermissionManageController.cs:line 62
   at lambda_method(Closure , ControllerBase , Object[] )
   at System.Web.Mvc.ActionMethodDispatcher.Execute(ControllerBase controller, Object[] parameters)
   at System.Web.Mvc.ReflectedActionDescriptor.Execute(ControllerContext controllerContext, IDictionary`2 parameters)
   at System.Web.Mvc.ControllerActionInvoker.InvokeActionMethod(ControllerContext controllerContext, ActionDescriptor actionDescriptor, IDictionary`2 parameters)
   at System.Web.Mvc.Async.AsyncControllerActionInvoker.<BeginInvokeSynchronousActionMethod>b__39(IAsyncResult asyncResult, ActionInvocation innerInvokeState)
   at System.Web.Mvc.Async.AsyncResultWrapper.WrappedAsyncResult`2.CallEndDelegate(IAsyncResult asyncResult)
   at System.Web.Mvc.Async.AsyncResultWrapper.WrappedAsyncResultBase`1.End()
   at System.Web.Mvc.Async.AsyncControllerActionInvoker.EndInvokeActionMethod(IAsyncResult asyncResult)
   at System.Web.Mvc.Async.AsyncControllerActionInvoker.AsyncInvocationWithFilters.<InvokeActionMethodFilterAsynchronouslyRecursive>b__3d()
   at System.Web.Mvc.Async.AsyncControllerActionInvoker.AsyncInvocationWithFilters.<>c__DisplayClass46.<InvokeActionMethodFilterAsynchronouslyRecursive>b__3f()
   at System.Web.Mvc.Async.AsyncControllerActionInvoker.AsyncInvocationWithFilters.<>c__DisplayClass46.<InvokeActionMethodFilterAsynchronouslyRecursive>b__3f()
   at System.Web.Mvc.Async.AsyncControllerActionInvoker.<>c__DisplayClass33.<BeginInvokeActionMethodWithFilters>b__32(IAsyncResult asyncResult)
   at System.Web.Mvc.Async.AsyncResultWrapper.WrappedAsyncResult`1.CallEndDelegate(IAsyncResult asyncResult)
   at System.Web.Mvc.Async.AsyncResultWrapper.WrappedAsyncResultBase`1.End()
   at System.Web.Mvc.Async.AsyncControllerActionInvoker.EndInvokeActionMethodWithFilters(IAsyncResult asyncResult)
   at System.Web.Mvc.Async.AsyncControllerActionInvoker.<>c__DisplayClass21.<>c__DisplayClass2b.<BeginInvokeAction>b__1c()
   at System.Web.Mvc.Async.AsyncControllerActionInvoker.<>c__DisplayClass21.<BeginInvokeAction>b__1e(IAsyncResult asyncResult)
2019-02-19 15:44:23.4721 ERROR CEC.SAISE.EDayModule.Infrastructure.HandleAndLogErrorAttribute.OnException  System.InvalidOperationException: Sequence contains more than one element
   at NHibernate.Linq.DefaultQueryProvider.ExecuteQuery(NhLinqExpression nhLinqExpression, IQuery query, NhLinqExpression nhQuery)
   at NHibernate.Linq.DefaultQueryProvider.Execute(Expression expression)
   at NHibernate.Linq.DefaultQueryProvider.Execute[TResult](Expression expression)
   at System.Linq.Queryable.SingleOrDefault[TSource](IQueryable`1 source, Expression`1 predicate)
   at CEC.SAISE.EDayModule.Infrastructure.Security.SaiseUserStore.<>c__DisplayClass7_0.<FindByNameAsync>b__0() in D:\work\CEC\CEC.SRV\src\CEC.SAISE.EDayModule\Infrastructure\Security\SaiseUserStore.cs:line 71
   at Amdaris.NHibernateProvider.Repository.ExecuteAsync[T](Func`1 func)
   at CEC.SAISE.EDayModule.Infrastructure.Security.SaiseUserStore.FindByNameAsync(String userName) in D:\work\CEC\CEC.SRV\src\CEC.SAISE.EDayModule\Infrastructure\Security\SaiseUserStore.cs:line 71
   at Microsoft.AspNet.Identity.UserManager`2.FindByNameAsync(String userName)
   at CEC.SAISE.EDayModule.Controllers.AccountController.<Login>d__8.MoveNext() in D:\work\CEC\CEC.SRV\src\CEC.SAISE.EDayModule\Controllers\AccountController.cs:line 52
--- End of stack trace from previous location where exception was thrown ---
   at System.Runtime.CompilerServices.TaskAwaiter.ThrowForNonSuccess(Task task)
   at System.Runtime.CompilerServices.TaskAwaiter.HandleNonSuccessAndDebuggerNotification(Task task)
   at System.Web.Mvc.Async.TaskAsyncActionDescriptor.EndExecute(IAsyncResult asyncResult)
   at System.Web.Mvc.Async.AsyncControllerActionInvoker.<>c__DisplayClass37.<BeginInvokeAsynchronousActionMethod>b__36(IAsyncResult asyncResult)
   at System.Web.Mvc.Async.AsyncResultWrapper.WrappedAsyncResult`1.CallEndDelegate(IAsyncResult asyncResult)
   at System.Web.Mvc.Async.AsyncResultWrapper.WrappedAsyncResultBase`1.End()
   at System.Web.Mvc.Async.AsyncControllerActionInvoker.EndInvokeActionMethod(IAsyncResult asyncResult)
   at System.Web.Mvc.Async.AsyncControllerActionInvoker.AsyncInvocationWithFilters.<InvokeActionMethodFilterAsynchronouslyRecursive>b__3d()
   at System.Web.Mvc.Async.AsyncControllerActionInvoker.AsyncInvocationWithFilters.<>c__DisplayClass46.<InvokeActionMethodFilterAsynchronouslyRecursive>b__3f()
   at System.Web.Mvc.Async.AsyncControllerActionInvoker.AsyncInvocationWithFilters.<>c__DisplayClass46.<InvokeActionMethodFilterAsynchronouslyRecursive>b__3f()
   at System.Web.Mvc.Async.AsyncControllerActionInvoker.<>c__DisplayClass33.<BeginInvokeActionMethodWithFilters>b__32(IAsyncResult asyncResult)
   at System.Web.Mvc.Async.AsyncResultWrapper.WrappedAsyncResult`1.CallEndDelegate(IAsyncResult asyncResult)
   at System.Web.Mvc.Async.AsyncResultWrapper.WrappedAsyncResultBase`1.End()
   at System.Web.Mvc.Async.AsyncControllerActionInvoker.EndInvokeActionMethodWithFilters(IAsyncResult asyncResult)
   at System.Web.Mvc.Async.AsyncControllerActionInvoker.<>c__DisplayClass21.<>c__DisplayClass2b.<BeginInvokeAction>b__1c()
   at System.Web.Mvc.Async.AsyncControllerActionInvoker.<>c__DisplayClass21.<BeginInvokeAction>b__1e(IAsyncResult asyncResult)
   at System.Web.Mvc.Async.AsyncResultWrapper.WrappedAsyncResult`1.CallEndDelegate(IAsyncResult asyncResult)
   at System.Web.Mvc.Async.AsyncResultWrapper.WrappedAsyncResultBase`1.End()
   at System.Web.Mvc.Async.AsyncControllerActionInvoker.EndInvokeAction(IAsyncResult asyncResult)
   at System.Web.Mvc.Controller.<BeginExecuteCore>b__1d(IAsyncResult asyncResult, ExecuteCoreState innerState)
   at System.Web.Mvc.Async.AsyncResultWrapper.WrappedAsyncVoid`1.CallEndDelegate(IAsyncResult asyncResult)
   at System.Web.Mvc.Async.AsyncResultWrapper.WrappedAsyncResultBase`1.End()
   at System.Web.Mvc.Controller.EndExecuteCore(IAsyncResult asyncResult)
   at System.Web.Mvc.Controller.<BeginExecute>b__15(IAsyncResult asyncResult, Controller controller)
   at System.Web.Mvc.Async.AsyncResultWrapper.WrappedAsyncVoid`1.CallEndDelegate(IAsyncResult asyncResult)
   at System.Web.Mvc.Async.AsyncResultWrapper.WrappedAsyncResultBase`1.End()
   at System.Web.Mvc.Controller.EndExecute(IAsyncResult asyncResult)
   at System.Web.Mvc.Controller.System.Web.Mvc.Async.IAsyncController.EndExecute(IAsyncResult asyncResult)
   at System.Web.Mvc.MvcHandler.<BeginProcessRequest>b__5(IAsyncResult asyncResult, ProcessRequestState innerState)
   at System.Web.Mvc.Async.AsyncResultWrapper.WrappedAsyncVoid`1.CallEndDelegate(IAsyncResult asyncResult)
   at System.Web.Mvc.Async.AsyncResultWrapper.WrappedAsyncResultBase`1.End()
   at System.Web.Mvc.MvcHandler.EndProcessRequest(IAsyncResult asyncResult)
   at System.Web.Mvc.MvcHandler.System.Web.IHttpAsyncHandler.EndProcessRequest(IAsyncResult result)
   at System.Web.HttpApplication.CallHandlerExecutionStep.System.Web.HttpApplication.IExecutionStep.Execute()
   at System.Web.HttpApplication.ExecuteStepImpl(IExecutionStep step)
   at System.Web.HttpApplication.ExecuteStep(IExecutionStep step, Boolean& completedSynchronously)
2019-02-19 15:44:31.7112 ERROR CEC.SAISE.EDayModule.Infrastructure.HandleAndLogErrorAttribute.OnException  System.InvalidOperationException: Sequence contains more than one element
   at NHibernate.Linq.DefaultQueryProvider.ExecuteQuery(NhLinqExpression nhLinqExpression, IQuery query, NhLinqExpression nhQuery)
   at NHibernate.Linq.DefaultQueryProvider.Execute(Expression expression)
   at NHibernate.Linq.DefaultQueryProvider.Execute[TResult](Expression expression)
   at System.Linq.Queryable.SingleOrDefault[TSource](IQueryable`1 source, Expression`1 predicate)
   at CEC.SAISE.EDayModule.Infrastructure.Security.SaiseUserStore.<>c__DisplayClass7_0.<FindByNameAsync>b__0() in D:\work\CEC\CEC.SRV\src\CEC.SAISE.EDayModule\Infrastructure\Security\SaiseUserStore.cs:line 71
   at Amdaris.NHibernateProvider.Repository.ExecuteAsync[T](Func`1 func)
   at CEC.SAISE.EDayModule.Infrastructure.Security.SaiseUserStore.FindByNameAsync(String userName) in D:\work\CEC\CEC.SRV\src\CEC.SAISE.EDayModule\Infrastructure\Security\SaiseUserStore.cs:line 71
   at Microsoft.AspNet.Identity.UserManager`2.FindByNameAsync(String userName)
   at CEC.SAISE.EDayModule.Controllers.AccountController.<Login>d__8.MoveNext() in D:\work\CEC\CEC.SRV\src\CEC.SAISE.EDayModule\Controllers\AccountController.cs:line 52
--- End of stack trace from previous location where exception was thrown ---
   at System.Runtime.CompilerServices.TaskAwaiter.ThrowForNonSuccess(Task task)
   at System.Runtime.CompilerServices.TaskAwaiter.HandleNonSuccessAndDebuggerNotification(Task task)
   at System.Web.Mvc.Async.TaskAsyncActionDescriptor.EndExecute(IAsyncResult asyncResult)
   at System.Web.Mvc.Async.AsyncControllerActionInvoker.<>c__DisplayClass37.<BeginInvokeAsynchronousActionMethod>b__36(IAsyncResult asyncResult)
   at System.Web.Mvc.Async.AsyncResultWrapper.WrappedAsyncResult`1.CallEndDelegate(IAsyncResult asyncResult)
   at System.Web.Mvc.Async.AsyncResultWrapper.WrappedAsyncResultBase`1.End()
   at System.Web.Mvc.Async.AsyncControllerActionInvoker.EndInvokeActionMethod(IAsyncResult asyncResult)
   at System.Web.Mvc.Async.AsyncControllerActionInvoker.AsyncInvocationWithFilters.<InvokeActionMethodFilterAsynchronouslyRecursive>b__3d()
   at System.Web.Mvc.Async.AsyncControllerActionInvoker.AsyncInvocationWithFilters.<>c__DisplayClass46.<InvokeActionMethodFilterAsynchronouslyRecursive>b__3f()
   at System.Web.Mvc.Async.AsyncControllerActionInvoker.AsyncInvocationWithFilters.<>c__DisplayClass46.<InvokeActionMethodFilterAsynchronouslyRecursive>b__3f()
   at System.Web.Mvc.Async.AsyncControllerActionInvoker.<>c__DisplayClass33.<BeginInvokeActionMethodWithFilters>b__32(IAsyncResult asyncResult)
   at System.Web.Mvc.Async.AsyncResultWrapper.WrappedAsyncResult`1.CallEndDelegate(IAsyncResult asyncResult)
   at System.Web.Mvc.Async.AsyncResultWrapper.WrappedAsyncResultBase`1.End()
   at System.Web.Mvc.Async.AsyncControllerActionInvoker.EndInvokeActionMethodWithFilters(IAsyncResult asyncResult)
   at System.Web.Mvc.Async.AsyncControllerActionInvoker.<>c__DisplayClass21.<>c__DisplayClass2b.<BeginInvokeAction>b__1c()
   at System.Web.Mvc.Async.AsyncControllerActionInvoker.<>c__DisplayClass21.<BeginInvokeAction>b__1e(IAsyncResult asyncResult)
   at System.Web.Mvc.Async.AsyncResultWrapper.WrappedAsyncResult`1.CallEndDelegate(IAsyncResult asyncResult)
   at System.Web.Mvc.Async.AsyncResultWrapper.WrappedAsyncResultBase`1.End()
   at System.Web.Mvc.Async.AsyncControllerActionInvoker.EndInvokeAction(IAsyncResult asyncResult)
   at System.Web.Mvc.Controller.<BeginExecuteCore>b__1d(IAsyncResult asyncResult, ExecuteCoreState innerState)
   at System.Web.Mvc.Async.AsyncResultWrapper.WrappedAsyncVoid`1.CallEndDelegate(IAsyncResult asyncResult)
   at System.Web.Mvc.Async.AsyncResultWrapper.WrappedAsyncResultBase`1.End()
   at System.Web.Mvc.Controller.EndExecuteCore(IAsyncResult asyncResult)
   at System.Web.Mvc.Controller.<BeginExecute>b__15(IAsyncResult asyncResult, Controller controller)
   at System.Web.Mvc.Async.AsyncResultWrapper.WrappedAsyncVoid`1.CallEndDelegate(IAsyncResult asyncResult)
   at System.Web.Mvc.Async.AsyncResultWrapper.WrappedAsyncResultBase`1.End()
   at System.Web.Mvc.Controller.EndExecute(IAsyncResult asyncResult)
   at System.Web.Mvc.Controller.System.Web.Mvc.Async.IAsyncController.EndExecute(IAsyncResult asyncResult)
   at System.Web.Mvc.MvcHandler.<BeginProcessRequest>b__5(IAsyncResult asyncResult, ProcessRequestState innerState)
   at System.Web.Mvc.Async.AsyncResultWrapper.WrappedAsyncVoid`1.CallEndDelegate(IAsyncResult asyncResult)
   at System.Web.Mvc.Async.AsyncResultWrapper.WrappedAsyncResultBase`1.End()
   at System.Web.Mvc.MvcHandler.EndProcessRequest(IAsyncResult asyncResult)
   at System.Web.Mvc.MvcHandler.System.Web.IHttpAsyncHandler.EndProcessRequest(IAsyncResult result)
   at System.Web.HttpApplication.CallHandlerExecutionStep.System.Web.HttpApplication.IExecutionStep.Execute()
   at System.Web.HttpApplication.ExecuteStepImpl(IExecutionStep step)
   at System.Web.HttpApplication.ExecuteStep(IExecutionStep step, Boolean& completedSynchronously)
