2019-10-04 12:32:55.4900 ERROR CEC.SAISE.EDayModule.Infrastructure.HandleAndLogErrorAttribute.OnException  System.Exception: Unrecognised method call: System.Linq.Queryable:Boolean Contains[TSource](System.Linq.IQueryable`1[TSource], TSource)
   at NHibernate.Impl.ExpressionProcessor.ProcessCustomMethodCall(MethodCallExpression methodCallExpression)
   at NHibernate.Impl.ExpressionProcessor.ProcessBooleanExpression(Expression expression)
   at NHibernate.Impl.ExpressionProcessor.ProcessExpression(Expression expression)
   at NHibernate.Impl.ExpressionProcessor.ProcessAndExpression(BinaryExpression expression)
   at NHibernate.Impl.ExpressionProcessor.ProcessBinaryExpression(BinaryExpression expression)
   at NHibernate.Impl.ExpressionProcessor.ProcessExpression(Expression expression)
   at NHibernate.Criterion.QueryOver`2.NHibernate.IQueryOver<TRoot,TSubType>.And(Expression`1 expression)
   at CEC.SAISE.BLL.Impl.PollingStationStageBll.GetVotingStatsForUser(PageRequest pageRequest, Int64 electionId, Int64 turnoutDataElectionid) in D:\work\CEC\CEC.SRV\src\CEC.SAISE.BLL\Impl\PollingStationStageBll.cs:line 179
   at CEC.SAISE.EDayModule.Controllers.VotingProcessStatsController.ListVotingStatsAjax(JqGridRequest request) in D:\work\CEC\CEC.SRV\src\CEC.SAISE.EDayModule\Controllers\VotingProcessStatsController.cs:line 62
   at lambda_method(Closure , ControllerBase , Object[] )
   at System.Web.Mvc.ActionMethodDispatcher.Execute(ControllerBase controller, Object[] parameters)
   at System.Web.Mvc.ReflectedActionDescriptor.Execute(ControllerContext controllerContext, IDictionary`2 parameters)
   at System.Web.Mvc.ControllerActionInvoker.InvokeActionMethod(ControllerContext controllerContext, ActionDescriptor actionDescriptor, IDictionary`2 parameters)
   at System.Web.Mvc.Async.AsyncControllerActionInvoker.<BeginInvokeSynchronousActionMethod>b__39(IAsyncResult asyncResult, ActionInvocation innerInvokeState)
   at System.Web.Mvc.Async.AsyncResultWrapper.WrappedAsyncResult`2.CallEndDelegate(IAsyncResult asyncResult)
   at System.Web.Mvc.Async.AsyncResultWrapper.WrappedAsyncResultBase`1.End()
   at System.Web.Mvc.Async.AsyncControllerActionInvoker.EndInvokeActionMethod(IAsyncResult asyncResult)
   at System.Web.Mvc.Async.AsyncControllerActionInvoker.AsyncInvocationWithFilters.<InvokeActionMethodFilterAsynchronouslyRecursive>b__3d()
   at System.Web.Mvc.Async.AsyncControllerActionInvoker.AsyncInvocationWithFilters.<>c__DisplayClass46.<InvokeActionMethodFilterAsynchronouslyRecursive>b__3f()
   at System.Web.Mvc.Async.AsyncControllerActionInvoker.AsyncInvocationWithFilters.<>c__DisplayClass46.<InvokeActionMethodFilterAsynchronouslyRecursive>b__3f()
   at System.Web.Mvc.Async.AsyncControllerActionInvoker.<>c__DisplayClass33.<BeginInvokeActionMethodWithFilters>b__32(IAsyncResult asyncResult)
   at System.Web.Mvc.Async.AsyncResultWrapper.WrappedAsyncResult`1.CallEndDelegate(IAsyncResult asyncResult)
   at System.Web.Mvc.Async.AsyncResultWrapper.WrappedAsyncResultBase`1.End()
   at System.Web.Mvc.Async.AsyncControllerActionInvoker.EndInvokeActionMethodWithFilters(IAsyncResult asyncResult)
   at System.Web.Mvc.Async.AsyncControllerActionInvoker.<>c__DisplayClass21.<>c__DisplayClass2b.<BeginInvokeAction>b__1c()
   at System.Web.Mvc.Async.AsyncControllerActionInvoker.<>c__DisplayClass21.<BeginInvokeAction>b__1e(IAsyncResult asyncResult)
2019-10-04 12:33:38.3096 ERROR CEC.SAISE.EDayModule.Infrastructure.HandleAndLogErrorAttribute.OnException  System.Exception: Unrecognised method call: System.Linq.Queryable:Boolean Contains[TSource](System.Linq.IQueryable`1[TSource], TSource)
   at NHibernate.Impl.ExpressionProcessor.ProcessCustomMethodCall(MethodCallExpression methodCallExpression)
   at NHibernate.Impl.ExpressionProcessor.ProcessBooleanExpression(Expression expression)
   at NHibernate.Impl.ExpressionProcessor.ProcessExpression(Expression expression)
   at NHibernate.Impl.ExpressionProcessor.ProcessOrExpression(BinaryExpression expression)
   at NHibernate.Impl.ExpressionProcessor.ProcessBinaryExpression(BinaryExpression expression)
   at NHibernate.Impl.ExpressionProcessor.ProcessExpression(Expression expression)
   at NHibernate.Criterion.QueryOver`2.NHibernate.IQueryOver<TRoot,TSubType>.And(Expression`1 expression)
   at CEC.SAISE.BLL.Impl.PollingStationStageBll.GetVotingStatsForUser(PageRequest pageRequest, Int64 electionId, Int64 turnoutDataElectionid) in D:\work\CEC\CEC.SRV\src\CEC.SAISE.BLL\Impl\PollingStationStageBll.cs:line 179
   at CEC.SAISE.EDayModule.Controllers.VotingProcessStatsController.ListVotingStatsAjax(JqGridRequest request) in D:\work\CEC\CEC.SRV\src\CEC.SAISE.EDayModule\Controllers\VotingProcessStatsController.cs:line 62
   at lambda_method(Closure , ControllerBase , Object[] )
   at System.Web.Mvc.ActionMethodDispatcher.Execute(ControllerBase controller, Object[] parameters)
   at System.Web.Mvc.ReflectedActionDescriptor.Execute(ControllerContext controllerContext, IDictionary`2 parameters)
   at System.Web.Mvc.ControllerActionInvoker.InvokeActionMethod(ControllerContext controllerContext, ActionDescriptor actionDescriptor, IDictionary`2 parameters)
   at System.Web.Mvc.Async.AsyncControllerActionInvoker.<BeginInvokeSynchronousActionMethod>b__39(IAsyncResult asyncResult, ActionInvocation innerInvokeState)
   at System.Web.Mvc.Async.AsyncResultWrapper.WrappedAsyncResult`2.CallEndDelegate(IAsyncResult asyncResult)
   at System.Web.Mvc.Async.AsyncResultWrapper.WrappedAsyncResultBase`1.End()
   at System.Web.Mvc.Async.AsyncControllerActionInvoker.EndInvokeActionMethod(IAsyncResult asyncResult)
   at System.Web.Mvc.Async.AsyncControllerActionInvoker.AsyncInvocationWithFilters.<InvokeActionMethodFilterAsynchronouslyRecursive>b__3d()
   at System.Web.Mvc.Async.AsyncControllerActionInvoker.AsyncInvocationWithFilters.<>c__DisplayClass46.<InvokeActionMethodFilterAsynchronouslyRecursive>b__3f()
   at System.Web.Mvc.Async.AsyncControllerActionInvoker.AsyncInvocationWithFilters.<>c__DisplayClass46.<InvokeActionMethodFilterAsynchronouslyRecursive>b__3f()
   at System.Web.Mvc.Async.AsyncControllerActionInvoker.<>c__DisplayClass33.<BeginInvokeActionMethodWithFilters>b__32(IAsyncResult asyncResult)
   at System.Web.Mvc.Async.AsyncResultWrapper.WrappedAsyncResult`1.CallEndDelegate(IAsyncResult asyncResult)
   at System.Web.Mvc.Async.AsyncResultWrapper.WrappedAsyncResultBase`1.End()
   at System.Web.Mvc.Async.AsyncControllerActionInvoker.EndInvokeActionMethodWithFilters(IAsyncResult asyncResult)
   at System.Web.Mvc.Async.AsyncControllerActionInvoker.<>c__DisplayClass21.<>c__DisplayClass2b.<BeginInvokeAction>b__1c()
   at System.Web.Mvc.Async.AsyncControllerActionInvoker.<>c__DisplayClass21.<BeginInvokeAction>b__1e(IAsyncResult asyncResult)
2019-10-04 12:33:40.9071 ERROR CEC.SAISE.EDayModule.Infrastructure.HandleAndLogErrorAttribute.OnException  System.Exception: Unrecognised method call: System.Linq.Queryable:Boolean Contains[TSource](System.Linq.IQueryable`1[TSource], TSource)
   at NHibernate.Impl.ExpressionProcessor.ProcessCustomMethodCall(MethodCallExpression methodCallExpression)
   at NHibernate.Impl.ExpressionProcessor.ProcessBooleanExpression(Expression expression)
   at NHibernate.Impl.ExpressionProcessor.ProcessExpression(Expression expression)
   at NHibernate.Impl.ExpressionProcessor.ProcessOrExpression(BinaryExpression expression)
   at NHibernate.Impl.ExpressionProcessor.ProcessBinaryExpression(BinaryExpression expression)
   at NHibernate.Impl.ExpressionProcessor.ProcessExpression(Expression expression)
   at NHibernate.Criterion.QueryOver`2.NHibernate.IQueryOver<TRoot,TSubType>.And(Expression`1 expression)
   at CEC.SAISE.BLL.Impl.PollingStationStageBll.GetVotingStatsForUser(PageRequest pageRequest, Int64 electionId, Int64 turnoutDataElectionid) in D:\work\CEC\CEC.SRV\src\CEC.SAISE.BLL\Impl\PollingStationStageBll.cs:line 179
   at CEC.SAISE.EDayModule.Controllers.VotingProcessStatsController.ListVotingStatsAjax(JqGridRequest request) in D:\work\CEC\CEC.SRV\src\CEC.SAISE.EDayModule\Controllers\VotingProcessStatsController.cs:line 62
   at lambda_method(Closure , ControllerBase , Object[] )
   at System.Web.Mvc.ActionMethodDispatcher.Execute(ControllerBase controller, Object[] parameters)
   at System.Web.Mvc.ReflectedActionDescriptor.Execute(ControllerContext controllerContext, IDictionary`2 parameters)
   at System.Web.Mvc.ControllerActionInvoker.InvokeActionMethod(ControllerContext controllerContext, ActionDescriptor actionDescriptor, IDictionary`2 parameters)
   at System.Web.Mvc.Async.AsyncControllerActionInvoker.<BeginInvokeSynchronousActionMethod>b__39(IAsyncResult asyncResult, ActionInvocation innerInvokeState)
   at System.Web.Mvc.Async.AsyncResultWrapper.WrappedAsyncResult`2.CallEndDelegate(IAsyncResult asyncResult)
   at System.Web.Mvc.Async.AsyncResultWrapper.WrappedAsyncResultBase`1.End()
   at System.Web.Mvc.Async.AsyncControllerActionInvoker.EndInvokeActionMethod(IAsyncResult asyncResult)
   at System.Web.Mvc.Async.AsyncControllerActionInvoker.AsyncInvocationWithFilters.<InvokeActionMethodFilterAsynchronouslyRecursive>b__3d()
   at System.Web.Mvc.Async.AsyncControllerActionInvoker.AsyncInvocationWithFilters.<>c__DisplayClass46.<InvokeActionMethodFilterAsynchronouslyRecursive>b__3f()
   at System.Web.Mvc.Async.AsyncControllerActionInvoker.AsyncInvocationWithFilters.<>c__DisplayClass46.<InvokeActionMethodFilterAsynchronouslyRecursive>b__3f()
   at System.Web.Mvc.Async.AsyncControllerActionInvoker.<>c__DisplayClass33.<BeginInvokeActionMethodWithFilters>b__32(IAsyncResult asyncResult)
   at System.Web.Mvc.Async.AsyncResultWrapper.WrappedAsyncResult`1.CallEndDelegate(IAsyncResult asyncResult)
   at System.Web.Mvc.Async.AsyncResultWrapper.WrappedAsyncResultBase`1.End()
   at System.Web.Mvc.Async.AsyncControllerActionInvoker.EndInvokeActionMethodWithFilters(IAsyncResult asyncResult)
   at System.Web.Mvc.Async.AsyncControllerActionInvoker.<>c__DisplayClass21.<>c__DisplayClass2b.<BeginInvokeAction>b__1c()
   at System.Web.Mvc.Async.AsyncControllerActionInvoker.<>c__DisplayClass21.<BeginInvokeAction>b__1e(IAsyncResult asyncResult)
2019-10-04 12:33:42.4937 ERROR CEC.SAISE.EDayModule.Infrastructure.HandleAndLogErrorAttribute.OnException  System.Exception: Unrecognised method call: System.Linq.Queryable:Boolean Contains[TSource](System.Linq.IQueryable`1[TSource], TSource)
   at NHibernate.Impl.ExpressionProcessor.ProcessCustomMethodCall(MethodCallExpression methodCallExpression)
   at NHibernate.Impl.ExpressionProcessor.ProcessBooleanExpression(Expression expression)
   at NHibernate.Impl.ExpressionProcessor.ProcessExpression(Expression expression)
   at NHibernate.Impl.ExpressionProcessor.ProcessOrExpression(BinaryExpression expression)
   at NHibernate.Impl.ExpressionProcessor.ProcessBinaryExpression(BinaryExpression expression)
   at NHibernate.Impl.ExpressionProcessor.ProcessExpression(Expression expression)
   at NHibernate.Criterion.QueryOver`2.NHibernate.IQueryOver<TRoot,TSubType>.And(Expression`1 expression)
   at CEC.SAISE.BLL.Impl.PollingStationStageBll.GetVotingStatsForUser(PageRequest pageRequest, Int64 electionId, Int64 turnoutDataElectionid) in D:\work\CEC\CEC.SRV\src\CEC.SAISE.BLL\Impl\PollingStationStageBll.cs:line 179
   at CEC.SAISE.EDayModule.Controllers.VotingProcessStatsController.ListVotingStatsAjax(JqGridRequest request) in D:\work\CEC\CEC.SRV\src\CEC.SAISE.EDayModule\Controllers\VotingProcessStatsController.cs:line 62
   at lambda_method(Closure , ControllerBase , Object[] )
   at System.Web.Mvc.ActionMethodDispatcher.Execute(ControllerBase controller, Object[] parameters)
   at System.Web.Mvc.ReflectedActionDescriptor.Execute(ControllerContext controllerContext, IDictionary`2 parameters)
   at System.Web.Mvc.ControllerActionInvoker.InvokeActionMethod(ControllerContext controllerContext, ActionDescriptor actionDescriptor, IDictionary`2 parameters)
   at System.Web.Mvc.Async.AsyncControllerActionInvoker.<BeginInvokeSynchronousActionMethod>b__39(IAsyncResult asyncResult, ActionInvocation innerInvokeState)
   at System.Web.Mvc.Async.AsyncResultWrapper.WrappedAsyncResult`2.CallEndDelegate(IAsyncResult asyncResult)
   at System.Web.Mvc.Async.AsyncResultWrapper.WrappedAsyncResultBase`1.End()
   at System.Web.Mvc.Async.AsyncControllerActionInvoker.EndInvokeActionMethod(IAsyncResult asyncResult)
   at System.Web.Mvc.Async.AsyncControllerActionInvoker.AsyncInvocationWithFilters.<InvokeActionMethodFilterAsynchronouslyRecursive>b__3d()
   at System.Web.Mvc.Async.AsyncControllerActionInvoker.AsyncInvocationWithFilters.<>c__DisplayClass46.<InvokeActionMethodFilterAsynchronouslyRecursive>b__3f()
   at System.Web.Mvc.Async.AsyncControllerActionInvoker.AsyncInvocationWithFilters.<>c__DisplayClass46.<InvokeActionMethodFilterAsynchronouslyRecursive>b__3f()
   at System.Web.Mvc.Async.AsyncControllerActionInvoker.<>c__DisplayClass33.<BeginInvokeActionMethodWithFilters>b__32(IAsyncResult asyncResult)
   at System.Web.Mvc.Async.AsyncResultWrapper.WrappedAsyncResult`1.CallEndDelegate(IAsyncResult asyncResult)
   at System.Web.Mvc.Async.AsyncResultWrapper.WrappedAsyncResultBase`1.End()
   at System.Web.Mvc.Async.AsyncControllerActionInvoker.EndInvokeActionMethodWithFilters(IAsyncResult asyncResult)
   at System.Web.Mvc.Async.AsyncControllerActionInvoker.<>c__DisplayClass21.<>c__DisplayClass2b.<BeginInvokeAction>b__1c()
   at System.Web.Mvc.Async.AsyncControllerActionInvoker.<>c__DisplayClass21.<BeginInvokeAction>b__1e(IAsyncResult asyncResult)
2019-10-04 12:34:16.6724 ERROR CEC.SAISE.EDayModule.Infrastructure.HandleAndLogErrorAttribute.OnException  System.Exception: Unrecognised method call: System.Linq.Queryable:Boolean Contains[TSource](System.Linq.IQueryable`1[TSource], TSource)
   at NHibernate.Impl.ExpressionProcessor.ProcessCustomMethodCall(MethodCallExpression methodCallExpression)
   at NHibernate.Impl.ExpressionProcessor.ProcessBooleanExpression(Expression expression)
   at NHibernate.Impl.ExpressionProcessor.ProcessExpression(Expression expression)
   at NHibernate.Impl.ExpressionProcessor.ProcessOrExpression(BinaryExpression expression)
   at NHibernate.Impl.ExpressionProcessor.ProcessBinaryExpression(BinaryExpression expression)
   at NHibernate.Impl.ExpressionProcessor.ProcessExpression(Expression expression)
   at NHibernate.Criterion.QueryOver`2.NHibernate.IQueryOver<TRoot,TSubType>.And(Expression`1 expression)
   at CEC.SAISE.BLL.Impl.PollingStationStageBll.GetVotingStatsForUser(PageRequest pageRequest, Int64 electionId, Int64 turnoutDataElectionid) in D:\work\CEC\CEC.SRV\src\CEC.SAISE.BLL\Impl\PollingStationStageBll.cs:line 179
   at CEC.SAISE.EDayModule.Controllers.VotingProcessStatsController.ListVotingStatsAjax(JqGridRequest request) in D:\work\CEC\CEC.SRV\src\CEC.SAISE.EDayModule\Controllers\VotingProcessStatsController.cs:line 62
   at lambda_method(Closure , ControllerBase , Object[] )
   at System.Web.Mvc.ActionMethodDispatcher.Execute(ControllerBase controller, Object[] parameters)
   at System.Web.Mvc.ReflectedActionDescriptor.Execute(ControllerContext controllerContext, IDictionary`2 parameters)
   at System.Web.Mvc.ControllerActionInvoker.InvokeActionMethod(ControllerContext controllerContext, ActionDescriptor actionDescriptor, IDictionary`2 parameters)
   at System.Web.Mvc.Async.AsyncControllerActionInvoker.<BeginInvokeSynchronousActionMethod>b__39(IAsyncResult asyncResult, ActionInvocation innerInvokeState)
   at System.Web.Mvc.Async.AsyncResultWrapper.WrappedAsyncResult`2.CallEndDelegate(IAsyncResult asyncResult)
   at System.Web.Mvc.Async.AsyncResultWrapper.WrappedAsyncResultBase`1.End()
   at System.Web.Mvc.Async.AsyncControllerActionInvoker.EndInvokeActionMethod(IAsyncResult asyncResult)
   at System.Web.Mvc.Async.AsyncControllerActionInvoker.AsyncInvocationWithFilters.<InvokeActionMethodFilterAsynchronouslyRecursive>b__3d()
   at System.Web.Mvc.Async.AsyncControllerActionInvoker.AsyncInvocationWithFilters.<>c__DisplayClass46.<InvokeActionMethodFilterAsynchronouslyRecursive>b__3f()
   at System.Web.Mvc.Async.AsyncControllerActionInvoker.AsyncInvocationWithFilters.<>c__DisplayClass46.<InvokeActionMethodFilterAsynchronouslyRecursive>b__3f()
   at System.Web.Mvc.Async.AsyncControllerActionInvoker.<>c__DisplayClass33.<BeginInvokeActionMethodWithFilters>b__32(IAsyncResult asyncResult)
   at System.Web.Mvc.Async.AsyncResultWrapper.WrappedAsyncResult`1.CallEndDelegate(IAsyncResult asyncResult)
   at System.Web.Mvc.Async.AsyncResultWrapper.WrappedAsyncResultBase`1.End()
   at System.Web.Mvc.Async.AsyncControllerActionInvoker.EndInvokeActionMethodWithFilters(IAsyncResult asyncResult)
   at System.Web.Mvc.Async.AsyncControllerActionInvoker.<>c__DisplayClass21.<>c__DisplayClass2b.<BeginInvokeAction>b__1c()
   at System.Web.Mvc.Async.AsyncControllerActionInvoker.<>c__DisplayClass21.<BeginInvokeAction>b__1e(IAsyncResult asyncResult)
2019-10-04 12:41:30.2242 ERROR CEC.SAISE.EDayModule.Infrastructure.HandleAndLogErrorAttribute.OnException  NHibernate.QueryException: could not resolve property: CS$<>8__locals1 of: CEC.SAISE.Domain.AssignedPollingStation
   at NHibernate.Persister.Entity.AbstractPropertyMapping.ToType(String propertyName)
   at NHibernate.Persister.Entity.AbstractEntityPersister.GetSubclassPropertyTableNumber(String propertyPath)
   at NHibernate.Persister.Entity.BasicEntityPropertyMapping.ToColumns(String alias, String propertyName)
   at NHibernate.Persister.Entity.AbstractEntityPersister.ToColumns(String alias, String propertyName)
   at NHibernate.Loader.Criteria.CriteriaQueryTranslator.GetColumns(ICriteria subcriteria, String propertyName)
   at NHibernate.Loader.Criteria.CriteriaQueryTranslator.GetColumnsUsingProjection(ICriteria subcriteria, String propertyName)
   at NHibernate.Criterion.CriterionUtil.GetColumnNamesUsingPropertyName(ICriteriaQuery criteriaQuery, ICriteria criteria, String propertyName, Object value, ICriterion critertion)
   at NHibernate.Criterion.SimpleExpression.ToSqlString(ICriteria criteria, ICriteriaQuery criteriaQuery, IDictionary`2 enabledFilters)
   at NHibernate.Criterion.LogicalExpression.ToSqlString(ICriteria criteria, ICriteriaQuery criteriaQuery, IDictionary`2 enabledFilters)
   at NHibernate.Loader.Criteria.CriteriaQueryTranslator.GetWhereCondition(IDictionary`2 enabledFilters)
   at NHibernate.Loader.Criteria.CriteriaJoinWalker..ctor(IOuterJoinLoadable persister, CriteriaQueryTranslator translator, ISessionFactoryImplementor factory, ICriteria criteria, String rootEntityName, IDictionary`2 enabledFilters)
   at NHibernate.Loader.Criteria.CriteriaLoader..ctor(IOuterJoinLoadable persister, ISessionFactoryImplementor factory, CriteriaImpl rootCriteria, String rootEntityName, IDictionary`2 enabledFilters)
   at NHibernate.Impl.MultiCriteriaImpl.CreateCriteriaLoaders()
   at NHibernate.Impl.MultiCriteriaImpl.List()
   at NHibernate.Impl.FutureCriteriaBatch.GetResultsFrom(IMultiCriteria multiApproach)
   at NHibernate.Impl.FutureBatch`2.GetResults()
   at NHibernate.Impl.FutureBatch`2.GetCurrentResult[TResult](Int32 currentIndex)
   at NHibernate.Impl.FutureBatch`2.<>c__DisplayClass1`1.<GetFutureValue>b__0()
   at NHibernate.Impl.FutureValue`1.get_Value()
   at Amdaris.NHibernateProvider.Utils.PageHelper.CreatePage[T](ICriteria criteria, PageRequest request, ICriteria countCriteria)
   at Amdaris.NHibernateProvider.Utils.PageHelper.CreatePage[T](ICriteria criteria, PageRequest request)
   at CEC.SAISE.BLL.Impl.PollingStationStageBll.GetVotingStatsForUser(PageRequest pageRequest, Int64 electionId, Int64 turnoutDataElectionid) in D:\work\CEC\CEC.SRV\src\CEC.SAISE.BLL\Impl\PollingStationStageBll.cs:line 188
   at CEC.SAISE.EDayModule.Controllers.VotingProcessStatsController.ListVotingStatsAjax(JqGridRequest request) in D:\work\CEC\CEC.SRV\src\CEC.SAISE.EDayModule\Controllers\VotingProcessStatsController.cs:line 62
   at lambda_method(Closure , ControllerBase , Object[] )
   at System.Web.Mvc.ActionMethodDispatcher.Execute(ControllerBase controller, Object[] parameters)
   at System.Web.Mvc.ReflectedActionDescriptor.Execute(ControllerContext controllerContext, IDictionary`2 parameters)
   at System.Web.Mvc.ControllerActionInvoker.InvokeActionMethod(ControllerContext controllerContext, ActionDescriptor actionDescriptor, IDictionary`2 parameters)
   at System.Web.Mvc.Async.AsyncControllerActionInvoker.<BeginInvokeSynchronousActionMethod>b__39(IAsyncResult asyncResult, ActionInvocation innerInvokeState)
   at System.Web.Mvc.Async.AsyncResultWrapper.WrappedAsyncResult`2.CallEndDelegate(IAsyncResult asyncResult)
   at System.Web.Mvc.Async.AsyncResultWrapper.WrappedAsyncResultBase`1.End()
   at System.Web.Mvc.Async.AsyncControllerActionInvoker.EndInvokeActionMethod(IAsyncResult asyncResult)
   at System.Web.Mvc.Async.AsyncControllerActionInvoker.AsyncInvocationWithFilters.<InvokeActionMethodFilterAsynchronouslyRecursive>b__3d()
   at System.Web.Mvc.Async.AsyncControllerActionInvoker.AsyncInvocationWithFilters.<>c__DisplayClass46.<InvokeActionMethodFilterAsynchronouslyRecursive>b__3f()
   at System.Web.Mvc.Async.AsyncControllerActionInvoker.AsyncInvocationWithFilters.<>c__DisplayClass46.<InvokeActionMethodFilterAsynchronouslyRecursive>b__3f()
   at System.Web.Mvc.Async.AsyncControllerActionInvoker.<>c__DisplayClass33.<BeginInvokeActionMethodWithFilters>b__32(IAsyncResult asyncResult)
   at System.Web.Mvc.Async.AsyncResultWrapper.WrappedAsyncResult`1.CallEndDelegate(IAsyncResult asyncResult)
   at System.Web.Mvc.Async.AsyncResultWrapper.WrappedAsyncResultBase`1.End()
   at System.Web.Mvc.Async.AsyncControllerActionInvoker.EndInvokeActionMethodWithFilters(IAsyncResult asyncResult)
   at System.Web.Mvc.Async.AsyncControllerActionInvoker.<>c__DisplayClass21.<>c__DisplayClass2b.<BeginInvokeAction>b__1c()
   at System.Web.Mvc.Async.AsyncControllerActionInvoker.<>c__DisplayClass21.<BeginInvokeAction>b__1e(IAsyncResult asyncResult)
2019-10-04 12:41:36.5010 ERROR CEC.SAISE.EDayModule.Infrastructure.HandleAndLogErrorAttribute.OnException  NHibernate.QueryException: could not resolve property: CS$<>8__locals1 of: CEC.SAISE.Domain.AssignedPollingStation
   at NHibernate.Persister.Entity.AbstractPropertyMapping.ToType(String propertyName)
   at NHibernate.Persister.Entity.AbstractEntityPersister.GetSubclassPropertyTableNumber(String propertyPath)
   at NHibernate.Persister.Entity.BasicEntityPropertyMapping.ToColumns(String alias, String propertyName)
   at NHibernate.Persister.Entity.AbstractEntityPersister.ToColumns(String alias, String propertyName)
   at NHibernate.Loader.Criteria.CriteriaQueryTranslator.GetColumns(ICriteria subcriteria, String propertyName)
   at NHibernate.Loader.Criteria.CriteriaQueryTranslator.GetColumnsUsingProjection(ICriteria subcriteria, String propertyName)
   at NHibernate.Criterion.CriterionUtil.GetColumnNamesUsingPropertyName(ICriteriaQuery criteriaQuery, ICriteria criteria, String propertyName, Object value, ICriterion critertion)
   at NHibernate.Criterion.SimpleExpression.ToSqlString(ICriteria criteria, ICriteriaQuery criteriaQuery, IDictionary`2 enabledFilters)
   at NHibernate.Criterion.LogicalExpression.ToSqlString(ICriteria criteria, ICriteriaQuery criteriaQuery, IDictionary`2 enabledFilters)
   at NHibernate.Loader.Criteria.CriteriaQueryTranslator.GetWhereCondition(IDictionary`2 enabledFilters)
   at NHibernate.Loader.Criteria.CriteriaJoinWalker..ctor(IOuterJoinLoadable persister, CriteriaQueryTranslator translator, ISessionFactoryImplementor factory, ICriteria criteria, String rootEntityName, IDictionary`2 enabledFilters)
   at NHibernate.Loader.Criteria.CriteriaLoader..ctor(IOuterJoinLoadable persister, ISessionFactoryImplementor factory, CriteriaImpl rootCriteria, String rootEntityName, IDictionary`2 enabledFilters)
   at NHibernate.Impl.MultiCriteriaImpl.CreateCriteriaLoaders()
   at NHibernate.Impl.MultiCriteriaImpl.List()
   at NHibernate.Impl.FutureCriteriaBatch.GetResultsFrom(IMultiCriteria multiApproach)
   at NHibernate.Impl.FutureBatch`2.GetResults()
   at NHibernate.Impl.FutureBatch`2.GetCurrentResult[TResult](Int32 currentIndex)
   at NHibernate.Impl.FutureBatch`2.<>c__DisplayClass1`1.<GetFutureValue>b__0()
   at NHibernate.Impl.FutureValue`1.get_Value()
   at Amdaris.NHibernateProvider.Utils.PageHelper.CreatePage[T](ICriteria criteria, PageRequest request, ICriteria countCriteria)
   at Amdaris.NHibernateProvider.Utils.PageHelper.CreatePage[T](ICriteria criteria, PageRequest request)
   at CEC.SAISE.BLL.Impl.PollingStationStageBll.GetVotingStatsForUser(PageRequest pageRequest, Int64 electionId, Int64 turnoutDataElectionid) in D:\work\CEC\CEC.SRV\src\CEC.SAISE.BLL\Impl\PollingStationStageBll.cs:line 188
   at CEC.SAISE.EDayModule.Controllers.VotingProcessStatsController.ListVotingStatsAjax(JqGridRequest request) in D:\work\CEC\CEC.SRV\src\CEC.SAISE.EDayModule\Controllers\VotingProcessStatsController.cs:line 62
   at lambda_method(Closure , ControllerBase , Object[] )
   at System.Web.Mvc.ActionMethodDispatcher.Execute(ControllerBase controller, Object[] parameters)
   at System.Web.Mvc.ReflectedActionDescriptor.Execute(ControllerContext controllerContext, IDictionary`2 parameters)
   at System.Web.Mvc.ControllerActionInvoker.InvokeActionMethod(ControllerContext controllerContext, ActionDescriptor actionDescriptor, IDictionary`2 parameters)
   at System.Web.Mvc.Async.AsyncControllerActionInvoker.<BeginInvokeSynchronousActionMethod>b__39(IAsyncResult asyncResult, ActionInvocation innerInvokeState)
   at System.Web.Mvc.Async.AsyncResultWrapper.WrappedAsyncResult`2.CallEndDelegate(IAsyncResult asyncResult)
   at System.Web.Mvc.Async.AsyncResultWrapper.WrappedAsyncResultBase`1.End()
   at System.Web.Mvc.Async.AsyncControllerActionInvoker.EndInvokeActionMethod(IAsyncResult asyncResult)
   at System.Web.Mvc.Async.AsyncControllerActionInvoker.AsyncInvocationWithFilters.<InvokeActionMethodFilterAsynchronouslyRecursive>b__3d()
   at System.Web.Mvc.Async.AsyncControllerActionInvoker.AsyncInvocationWithFilters.<>c__DisplayClass46.<InvokeActionMethodFilterAsynchronouslyRecursive>b__3f()
   at System.Web.Mvc.Async.AsyncControllerActionInvoker.AsyncInvocationWithFilters.<>c__DisplayClass46.<InvokeActionMethodFilterAsynchronouslyRecursive>b__3f()
   at System.Web.Mvc.Async.AsyncControllerActionInvoker.<>c__DisplayClass33.<BeginInvokeActionMethodWithFilters>b__32(IAsyncResult asyncResult)
   at System.Web.Mvc.Async.AsyncResultWrapper.WrappedAsyncResult`1.CallEndDelegate(IAsyncResult asyncResult)
   at System.Web.Mvc.Async.AsyncResultWrapper.WrappedAsyncResultBase`1.End()
   at System.Web.Mvc.Async.AsyncControllerActionInvoker.EndInvokeActionMethodWithFilters(IAsyncResult asyncResult)
   at System.Web.Mvc.Async.AsyncControllerActionInvoker.<>c__DisplayClass21.<>c__DisplayClass2b.<BeginInvokeAction>b__1c()
   at System.Web.Mvc.Async.AsyncControllerActionInvoker.<>c__DisplayClass21.<BeginInvokeAction>b__1e(IAsyncResult asyncResult)
2019-10-04 12:41:44.6802 ERROR CEC.SAISE.EDayModule.Infrastructure.HandleAndLogErrorAttribute.OnException  NHibernate.QueryException: could not resolve property: CS$<>8__locals1 of: CEC.SAISE.Domain.AssignedPollingStation
   at NHibernate.Persister.Entity.AbstractPropertyMapping.ToType(String propertyName)
   at NHibernate.Persister.Entity.AbstractEntityPersister.GetSubclassPropertyTableNumber(String propertyPath)
   at NHibernate.Persister.Entity.BasicEntityPropertyMapping.ToColumns(String alias, String propertyName)
   at NHibernate.Persister.Entity.AbstractEntityPersister.ToColumns(String alias, String propertyName)
   at NHibernate.Loader.Criteria.CriteriaQueryTranslator.GetColumns(ICriteria subcriteria, String propertyName)
   at NHibernate.Loader.Criteria.CriteriaQueryTranslator.GetColumnsUsingProjection(ICriteria subcriteria, String propertyName)
   at NHibernate.Criterion.CriterionUtil.GetColumnNamesUsingPropertyName(ICriteriaQuery criteriaQuery, ICriteria criteria, String propertyName, Object value, ICriterion critertion)
   at NHibernate.Criterion.SimpleExpression.ToSqlString(ICriteria criteria, ICriteriaQuery criteriaQuery, IDictionary`2 enabledFilters)
   at NHibernate.Criterion.LogicalExpression.ToSqlString(ICriteria criteria, ICriteriaQuery criteriaQuery, IDictionary`2 enabledFilters)
   at NHibernate.Loader.Criteria.CriteriaQueryTranslator.GetWhereCondition(IDictionary`2 enabledFilters)
   at NHibernate.Loader.Criteria.CriteriaJoinWalker..ctor(IOuterJoinLoadable persister, CriteriaQueryTranslator translator, ISessionFactoryImplementor factory, ICriteria criteria, String rootEntityName, IDictionary`2 enabledFilters)
   at NHibernate.Loader.Criteria.CriteriaLoader..ctor(IOuterJoinLoadable persister, ISessionFactoryImplementor factory, CriteriaImpl rootCriteria, String rootEntityName, IDictionary`2 enabledFilters)
   at NHibernate.Impl.MultiCriteriaImpl.CreateCriteriaLoaders()
   at NHibernate.Impl.MultiCriteriaImpl.List()
   at NHibernate.Impl.FutureCriteriaBatch.GetResultsFrom(IMultiCriteria multiApproach)
   at NHibernate.Impl.FutureBatch`2.GetResults()
   at NHibernate.Impl.FutureBatch`2.GetCurrentResult[TResult](Int32 currentIndex)
   at NHibernate.Impl.FutureBatch`2.<>c__DisplayClass1`1.<GetFutureValue>b__0()
   at NHibernate.Impl.FutureValue`1.get_Value()
   at Amdaris.NHibernateProvider.Utils.PageHelper.CreatePage[T](ICriteria criteria, PageRequest request, ICriteria countCriteria)
   at Amdaris.NHibernateProvider.Utils.PageHelper.CreatePage[T](ICriteria criteria, PageRequest request)
   at CEC.SAISE.BLL.Impl.PollingStationStageBll.GetVotingStatsForUser(PageRequest pageRequest, Int64 electionId, Int64 turnoutDataElectionid) in D:\work\CEC\CEC.SRV\src\CEC.SAISE.BLL\Impl\PollingStationStageBll.cs:line 188
   at CEC.SAISE.EDayModule.Controllers.VotingProcessStatsController.ListVotingStatsAjax(JqGridRequest request) in D:\work\CEC\CEC.SRV\src\CEC.SAISE.EDayModule\Controllers\VotingProcessStatsController.cs:line 62
   at lambda_method(Closure , ControllerBase , Object[] )
   at System.Web.Mvc.ActionMethodDispatcher.Execute(ControllerBase controller, Object[] parameters)
   at System.Web.Mvc.ReflectedActionDescriptor.Execute(ControllerContext controllerContext, IDictionary`2 parameters)
   at System.Web.Mvc.ControllerActionInvoker.InvokeActionMethod(ControllerContext controllerContext, ActionDescriptor actionDescriptor, IDictionary`2 parameters)
   at System.Web.Mvc.Async.AsyncControllerActionInvoker.<BeginInvokeSynchronousActionMethod>b__39(IAsyncResult asyncResult, ActionInvocation innerInvokeState)
   at System.Web.Mvc.Async.AsyncResultWrapper.WrappedAsyncResult`2.CallEndDelegate(IAsyncResult asyncResult)
   at System.Web.Mvc.Async.AsyncResultWrapper.WrappedAsyncResultBase`1.End()
   at System.Web.Mvc.Async.AsyncControllerActionInvoker.EndInvokeActionMethod(IAsyncResult asyncResult)
   at System.Web.Mvc.Async.AsyncControllerActionInvoker.AsyncInvocationWithFilters.<InvokeActionMethodFilterAsynchronouslyRecursive>b__3d()
   at System.Web.Mvc.Async.AsyncControllerActionInvoker.AsyncInvocationWithFilters.<>c__DisplayClass46.<InvokeActionMethodFilterAsynchronouslyRecursive>b__3f()
   at System.Web.Mvc.Async.AsyncControllerActionInvoker.AsyncInvocationWithFilters.<>c__DisplayClass46.<InvokeActionMethodFilterAsynchronouslyRecursive>b__3f()
   at System.Web.Mvc.Async.AsyncControllerActionInvoker.<>c__DisplayClass33.<BeginInvokeActionMethodWithFilters>b__32(IAsyncResult asyncResult)
   at System.Web.Mvc.Async.AsyncResultWrapper.WrappedAsyncResult`1.CallEndDelegate(IAsyncResult asyncResult)
   at System.Web.Mvc.Async.AsyncResultWrapper.WrappedAsyncResultBase`1.End()
   at System.Web.Mvc.Async.AsyncControllerActionInvoker.EndInvokeActionMethodWithFilters(IAsyncResult asyncResult)
   at System.Web.Mvc.Async.AsyncControllerActionInvoker.<>c__DisplayClass21.<>c__DisplayClass2b.<BeginInvokeAction>b__1c()
   at System.Web.Mvc.Async.AsyncControllerActionInvoker.<>c__DisplayClass21.<BeginInvokeAction>b__1e(IAsyncResult asyncResult)
2019-10-04 12:41:53.8025 ERROR CEC.SAISE.EDayModule.Infrastructure.HandleAndLogErrorAttribute.OnException  NHibernate.QueryException: could not resolve property: CS$<>8__locals1 of: CEC.SAISE.Domain.AssignedPollingStation
   at NHibernate.Persister.Entity.AbstractPropertyMapping.ToType(String propertyName)
   at NHibernate.Persister.Entity.AbstractEntityPersister.GetSubclassPropertyTableNumber(String propertyPath)
   at NHibernate.Persister.Entity.BasicEntityPropertyMapping.ToColumns(String alias, String propertyName)
   at NHibernate.Persister.Entity.AbstractEntityPersister.ToColumns(String alias, String propertyName)
   at NHibernate.Loader.Criteria.CriteriaQueryTranslator.GetColumns(ICriteria subcriteria, String propertyName)
   at NHibernate.Loader.Criteria.CriteriaQueryTranslator.GetColumnsUsingProjection(ICriteria subcriteria, String propertyName)
   at NHibernate.Criterion.CriterionUtil.GetColumnNamesUsingPropertyName(ICriteriaQuery criteriaQuery, ICriteria criteria, String propertyName, Object value, ICriterion critertion)
   at NHibernate.Criterion.SimpleExpression.ToSqlString(ICriteria criteria, ICriteriaQuery criteriaQuery, IDictionary`2 enabledFilters)
   at NHibernate.Criterion.LogicalExpression.ToSqlString(ICriteria criteria, ICriteriaQuery criteriaQuery, IDictionary`2 enabledFilters)
   at NHibernate.Loader.Criteria.CriteriaQueryTranslator.GetWhereCondition(IDictionary`2 enabledFilters)
   at NHibernate.Loader.Criteria.CriteriaJoinWalker..ctor(IOuterJoinLoadable persister, CriteriaQueryTranslator translator, ISessionFactoryImplementor factory, ICriteria criteria, String rootEntityName, IDictionary`2 enabledFilters)
   at NHibernate.Loader.Criteria.CriteriaLoader..ctor(IOuterJoinLoadable persister, ISessionFactoryImplementor factory, CriteriaImpl rootCriteria, String rootEntityName, IDictionary`2 enabledFilters)
   at NHibernate.Impl.MultiCriteriaImpl.CreateCriteriaLoaders()
   at NHibernate.Impl.MultiCriteriaImpl.List()
   at NHibernate.Impl.FutureCriteriaBatch.GetResultsFrom(IMultiCriteria multiApproach)
   at NHibernate.Impl.FutureBatch`2.GetResults()
   at NHibernate.Impl.FutureBatch`2.GetCurrentResult[TResult](Int32 currentIndex)
   at NHibernate.Impl.FutureBatch`2.<>c__DisplayClass1`1.<GetFutureValue>b__0()
   at NHibernate.Impl.FutureValue`1.get_Value()
   at Amdaris.NHibernateProvider.Utils.PageHelper.CreatePage[T](ICriteria criteria, PageRequest request, ICriteria countCriteria)
   at Amdaris.NHibernateProvider.Utils.PageHelper.CreatePage[T](ICriteria criteria, PageRequest request)
   at CEC.SAISE.BLL.Impl.PollingStationStageBll.GetVotingStatsForUser(PageRequest pageRequest, Int64 electionId, Int64 turnoutDataElectionid) in D:\work\CEC\CEC.SRV\src\CEC.SAISE.BLL\Impl\PollingStationStageBll.cs:line 188
   at CEC.SAISE.EDayModule.Controllers.VotingProcessStatsController.ListVotingStatsAjax(JqGridRequest request) in D:\work\CEC\CEC.SRV\src\CEC.SAISE.EDayModule\Controllers\VotingProcessStatsController.cs:line 62
   at lambda_method(Closure , ControllerBase , Object[] )
   at System.Web.Mvc.ActionMethodDispatcher.Execute(ControllerBase controller, Object[] parameters)
   at System.Web.Mvc.ReflectedActionDescriptor.Execute(ControllerContext controllerContext, IDictionary`2 parameters)
   at System.Web.Mvc.ControllerActionInvoker.InvokeActionMethod(ControllerContext controllerContext, ActionDescriptor actionDescriptor, IDictionary`2 parameters)
   at System.Web.Mvc.Async.AsyncControllerActionInvoker.<BeginInvokeSynchronousActionMethod>b__39(IAsyncResult asyncResult, ActionInvocation innerInvokeState)
   at System.Web.Mvc.Async.AsyncResultWrapper.WrappedAsyncResult`2.CallEndDelegate(IAsyncResult asyncResult)
   at System.Web.Mvc.Async.AsyncResultWrapper.WrappedAsyncResultBase`1.End()
   at System.Web.Mvc.Async.AsyncControllerActionInvoker.EndInvokeActionMethod(IAsyncResult asyncResult)
   at System.Web.Mvc.Async.AsyncControllerActionInvoker.AsyncInvocationWithFilters.<InvokeActionMethodFilterAsynchronouslyRecursive>b__3d()
   at System.Web.Mvc.Async.AsyncControllerActionInvoker.AsyncInvocationWithFilters.<>c__DisplayClass46.<InvokeActionMethodFilterAsynchronouslyRecursive>b__3f()
   at System.Web.Mvc.Async.AsyncControllerActionInvoker.AsyncInvocationWithFilters.<>c__DisplayClass46.<InvokeActionMethodFilterAsynchronouslyRecursive>b__3f()
   at System.Web.Mvc.Async.AsyncControllerActionInvoker.<>c__DisplayClass33.<BeginInvokeActionMethodWithFilters>b__32(IAsyncResult asyncResult)
   at System.Web.Mvc.Async.AsyncResultWrapper.WrappedAsyncResult`1.CallEndDelegate(IAsyncResult asyncResult)
   at System.Web.Mvc.Async.AsyncResultWrapper.WrappedAsyncResultBase`1.End()
   at System.Web.Mvc.Async.AsyncControllerActionInvoker.EndInvokeActionMethodWithFilters(IAsyncResult asyncResult)
   at System.Web.Mvc.Async.AsyncControllerActionInvoker.<>c__DisplayClass21.<>c__DisplayClass2b.<BeginInvokeAction>b__1c()
   at System.Web.Mvc.Async.AsyncControllerActionInvoker.<>c__DisplayClass21.<BeginInvokeAction>b__1e(IAsyncResult asyncResult)
2019-10-04 12:44:32.6439 ERROR CEC.SAISE.EDayModule.Infrastructure.HandleAndLogErrorAttribute.OnException  System.NullReferenceException: Object reference not set to an instance of an object.
   at CEC.SAISE.EDayModule.Infrastructure.Grids.JqGridExtensions.CreateResponse[T](PageResponse`1 pageResponse) in D:\work\CEC\CEC.SRV\src\CEC.SAISE.EDayModule\Infrastructure\Grids\HtmlGridExtensions.cs:line 187
   at CEC.SAISE.EDayModule.Infrastructure.Grids.JqGridExtensions.ToJqGridJsonResult[T,TModel](PageResponse`1 pageResponse, Func`2 convertMethod) in D:\work\CEC\CEC.SRV\src\CEC.SAISE.EDayModule\Infrastructure\Grids\HtmlGridExtensions.cs:line 212
   at CEC.SAISE.EDayModule.Infrastructure.Grids.JqGridExtensions.ToJqGridJsonResult[T,TModel](PageResponse`1 pageResponse) in D:\work\CEC\CEC.SRV\src\CEC.SAISE.EDayModule\Infrastructure\Grids\HtmlGridExtensions.cs:line 203
   at CEC.SAISE.EDayModule.Controllers.VotingProcessStatsController.ListVotingStatsAjax(JqGridRequest request) in D:\work\CEC\CEC.SRV\src\CEC.SAISE.EDayModule\Controllers\VotingProcessStatsController.cs:line 64
   at lambda_method(Closure , ControllerBase , Object[] )
   at System.Web.Mvc.ActionMethodDispatcher.Execute(ControllerBase controller, Object[] parameters)
   at System.Web.Mvc.ReflectedActionDescriptor.Execute(ControllerContext controllerContext, IDictionary`2 parameters)
   at System.Web.Mvc.ControllerActionInvoker.InvokeActionMethod(ControllerContext controllerContext, ActionDescriptor actionDescriptor, IDictionary`2 parameters)
   at System.Web.Mvc.Async.AsyncControllerActionInvoker.<BeginInvokeSynchronousActionMethod>b__39(IAsyncResult asyncResult, ActionInvocation innerInvokeState)
   at System.Web.Mvc.Async.AsyncResultWrapper.WrappedAsyncResult`2.CallEndDelegate(IAsyncResult asyncResult)
   at System.Web.Mvc.Async.AsyncResultWrapper.WrappedAsyncResultBase`1.End()
   at System.Web.Mvc.Async.AsyncControllerActionInvoker.EndInvokeActionMethod(IAsyncResult asyncResult)
   at System.Web.Mvc.Async.AsyncControllerActionInvoker.AsyncInvocationWithFilters.<InvokeActionMethodFilterAsynchronouslyRecursive>b__3d()
   at System.Web.Mvc.Async.AsyncControllerActionInvoker.AsyncInvocationWithFilters.<>c__DisplayClass46.<InvokeActionMethodFilterAsynchronouslyRecursive>b__3f()
   at System.Web.Mvc.Async.AsyncControllerActionInvoker.AsyncInvocationWithFilters.<>c__DisplayClass46.<InvokeActionMethodFilterAsynchronouslyRecursive>b__3f()
   at System.Web.Mvc.Async.AsyncControllerActionInvoker.<>c__DisplayClass33.<BeginInvokeActionMethodWithFilters>b__32(IAsyncResult asyncResult)
   at System.Web.Mvc.Async.AsyncResultWrapper.WrappedAsyncResult`1.CallEndDelegate(IAsyncResult asyncResult)
   at System.Web.Mvc.Async.AsyncResultWrapper.WrappedAsyncResultBase`1.End()
   at System.Web.Mvc.Async.AsyncControllerActionInvoker.EndInvokeActionMethodWithFilters(IAsyncResult asyncResult)
   at System.Web.Mvc.Async.AsyncControllerActionInvoker.<>c__DisplayClass21.<>c__DisplayClass2b.<BeginInvokeAction>b__1c()
   at System.Web.Mvc.Async.AsyncControllerActionInvoker.<>c__DisplayClass21.<BeginInvokeAction>b__1e(IAsyncResult asyncResult)
2019-10-04 12:46:06.9375 ERROR CEC.SAISE.EDayModule.Infrastructure.HandleAndLogErrorAttribute.OnException  System.NullReferenceException: Object reference not set to an instance of an object.
   at CEC.SAISE.EDayModule.Infrastructure.Grids.JqGridExtensions.CreateResponse[T](PageResponse`1 pageResponse) in D:\work\CEC\CEC.SRV\src\CEC.SAISE.EDayModule\Infrastructure\Grids\HtmlGridExtensions.cs:line 187
   at CEC.SAISE.EDayModule.Infrastructure.Grids.JqGridExtensions.ToJqGridJsonResult[T,TModel](PageResponse`1 pageResponse, Func`2 convertMethod) in D:\work\CEC\CEC.SRV\src\CEC.SAISE.EDayModule\Infrastructure\Grids\HtmlGridExtensions.cs:line 212
   at CEC.SAISE.EDayModule.Infrastructure.Grids.JqGridExtensions.ToJqGridJsonResult[T,TModel](PageResponse`1 pageResponse) in D:\work\CEC\CEC.SRV\src\CEC.SAISE.EDayModule\Infrastructure\Grids\HtmlGridExtensions.cs:line 203
   at CEC.SAISE.EDayModule.Controllers.VotingProcessStatsController.ListVotingStatsAjax(JqGridRequest request) in D:\work\CEC\CEC.SRV\src\CEC.SAISE.EDayModule\Controllers\VotingProcessStatsController.cs:line 64
   at lambda_method(Closure , ControllerBase , Object[] )
   at System.Web.Mvc.ActionMethodDispatcher.Execute(ControllerBase controller, Object[] parameters)
   at System.Web.Mvc.ReflectedActionDescriptor.Execute(ControllerContext controllerContext, IDictionary`2 parameters)
   at System.Web.Mvc.ControllerActionInvoker.InvokeActionMethod(ControllerContext controllerContext, ActionDescriptor actionDescriptor, IDictionary`2 parameters)
   at System.Web.Mvc.Async.AsyncControllerActionInvoker.<BeginInvokeSynchronousActionMethod>b__39(IAsyncResult asyncResult, ActionInvocation innerInvokeState)
   at System.Web.Mvc.Async.AsyncResultWrapper.WrappedAsyncResult`2.CallEndDelegate(IAsyncResult asyncResult)
   at System.Web.Mvc.Async.AsyncResultWrapper.WrappedAsyncResultBase`1.End()
   at System.Web.Mvc.Async.AsyncControllerActionInvoker.EndInvokeActionMethod(IAsyncResult asyncResult)
   at System.Web.Mvc.Async.AsyncControllerActionInvoker.AsyncInvocationWithFilters.<InvokeActionMethodFilterAsynchronouslyRecursive>b__3d()
   at System.Web.Mvc.Async.AsyncControllerActionInvoker.AsyncInvocationWithFilters.<>c__DisplayClass46.<InvokeActionMethodFilterAsynchronouslyRecursive>b__3f()
   at System.Web.Mvc.Async.AsyncControllerActionInvoker.AsyncInvocationWithFilters.<>c__DisplayClass46.<InvokeActionMethodFilterAsynchronouslyRecursive>b__3f()
   at System.Web.Mvc.Async.AsyncControllerActionInvoker.<>c__DisplayClass33.<BeginInvokeActionMethodWithFilters>b__32(IAsyncResult asyncResult)
   at System.Web.Mvc.Async.AsyncResultWrapper.WrappedAsyncResult`1.CallEndDelegate(IAsyncResult asyncResult)
   at System.Web.Mvc.Async.AsyncResultWrapper.WrappedAsyncResultBase`1.End()
   at System.Web.Mvc.Async.AsyncControllerActionInvoker.EndInvokeActionMethodWithFilters(IAsyncResult asyncResult)
   at System.Web.Mvc.Async.AsyncControllerActionInvoker.<>c__DisplayClass21.<>c__DisplayClass2b.<BeginInvokeAction>b__1c()
   at System.Web.Mvc.Async.AsyncControllerActionInvoker.<>c__DisplayClass21.<BeginInvokeAction>b__1e(IAsyncResult asyncResult)
2019-10-04 12:47:38.4298 ERROR CEC.SAISE.EDayModule.Infrastructure.HandleAndLogErrorAttribute.OnException  System.NullReferenceException: Object reference not set to an instance of an object.
   at CEC.SAISE.EDayModule.Infrastructure.Grids.JqGridExtensions.CreateResponse[T](PageResponse`1 pageResponse) in D:\work\CEC\CEC.SRV\src\CEC.SAISE.EDayModule\Infrastructure\Grids\HtmlGridExtensions.cs:line 187
   at CEC.SAISE.EDayModule.Infrastructure.Grids.JqGridExtensions.ToJqGridJsonResult[T,TModel](PageResponse`1 pageResponse, Func`2 convertMethod) in D:\work\CEC\CEC.SRV\src\CEC.SAISE.EDayModule\Infrastructure\Grids\HtmlGridExtensions.cs:line 212
   at CEC.SAISE.EDayModule.Infrastructure.Grids.JqGridExtensions.ToJqGridJsonResult[T,TModel](PageResponse`1 pageResponse) in D:\work\CEC\CEC.SRV\src\CEC.SAISE.EDayModule\Infrastructure\Grids\HtmlGridExtensions.cs:line 203
   at CEC.SAISE.EDayModule.Controllers.VotingProcessStatsController.ListVotingStatsAjax(JqGridRequest request) in D:\work\CEC\CEC.SRV\src\CEC.SAISE.EDayModule\Controllers\VotingProcessStatsController.cs:line 64
   at lambda_method(Closure , ControllerBase , Object[] )
   at System.Web.Mvc.ActionMethodDispatcher.Execute(ControllerBase controller, Object[] parameters)
   at System.Web.Mvc.ReflectedActionDescriptor.Execute(ControllerContext controllerContext, IDictionary`2 parameters)
   at System.Web.Mvc.ControllerActionInvoker.InvokeActionMethod(ControllerContext controllerContext, ActionDescriptor actionDescriptor, IDictionary`2 parameters)
   at System.Web.Mvc.Async.AsyncControllerActionInvoker.<BeginInvokeSynchronousActionMethod>b__39(IAsyncResult asyncResult, ActionInvocation innerInvokeState)
   at System.Web.Mvc.Async.AsyncResultWrapper.WrappedAsyncResult`2.CallEndDelegate(IAsyncResult asyncResult)
   at System.Web.Mvc.Async.AsyncResultWrapper.WrappedAsyncResultBase`1.End()
   at System.Web.Mvc.Async.AsyncControllerActionInvoker.EndInvokeActionMethod(IAsyncResult asyncResult)
   at System.Web.Mvc.Async.AsyncControllerActionInvoker.AsyncInvocationWithFilters.<InvokeActionMethodFilterAsynchronouslyRecursive>b__3d()
   at System.Web.Mvc.Async.AsyncControllerActionInvoker.AsyncInvocationWithFilters.<>c__DisplayClass46.<InvokeActionMethodFilterAsynchronouslyRecursive>b__3f()
   at System.Web.Mvc.Async.AsyncControllerActionInvoker.AsyncInvocationWithFilters.<>c__DisplayClass46.<InvokeActionMethodFilterAsynchronouslyRecursive>b__3f()
   at System.Web.Mvc.Async.AsyncControllerActionInvoker.<>c__DisplayClass33.<BeginInvokeActionMethodWithFilters>b__32(IAsyncResult asyncResult)
   at System.Web.Mvc.Async.AsyncResultWrapper.WrappedAsyncResult`1.CallEndDelegate(IAsyncResult asyncResult)
   at System.Web.Mvc.Async.AsyncResultWrapper.WrappedAsyncResultBase`1.End()
   at System.Web.Mvc.Async.AsyncControllerActionInvoker.EndInvokeActionMethodWithFilters(IAsyncResult asyncResult)
   at System.Web.Mvc.Async.AsyncControllerActionInvoker.<>c__DisplayClass21.<>c__DisplayClass2b.<BeginInvokeAction>b__1c()
   at System.Web.Mvc.Async.AsyncControllerActionInvoker.<>c__DisplayClass21.<BeginInvokeAction>b__1e(IAsyncResult asyncResult)
2019-10-04 12:56:29.6993 ERROR CEC.SAISE.EDayModule.Infrastructure.HandleAndLogErrorAttribute.OnException  NHibernate.QueryException: could not resolve property: CS$<>8__locals1 of: CEC.SAISE.Domain.AssignedPollingStation
   at NHibernate.Persister.Entity.AbstractPropertyMapping.ToType(String propertyName)
   at NHibernate.Persister.Entity.AbstractEntityPersister.GetSubclassPropertyTableNumber(String propertyPath)
   at NHibernate.Persister.Entity.BasicEntityPropertyMapping.ToColumns(String alias, String propertyName)
   at NHibernate.Persister.Entity.AbstractEntityPersister.ToColumns(String alias, String propertyName)
   at NHibernate.Loader.Criteria.CriteriaQueryTranslator.GetColumns(ICriteria subcriteria, String propertyName)
   at NHibernate.Loader.Criteria.CriteriaQueryTranslator.GetColumnsUsingProjection(ICriteria subcriteria, String propertyName)
   at NHibernate.Criterion.CriterionUtil.GetColumnNamesUsingPropertyName(ICriteriaQuery criteriaQuery, ICriteria criteria, String propertyName, Object value, ICriterion critertion)
   at NHibernate.Criterion.SimpleExpression.ToSqlString(ICriteria criteria, ICriteriaQuery criteriaQuery, IDictionary`2 enabledFilters)
   at NHibernate.Criterion.LogicalExpression.ToSqlString(ICriteria criteria, ICriteriaQuery criteriaQuery, IDictionary`2 enabledFilters)
   at NHibernate.Loader.Criteria.CriteriaQueryTranslator.GetWhereCondition(IDictionary`2 enabledFilters)
   at NHibernate.Loader.Criteria.CriteriaJoinWalker..ctor(IOuterJoinLoadable persister, CriteriaQueryTranslator translator, ISessionFactoryImplementor factory, ICriteria criteria, String rootEntityName, IDictionary`2 enabledFilters)
   at NHibernate.Loader.Criteria.CriteriaLoader..ctor(IOuterJoinLoadable persister, ISessionFactoryImplementor factory, CriteriaImpl rootCriteria, String rootEntityName, IDictionary`2 enabledFilters)
   at NHibernate.Impl.MultiCriteriaImpl.CreateCriteriaLoaders()
   at NHibernate.Impl.MultiCriteriaImpl.List()
   at NHibernate.Impl.FutureCriteriaBatch.GetResultsFrom(IMultiCriteria multiApproach)
   at NHibernate.Impl.FutureBatch`2.GetResults()
   at NHibernate.Impl.FutureBatch`2.GetCurrentResult[TResult](Int32 currentIndex)
   at NHibernate.Impl.FutureBatch`2.<>c__DisplayClass1`1.<GetFutureValue>b__0()
   at NHibernate.Impl.FutureValue`1.get_Value()
   at Amdaris.NHibernateProvider.Utils.PageHelper.CreatePage[T](ICriteria criteria, PageRequest request, ICriteria countCriteria)
   at Amdaris.NHibernateProvider.Utils.PageHelper.CreatePage[T](ICriteria criteria, PageRequest request)
   at CEC.SAISE.BLL.Impl.PollingStationStageBll.GetVotingStatsForUser(PageRequest pageRequest, Int64 electionId, Int64 turnoutDataElectionid) in D:\work\CEC\CEC.SRV\src\CEC.SAISE.BLL\Impl\PollingStationStageBll.cs:line 182
   at CEC.SAISE.EDayModule.Controllers.VotingProcessStatsController.ListVotingStatsAjax(JqGridRequest request) in D:\work\CEC\CEC.SRV\src\CEC.SAISE.EDayModule\Controllers\VotingProcessStatsController.cs:line 62
   at lambda_method(Closure , ControllerBase , Object[] )
   at System.Web.Mvc.ActionMethodDispatcher.Execute(ControllerBase controller, Object[] parameters)
   at System.Web.Mvc.ReflectedActionDescriptor.Execute(ControllerContext controllerContext, IDictionary`2 parameters)
   at System.Web.Mvc.ControllerActionInvoker.InvokeActionMethod(ControllerContext controllerContext, ActionDescriptor actionDescriptor, IDictionary`2 parameters)
   at System.Web.Mvc.Async.AsyncControllerActionInvoker.<BeginInvokeSynchronousActionMethod>b__39(IAsyncResult asyncResult, ActionInvocation innerInvokeState)
   at System.Web.Mvc.Async.AsyncResultWrapper.WrappedAsyncResult`2.CallEndDelegate(IAsyncResult asyncResult)
   at System.Web.Mvc.Async.AsyncResultWrapper.WrappedAsyncResultBase`1.End()
   at System.Web.Mvc.Async.AsyncControllerActionInvoker.EndInvokeActionMethod(IAsyncResult asyncResult)
   at System.Web.Mvc.Async.AsyncControllerActionInvoker.AsyncInvocationWithFilters.<InvokeActionMethodFilterAsynchronouslyRecursive>b__3d()
   at System.Web.Mvc.Async.AsyncControllerActionInvoker.AsyncInvocationWithFilters.<>c__DisplayClass46.<InvokeActionMethodFilterAsynchronouslyRecursive>b__3f()
   at System.Web.Mvc.Async.AsyncControllerActionInvoker.AsyncInvocationWithFilters.<>c__DisplayClass46.<InvokeActionMethodFilterAsynchronouslyRecursive>b__3f()
   at System.Web.Mvc.Async.AsyncControllerActionInvoker.<>c__DisplayClass33.<BeginInvokeActionMethodWithFilters>b__32(IAsyncResult asyncResult)
   at System.Web.Mvc.Async.AsyncResultWrapper.WrappedAsyncResult`1.CallEndDelegate(IAsyncResult asyncResult)
   at System.Web.Mvc.Async.AsyncResultWrapper.WrappedAsyncResultBase`1.End()
   at System.Web.Mvc.Async.AsyncControllerActionInvoker.EndInvokeActionMethodWithFilters(IAsyncResult asyncResult)
   at System.Web.Mvc.Async.AsyncControllerActionInvoker.<>c__DisplayClass21.<>c__DisplayClass2b.<BeginInvokeAction>b__1c()
   at System.Web.Mvc.Async.AsyncControllerActionInvoker.<>c__DisplayClass21.<BeginInvokeAction>b__1e(IAsyncResult asyncResult)
