2018-10-10 16:05:20.9819 ERROR CEC.SAISE.EDayModule.Controllers.VotingController+<SearchVoter>d__9.MoveNext Input data: userId: 266337, idnp = 2000005013333 System.NotSupportedException: Boolean IsNullOrEmpty(System.String)
   at NHibernate.Linq.Visitors.HqlGeneratorExpressionTreeVisitor.VisitMethodCallExpression(MethodCallExpression expression)
   at NHibernate.Linq.Visitors.HqlGeneratorExpressionTreeVisitor.VisitExpression(Expression expression)
   at NHibernate.Linq.Visitors.HqlGeneratorExpressionTreeVisitor.VisitUnaryExpression(UnaryExpression expression)
   at NHibernate.Linq.Visitors.HqlGeneratorExpressionTreeVisitor.VisitExpression(Expression expression)
   at NHibernate.Linq.Visitors.HqlGeneratorExpressionTreeVisitor.VisitBinaryExpression(BinaryExpression expression)
   at NHibernate.Linq.Visitors.HqlGeneratorExpressionTreeVisitor.VisitExpression(Expression expression)
   at NHibernate.Linq.Visitors.QueryModelVisitor.VisitWhereClause(WhereClause whereClause, QueryModel queryModel, Int32 index)
   at Remotion.Linq.Clauses.WhereClause.Accept(IQueryModelVisitor visitor, QueryModel queryModel, Int32 index)
   at Remotion.Linq.QueryModelVisitorBase.VisitBodyClauses(ObservableCollection`1 bodyClauses, QueryModel queryModel)
   at Remotion.Linq.QueryModelVisitorBase.VisitQueryModel(QueryModel queryModel)
   at NHibernate.Linq.Visitors.QueryModelVisitor.GenerateHqlQuery(QueryModel queryModel, VisitorParameters parameters, Boolean root)
   at NHibernate.Linq.NhLinqExpression.Translate(ISessionFactoryImplementor sessionFactory)
   at NHibernate.Hql.Ast.ANTLR.ASTQueryTranslatorFactory.CreateQueryTranslators(String queryIdentifier, IQueryExpression queryExpression, String collectionRole, Boolean shallow, IDictionary`2 filters, ISessionFactoryImplementor factory)
   at NHibernate.Engine.Query.QueryPlanCache.GetHQLQueryPlan(IQueryExpression queryExpression, Boolean shallow, IDictionary`2 enabledFilters)
   at NHibernate.Impl.AbstractSessionImpl.GetHQLQueryPlan(IQueryExpression queryExpression, Boolean shallow)
   at NHibernate.Impl.AbstractSessionImpl.CreateQuery(IQueryExpression queryExpression)
   at NHibernate.Linq.DefaultQueryProvider.PrepareQuery(Expression expression, IQuery& query, NhLinqExpression& nhQuery)
   at NHibernate.Linq.DefaultQueryProvider.Execute(Expression expression)
   at NHibernate.Linq.DefaultQueryProvider.Execute[TResult](Expression expression)
   at System.Linq.Queryable.FirstOrDefault[TSource](IQueryable`1 source, Expression`1 predicate)
   at CEC.SAISE.BLL.Impl.VotingBll.<SearchVoterAsync>d__16.MoveNext() in D:\work\CEC\CEC.SRV\src\CEC.SAISE.BLL\Impl\VotingBll.cs:line 263
--- End of stack trace from previous location where exception was thrown ---
   at System.Runtime.CompilerServices.TaskAwaiter.ThrowForNonSuccess(Task task)
   at System.Runtime.CompilerServices.TaskAwaiter.HandleNonSuccessAndDebuggerNotification(Task task)
   at System.Runtime.CompilerServices.TaskAwaiter`1.GetResult()
   at CEC.SAISE.EDayModule.Controllers.VotingController.<SearchVoter>d__9.MoveNext() in D:\work\CEC\CEC.SRV\src\CEC.SAISE.EDayModule\Controllers\VotingController.cs:line 208
--- End of stack trace from previous location where exception was thrown ---
   at System.Runtime.CompilerServices.TaskAwaiter.ThrowForNonSuccess(Task task)
   at System.Runtime.CompilerServices.TaskAwaiter.HandleNonSuccessAndDebuggerNotification(Task task)
   at System.Web.Mvc.Async.TaskAsyncActionDescriptor.EndExecute(IAsyncResult asyncResult)
   at System.Web.Mvc.Async.AsyncControllerActionInvoker.<>c__DisplayClass37.<BeginInvokeAsynchronousActionMethod>b__36(IAsyncResult asyncResult)
   at System.Web.Mvc.Async.AsyncResultWrapper.WrappedAsyncResult`1.CallEndDelegate(IAsyncResult asyncResult)
   at System.Web.Mvc.Async.AsyncResultWrapper.WrappedAsyncResultBase`1.End()
   at System.Web.Mvc.Async.AsyncControllerActionInvoker.EndInvokeActionMethod(IAsyncResult asyncResult)
   at System.Web.Mvc.Async.AsyncControllerActionInvoker.AsyncInvocationWithFilters.<InvokeActionMethodFilterAsynchronouslyRecursive>b__3d()
   at System.Web.Mvc.Async.AsyncControllerActionInvoker.AsyncInvocationWithFilters.<>c__DisplayClass46.<InvokeActionMethodFilterAsynchronouslyRecursive>b__3f()
   at System.Web.Mvc.Async.AsyncControllerActionInvoker.AsyncInvocationWithFilters.<>c__DisplayClass46.<InvokeActionMethodFilterAsynchronouslyRecursive>b__3f()
   at System.Web.Mvc.Async.AsyncControllerActionInvoker.<>c__DisplayClass33.<BeginInvokeActionMethodWithFilters>b__32(IAsyncResult asyncResult)
   at System.Web.Mvc.Async.AsyncResultWrapper.WrappedAsyncResult`1.CallEndDelegate(IAsyncResult asyncResult)
   at System.Web.Mvc.Async.AsyncResultWrapper.WrappedAsyncResultBase`1.End()
   at System.Web.Mvc.Async.AsyncControllerActionInvoker.EndInvokeActionMethodWithFilters(IAsyncResult asyncResult)
   at System.Web.Mvc.Async.AsyncControllerActionInvoker.<>c__DisplayClass21.<>c__DisplayClass2b.<BeginInvokeAction>b__1c()
   at System.Web.Mvc.Async.AsyncControllerActionInvoker.<>c__DisplayClass21.<BeginInvokeAction>b__1e(IAsyncResult asyncResult)
2018-10-10 16:05:21.0680 ERROR CEC.SAISE.EDayModule.Infrastructure.HandleAndLogErrorAttribute.OnException  System.NotSupportedException: Boolean IsNullOrEmpty(System.String)
   at NHibernate.Linq.Visitors.HqlGeneratorExpressionTreeVisitor.VisitMethodCallExpression(MethodCallExpression expression)
   at NHibernate.Linq.Visitors.HqlGeneratorExpressionTreeVisitor.VisitExpression(Expression expression)
   at NHibernate.Linq.Visitors.HqlGeneratorExpressionTreeVisitor.VisitUnaryExpression(UnaryExpression expression)
   at NHibernate.Linq.Visitors.HqlGeneratorExpressionTreeVisitor.VisitExpression(Expression expression)
   at NHibernate.Linq.Visitors.HqlGeneratorExpressionTreeVisitor.VisitBinaryExpression(BinaryExpression expression)
   at NHibernate.Linq.Visitors.HqlGeneratorExpressionTreeVisitor.VisitExpression(Expression expression)
   at NHibernate.Linq.Visitors.QueryModelVisitor.VisitWhereClause(WhereClause whereClause, QueryModel queryModel, Int32 index)
   at Remotion.Linq.Clauses.WhereClause.Accept(IQueryModelVisitor visitor, QueryModel queryModel, Int32 index)
   at Remotion.Linq.QueryModelVisitorBase.VisitBodyClauses(ObservableCollection`1 bodyClauses, QueryModel queryModel)
   at Remotion.Linq.QueryModelVisitorBase.VisitQueryModel(QueryModel queryModel)
   at NHibernate.Linq.Visitors.QueryModelVisitor.GenerateHqlQuery(QueryModel queryModel, VisitorParameters parameters, Boolean root)
   at NHibernate.Linq.NhLinqExpression.Translate(ISessionFactoryImplementor sessionFactory)
   at NHibernate.Hql.Ast.ANTLR.ASTQueryTranslatorFactory.CreateQueryTranslators(String queryIdentifier, IQueryExpression queryExpression, String collectionRole, Boolean shallow, IDictionary`2 filters, ISessionFactoryImplementor factory)
   at NHibernate.Engine.Query.QueryPlanCache.GetHQLQueryPlan(IQueryExpression queryExpression, Boolean shallow, IDictionary`2 enabledFilters)
   at NHibernate.Impl.AbstractSessionImpl.GetHQLQueryPlan(IQueryExpression queryExpression, Boolean shallow)
   at NHibernate.Impl.AbstractSessionImpl.CreateQuery(IQueryExpression queryExpression)
   at NHibernate.Linq.DefaultQueryProvider.PrepareQuery(Expression expression, IQuery& query, NhLinqExpression& nhQuery)
   at NHibernate.Linq.DefaultQueryProvider.Execute(Expression expression)
   at NHibernate.Linq.DefaultQueryProvider.Execute[TResult](Expression expression)
   at System.Linq.Queryable.FirstOrDefault[TSource](IQueryable`1 source, Expression`1 predicate)
   at CEC.SAISE.BLL.Impl.VotingBll.<SearchVoterAsync>d__16.MoveNext() in D:\work\CEC\CEC.SRV\src\CEC.SAISE.BLL\Impl\VotingBll.cs:line 263
--- End of stack trace from previous location where exception was thrown ---
   at System.Runtime.CompilerServices.TaskAwaiter.ThrowForNonSuccess(Task task)
   at System.Runtime.CompilerServices.TaskAwaiter.HandleNonSuccessAndDebuggerNotification(Task task)
   at System.Runtime.CompilerServices.TaskAwaiter`1.GetResult()
   at CEC.SAISE.EDayModule.Controllers.VotingController.<SearchVoter>d__9.MoveNext() in D:\work\CEC\CEC.SRV\src\CEC.SAISE.EDayModule\Controllers\VotingController.cs:line 208
--- End of stack trace from previous location where exception was thrown ---
   at System.Runtime.CompilerServices.TaskAwaiter.ThrowForNonSuccess(Task task)
   at System.Runtime.CompilerServices.TaskAwaiter.HandleNonSuccessAndDebuggerNotification(Task task)
   at System.Web.Mvc.Async.TaskAsyncActionDescriptor.EndExecute(IAsyncResult asyncResult)
   at System.Web.Mvc.Async.AsyncControllerActionInvoker.<>c__DisplayClass37.<BeginInvokeAsynchronousActionMethod>b__36(IAsyncResult asyncResult)
   at System.Web.Mvc.Async.AsyncResultWrapper.WrappedAsyncResult`1.CallEndDelegate(IAsyncResult asyncResult)
   at System.Web.Mvc.Async.AsyncResultWrapper.WrappedAsyncResultBase`1.End()
   at System.Web.Mvc.Async.AsyncControllerActionInvoker.EndInvokeActionMethod(IAsyncResult asyncResult)
   at System.Web.Mvc.Async.AsyncControllerActionInvoker.AsyncInvocationWithFilters.<InvokeActionMethodFilterAsynchronouslyRecursive>b__3d()
   at System.Web.Mvc.Async.AsyncControllerActionInvoker.AsyncInvocationWithFilters.<>c__DisplayClass46.<InvokeActionMethodFilterAsynchronouslyRecursive>b__3f()
   at System.Web.Mvc.Async.AsyncControllerActionInvoker.AsyncInvocationWithFilters.<>c__DisplayClass46.<InvokeActionMethodFilterAsynchronouslyRecursive>b__3f()
   at System.Web.Mvc.Async.AsyncControllerActionInvoker.<>c__DisplayClass33.<BeginInvokeActionMethodWithFilters>b__32(IAsyncResult asyncResult)
   at System.Web.Mvc.Async.AsyncResultWrapper.WrappedAsyncResult`1.CallEndDelegate(IAsyncResult asyncResult)
   at System.Web.Mvc.Async.AsyncResultWrapper.WrappedAsyncResultBase`1.End()
   at System.Web.Mvc.Async.AsyncControllerActionInvoker.EndInvokeActionMethodWithFilters(IAsyncResult asyncResult)
   at System.Web.Mvc.Async.AsyncControllerActionInvoker.<>c__DisplayClass21.<>c__DisplayClass2b.<BeginInvokeAction>b__1c()
   at System.Web.Mvc.Async.AsyncControllerActionInvoker.<>c__DisplayClass21.<BeginInvokeAction>b__1e(IAsyncResult asyncResult)
2018-10-10 16:10:26.4934 ERROR CEC.SAISE.EDayModule.Controllers.VotingController+<SearchVoter>d__9.MoveNext Input data: userId: 266337, idnp = 2000005013333 System.NotSupportedException: Boolean IsNullOrEmpty(System.String)
   at NHibernate.Linq.Visitors.HqlGeneratorExpressionTreeVisitor.VisitMethodCallExpression(MethodCallExpression expression)
   at NHibernate.Linq.Visitors.HqlGeneratorExpressionTreeVisitor.VisitExpression(Expression expression)
   at NHibernate.Linq.Visitors.HqlGeneratorExpressionTreeVisitor.VisitUnaryExpression(UnaryExpression expression)
   at NHibernate.Linq.Visitors.HqlGeneratorExpressionTreeVisitor.VisitExpression(Expression expression)
   at NHibernate.Linq.Visitors.HqlGeneratorExpressionTreeVisitor.VisitBinaryExpression(BinaryExpression expression)
   at NHibernate.Linq.Visitors.HqlGeneratorExpressionTreeVisitor.VisitExpression(Expression expression)
   at NHibernate.Linq.Visitors.QueryModelVisitor.VisitWhereClause(WhereClause whereClause, QueryModel queryModel, Int32 index)
   at Remotion.Linq.Clauses.WhereClause.Accept(IQueryModelVisitor visitor, QueryModel queryModel, Int32 index)
   at Remotion.Linq.QueryModelVisitorBase.VisitBodyClauses(ObservableCollection`1 bodyClauses, QueryModel queryModel)
   at Remotion.Linq.QueryModelVisitorBase.VisitQueryModel(QueryModel queryModel)
   at NHibernate.Linq.Visitors.QueryModelVisitor.GenerateHqlQuery(QueryModel queryModel, VisitorParameters parameters, Boolean root)
   at NHibernate.Linq.NhLinqExpression.Translate(ISessionFactoryImplementor sessionFactory)
   at NHibernate.Hql.Ast.ANTLR.ASTQueryTranslatorFactory.CreateQueryTranslators(String queryIdentifier, IQueryExpression queryExpression, String collectionRole, Boolean shallow, IDictionary`2 filters, ISessionFactoryImplementor factory)
   at NHibernate.Engine.Query.QueryPlanCache.GetHQLQueryPlan(IQueryExpression queryExpression, Boolean shallow, IDictionary`2 enabledFilters)
   at NHibernate.Impl.AbstractSessionImpl.GetHQLQueryPlan(IQueryExpression queryExpression, Boolean shallow)
   at NHibernate.Impl.AbstractSessionImpl.CreateQuery(IQueryExpression queryExpression)
   at NHibernate.Linq.DefaultQueryProvider.PrepareQuery(Expression expression, IQuery& query, NhLinqExpression& nhQuery)
   at NHibernate.Linq.DefaultQueryProvider.Execute(Expression expression)
   at NHibernate.Linq.DefaultQueryProvider.Execute[TResult](Expression expression)
   at System.Linq.Queryable.FirstOrDefault[TSource](IQueryable`1 source, Expression`1 predicate)
   at CEC.SAISE.BLL.Impl.VotingBll.<SearchVoterAsync>d__16.MoveNext() in D:\work\CEC\CEC.SRV\src\CEC.SAISE.BLL\Impl\VotingBll.cs:line 263
--- End of stack trace from previous location where exception was thrown ---
   at System.Runtime.CompilerServices.TaskAwaiter.ThrowForNonSuccess(Task task)
   at System.Runtime.CompilerServices.TaskAwaiter.HandleNonSuccessAndDebuggerNotification(Task task)
   at System.Runtime.CompilerServices.TaskAwaiter`1.GetResult()
   at CEC.SAISE.EDayModule.Controllers.VotingController.<SearchVoter>d__9.MoveNext() in D:\work\CEC\CEC.SRV\src\CEC.SAISE.EDayModule\Controllers\VotingController.cs:line 208
--- End of stack trace from previous location where exception was thrown ---
   at System.Runtime.CompilerServices.TaskAwaiter.ThrowForNonSuccess(Task task)
   at System.Runtime.CompilerServices.TaskAwaiter.HandleNonSuccessAndDebuggerNotification(Task task)
   at System.Web.Mvc.Async.TaskAsyncActionDescriptor.EndExecute(IAsyncResult asyncResult)
   at System.Web.Mvc.Async.AsyncControllerActionInvoker.<>c__DisplayClass37.<BeginInvokeAsynchronousActionMethod>b__36(IAsyncResult asyncResult)
   at System.Web.Mvc.Async.AsyncResultWrapper.WrappedAsyncResult`1.CallEndDelegate(IAsyncResult asyncResult)
   at System.Web.Mvc.Async.AsyncResultWrapper.WrappedAsyncResultBase`1.End()
   at System.Web.Mvc.Async.AsyncControllerActionInvoker.EndInvokeActionMethod(IAsyncResult asyncResult)
   at System.Web.Mvc.Async.AsyncControllerActionInvoker.AsyncInvocationWithFilters.<InvokeActionMethodFilterAsynchronouslyRecursive>b__3d()
   at System.Web.Mvc.Async.AsyncControllerActionInvoker.AsyncInvocationWithFilters.<>c__DisplayClass46.<InvokeActionMethodFilterAsynchronouslyRecursive>b__3f()
   at System.Web.Mvc.Async.AsyncControllerActionInvoker.AsyncInvocationWithFilters.<>c__DisplayClass46.<InvokeActionMethodFilterAsynchronouslyRecursive>b__3f()
   at System.Web.Mvc.Async.AsyncControllerActionInvoker.<>c__DisplayClass33.<BeginInvokeActionMethodWithFilters>b__32(IAsyncResult asyncResult)
   at System.Web.Mvc.Async.AsyncResultWrapper.WrappedAsyncResult`1.CallEndDelegate(IAsyncResult asyncResult)
   at System.Web.Mvc.Async.AsyncResultWrapper.WrappedAsyncResultBase`1.End()
   at System.Web.Mvc.Async.AsyncControllerActionInvoker.EndInvokeActionMethodWithFilters(IAsyncResult asyncResult)
   at System.Web.Mvc.Async.AsyncControllerActionInvoker.<>c__DisplayClass21.<>c__DisplayClass2b.<BeginInvokeAction>b__1c()
   at System.Web.Mvc.Async.AsyncControllerActionInvoker.<>c__DisplayClass21.<BeginInvokeAction>b__1e(IAsyncResult asyncResult)
2018-10-10 16:10:26.5157 ERROR CEC.SAISE.EDayModule.Infrastructure.HandleAndLogErrorAttribute.OnException  System.NotSupportedException: Boolean IsNullOrEmpty(System.String)
   at NHibernate.Linq.Visitors.HqlGeneratorExpressionTreeVisitor.VisitMethodCallExpression(MethodCallExpression expression)
   at NHibernate.Linq.Visitors.HqlGeneratorExpressionTreeVisitor.VisitExpression(Expression expression)
   at NHibernate.Linq.Visitors.HqlGeneratorExpressionTreeVisitor.VisitUnaryExpression(UnaryExpression expression)
   at NHibernate.Linq.Visitors.HqlGeneratorExpressionTreeVisitor.VisitExpression(Expression expression)
   at NHibernate.Linq.Visitors.HqlGeneratorExpressionTreeVisitor.VisitBinaryExpression(BinaryExpression expression)
   at NHibernate.Linq.Visitors.HqlGeneratorExpressionTreeVisitor.VisitExpression(Expression expression)
   at NHibernate.Linq.Visitors.QueryModelVisitor.VisitWhereClause(WhereClause whereClause, QueryModel queryModel, Int32 index)
   at Remotion.Linq.Clauses.WhereClause.Accept(IQueryModelVisitor visitor, QueryModel queryModel, Int32 index)
   at Remotion.Linq.QueryModelVisitorBase.VisitBodyClauses(ObservableCollection`1 bodyClauses, QueryModel queryModel)
   at Remotion.Linq.QueryModelVisitorBase.VisitQueryModel(QueryModel queryModel)
   at NHibernate.Linq.Visitors.QueryModelVisitor.GenerateHqlQuery(QueryModel queryModel, VisitorParameters parameters, Boolean root)
   at NHibernate.Linq.NhLinqExpression.Translate(ISessionFactoryImplementor sessionFactory)
   at NHibernate.Hql.Ast.ANTLR.ASTQueryTranslatorFactory.CreateQueryTranslators(String queryIdentifier, IQueryExpression queryExpression, String collectionRole, Boolean shallow, IDictionary`2 filters, ISessionFactoryImplementor factory)
   at NHibernate.Engine.Query.QueryPlanCache.GetHQLQueryPlan(IQueryExpression queryExpression, Boolean shallow, IDictionary`2 enabledFilters)
   at NHibernate.Impl.AbstractSessionImpl.GetHQLQueryPlan(IQueryExpression queryExpression, Boolean shallow)
   at NHibernate.Impl.AbstractSessionImpl.CreateQuery(IQueryExpression queryExpression)
   at NHibernate.Linq.DefaultQueryProvider.PrepareQuery(Expression expression, IQuery& query, NhLinqExpression& nhQuery)
   at NHibernate.Linq.DefaultQueryProvider.Execute(Expression expression)
   at NHibernate.Linq.DefaultQueryProvider.Execute[TResult](Expression expression)
   at System.Linq.Queryable.FirstOrDefault[TSource](IQueryable`1 source, Expression`1 predicate)
   at CEC.SAISE.BLL.Impl.VotingBll.<SearchVoterAsync>d__16.MoveNext() in D:\work\CEC\CEC.SRV\src\CEC.SAISE.BLL\Impl\VotingBll.cs:line 263
--- End of stack trace from previous location where exception was thrown ---
   at System.Runtime.CompilerServices.TaskAwaiter.ThrowForNonSuccess(Task task)
   at System.Runtime.CompilerServices.TaskAwaiter.HandleNonSuccessAndDebuggerNotification(Task task)
   at System.Runtime.CompilerServices.TaskAwaiter`1.GetResult()
   at CEC.SAISE.EDayModule.Controllers.VotingController.<SearchVoter>d__9.MoveNext() in D:\work\CEC\CEC.SRV\src\CEC.SAISE.EDayModule\Controllers\VotingController.cs:line 208
--- End of stack trace from previous location where exception was thrown ---
   at System.Runtime.CompilerServices.TaskAwaiter.ThrowForNonSuccess(Task task)
   at System.Runtime.CompilerServices.TaskAwaiter.HandleNonSuccessAndDebuggerNotification(Task task)
   at System.Web.Mvc.Async.TaskAsyncActionDescriptor.EndExecute(IAsyncResult asyncResult)
   at System.Web.Mvc.Async.AsyncControllerActionInvoker.<>c__DisplayClass37.<BeginInvokeAsynchronousActionMethod>b__36(IAsyncResult asyncResult)
   at System.Web.Mvc.Async.AsyncResultWrapper.WrappedAsyncResult`1.CallEndDelegate(IAsyncResult asyncResult)
   at System.Web.Mvc.Async.AsyncResultWrapper.WrappedAsyncResultBase`1.End()
   at System.Web.Mvc.Async.AsyncControllerActionInvoker.EndInvokeActionMethod(IAsyncResult asyncResult)
   at System.Web.Mvc.Async.AsyncControllerActionInvoker.AsyncInvocationWithFilters.<InvokeActionMethodFilterAsynchronouslyRecursive>b__3d()
   at System.Web.Mvc.Async.AsyncControllerActionInvoker.AsyncInvocationWithFilters.<>c__DisplayClass46.<InvokeActionMethodFilterAsynchronouslyRecursive>b__3f()
   at System.Web.Mvc.Async.AsyncControllerActionInvoker.AsyncInvocationWithFilters.<>c__DisplayClass46.<InvokeActionMethodFilterAsynchronouslyRecursive>b__3f()
   at System.Web.Mvc.Async.AsyncControllerActionInvoker.<>c__DisplayClass33.<BeginInvokeActionMethodWithFilters>b__32(IAsyncResult asyncResult)
   at System.Web.Mvc.Async.AsyncResultWrapper.WrappedAsyncResult`1.CallEndDelegate(IAsyncResult asyncResult)
   at System.Web.Mvc.Async.AsyncResultWrapper.WrappedAsyncResultBase`1.End()
   at System.Web.Mvc.Async.AsyncControllerActionInvoker.EndInvokeActionMethodWithFilters(IAsyncResult asyncResult)
   at System.Web.Mvc.Async.AsyncControllerActionInvoker.<>c__DisplayClass21.<>c__DisplayClass2b.<BeginInvokeAction>b__1c()
   at System.Web.Mvc.Async.AsyncControllerActionInvoker.<>c__DisplayClass21.<BeginInvokeAction>b__1e(IAsyncResult asyncResult)
