2019-01-25 10:05:40.6772 ERROR CEC.Web.SRV.Infrastructure.HandleAndLogErrorAttribute.OnException  NHibernate.QueryException: could not resolve property: FullAddress of: CEC.SRV.Domain.StreetView
   at NHibernate.Persister.Entity.AbstractPropertyMapping.ToType(String propertyName)
   at NHibernate.Persister.Entity.AbstractEntityPersister.GetSubclassPropertyTableNumber(String propertyPath)
   at NHibernate.Persister.Entity.BasicEntityPropertyMapping.ToColumns(String alias, String propertyName)
   at NHibernate.Persister.Entity.AbstractEntityPersister.ToColumns(String alias, String propertyName)
   at NHibernate.Loader.Criteria.CriteriaQueryTranslator.GetColumns(ICriteria subcriteria, String propertyName)
   at NHibernate.Loader.Criteria.CriteriaQueryTranslator.GetColumnsUsingProjection(ICriteria subcriteria, String propertyName)
   at NHibernate.Criterion.PropertyProjection.ToSqlString(ICriteria criteria, Int32 loc, ICriteriaQuery criteriaQuery, IDictionary`2 enabledFilters)
   at NHibernate.Criterion.CriterionUtil.GetColumnNamesUsingProjection(IProjection projection, ICriteriaQuery criteriaQuery, ICriteria criteria, IDictionary`2 enabledFilters)
   at NHibernate.Criterion.LikeExpression.ToSqlString(ICriteria criteria, ICriteriaQuery criteriaQuery, IDictionary`2 enabledFilters)
   at Amdaris.NHibernateProvider.Utils.LikeCollationExpression.ToSqlString(ICriteria criteria, ICriteriaQuery criteriaQuery, IDictionary`2 enabledFilters)
   at NHibernate.Criterion.Junction.ToSqlString(ICriteria criteria, ICriteriaQuery criteriaQuery, IDictionary`2 enabledFilters)
   at NHibernate.Criterion.Junction.ToSqlString(ICriteria criteria, ICriteriaQuery criteriaQuery, IDictionary`2 enabledFilters)
   at NHibernate.Loader.Criteria.CriteriaQueryTranslator.GetWhereCondition(IDictionary`2 enabledFilters)
   at NHibernate.Loader.Criteria.CriteriaJoinWalker..ctor(IOuterJoinLoadable persister, CriteriaQueryTranslator translator, ISessionFactoryImplementor factory, ICriteria criteria, String rootEntityName, IDictionary`2 enabledFilters)
   at NHibernate.Loader.Criteria.CriteriaLoader..ctor(IOuterJoinLoadable persister, ISessionFactoryImplementor factory, CriteriaImpl rootCriteria, String rootEntityName, IDictionary`2 enabledFilters)
   at NHibernate.Impl.MultiCriteriaImpl.CreateCriteriaLoaders()
   at NHibernate.Impl.MultiCriteriaImpl.List()
   at NHibernate.Impl.FutureCriteriaBatch.GetResultsFrom(IMultiCriteria multiApproach)
   at NHibernate.Impl.FutureBatch`2.GetResults()
   at NHibernate.Impl.FutureBatch`2.GetCurrentResult[TResult](Int32 currentIndex)
   at NHibernate.Impl.FutureBatch`2.<>c__DisplayClass1`1.<GetFutureValue>b__0()
   at NHibernate.Impl.FutureValue`1.get_Value()
   at Amdaris.NHibernateProvider.Utils.PageHelper.CreatePage[T](ICriteria criteria, PageRequest request, ICriteria countCriteria)
   at Amdaris.NHibernateProvider.Utils.PageHelper.CreatePage[T](ICriteria criteria, PageRequest request)
   at CEC.SRV.BLL.Impl.VotersBll.SearchStreets(PageRequest pageRequest, Nullable`1 regionId, Nullable`1 streetId) in D:\work\CEC\CEC.SRV\src\CEC.SRV.BLL\Impl\VotersBll.cs:line 593
   at CEC.Web.SRV.Controllers.VotersController.GetStreets(Select2Request request, Nullable`1 regionId) in D:\work\CEC\CEC.SRV\src\CEC.Web.SRV\Controllers\VotersController.cs:line 623
   at lambda_method(Closure , ControllerBase , Object[] )
   at System.Web.Mvc.ActionMethodDispatcher.Execute(ControllerBase controller, Object[] parameters)
   at System.Web.Mvc.ReflectedActionDescriptor.Execute(ControllerContext controllerContext, IDictionary`2 parameters)
   at System.Web.Mvc.ControllerActionInvoker.InvokeActionMethod(ControllerContext controllerContext, ActionDescriptor actionDescriptor, IDictionary`2 parameters)
   at System.Web.Mvc.Async.AsyncControllerActionInvoker.<BeginInvokeSynchronousActionMethod>b__39(IAsyncResult asyncResult, ActionInvocation innerInvokeState)
   at System.Web.Mvc.Async.AsyncResultWrapper.WrappedAsyncResult`2.CallEndDelegate(IAsyncResult asyncResult)
   at System.Web.Mvc.Async.AsyncResultWrapper.WrappedAsyncResultBase`1.End()
   at System.Web.Mvc.Async.AsyncControllerActionInvoker.EndInvokeActionMethod(IAsyncResult asyncResult)
   at System.Web.Mvc.Async.AsyncControllerActionInvoker.AsyncInvocationWithFilters.<InvokeActionMethodFilterAsynchronouslyRecursive>b__3d()
   at System.Web.Mvc.Async.AsyncControllerActionInvoker.AsyncInvocationWithFilters.<>c__DisplayClass46.<InvokeActionMethodFilterAsynchronouslyRecursive>b__3f()
   at System.Web.Mvc.Async.AsyncControllerActionInvoker.AsyncInvocationWithFilters.<>c__DisplayClass46.<InvokeActionMethodFilterAsynchronouslyRecursive>b__3f()
   at System.Web.Mvc.Async.AsyncControllerActionInvoker.<>c__DisplayClass33.<BeginInvokeActionMethodWithFilters>b__32(IAsyncResult asyncResult)
   at System.Web.Mvc.Async.AsyncResultWrapper.WrappedAsyncResult`1.CallEndDelegate(IAsyncResult asyncResult)
   at System.Web.Mvc.Async.AsyncResultWrapper.WrappedAsyncResultBase`1.End()
   at System.Web.Mvc.Async.AsyncControllerActionInvoker.EndInvokeActionMethodWithFilters(IAsyncResult asyncResult)
   at System.Web.Mvc.Async.AsyncControllerActionInvoker.<>c__DisplayClass21.<>c__DisplayClass2b.<BeginInvokeAction>b__1c()
   at System.Web.Mvc.Async.AsyncControllerActionInvoker.<>c__DisplayClass21.<BeginInvokeAction>b__1e(IAsyncResult asyncResult)
2019-01-25 10:05:41.1302 ERROR CEC.Web.SRV.Infrastructure.HandleAndLogErrorAttribute.OnException  NHibernate.QueryException: could not resolve property: FullAddress of: CEC.SRV.Domain.StreetView
   at NHibernate.Persister.Entity.AbstractPropertyMapping.ToType(String propertyName)
   at NHibernate.Persister.Entity.AbstractEntityPersister.GetSubclassPropertyTableNumber(String propertyPath)
   at NHibernate.Persister.Entity.BasicEntityPropertyMapping.ToColumns(String alias, String propertyName)
   at NHibernate.Persister.Entity.AbstractEntityPersister.ToColumns(String alias, String propertyName)
   at NHibernate.Loader.Criteria.CriteriaQueryTranslator.GetColumns(ICriteria subcriteria, String propertyName)
   at NHibernate.Loader.Criteria.CriteriaQueryTranslator.GetColumnsUsingProjection(ICriteria subcriteria, String propertyName)
   at NHibernate.Criterion.PropertyProjection.ToSqlString(ICriteria criteria, Int32 loc, ICriteriaQuery criteriaQuery, IDictionary`2 enabledFilters)
   at NHibernate.Criterion.CriterionUtil.GetColumnNamesUsingProjection(IProjection projection, ICriteriaQuery criteriaQuery, ICriteria criteria, IDictionary`2 enabledFilters)
   at NHibernate.Criterion.LikeExpression.ToSqlString(ICriteria criteria, ICriteriaQuery criteriaQuery, IDictionary`2 enabledFilters)
   at Amdaris.NHibernateProvider.Utils.LikeCollationExpression.ToSqlString(ICriteria criteria, ICriteriaQuery criteriaQuery, IDictionary`2 enabledFilters)
   at NHibernate.Criterion.Junction.ToSqlString(ICriteria criteria, ICriteriaQuery criteriaQuery, IDictionary`2 enabledFilters)
   at NHibernate.Criterion.Junction.ToSqlString(ICriteria criteria, ICriteriaQuery criteriaQuery, IDictionary`2 enabledFilters)
   at NHibernate.Loader.Criteria.CriteriaQueryTranslator.GetWhereCondition(IDictionary`2 enabledFilters)
   at NHibernate.Loader.Criteria.CriteriaJoinWalker..ctor(IOuterJoinLoadable persister, CriteriaQueryTranslator translator, ISessionFactoryImplementor factory, ICriteria criteria, String rootEntityName, IDictionary`2 enabledFilters)
   at NHibernate.Loader.Criteria.CriteriaLoader..ctor(IOuterJoinLoadable persister, ISessionFactoryImplementor factory, CriteriaImpl rootCriteria, String rootEntityName, IDictionary`2 enabledFilters)
   at NHibernate.Impl.MultiCriteriaImpl.CreateCriteriaLoaders()
   at NHibernate.Impl.MultiCriteriaImpl.List()
   at NHibernate.Impl.FutureCriteriaBatch.GetResultsFrom(IMultiCriteria multiApproach)
   at NHibernate.Impl.FutureBatch`2.GetResults()
   at NHibernate.Impl.FutureBatch`2.GetCurrentResult[TResult](Int32 currentIndex)
   at NHibernate.Impl.FutureBatch`2.<>c__DisplayClass1`1.<GetFutureValue>b__0()
   at NHibernate.Impl.FutureValue`1.get_Value()
   at Amdaris.NHibernateProvider.Utils.PageHelper.CreatePage[T](ICriteria criteria, PageRequest request, ICriteria countCriteria)
   at Amdaris.NHibernateProvider.Utils.PageHelper.CreatePage[T](ICriteria criteria, PageRequest request)
   at CEC.SRV.BLL.Impl.VotersBll.SearchStreets(PageRequest pageRequest, Nullable`1 regionId, Nullable`1 streetId) in D:\work\CEC\CEC.SRV\src\CEC.SRV.BLL\Impl\VotersBll.cs:line 593
   at CEC.Web.SRV.Controllers.VotersController.GetStreets(Select2Request request, Nullable`1 regionId) in D:\work\CEC\CEC.SRV\src\CEC.Web.SRV\Controllers\VotersController.cs:line 623
   at lambda_method(Closure , ControllerBase , Object[] )
   at System.Web.Mvc.ActionMethodDispatcher.Execute(ControllerBase controller, Object[] parameters)
   at System.Web.Mvc.ReflectedActionDescriptor.Execute(ControllerContext controllerContext, IDictionary`2 parameters)
   at System.Web.Mvc.ControllerActionInvoker.InvokeActionMethod(ControllerContext controllerContext, ActionDescriptor actionDescriptor, IDictionary`2 parameters)
   at System.Web.Mvc.Async.AsyncControllerActionInvoker.<BeginInvokeSynchronousActionMethod>b__39(IAsyncResult asyncResult, ActionInvocation innerInvokeState)
   at System.Web.Mvc.Async.AsyncResultWrapper.WrappedAsyncResult`2.CallEndDelegate(IAsyncResult asyncResult)
   at System.Web.Mvc.Async.AsyncResultWrapper.WrappedAsyncResultBase`1.End()
   at System.Web.Mvc.Async.AsyncControllerActionInvoker.EndInvokeActionMethod(IAsyncResult asyncResult)
   at System.Web.Mvc.Async.AsyncControllerActionInvoker.AsyncInvocationWithFilters.<InvokeActionMethodFilterAsynchronouslyRecursive>b__3d()
   at System.Web.Mvc.Async.AsyncControllerActionInvoker.AsyncInvocationWithFilters.<>c__DisplayClass46.<InvokeActionMethodFilterAsynchronouslyRecursive>b__3f()
   at System.Web.Mvc.Async.AsyncControllerActionInvoker.AsyncInvocationWithFilters.<>c__DisplayClass46.<InvokeActionMethodFilterAsynchronouslyRecursive>b__3f()
   at System.Web.Mvc.Async.AsyncControllerActionInvoker.<>c__DisplayClass33.<BeginInvokeActionMethodWithFilters>b__32(IAsyncResult asyncResult)
   at System.Web.Mvc.Async.AsyncResultWrapper.WrappedAsyncResult`1.CallEndDelegate(IAsyncResult asyncResult)
   at System.Web.Mvc.Async.AsyncResultWrapper.WrappedAsyncResultBase`1.End()
   at System.Web.Mvc.Async.AsyncControllerActionInvoker.EndInvokeActionMethodWithFilters(IAsyncResult asyncResult)
   at System.Web.Mvc.Async.AsyncControllerActionInvoker.<>c__DisplayClass21.<>c__DisplayClass2b.<BeginInvokeAction>b__1c()
   at System.Web.Mvc.Async.AsyncControllerActionInvoker.<>c__DisplayClass21.<BeginInvokeAction>b__1e(IAsyncResult asyncResult)
2019-01-25 10:05:43.0871 ERROR CEC.Web.SRV.Infrastructure.HandleAndLogErrorAttribute.OnException  NHibernate.QueryException: could not resolve property: FullAddress of: CEC.SRV.Domain.StreetView
   at NHibernate.Persister.Entity.AbstractPropertyMapping.ToType(String propertyName)
   at NHibernate.Persister.Entity.AbstractEntityPersister.GetSubclassPropertyTableNumber(String propertyPath)
   at NHibernate.Persister.Entity.BasicEntityPropertyMapping.ToColumns(String alias, String propertyName)
   at NHibernate.Persister.Entity.AbstractEntityPersister.ToColumns(String alias, String propertyName)
   at NHibernate.Loader.Criteria.CriteriaQueryTranslator.GetColumns(ICriteria subcriteria, String propertyName)
   at NHibernate.Loader.Criteria.CriteriaQueryTranslator.GetColumnsUsingProjection(ICriteria subcriteria, String propertyName)
   at NHibernate.Criterion.PropertyProjection.ToSqlString(ICriteria criteria, Int32 loc, ICriteriaQuery criteriaQuery, IDictionary`2 enabledFilters)
   at NHibernate.Criterion.CriterionUtil.GetColumnNamesUsingProjection(IProjection projection, ICriteriaQuery criteriaQuery, ICriteria criteria, IDictionary`2 enabledFilters)
   at NHibernate.Criterion.LikeExpression.ToSqlString(ICriteria criteria, ICriteriaQuery criteriaQuery, IDictionary`2 enabledFilters)
   at Amdaris.NHibernateProvider.Utils.LikeCollationExpression.ToSqlString(ICriteria criteria, ICriteriaQuery criteriaQuery, IDictionary`2 enabledFilters)
   at NHibernate.Criterion.Junction.ToSqlString(ICriteria criteria, ICriteriaQuery criteriaQuery, IDictionary`2 enabledFilters)
   at NHibernate.Criterion.Junction.ToSqlString(ICriteria criteria, ICriteriaQuery criteriaQuery, IDictionary`2 enabledFilters)
   at NHibernate.Loader.Criteria.CriteriaQueryTranslator.GetWhereCondition(IDictionary`2 enabledFilters)
   at NHibernate.Loader.Criteria.CriteriaJoinWalker..ctor(IOuterJoinLoadable persister, CriteriaQueryTranslator translator, ISessionFactoryImplementor factory, ICriteria criteria, String rootEntityName, IDictionary`2 enabledFilters)
   at NHibernate.Loader.Criteria.CriteriaLoader..ctor(IOuterJoinLoadable persister, ISessionFactoryImplementor factory, CriteriaImpl rootCriteria, String rootEntityName, IDictionary`2 enabledFilters)
   at NHibernate.Impl.MultiCriteriaImpl.CreateCriteriaLoaders()
   at NHibernate.Impl.MultiCriteriaImpl.List()
   at NHibernate.Impl.FutureCriteriaBatch.GetResultsFrom(IMultiCriteria multiApproach)
   at NHibernate.Impl.FutureBatch`2.GetResults()
   at NHibernate.Impl.FutureBatch`2.GetCurrentResult[TResult](Int32 currentIndex)
   at NHibernate.Impl.FutureBatch`2.<>c__DisplayClass1`1.<GetFutureValue>b__0()
   at NHibernate.Impl.FutureValue`1.get_Value()
   at Amdaris.NHibernateProvider.Utils.PageHelper.CreatePage[T](ICriteria criteria, PageRequest request, ICriteria countCriteria)
   at Amdaris.NHibernateProvider.Utils.PageHelper.CreatePage[T](ICriteria criteria, PageRequest request)
   at CEC.SRV.BLL.Impl.VotersBll.SearchStreets(PageRequest pageRequest, Nullable`1 regionId, Nullable`1 streetId) in D:\work\CEC\CEC.SRV\src\CEC.SRV.BLL\Impl\VotersBll.cs:line 593
   at CEC.Web.SRV.Controllers.VotersController.GetStreets(Select2Request request, Nullable`1 regionId) in D:\work\CEC\CEC.SRV\src\CEC.Web.SRV\Controllers\VotersController.cs:line 623
   at lambda_method(Closure , ControllerBase , Object[] )
   at System.Web.Mvc.ActionMethodDispatcher.Execute(ControllerBase controller, Object[] parameters)
   at System.Web.Mvc.ReflectedActionDescriptor.Execute(ControllerContext controllerContext, IDictionary`2 parameters)
   at System.Web.Mvc.ControllerActionInvoker.InvokeActionMethod(ControllerContext controllerContext, ActionDescriptor actionDescriptor, IDictionary`2 parameters)
   at System.Web.Mvc.Async.AsyncControllerActionInvoker.<BeginInvokeSynchronousActionMethod>b__39(IAsyncResult asyncResult, ActionInvocation innerInvokeState)
   at System.Web.Mvc.Async.AsyncResultWrapper.WrappedAsyncResult`2.CallEndDelegate(IAsyncResult asyncResult)
   at System.Web.Mvc.Async.AsyncResultWrapper.WrappedAsyncResultBase`1.End()
   at System.Web.Mvc.Async.AsyncControllerActionInvoker.EndInvokeActionMethod(IAsyncResult asyncResult)
   at System.Web.Mvc.Async.AsyncControllerActionInvoker.AsyncInvocationWithFilters.<InvokeActionMethodFilterAsynchronouslyRecursive>b__3d()
   at System.Web.Mvc.Async.AsyncControllerActionInvoker.AsyncInvocationWithFilters.<>c__DisplayClass46.<InvokeActionMethodFilterAsynchronouslyRecursive>b__3f()
   at System.Web.Mvc.Async.AsyncControllerActionInvoker.AsyncInvocationWithFilters.<>c__DisplayClass46.<InvokeActionMethodFilterAsynchronouslyRecursive>b__3f()
   at System.Web.Mvc.Async.AsyncControllerActionInvoker.<>c__DisplayClass33.<BeginInvokeActionMethodWithFilters>b__32(IAsyncResult asyncResult)
   at System.Web.Mvc.Async.AsyncResultWrapper.WrappedAsyncResult`1.CallEndDelegate(IAsyncResult asyncResult)
   at System.Web.Mvc.Async.AsyncResultWrapper.WrappedAsyncResultBase`1.End()
   at System.Web.Mvc.Async.AsyncControllerActionInvoker.EndInvokeActionMethodWithFilters(IAsyncResult asyncResult)
   at System.Web.Mvc.Async.AsyncControllerActionInvoker.<>c__DisplayClass21.<>c__DisplayClass2b.<BeginInvokeAction>b__1c()
   at System.Web.Mvc.Async.AsyncControllerActionInvoker.<>c__DisplayClass21.<BeginInvokeAction>b__1e(IAsyncResult asyncResult)
2019-01-25 10:05:43.4724 ERROR CEC.Web.SRV.Infrastructure.HandleAndLogErrorAttribute.OnException  NHibernate.QueryException: could not resolve property: FullAddress of: CEC.SRV.Domain.StreetView
   at NHibernate.Persister.Entity.AbstractPropertyMapping.ToType(String propertyName)
   at NHibernate.Persister.Entity.AbstractEntityPersister.GetSubclassPropertyTableNumber(String propertyPath)
   at NHibernate.Persister.Entity.BasicEntityPropertyMapping.ToColumns(String alias, String propertyName)
   at NHibernate.Persister.Entity.AbstractEntityPersister.ToColumns(String alias, String propertyName)
   at NHibernate.Loader.Criteria.CriteriaQueryTranslator.GetColumns(ICriteria subcriteria, String propertyName)
   at NHibernate.Loader.Criteria.CriteriaQueryTranslator.GetColumnsUsingProjection(ICriteria subcriteria, String propertyName)
   at NHibernate.Criterion.PropertyProjection.ToSqlString(ICriteria criteria, Int32 loc, ICriteriaQuery criteriaQuery, IDictionary`2 enabledFilters)
   at NHibernate.Criterion.CriterionUtil.GetColumnNamesUsingProjection(IProjection projection, ICriteriaQuery criteriaQuery, ICriteria criteria, IDictionary`2 enabledFilters)
   at NHibernate.Criterion.LikeExpression.ToSqlString(ICriteria criteria, ICriteriaQuery criteriaQuery, IDictionary`2 enabledFilters)
   at Amdaris.NHibernateProvider.Utils.LikeCollationExpression.ToSqlString(ICriteria criteria, ICriteriaQuery criteriaQuery, IDictionary`2 enabledFilters)
   at NHibernate.Criterion.Junction.ToSqlString(ICriteria criteria, ICriteriaQuery criteriaQuery, IDictionary`2 enabledFilters)
   at NHibernate.Criterion.Junction.ToSqlString(ICriteria criteria, ICriteriaQuery criteriaQuery, IDictionary`2 enabledFilters)
   at NHibernate.Loader.Criteria.CriteriaQueryTranslator.GetWhereCondition(IDictionary`2 enabledFilters)
   at NHibernate.Loader.Criteria.CriteriaJoinWalker..ctor(IOuterJoinLoadable persister, CriteriaQueryTranslator translator, ISessionFactoryImplementor factory, ICriteria criteria, String rootEntityName, IDictionary`2 enabledFilters)
   at NHibernate.Loader.Criteria.CriteriaLoader..ctor(IOuterJoinLoadable persister, ISessionFactoryImplementor factory, CriteriaImpl rootCriteria, String rootEntityName, IDictionary`2 enabledFilters)
   at NHibernate.Impl.MultiCriteriaImpl.CreateCriteriaLoaders()
   at NHibernate.Impl.MultiCriteriaImpl.List()
   at NHibernate.Impl.FutureCriteriaBatch.GetResultsFrom(IMultiCriteria multiApproach)
   at NHibernate.Impl.FutureBatch`2.GetResults()
   at NHibernate.Impl.FutureBatch`2.GetCurrentResult[TResult](Int32 currentIndex)
   at NHibernate.Impl.FutureBatch`2.<>c__DisplayClass1`1.<GetFutureValue>b__0()
   at NHibernate.Impl.FutureValue`1.get_Value()
   at Amdaris.NHibernateProvider.Utils.PageHelper.CreatePage[T](ICriteria criteria, PageRequest request, ICriteria countCriteria)
   at Amdaris.NHibernateProvider.Utils.PageHelper.CreatePage[T](ICriteria criteria, PageRequest request)
   at CEC.SRV.BLL.Impl.VotersBll.SearchStreets(PageRequest pageRequest, Nullable`1 regionId, Nullable`1 streetId) in D:\work\CEC\CEC.SRV\src\CEC.SRV.BLL\Impl\VotersBll.cs:line 593
   at CEC.Web.SRV.Controllers.VotersController.GetStreets(Select2Request request, Nullable`1 regionId) in D:\work\CEC\CEC.SRV\src\CEC.Web.SRV\Controllers\VotersController.cs:line 623
   at lambda_method(Closure , ControllerBase , Object[] )
   at System.Web.Mvc.ActionMethodDispatcher.Execute(ControllerBase controller, Object[] parameters)
   at System.Web.Mvc.ReflectedActionDescriptor.Execute(ControllerContext controllerContext, IDictionary`2 parameters)
   at System.Web.Mvc.ControllerActionInvoker.InvokeActionMethod(ControllerContext controllerContext, ActionDescriptor actionDescriptor, IDictionary`2 parameters)
   at System.Web.Mvc.Async.AsyncControllerActionInvoker.<BeginInvokeSynchronousActionMethod>b__39(IAsyncResult asyncResult, ActionInvocation innerInvokeState)
   at System.Web.Mvc.Async.AsyncResultWrapper.WrappedAsyncResult`2.CallEndDelegate(IAsyncResult asyncResult)
   at System.Web.Mvc.Async.AsyncResultWrapper.WrappedAsyncResultBase`1.End()
   at System.Web.Mvc.Async.AsyncControllerActionInvoker.EndInvokeActionMethod(IAsyncResult asyncResult)
   at System.Web.Mvc.Async.AsyncControllerActionInvoker.AsyncInvocationWithFilters.<InvokeActionMethodFilterAsynchronouslyRecursive>b__3d()
   at System.Web.Mvc.Async.AsyncControllerActionInvoker.AsyncInvocationWithFilters.<>c__DisplayClass46.<InvokeActionMethodFilterAsynchronouslyRecursive>b__3f()
   at System.Web.Mvc.Async.AsyncControllerActionInvoker.AsyncInvocationWithFilters.<>c__DisplayClass46.<InvokeActionMethodFilterAsynchronouslyRecursive>b__3f()
   at System.Web.Mvc.Async.AsyncControllerActionInvoker.<>c__DisplayClass33.<BeginInvokeActionMethodWithFilters>b__32(IAsyncResult asyncResult)
   at System.Web.Mvc.Async.AsyncResultWrapper.WrappedAsyncResult`1.CallEndDelegate(IAsyncResult asyncResult)
   at System.Web.Mvc.Async.AsyncResultWrapper.WrappedAsyncResultBase`1.End()
   at System.Web.Mvc.Async.AsyncControllerActionInvoker.EndInvokeActionMethodWithFilters(IAsyncResult asyncResult)
   at System.Web.Mvc.Async.AsyncControllerActionInvoker.<>c__DisplayClass21.<>c__DisplayClass2b.<BeginInvokeAction>b__1c()
   at System.Web.Mvc.Async.AsyncControllerActionInvoker.<>c__DisplayClass21.<BeginInvokeAction>b__1e(IAsyncResult asyncResult)
2019-01-25 10:05:43.7354 ERROR CEC.Web.SRV.Infrastructure.HandleAndLogErrorAttribute.OnException  NHibernate.QueryException: could not resolve property: FullAddress of: CEC.SRV.Domain.StreetView
   at NHibernate.Persister.Entity.AbstractPropertyMapping.ToType(String propertyName)
   at NHibernate.Persister.Entity.AbstractEntityPersister.GetSubclassPropertyTableNumber(String propertyPath)
   at NHibernate.Persister.Entity.BasicEntityPropertyMapping.ToColumns(String alias, String propertyName)
   at NHibernate.Persister.Entity.AbstractEntityPersister.ToColumns(String alias, String propertyName)
   at NHibernate.Loader.Criteria.CriteriaQueryTranslator.GetColumns(ICriteria subcriteria, String propertyName)
   at NHibernate.Loader.Criteria.CriteriaQueryTranslator.GetColumnsUsingProjection(ICriteria subcriteria, String propertyName)
   at NHibernate.Criterion.PropertyProjection.ToSqlString(ICriteria criteria, Int32 loc, ICriteriaQuery criteriaQuery, IDictionary`2 enabledFilters)
   at NHibernate.Criterion.CriterionUtil.GetColumnNamesUsingProjection(IProjection projection, ICriteriaQuery criteriaQuery, ICriteria criteria, IDictionary`2 enabledFilters)
   at NHibernate.Criterion.LikeExpression.ToSqlString(ICriteria criteria, ICriteriaQuery criteriaQuery, IDictionary`2 enabledFilters)
   at Amdaris.NHibernateProvider.Utils.LikeCollationExpression.ToSqlString(ICriteria criteria, ICriteriaQuery criteriaQuery, IDictionary`2 enabledFilters)
   at NHibernate.Criterion.Junction.ToSqlString(ICriteria criteria, ICriteriaQuery criteriaQuery, IDictionary`2 enabledFilters)
   at NHibernate.Criterion.Junction.ToSqlString(ICriteria criteria, ICriteriaQuery criteriaQuery, IDictionary`2 enabledFilters)
   at NHibernate.Loader.Criteria.CriteriaQueryTranslator.GetWhereCondition(IDictionary`2 enabledFilters)
   at NHibernate.Loader.Criteria.CriteriaJoinWalker..ctor(IOuterJoinLoadable persister, CriteriaQueryTranslator translator, ISessionFactoryImplementor factory, ICriteria criteria, String rootEntityName, IDictionary`2 enabledFilters)
   at NHibernate.Loader.Criteria.CriteriaLoader..ctor(IOuterJoinLoadable persister, ISessionFactoryImplementor factory, CriteriaImpl rootCriteria, String rootEntityName, IDictionary`2 enabledFilters)
   at NHibernate.Impl.MultiCriteriaImpl.CreateCriteriaLoaders()
   at NHibernate.Impl.MultiCriteriaImpl.List()
   at NHibernate.Impl.FutureCriteriaBatch.GetResultsFrom(IMultiCriteria multiApproach)
   at NHibernate.Impl.FutureBatch`2.GetResults()
   at NHibernate.Impl.FutureBatch`2.GetCurrentResult[TResult](Int32 currentIndex)
   at NHibernate.Impl.FutureBatch`2.<>c__DisplayClass1`1.<GetFutureValue>b__0()
   at NHibernate.Impl.FutureValue`1.get_Value()
   at Amdaris.NHibernateProvider.Utils.PageHelper.CreatePage[T](ICriteria criteria, PageRequest request, ICriteria countCriteria)
   at Amdaris.NHibernateProvider.Utils.PageHelper.CreatePage[T](ICriteria criteria, PageRequest request)
   at CEC.SRV.BLL.Impl.VotersBll.SearchStreets(PageRequest pageRequest, Nullable`1 regionId, Nullable`1 streetId) in D:\work\CEC\CEC.SRV\src\CEC.SRV.BLL\Impl\VotersBll.cs:line 593
   at CEC.Web.SRV.Controllers.VotersController.GetStreets(Select2Request request, Nullable`1 regionId) in D:\work\CEC\CEC.SRV\src\CEC.Web.SRV\Controllers\VotersController.cs:line 623
   at lambda_method(Closure , ControllerBase , Object[] )
   at System.Web.Mvc.ActionMethodDispatcher.Execute(ControllerBase controller, Object[] parameters)
   at System.Web.Mvc.ReflectedActionDescriptor.Execute(ControllerContext controllerContext, IDictionary`2 parameters)
   at System.Web.Mvc.ControllerActionInvoker.InvokeActionMethod(ControllerContext controllerContext, ActionDescriptor actionDescriptor, IDictionary`2 parameters)
   at System.Web.Mvc.Async.AsyncControllerActionInvoker.<BeginInvokeSynchronousActionMethod>b__39(IAsyncResult asyncResult, ActionInvocation innerInvokeState)
   at System.Web.Mvc.Async.AsyncResultWrapper.WrappedAsyncResult`2.CallEndDelegate(IAsyncResult asyncResult)
   at System.Web.Mvc.Async.AsyncResultWrapper.WrappedAsyncResultBase`1.End()
   at System.Web.Mvc.Async.AsyncControllerActionInvoker.EndInvokeActionMethod(IAsyncResult asyncResult)
   at System.Web.Mvc.Async.AsyncControllerActionInvoker.AsyncInvocationWithFilters.<InvokeActionMethodFilterAsynchronouslyRecursive>b__3d()
   at System.Web.Mvc.Async.AsyncControllerActionInvoker.AsyncInvocationWithFilters.<>c__DisplayClass46.<InvokeActionMethodFilterAsynchronouslyRecursive>b__3f()
   at System.Web.Mvc.Async.AsyncControllerActionInvoker.AsyncInvocationWithFilters.<>c__DisplayClass46.<InvokeActionMethodFilterAsynchronouslyRecursive>b__3f()
   at System.Web.Mvc.Async.AsyncControllerActionInvoker.<>c__DisplayClass33.<BeginInvokeActionMethodWithFilters>b__32(IAsyncResult asyncResult)
   at System.Web.Mvc.Async.AsyncResultWrapper.WrappedAsyncResult`1.CallEndDelegate(IAsyncResult asyncResult)
   at System.Web.Mvc.Async.AsyncResultWrapper.WrappedAsyncResultBase`1.End()
   at System.Web.Mvc.Async.AsyncControllerActionInvoker.EndInvokeActionMethodWithFilters(IAsyncResult asyncResult)
   at System.Web.Mvc.Async.AsyncControllerActionInvoker.<>c__DisplayClass21.<>c__DisplayClass2b.<BeginInvokeAction>b__1c()
   at System.Web.Mvc.Async.AsyncControllerActionInvoker.<>c__DisplayClass21.<BeginInvokeAction>b__1e(IAsyncResult asyncResult)
2019-01-25 10:06:06.2402 ERROR CEC.Web.SRV.Infrastructure.HandleAndLogErrorAttribute.OnException  NHibernate.QueryException: could not resolve property: FullAddress of: CEC.SRV.Domain.StreetView
   at NHibernate.Persister.Entity.AbstractPropertyMapping.ToType(String propertyName)
   at NHibernate.Persister.Entity.AbstractEntityPersister.GetSubclassPropertyTableNumber(String propertyPath)
   at NHibernate.Persister.Entity.BasicEntityPropertyMapping.ToColumns(String alias, String propertyName)
   at NHibernate.Persister.Entity.AbstractEntityPersister.ToColumns(String alias, String propertyName)
   at NHibernate.Loader.Criteria.CriteriaQueryTranslator.GetColumns(ICriteria subcriteria, String propertyName)
   at NHibernate.Loader.Criteria.CriteriaQueryTranslator.GetColumnsUsingProjection(ICriteria subcriteria, String propertyName)
   at NHibernate.Criterion.PropertyProjection.ToSqlString(ICriteria criteria, Int32 loc, ICriteriaQuery criteriaQuery, IDictionary`2 enabledFilters)
   at NHibernate.Criterion.CriterionUtil.GetColumnNamesUsingProjection(IProjection projection, ICriteriaQuery criteriaQuery, ICriteria criteria, IDictionary`2 enabledFilters)
   at NHibernate.Criterion.LikeExpression.ToSqlString(ICriteria criteria, ICriteriaQuery criteriaQuery, IDictionary`2 enabledFilters)
   at Amdaris.NHibernateProvider.Utils.LikeCollationExpression.ToSqlString(ICriteria criteria, ICriteriaQuery criteriaQuery, IDictionary`2 enabledFilters)
   at NHibernate.Criterion.Junction.ToSqlString(ICriteria criteria, ICriteriaQuery criteriaQuery, IDictionary`2 enabledFilters)
   at NHibernate.Criterion.Junction.ToSqlString(ICriteria criteria, ICriteriaQuery criteriaQuery, IDictionary`2 enabledFilters)
   at NHibernate.Loader.Criteria.CriteriaQueryTranslator.GetWhereCondition(IDictionary`2 enabledFilters)
   at NHibernate.Loader.Criteria.CriteriaJoinWalker..ctor(IOuterJoinLoadable persister, CriteriaQueryTranslator translator, ISessionFactoryImplementor factory, ICriteria criteria, String rootEntityName, IDictionary`2 enabledFilters)
   at NHibernate.Loader.Criteria.CriteriaLoader..ctor(IOuterJoinLoadable persister, ISessionFactoryImplementor factory, CriteriaImpl rootCriteria, String rootEntityName, IDictionary`2 enabledFilters)
   at NHibernate.Impl.MultiCriteriaImpl.CreateCriteriaLoaders()
   at NHibernate.Impl.MultiCriteriaImpl.List()
   at NHibernate.Impl.FutureCriteriaBatch.GetResultsFrom(IMultiCriteria multiApproach)
   at NHibernate.Impl.FutureBatch`2.GetResults()
   at NHibernate.Impl.FutureBatch`2.GetCurrentResult[TResult](Int32 currentIndex)
   at NHibernate.Impl.FutureBatch`2.<>c__DisplayClass1`1.<GetFutureValue>b__0()
   at NHibernate.Impl.FutureValue`1.get_Value()
   at Amdaris.NHibernateProvider.Utils.PageHelper.CreatePage[T](ICriteria criteria, PageRequest request, ICriteria countCriteria)
   at Amdaris.NHibernateProvider.Utils.PageHelper.CreatePage[T](ICriteria criteria, PageRequest request)
   at CEC.SRV.BLL.Impl.VotersBll.SearchStreets(PageRequest pageRequest, Nullable`1 regionId, Nullable`1 streetId) in D:\work\CEC\CEC.SRV\src\CEC.SRV.BLL\Impl\VotersBll.cs:line 593
   at CEC.Web.SRV.Controllers.VotersController.GetStreets(Select2Request request, Nullable`1 regionId) in D:\work\CEC\CEC.SRV\src\CEC.Web.SRV\Controllers\VotersController.cs:line 623
   at lambda_method(Closure , ControllerBase , Object[] )
   at System.Web.Mvc.ActionMethodDispatcher.Execute(ControllerBase controller, Object[] parameters)
   at System.Web.Mvc.ReflectedActionDescriptor.Execute(ControllerContext controllerContext, IDictionary`2 parameters)
   at System.Web.Mvc.ControllerActionInvoker.InvokeActionMethod(ControllerContext controllerContext, ActionDescriptor actionDescriptor, IDictionary`2 parameters)
   at System.Web.Mvc.Async.AsyncControllerActionInvoker.<BeginInvokeSynchronousActionMethod>b__39(IAsyncResult asyncResult, ActionInvocation innerInvokeState)
   at System.Web.Mvc.Async.AsyncResultWrapper.WrappedAsyncResult`2.CallEndDelegate(IAsyncResult asyncResult)
   at System.Web.Mvc.Async.AsyncResultWrapper.WrappedAsyncResultBase`1.End()
   at System.Web.Mvc.Async.AsyncControllerActionInvoker.EndInvokeActionMethod(IAsyncResult asyncResult)
   at System.Web.Mvc.Async.AsyncControllerActionInvoker.AsyncInvocationWithFilters.<InvokeActionMethodFilterAsynchronouslyRecursive>b__3d()
   at System.Web.Mvc.Async.AsyncControllerActionInvoker.AsyncInvocationWithFilters.<>c__DisplayClass46.<InvokeActionMethodFilterAsynchronouslyRecursive>b__3f()
   at System.Web.Mvc.Async.AsyncControllerActionInvoker.AsyncInvocationWithFilters.<>c__DisplayClass46.<InvokeActionMethodFilterAsynchronouslyRecursive>b__3f()
   at System.Web.Mvc.Async.AsyncControllerActionInvoker.<>c__DisplayClass33.<BeginInvokeActionMethodWithFilters>b__32(IAsyncResult asyncResult)
   at System.Web.Mvc.Async.AsyncResultWrapper.WrappedAsyncResult`1.CallEndDelegate(IAsyncResult asyncResult)
   at System.Web.Mvc.Async.AsyncResultWrapper.WrappedAsyncResultBase`1.End()
   at System.Web.Mvc.Async.AsyncControllerActionInvoker.EndInvokeActionMethodWithFilters(IAsyncResult asyncResult)
   at System.Web.Mvc.Async.AsyncControllerActionInvoker.<>c__DisplayClass21.<>c__DisplayClass2b.<BeginInvokeAction>b__1c()
   at System.Web.Mvc.Async.AsyncControllerActionInvoker.<>c__DisplayClass21.<BeginInvokeAction>b__1e(IAsyncResult asyncResult)
2019-01-25 10:06:06.4671 ERROR CEC.Web.SRV.Infrastructure.HandleAndLogErrorAttribute.OnException  NHibernate.QueryException: could not resolve property: FullAddress of: CEC.SRV.Domain.StreetView
   at NHibernate.Persister.Entity.AbstractPropertyMapping.ToType(String propertyName)
   at NHibernate.Persister.Entity.AbstractEntityPersister.GetSubclassPropertyTableNumber(String propertyPath)
   at NHibernate.Persister.Entity.BasicEntityPropertyMapping.ToColumns(String alias, String propertyName)
   at NHibernate.Persister.Entity.AbstractEntityPersister.ToColumns(String alias, String propertyName)
   at NHibernate.Loader.Criteria.CriteriaQueryTranslator.GetColumns(ICriteria subcriteria, String propertyName)
   at NHibernate.Loader.Criteria.CriteriaQueryTranslator.GetColumnsUsingProjection(ICriteria subcriteria, String propertyName)
   at NHibernate.Criterion.PropertyProjection.ToSqlString(ICriteria criteria, Int32 loc, ICriteriaQuery criteriaQuery, IDictionary`2 enabledFilters)
   at NHibernate.Criterion.CriterionUtil.GetColumnNamesUsingProjection(IProjection projection, ICriteriaQuery criteriaQuery, ICriteria criteria, IDictionary`2 enabledFilters)
   at NHibernate.Criterion.LikeExpression.ToSqlString(ICriteria criteria, ICriteriaQuery criteriaQuery, IDictionary`2 enabledFilters)
   at Amdaris.NHibernateProvider.Utils.LikeCollationExpression.ToSqlString(ICriteria criteria, ICriteriaQuery criteriaQuery, IDictionary`2 enabledFilters)
   at NHibernate.Criterion.Junction.ToSqlString(ICriteria criteria, ICriteriaQuery criteriaQuery, IDictionary`2 enabledFilters)
   at NHibernate.Criterion.Junction.ToSqlString(ICriteria criteria, ICriteriaQuery criteriaQuery, IDictionary`2 enabledFilters)
   at NHibernate.Loader.Criteria.CriteriaQueryTranslator.GetWhereCondition(IDictionary`2 enabledFilters)
   at NHibernate.Loader.Criteria.CriteriaJoinWalker..ctor(IOuterJoinLoadable persister, CriteriaQueryTranslator translator, ISessionFactoryImplementor factory, ICriteria criteria, String rootEntityName, IDictionary`2 enabledFilters)
   at NHibernate.Loader.Criteria.CriteriaLoader..ctor(IOuterJoinLoadable persister, ISessionFactoryImplementor factory, CriteriaImpl rootCriteria, String rootEntityName, IDictionary`2 enabledFilters)
   at NHibernate.Impl.MultiCriteriaImpl.CreateCriteriaLoaders()
   at NHibernate.Impl.MultiCriteriaImpl.List()
   at NHibernate.Impl.FutureCriteriaBatch.GetResultsFrom(IMultiCriteria multiApproach)
   at NHibernate.Impl.FutureBatch`2.GetResults()
   at NHibernate.Impl.FutureBatch`2.GetCurrentResult[TResult](Int32 currentIndex)
   at NHibernate.Impl.FutureBatch`2.<>c__DisplayClass1`1.<GetFutureValue>b__0()
   at NHibernate.Impl.FutureValue`1.get_Value()
   at Amdaris.NHibernateProvider.Utils.PageHelper.CreatePage[T](ICriteria criteria, PageRequest request, ICriteria countCriteria)
   at Amdaris.NHibernateProvider.Utils.PageHelper.CreatePage[T](ICriteria criteria, PageRequest request)
   at CEC.SRV.BLL.Impl.VotersBll.SearchStreets(PageRequest pageRequest, Nullable`1 regionId, Nullable`1 streetId) in D:\work\CEC\CEC.SRV\src\CEC.SRV.BLL\Impl\VotersBll.cs:line 593
   at CEC.Web.SRV.Controllers.VotersController.GetStreets(Select2Request request, Nullable`1 regionId) in D:\work\CEC\CEC.SRV\src\CEC.Web.SRV\Controllers\VotersController.cs:line 623
   at lambda_method(Closure , ControllerBase , Object[] )
   at System.Web.Mvc.ActionMethodDispatcher.Execute(ControllerBase controller, Object[] parameters)
   at System.Web.Mvc.ReflectedActionDescriptor.Execute(ControllerContext controllerContext, IDictionary`2 parameters)
   at System.Web.Mvc.ControllerActionInvoker.InvokeActionMethod(ControllerContext controllerContext, ActionDescriptor actionDescriptor, IDictionary`2 parameters)
   at System.Web.Mvc.Async.AsyncControllerActionInvoker.<BeginInvokeSynchronousActionMethod>b__39(IAsyncResult asyncResult, ActionInvocation innerInvokeState)
   at System.Web.Mvc.Async.AsyncResultWrapper.WrappedAsyncResult`2.CallEndDelegate(IAsyncResult asyncResult)
   at System.Web.Mvc.Async.AsyncResultWrapper.WrappedAsyncResultBase`1.End()
   at System.Web.Mvc.Async.AsyncControllerActionInvoker.EndInvokeActionMethod(IAsyncResult asyncResult)
   at System.Web.Mvc.Async.AsyncControllerActionInvoker.AsyncInvocationWithFilters.<InvokeActionMethodFilterAsynchronouslyRecursive>b__3d()
   at System.Web.Mvc.Async.AsyncControllerActionInvoker.AsyncInvocationWithFilters.<>c__DisplayClass46.<InvokeActionMethodFilterAsynchronouslyRecursive>b__3f()
   at System.Web.Mvc.Async.AsyncControllerActionInvoker.AsyncInvocationWithFilters.<>c__DisplayClass46.<InvokeActionMethodFilterAsynchronouslyRecursive>b__3f()
   at System.Web.Mvc.Async.AsyncControllerActionInvoker.<>c__DisplayClass33.<BeginInvokeActionMethodWithFilters>b__32(IAsyncResult asyncResult)
   at System.Web.Mvc.Async.AsyncResultWrapper.WrappedAsyncResult`1.CallEndDelegate(IAsyncResult asyncResult)
   at System.Web.Mvc.Async.AsyncResultWrapper.WrappedAsyncResultBase`1.End()
   at System.Web.Mvc.Async.AsyncControllerActionInvoker.EndInvokeActionMethodWithFilters(IAsyncResult asyncResult)
   at System.Web.Mvc.Async.AsyncControllerActionInvoker.<>c__DisplayClass21.<>c__DisplayClass2b.<BeginInvokeAction>b__1c()
   at System.Web.Mvc.Async.AsyncControllerActionInvoker.<>c__DisplayClass21.<BeginInvokeAction>b__1e(IAsyncResult asyncResult)
2019-01-25 10:06:06.9148 ERROR CEC.Web.SRV.Infrastructure.HandleAndLogErrorAttribute.OnException  NHibernate.QueryException: could not resolve property: FullAddress of: CEC.SRV.Domain.StreetView
   at NHibernate.Persister.Entity.AbstractPropertyMapping.ToType(String propertyName)
   at NHibernate.Persister.Entity.AbstractEntityPersister.GetSubclassPropertyTableNumber(String propertyPath)
   at NHibernate.Persister.Entity.BasicEntityPropertyMapping.ToColumns(String alias, String propertyName)
   at NHibernate.Persister.Entity.AbstractEntityPersister.ToColumns(String alias, String propertyName)
   at NHibernate.Loader.Criteria.CriteriaQueryTranslator.GetColumns(ICriteria subcriteria, String propertyName)
   at NHibernate.Loader.Criteria.CriteriaQueryTranslator.GetColumnsUsingProjection(ICriteria subcriteria, String propertyName)
   at NHibernate.Criterion.PropertyProjection.ToSqlString(ICriteria criteria, Int32 loc, ICriteriaQuery criteriaQuery, IDictionary`2 enabledFilters)
   at NHibernate.Criterion.CriterionUtil.GetColumnNamesUsingProjection(IProjection projection, ICriteriaQuery criteriaQuery, ICriteria criteria, IDictionary`2 enabledFilters)
   at NHibernate.Criterion.LikeExpression.ToSqlString(ICriteria criteria, ICriteriaQuery criteriaQuery, IDictionary`2 enabledFilters)
   at Amdaris.NHibernateProvider.Utils.LikeCollationExpression.ToSqlString(ICriteria criteria, ICriteriaQuery criteriaQuery, IDictionary`2 enabledFilters)
   at NHibernate.Criterion.Junction.ToSqlString(ICriteria criteria, ICriteriaQuery criteriaQuery, IDictionary`2 enabledFilters)
   at NHibernate.Criterion.Junction.ToSqlString(ICriteria criteria, ICriteriaQuery criteriaQuery, IDictionary`2 enabledFilters)
   at NHibernate.Loader.Criteria.CriteriaQueryTranslator.GetWhereCondition(IDictionary`2 enabledFilters)
   at NHibernate.Loader.Criteria.CriteriaJoinWalker..ctor(IOuterJoinLoadable persister, CriteriaQueryTranslator translator, ISessionFactoryImplementor factory, ICriteria criteria, String rootEntityName, IDictionary`2 enabledFilters)
   at NHibernate.Loader.Criteria.CriteriaLoader..ctor(IOuterJoinLoadable persister, ISessionFactoryImplementor factory, CriteriaImpl rootCriteria, String rootEntityName, IDictionary`2 enabledFilters)
   at NHibernate.Impl.MultiCriteriaImpl.CreateCriteriaLoaders()
   at NHibernate.Impl.MultiCriteriaImpl.List()
   at NHibernate.Impl.FutureCriteriaBatch.GetResultsFrom(IMultiCriteria multiApproach)
   at NHibernate.Impl.FutureBatch`2.GetResults()
   at NHibernate.Impl.FutureBatch`2.GetCurrentResult[TResult](Int32 currentIndex)
   at NHibernate.Impl.FutureBatch`2.<>c__DisplayClass1`1.<GetFutureValue>b__0()
   at NHibernate.Impl.FutureValue`1.get_Value()
   at Amdaris.NHibernateProvider.Utils.PageHelper.CreatePage[T](ICriteria criteria, PageRequest request, ICriteria countCriteria)
   at Amdaris.NHibernateProvider.Utils.PageHelper.CreatePage[T](ICriteria criteria, PageRequest request)
   at CEC.SRV.BLL.Impl.VotersBll.SearchStreets(PageRequest pageRequest, Nullable`1 regionId, Nullable`1 streetId) in D:\work\CEC\CEC.SRV\src\CEC.SRV.BLL\Impl\VotersBll.cs:line 593
   at CEC.Web.SRV.Controllers.VotersController.GetStreets(Select2Request request, Nullable`1 regionId) in D:\work\CEC\CEC.SRV\src\CEC.Web.SRV\Controllers\VotersController.cs:line 623
   at lambda_method(Closure , ControllerBase , Object[] )
   at System.Web.Mvc.ActionMethodDispatcher.Execute(ControllerBase controller, Object[] parameters)
   at System.Web.Mvc.ReflectedActionDescriptor.Execute(ControllerContext controllerContext, IDictionary`2 parameters)
   at System.Web.Mvc.ControllerActionInvoker.InvokeActionMethod(ControllerContext controllerContext, ActionDescriptor actionDescriptor, IDictionary`2 parameters)
   at System.Web.Mvc.Async.AsyncControllerActionInvoker.<BeginInvokeSynchronousActionMethod>b__39(IAsyncResult asyncResult, ActionInvocation innerInvokeState)
   at System.Web.Mvc.Async.AsyncResultWrapper.WrappedAsyncResult`2.CallEndDelegate(IAsyncResult asyncResult)
   at System.Web.Mvc.Async.AsyncResultWrapper.WrappedAsyncResultBase`1.End()
   at System.Web.Mvc.Async.AsyncControllerActionInvoker.EndInvokeActionMethod(IAsyncResult asyncResult)
   at System.Web.Mvc.Async.AsyncControllerActionInvoker.AsyncInvocationWithFilters.<InvokeActionMethodFilterAsynchronouslyRecursive>b__3d()
   at System.Web.Mvc.Async.AsyncControllerActionInvoker.AsyncInvocationWithFilters.<>c__DisplayClass46.<InvokeActionMethodFilterAsynchronouslyRecursive>b__3f()
   at System.Web.Mvc.Async.AsyncControllerActionInvoker.AsyncInvocationWithFilters.<>c__DisplayClass46.<InvokeActionMethodFilterAsynchronouslyRecursive>b__3f()
   at System.Web.Mvc.Async.AsyncControllerActionInvoker.<>c__DisplayClass33.<BeginInvokeActionMethodWithFilters>b__32(IAsyncResult asyncResult)
   at System.Web.Mvc.Async.AsyncResultWrapper.WrappedAsyncResult`1.CallEndDelegate(IAsyncResult asyncResult)
   at System.Web.Mvc.Async.AsyncResultWrapper.WrappedAsyncResultBase`1.End()
   at System.Web.Mvc.Async.AsyncControllerActionInvoker.EndInvokeActionMethodWithFilters(IAsyncResult asyncResult)
   at System.Web.Mvc.Async.AsyncControllerActionInvoker.<>c__DisplayClass21.<>c__DisplayClass2b.<BeginInvokeAction>b__1c()
   at System.Web.Mvc.Async.AsyncControllerActionInvoker.<>c__DisplayClass21.<BeginInvokeAction>b__1e(IAsyncResult asyncResult)
2019-01-25 10:06:39.9830 ERROR CEC.Web.SRV.Infrastructure.HandleAndLogErrorAttribute.OnException  NHibernate.QueryException: could not resolve property: FullAddress of: CEC.SRV.Domain.StreetView
   at NHibernate.Persister.Entity.AbstractPropertyMapping.ToType(String propertyName)
   at NHibernate.Persister.Entity.AbstractEntityPersister.GetSubclassPropertyTableNumber(String propertyPath)
   at NHibernate.Persister.Entity.BasicEntityPropertyMapping.ToColumns(String alias, String propertyName)
   at NHibernate.Persister.Entity.AbstractEntityPersister.ToColumns(String alias, String propertyName)
   at NHibernate.Loader.Criteria.CriteriaQueryTranslator.GetColumns(ICriteria subcriteria, String propertyName)
   at NHibernate.Loader.Criteria.CriteriaQueryTranslator.GetColumnsUsingProjection(ICriteria subcriteria, String propertyName)
   at NHibernate.Criterion.PropertyProjection.ToSqlString(ICriteria criteria, Int32 loc, ICriteriaQuery criteriaQuery, IDictionary`2 enabledFilters)
   at NHibernate.Criterion.CriterionUtil.GetColumnNamesUsingProjection(IProjection projection, ICriteriaQuery criteriaQuery, ICriteria criteria, IDictionary`2 enabledFilters)
   at NHibernate.Criterion.LikeExpression.ToSqlString(ICriteria criteria, ICriteriaQuery criteriaQuery, IDictionary`2 enabledFilters)
   at Amdaris.NHibernateProvider.Utils.LikeCollationExpression.ToSqlString(ICriteria criteria, ICriteriaQuery criteriaQuery, IDictionary`2 enabledFilters)
   at NHibernate.Criterion.Junction.ToSqlString(ICriteria criteria, ICriteriaQuery criteriaQuery, IDictionary`2 enabledFilters)
   at NHibernate.Criterion.Junction.ToSqlString(ICriteria criteria, ICriteriaQuery criteriaQuery, IDictionary`2 enabledFilters)
   at NHibernate.Loader.Criteria.CriteriaQueryTranslator.GetWhereCondition(IDictionary`2 enabledFilters)
   at NHibernate.Loader.Criteria.CriteriaJoinWalker..ctor(IOuterJoinLoadable persister, CriteriaQueryTranslator translator, ISessionFactoryImplementor factory, ICriteria criteria, String rootEntityName, IDictionary`2 enabledFilters)
   at NHibernate.Loader.Criteria.CriteriaLoader..ctor(IOuterJoinLoadable persister, ISessionFactoryImplementor factory, CriteriaImpl rootCriteria, String rootEntityName, IDictionary`2 enabledFilters)
   at NHibernate.Impl.MultiCriteriaImpl.CreateCriteriaLoaders()
   at NHibernate.Impl.MultiCriteriaImpl.List()
   at NHibernate.Impl.FutureCriteriaBatch.GetResultsFrom(IMultiCriteria multiApproach)
   at NHibernate.Impl.FutureBatch`2.GetResults()
   at NHibernate.Impl.FutureBatch`2.GetCurrentResult[TResult](Int32 currentIndex)
   at NHibernate.Impl.FutureBatch`2.<>c__DisplayClass1`1.<GetFutureValue>b__0()
   at NHibernate.Impl.FutureValue`1.get_Value()
   at Amdaris.NHibernateProvider.Utils.PageHelper.CreatePage[T](ICriteria criteria, PageRequest request, ICriteria countCriteria)
   at Amdaris.NHibernateProvider.Utils.PageHelper.CreatePage[T](ICriteria criteria, PageRequest request)
   at CEC.SRV.BLL.Impl.VotersBll.SearchStreets(PageRequest pageRequest, Nullable`1 regionId, Nullable`1 streetId) in D:\work\CEC\CEC.SRV\src\CEC.SRV.BLL\Impl\VotersBll.cs:line 593
   at CEC.Web.SRV.Controllers.VotersController.GetStreets(Select2Request request, Nullable`1 regionId) in D:\work\CEC\CEC.SRV\src\CEC.Web.SRV\Controllers\VotersController.cs:line 623
   at lambda_method(Closure , ControllerBase , Object[] )
   at System.Web.Mvc.ActionMethodDispatcher.Execute(ControllerBase controller, Object[] parameters)
   at System.Web.Mvc.ReflectedActionDescriptor.Execute(ControllerContext controllerContext, IDictionary`2 parameters)
   at System.Web.Mvc.ControllerActionInvoker.InvokeActionMethod(ControllerContext controllerContext, ActionDescriptor actionDescriptor, IDictionary`2 parameters)
   at System.Web.Mvc.Async.AsyncControllerActionInvoker.<BeginInvokeSynchronousActionMethod>b__39(IAsyncResult asyncResult, ActionInvocation innerInvokeState)
   at System.Web.Mvc.Async.AsyncResultWrapper.WrappedAsyncResult`2.CallEndDelegate(IAsyncResult asyncResult)
   at System.Web.Mvc.Async.AsyncResultWrapper.WrappedAsyncResultBase`1.End()
   at System.Web.Mvc.Async.AsyncControllerActionInvoker.EndInvokeActionMethod(IAsyncResult asyncResult)
   at System.Web.Mvc.Async.AsyncControllerActionInvoker.AsyncInvocationWithFilters.<InvokeActionMethodFilterAsynchronouslyRecursive>b__3d()
   at System.Web.Mvc.Async.AsyncControllerActionInvoker.AsyncInvocationWithFilters.<>c__DisplayClass46.<InvokeActionMethodFilterAsynchronouslyRecursive>b__3f()
   at System.Web.Mvc.Async.AsyncControllerActionInvoker.AsyncInvocationWithFilters.<>c__DisplayClass46.<InvokeActionMethodFilterAsynchronouslyRecursive>b__3f()
   at System.Web.Mvc.Async.AsyncControllerActionInvoker.<>c__DisplayClass33.<BeginInvokeActionMethodWithFilters>b__32(IAsyncResult asyncResult)
   at System.Web.Mvc.Async.AsyncResultWrapper.WrappedAsyncResult`1.CallEndDelegate(IAsyncResult asyncResult)
   at System.Web.Mvc.Async.AsyncResultWrapper.WrappedAsyncResultBase`1.End()
   at System.Web.Mvc.Async.AsyncControllerActionInvoker.EndInvokeActionMethodWithFilters(IAsyncResult asyncResult)
   at System.Web.Mvc.Async.AsyncControllerActionInvoker.<>c__DisplayClass21.<>c__DisplayClass2b.<BeginInvokeAction>b__1c()
   at System.Web.Mvc.Async.AsyncControllerActionInvoker.<>c__DisplayClass21.<BeginInvokeAction>b__1e(IAsyncResult asyncResult)
2019-01-25 10:07:16.1385 ERROR CEC.Web.SRV.Infrastructure.HandleAndLogErrorAttribute.OnException  NHibernate.QueryException: could not resolve property: FullAddress of: CEC.SRV.Domain.StreetView
   at NHibernate.Persister.Entity.AbstractPropertyMapping.ToType(String propertyName)
   at NHibernate.Persister.Entity.AbstractEntityPersister.GetSubclassPropertyTableNumber(String propertyPath)
   at NHibernate.Persister.Entity.BasicEntityPropertyMapping.ToColumns(String alias, String propertyName)
   at NHibernate.Persister.Entity.AbstractEntityPersister.ToColumns(String alias, String propertyName)
   at NHibernate.Loader.Criteria.CriteriaQueryTranslator.GetColumns(ICriteria subcriteria, String propertyName)
   at NHibernate.Loader.Criteria.CriteriaQueryTranslator.GetColumnsUsingProjection(ICriteria subcriteria, String propertyName)
   at NHibernate.Criterion.PropertyProjection.ToSqlString(ICriteria criteria, Int32 loc, ICriteriaQuery criteriaQuery, IDictionary`2 enabledFilters)
   at NHibernate.Criterion.CriterionUtil.GetColumnNamesUsingProjection(IProjection projection, ICriteriaQuery criteriaQuery, ICriteria criteria, IDictionary`2 enabledFilters)
   at NHibernate.Criterion.LikeExpression.ToSqlString(ICriteria criteria, ICriteriaQuery criteriaQuery, IDictionary`2 enabledFilters)
   at Amdaris.NHibernateProvider.Utils.LikeCollationExpression.ToSqlString(ICriteria criteria, ICriteriaQuery criteriaQuery, IDictionary`2 enabledFilters)
   at NHibernate.Criterion.Junction.ToSqlString(ICriteria criteria, ICriteriaQuery criteriaQuery, IDictionary`2 enabledFilters)
   at NHibernate.Criterion.Junction.ToSqlString(ICriteria criteria, ICriteriaQuery criteriaQuery, IDictionary`2 enabledFilters)
   at NHibernate.Loader.Criteria.CriteriaQueryTranslator.GetWhereCondition(IDictionary`2 enabledFilters)
   at NHibernate.Loader.Criteria.CriteriaJoinWalker..ctor(IOuterJoinLoadable persister, CriteriaQueryTranslator translator, ISessionFactoryImplementor factory, ICriteria criteria, String rootEntityName, IDictionary`2 enabledFilters)
   at NHibernate.Loader.Criteria.CriteriaLoader..ctor(IOuterJoinLoadable persister, ISessionFactoryImplementor factory, CriteriaImpl rootCriteria, String rootEntityName, IDictionary`2 enabledFilters)
   at NHibernate.Impl.MultiCriteriaImpl.CreateCriteriaLoaders()
   at NHibernate.Impl.MultiCriteriaImpl.List()
   at NHibernate.Impl.FutureCriteriaBatch.GetResultsFrom(IMultiCriteria multiApproach)
   at NHibernate.Impl.FutureBatch`2.GetResults()
   at NHibernate.Impl.FutureBatch`2.GetCurrentResult[TResult](Int32 currentIndex)
   at NHibernate.Impl.FutureBatch`2.<>c__DisplayClass1`1.<GetFutureValue>b__0()
   at NHibernate.Impl.FutureValue`1.get_Value()
   at Amdaris.NHibernateProvider.Utils.PageHelper.CreatePage[T](ICriteria criteria, PageRequest request, ICriteria countCriteria)
   at Amdaris.NHibernateProvider.Utils.PageHelper.CreatePage[T](ICriteria criteria, PageRequest request)
   at CEC.SRV.BLL.Impl.VotersBll.SearchStreets(PageRequest pageRequest, Nullable`1 regionId, Nullable`1 streetId) in D:\work\CEC\CEC.SRV\src\CEC.SRV.BLL\Impl\VotersBll.cs:line 593
   at CEC.Web.SRV.Controllers.VotersController.GetStreets(Select2Request request, Nullable`1 regionId) in D:\work\CEC\CEC.SRV\src\CEC.Web.SRV\Controllers\VotersController.cs:line 623
   at lambda_method(Closure , ControllerBase , Object[] )
   at System.Web.Mvc.ActionMethodDispatcher.Execute(ControllerBase controller, Object[] parameters)
   at System.Web.Mvc.ReflectedActionDescriptor.Execute(ControllerContext controllerContext, IDictionary`2 parameters)
   at System.Web.Mvc.ControllerActionInvoker.InvokeActionMethod(ControllerContext controllerContext, ActionDescriptor actionDescriptor, IDictionary`2 parameters)
   at System.Web.Mvc.Async.AsyncControllerActionInvoker.<BeginInvokeSynchronousActionMethod>b__39(IAsyncResult asyncResult, ActionInvocation innerInvokeState)
   at System.Web.Mvc.Async.AsyncResultWrapper.WrappedAsyncResult`2.CallEndDelegate(IAsyncResult asyncResult)
   at System.Web.Mvc.Async.AsyncResultWrapper.WrappedAsyncResultBase`1.End()
   at System.Web.Mvc.Async.AsyncControllerActionInvoker.EndInvokeActionMethod(IAsyncResult asyncResult)
   at System.Web.Mvc.Async.AsyncControllerActionInvoker.AsyncInvocationWithFilters.<InvokeActionMethodFilterAsynchronouslyRecursive>b__3d()
   at System.Web.Mvc.Async.AsyncControllerActionInvoker.AsyncInvocationWithFilters.<>c__DisplayClass46.<InvokeActionMethodFilterAsynchronouslyRecursive>b__3f()
   at System.Web.Mvc.Async.AsyncControllerActionInvoker.AsyncInvocationWithFilters.<>c__DisplayClass46.<InvokeActionMethodFilterAsynchronouslyRecursive>b__3f()
   at System.Web.Mvc.Async.AsyncControllerActionInvoker.<>c__DisplayClass33.<BeginInvokeActionMethodWithFilters>b__32(IAsyncResult asyncResult)
   at System.Web.Mvc.Async.AsyncResultWrapper.WrappedAsyncResult`1.CallEndDelegate(IAsyncResult asyncResult)
   at System.Web.Mvc.Async.AsyncResultWrapper.WrappedAsyncResultBase`1.End()
   at System.Web.Mvc.Async.AsyncControllerActionInvoker.EndInvokeActionMethodWithFilters(IAsyncResult asyncResult)
   at System.Web.Mvc.Async.AsyncControllerActionInvoker.<>c__DisplayClass21.<>c__DisplayClass2b.<BeginInvokeAction>b__1c()
   at System.Web.Mvc.Async.AsyncControllerActionInvoker.<>c__DisplayClass21.<BeginInvokeAction>b__1e(IAsyncResult asyncResult)
2019-01-25 10:08:11.3307 ERROR CEC.Web.SRV.Infrastructure.HandleAndLogErrorAttribute.OnException  NHibernate.QueryException: could not resolve property: FullAddress of: CEC.SRV.Domain.StreetView
   at NHibernate.Persister.Entity.AbstractPropertyMapping.ToType(String propertyName)
   at NHibernate.Persister.Entity.AbstractEntityPersister.GetSubclassPropertyTableNumber(String propertyPath)
   at NHibernate.Persister.Entity.BasicEntityPropertyMapping.ToColumns(String alias, String propertyName)
   at NHibernate.Persister.Entity.AbstractEntityPersister.ToColumns(String alias, String propertyName)
   at NHibernate.Loader.Criteria.CriteriaQueryTranslator.GetColumns(ICriteria subcriteria, String propertyName)
   at NHibernate.Loader.Criteria.CriteriaQueryTranslator.GetColumnsUsingProjection(ICriteria subcriteria, String propertyName)
   at NHibernate.Criterion.PropertyProjection.ToSqlString(ICriteria criteria, Int32 loc, ICriteriaQuery criteriaQuery, IDictionary`2 enabledFilters)
   at NHibernate.Criterion.CriterionUtil.GetColumnNamesUsingProjection(IProjection projection, ICriteriaQuery criteriaQuery, ICriteria criteria, IDictionary`2 enabledFilters)
   at NHibernate.Criterion.LikeExpression.ToSqlString(ICriteria criteria, ICriteriaQuery criteriaQuery, IDictionary`2 enabledFilters)
   at Amdaris.NHibernateProvider.Utils.LikeCollationExpression.ToSqlString(ICriteria criteria, ICriteriaQuery criteriaQuery, IDictionary`2 enabledFilters)
   at NHibernate.Criterion.Junction.ToSqlString(ICriteria criteria, ICriteriaQuery criteriaQuery, IDictionary`2 enabledFilters)
   at NHibernate.Criterion.Junction.ToSqlString(ICriteria criteria, ICriteriaQuery criteriaQuery, IDictionary`2 enabledFilters)
   at NHibernate.Loader.Criteria.CriteriaQueryTranslator.GetWhereCondition(IDictionary`2 enabledFilters)
   at NHibernate.Loader.Criteria.CriteriaJoinWalker..ctor(IOuterJoinLoadable persister, CriteriaQueryTranslator translator, ISessionFactoryImplementor factory, ICriteria criteria, String rootEntityName, IDictionary`2 enabledFilters)
   at NHibernate.Loader.Criteria.CriteriaLoader..ctor(IOuterJoinLoadable persister, ISessionFactoryImplementor factory, CriteriaImpl rootCriteria, String rootEntityName, IDictionary`2 enabledFilters)
   at NHibernate.Impl.MultiCriteriaImpl.CreateCriteriaLoaders()
   at NHibernate.Impl.MultiCriteriaImpl.List()
   at NHibernate.Impl.FutureCriteriaBatch.GetResultsFrom(IMultiCriteria multiApproach)
   at NHibernate.Impl.FutureBatch`2.GetResults()
   at NHibernate.Impl.FutureBatch`2.GetCurrentResult[TResult](Int32 currentIndex)
   at NHibernate.Impl.FutureBatch`2.<>c__DisplayClass1`1.<GetFutureValue>b__0()
   at NHibernate.Impl.FutureValue`1.get_Value()
   at Amdaris.NHibernateProvider.Utils.PageHelper.CreatePage[T](ICriteria criteria, PageRequest request, ICriteria countCriteria)
   at Amdaris.NHibernateProvider.Utils.PageHelper.CreatePage[T](ICriteria criteria, PageRequest request)
   at CEC.SRV.BLL.Impl.VotersBll.SearchStreets(PageRequest pageRequest, Nullable`1 regionId, Nullable`1 streetId) in D:\work\CEC\CEC.SRV\src\CEC.SRV.BLL\Impl\VotersBll.cs:line 593
   at CEC.Web.SRV.Controllers.VotersController.GetStreets(Select2Request request, Nullable`1 regionId) in D:\work\CEC\CEC.SRV\src\CEC.Web.SRV\Controllers\VotersController.cs:line 623
   at lambda_method(Closure , ControllerBase , Object[] )
   at System.Web.Mvc.ActionMethodDispatcher.Execute(ControllerBase controller, Object[] parameters)
   at System.Web.Mvc.ReflectedActionDescriptor.Execute(ControllerContext controllerContext, IDictionary`2 parameters)
   at System.Web.Mvc.ControllerActionInvoker.InvokeActionMethod(ControllerContext controllerContext, ActionDescriptor actionDescriptor, IDictionary`2 parameters)
   at System.Web.Mvc.Async.AsyncControllerActionInvoker.<BeginInvokeSynchronousActionMethod>b__39(IAsyncResult asyncResult, ActionInvocation innerInvokeState)
   at System.Web.Mvc.Async.AsyncResultWrapper.WrappedAsyncResult`2.CallEndDelegate(IAsyncResult asyncResult)
   at System.Web.Mvc.Async.AsyncResultWrapper.WrappedAsyncResultBase`1.End()
   at System.Web.Mvc.Async.AsyncControllerActionInvoker.EndInvokeActionMethod(IAsyncResult asyncResult)
   at System.Web.Mvc.Async.AsyncControllerActionInvoker.AsyncInvocationWithFilters.<InvokeActionMethodFilterAsynchronouslyRecursive>b__3d()
   at System.Web.Mvc.Async.AsyncControllerActionInvoker.AsyncInvocationWithFilters.<>c__DisplayClass46.<InvokeActionMethodFilterAsynchronouslyRecursive>b__3f()
   at System.Web.Mvc.Async.AsyncControllerActionInvoker.AsyncInvocationWithFilters.<>c__DisplayClass46.<InvokeActionMethodFilterAsynchronouslyRecursive>b__3f()
   at System.Web.Mvc.Async.AsyncControllerActionInvoker.<>c__DisplayClass33.<BeginInvokeActionMethodWithFilters>b__32(IAsyncResult asyncResult)
   at System.Web.Mvc.Async.AsyncResultWrapper.WrappedAsyncResult`1.CallEndDelegate(IAsyncResult asyncResult)
   at System.Web.Mvc.Async.AsyncResultWrapper.WrappedAsyncResultBase`1.End()
   at System.Web.Mvc.Async.AsyncControllerActionInvoker.EndInvokeActionMethodWithFilters(IAsyncResult asyncResult)
   at System.Web.Mvc.Async.AsyncControllerActionInvoker.<>c__DisplayClass21.<>c__DisplayClass2b.<BeginInvokeAction>b__1c()
   at System.Web.Mvc.Async.AsyncControllerActionInvoker.<>c__DisplayClass21.<BeginInvokeAction>b__1e(IAsyncResult asyncResult)
2019-01-25 10:11:14.0735 ERROR CEC.Web.SRV.Infrastructure.HandleAndLogErrorAttribute.OnException  NHibernate.QueryException: could not resolve property: FullAddress of: CEC.SRV.Domain.StreetView
   at NHibernate.Persister.Entity.AbstractPropertyMapping.ToType(String propertyName)
   at NHibernate.Persister.Entity.AbstractEntityPersister.GetSubclassPropertyTableNumber(String propertyPath)
   at NHibernate.Persister.Entity.BasicEntityPropertyMapping.ToColumns(String alias, String propertyName)
   at NHibernate.Persister.Entity.AbstractEntityPersister.ToColumns(String alias, String propertyName)
   at NHibernate.Loader.Criteria.CriteriaQueryTranslator.GetColumns(ICriteria subcriteria, String propertyName)
   at NHibernate.Loader.Criteria.CriteriaQueryTranslator.GetColumnsUsingProjection(ICriteria subcriteria, String propertyName)
   at NHibernate.Criterion.PropertyProjection.ToSqlString(ICriteria criteria, Int32 loc, ICriteriaQuery criteriaQuery, IDictionary`2 enabledFilters)
   at NHibernate.Criterion.CriterionUtil.GetColumnNamesUsingProjection(IProjection projection, ICriteriaQuery criteriaQuery, ICriteria criteria, IDictionary`2 enabledFilters)
   at NHibernate.Criterion.LikeExpression.ToSqlString(ICriteria criteria, ICriteriaQuery criteriaQuery, IDictionary`2 enabledFilters)
   at Amdaris.NHibernateProvider.Utils.LikeCollationExpression.ToSqlString(ICriteria criteria, ICriteriaQuery criteriaQuery, IDictionary`2 enabledFilters)
   at NHibernate.Criterion.Junction.ToSqlString(ICriteria criteria, ICriteriaQuery criteriaQuery, IDictionary`2 enabledFilters)
   at NHibernate.Criterion.Junction.ToSqlString(ICriteria criteria, ICriteriaQuery criteriaQuery, IDictionary`2 enabledFilters)
   at NHibernate.Loader.Criteria.CriteriaQueryTranslator.GetWhereCondition(IDictionary`2 enabledFilters)
   at NHibernate.Loader.Criteria.CriteriaJoinWalker..ctor(IOuterJoinLoadable persister, CriteriaQueryTranslator translator, ISessionFactoryImplementor factory, ICriteria criteria, String rootEntityName, IDictionary`2 enabledFilters)
   at NHibernate.Loader.Criteria.CriteriaLoader..ctor(IOuterJoinLoadable persister, ISessionFactoryImplementor factory, CriteriaImpl rootCriteria, String rootEntityName, IDictionary`2 enabledFilters)
   at NHibernate.Impl.MultiCriteriaImpl.CreateCriteriaLoaders()
   at NHibernate.Impl.MultiCriteriaImpl.List()
   at NHibernate.Impl.FutureCriteriaBatch.GetResultsFrom(IMultiCriteria multiApproach)
   at NHibernate.Impl.FutureBatch`2.GetResults()
   at NHibernate.Impl.FutureBatch`2.GetCurrentResult[TResult](Int32 currentIndex)
   at NHibernate.Impl.FutureBatch`2.<>c__DisplayClass1`1.<GetFutureValue>b__0()
   at NHibernate.Impl.FutureValue`1.get_Value()
   at Amdaris.NHibernateProvider.Utils.PageHelper.CreatePage[T](ICriteria criteria, PageRequest request, ICriteria countCriteria)
   at Amdaris.NHibernateProvider.Utils.PageHelper.CreatePage[T](ICriteria criteria, PageRequest request)
   at CEC.SRV.BLL.Impl.VotersBll.SearchStreets(PageRequest pageRequest, Nullable`1 regionId, Nullable`1 streetId) in D:\work\CEC\CEC.SRV\src\CEC.SRV.BLL\Impl\VotersBll.cs:line 593
   at CEC.Web.SRV.Controllers.VotersController.GetStreets(Select2Request request, Nullable`1 regionId) in D:\work\CEC\CEC.SRV\src\CEC.Web.SRV\Controllers\VotersController.cs:line 623
   at lambda_method(Closure , ControllerBase , Object[] )
   at System.Web.Mvc.ActionMethodDispatcher.Execute(ControllerBase controller, Object[] parameters)
   at System.Web.Mvc.ReflectedActionDescriptor.Execute(ControllerContext controllerContext, IDictionary`2 parameters)
   at System.Web.Mvc.ControllerActionInvoker.InvokeActionMethod(ControllerContext controllerContext, ActionDescriptor actionDescriptor, IDictionary`2 parameters)
   at System.Web.Mvc.Async.AsyncControllerActionInvoker.<BeginInvokeSynchronousActionMethod>b__39(IAsyncResult asyncResult, ActionInvocation innerInvokeState)
   at System.Web.Mvc.Async.AsyncResultWrapper.WrappedAsyncResult`2.CallEndDelegate(IAsyncResult asyncResult)
   at System.Web.Mvc.Async.AsyncResultWrapper.WrappedAsyncResultBase`1.End()
   at System.Web.Mvc.Async.AsyncControllerActionInvoker.EndInvokeActionMethod(IAsyncResult asyncResult)
   at System.Web.Mvc.Async.AsyncControllerActionInvoker.AsyncInvocationWithFilters.<InvokeActionMethodFilterAsynchronouslyRecursive>b__3d()
   at System.Web.Mvc.Async.AsyncControllerActionInvoker.AsyncInvocationWithFilters.<>c__DisplayClass46.<InvokeActionMethodFilterAsynchronouslyRecursive>b__3f()
   at System.Web.Mvc.Async.AsyncControllerActionInvoker.AsyncInvocationWithFilters.<>c__DisplayClass46.<InvokeActionMethodFilterAsynchronouslyRecursive>b__3f()
   at System.Web.Mvc.Async.AsyncControllerActionInvoker.<>c__DisplayClass33.<BeginInvokeActionMethodWithFilters>b__32(IAsyncResult asyncResult)
   at System.Web.Mvc.Async.AsyncResultWrapper.WrappedAsyncResult`1.CallEndDelegate(IAsyncResult asyncResult)
   at System.Web.Mvc.Async.AsyncResultWrapper.WrappedAsyncResultBase`1.End()
   at System.Web.Mvc.Async.AsyncControllerActionInvoker.EndInvokeActionMethodWithFilters(IAsyncResult asyncResult)
   at System.Web.Mvc.Async.AsyncControllerActionInvoker.<>c__DisplayClass21.<>c__DisplayClass2b.<BeginInvokeAction>b__1c()
   at System.Web.Mvc.Async.AsyncControllerActionInvoker.<>c__DisplayClass21.<BeginInvokeAction>b__1e(IAsyncResult asyncResult)
