2019-01-24 10:00:34.8475 ERROR CEC.Web.SRV.Infrastructure.HandleAndLogErrorAttribute.OnException  
2019-01-24 10:00:48.8839 ERROR CEC.Web.SRV.Infrastructure.HandleAndLogErrorAttribute.OnException  
2019-01-24 10:01:59.7425 ERROR CEC.Web.SRV.Infrastructure.HandleAndLogErrorAttribute.OnException  
2019-01-24 10:04:03.2942 ERROR CEC.Web.SRV.Infrastructure.HandleAndLogErrorAttribute.OnException  AutoMapper.AutoMapperMappingException: 

Mapping types:
VotersListOrderTypeProxy -> Nullable`1
VotersListOrderTypeProxy -> System.Nullable`1[[System.Int64, mscorlib, Version=4.0.0.0, Culture=neutral, PublicKeyToken=b77a5c561934e089]]

Destination path:
UpdatePollingStationModel.VotersListOrderType.VotersListOrderType

Source value:
CEC.SRV.Domain.Lookup.VotersListOrderType ---> System.InvalidCastException: Specified cast is not valid.
   at lambda_method(Closure , Object , Object )
   at AutoMapper.Impl.PropertyAccessor.SetValue(Object destination, Object value)
   at AutoMapper.Mappers.TypeMapObjectMapperRegistry.PropertyMapMappingStrategy.AssignValue(PropertyMap propertyMap, Object mappedObject, Object propertyValueToAssign)
   at AutoMapper.Mappers.TypeMapObjectMapperRegistry.PropertyMapMappingStrategy.MapPropertyValue(ResolutionContext context, IMappingEngineRunner mapper, Object mappedObject, PropertyMap propertyMap)
   --- End of inner exception stack trace ---
   at AutoMapper.Mappers.TypeMapObjectMapperRegistry.PropertyMapMappingStrategy.MapPropertyValue(ResolutionContext context, IMappingEngineRunner mapper, Object mappedObject, PropertyMap propertyMap)
   at AutoMapper.Mappers.TypeMapObjectMapperRegistry.PropertyMapMappingStrategy.Map(ResolutionContext context, IMappingEngineRunner mapper)
   at AutoMapper.Mappers.TypeMapMapper.Map(ResolutionContext context, IMappingEngineRunner mapper)
   at AutoMapper.MappingEngine.AutoMapper.IMappingEngineRunner.Map(ResolutionContext context)
   at AutoMapper.MappingEngine.MapCore(Object source, Type sourceType, Type destinationType, MappingOperationOptions options)
   at AutoMapper.MappingEngine.Map(Object source, Type sourceType, Type destinationType, Action`1 opts)
   at AutoMapper.MappingEngine.Map[TSource,TDestination](TSource source)
   at AutoMapper.Mapper.Map[TSource,TDestination](TSource source)
   at CEC.Web.SRV.Controllers.PollingStationController.CreateUpdatePollingStation(Int64 regionId, Nullable`1 pollingStationId) in D:\work\CEC\CEC.SRV\src\CEC.Web.SRV\Controllers\PollingStationController.cs:line 70
   at lambda_method(Closure , ControllerBase , Object[] )
   at System.Web.Mvc.ActionMethodDispatcher.Execute(ControllerBase controller, Object[] parameters)
   at System.Web.Mvc.ReflectedActionDescriptor.Execute(ControllerContext controllerContext, IDictionary`2 parameters)
   at System.Web.Mvc.ControllerActionInvoker.InvokeActionMethod(ControllerContext controllerContext, ActionDescriptor actionDescriptor, IDictionary`2 parameters)
   at System.Web.Mvc.Async.AsyncControllerActionInvoker.<BeginInvokeSynchronousActionMethod>b__39(IAsyncResult asyncResult, ActionInvocation innerInvokeState)
   at System.Web.Mvc.Async.AsyncResultWrapper.WrappedAsyncResult`2.CallEndDelegate(IAsyncResult asyncResult)
   at System.Web.Mvc.Async.AsyncResultWrapper.WrappedAsyncResultBase`1.End()
   at System.Web.Mvc.Async.AsyncControllerActionInvoker.EndInvokeActionMethod(IAsyncResult asyncResult)
   at System.Web.Mvc.Async.AsyncControllerActionInvoker.AsyncInvocationWithFilters.<InvokeActionMethodFilterAsynchronouslyRecursive>b__3d()
   at System.Web.Mvc.Async.AsyncControllerActionInvoker.AsyncInvocationWithFilters.<>c__DisplayClass46.<InvokeActionMethodFilterAsynchronouslyRecursive>b__3f()
   at System.Web.Mvc.Async.AsyncControllerActionInvoker.AsyncInvocationWithFilters.<>c__DisplayClass46.<InvokeActionMethodFilterAsynchronouslyRecursive>b__3f()
   at System.Web.Mvc.Async.AsyncControllerActionInvoker.<>c__DisplayClass33.<BeginInvokeActionMethodWithFilters>b__32(IAsyncResult asyncResult)
   at System.Web.Mvc.Async.AsyncResultWrapper.WrappedAsyncResult`1.CallEndDelegate(IAsyncResult asyncResult)
   at System.Web.Mvc.Async.AsyncResultWrapper.WrappedAsyncResultBase`1.End()
   at System.Web.Mvc.Async.AsyncControllerActionInvoker.EndInvokeActionMethodWithFilters(IAsyncResult asyncResult)
   at System.Web.Mvc.Async.AsyncControllerActionInvoker.<>c__DisplayClass21.<>c__DisplayClass2b.<BeginInvokeAction>b__1c()
   at System.Web.Mvc.Async.AsyncControllerActionInvoker.<>c__DisplayClass21.<BeginInvokeAction>b__1e(IAsyncResult asyncResult)
