2018-04-26 11:01:24.3236 ERROR CEC.Web.SRV.Infrastructure.HandleAndLogErrorAttribute.OnException  System.InvalidOperationException: variable 'x' of type 'CEC.SRV.Domain.Election' referenced from scope '', but it is not defined
   at System.Linq.Expressions.Compiler.VariableBinder.Reference(ParameterExpression node, VariableStorageKind storage)
   at System.Linq.Expressions.Compiler.VariableBinder.VisitParameter(ParameterExpression node)
   at System.Linq.Expressions.ParameterExpression.Accept(ExpressionVisitor visitor)
   at System.Linq.Expressions.ExpressionVisitor.Visit(Expression node)
   at System.Linq.Expressions.ExpressionVisitor.VisitMember(MemberExpression node)
   at System.Linq.Expressions.MemberExpression.Accept(ExpressionVisitor visitor)
   at System.Linq.Expressions.ExpressionVisitor.Visit(Expression node)
   at System.Linq.Expressions.ExpressionVisitor.VisitArguments(IArgumentProvider nodes)
   at System.Linq.Expressions.ExpressionVisitor.VisitMethodCall(MethodCallExpression node)
   at System.Linq.Expressions.MethodCallExpression.Accept(ExpressionVisitor visitor)
   at System.Linq.Expressions.ExpressionVisitor.Visit(Expression node)
   at System.Linq.Expressions.ExpressionVisitor.Visit(ReadOnlyCollection`1 nodes)
   at System.Linq.Expressions.Compiler.VariableBinder.VisitLambda[T](Expression`1 node)
   at System.Linq.Expressions.Expression`1.Accept(ExpressionVisitor visitor)
   at System.Linq.Expressions.ExpressionVisitor.Visit(Expression node)
   at System.Linq.Expressions.Compiler.LambdaCompiler.Compile(LambdaExpression lambda, DebugInfoGenerator debugInfoGenerator)
   at NHibernate.Impl.ExpressionProcessor.EvaluatesToNull(Expression expression)
   at NHibernate.Impl.ExpressionProcessor.IsMemberExpression(Expression expression)
   at NHibernate.Impl.ExpressionProcessor.IsMemberExpression(Expression expression)
   at NHibernate.Impl.ExpressionProcessor.FindMemberProjection(Expression expression)
   at NHibernate.Impl.ExpressionProcessor.ProcessOrder(LambdaExpression expression, Func`2 orderStringDelegate, Func`2 orderProjectionDelegate)
   at NHibernate.Criterion.Lambda.QueryOverOrderBuilderBase`3.AddOrder(Func`2 orderStringDelegate, Func`2 orderProjectionDelegate)
   at NHibernate.Criterion.Lambda.QueryOverOrderBuilderBase`3.get_Desc()
   at CEC.SRV.BLL.Impl.VotersBll.SearchActiveElections(PageRequest pageRequest) in D:\work\CEC\CEC.SRV\src\CEC.SRV.BLL\Impl\VotersBll.cs:line 202
   at CEC.Web.SRV.Controllers.VotersController.GetActiveElections(Select2Request request) in D:\work\CEC\CEC.SRV\src\CEC.Web.SRV\Controllers\VotersController.cs:line 276
   at lambda_method(Closure , ControllerBase , Object[] )
   at System.Web.Mvc.ActionMethodDispatcher.Execute(ControllerBase controller, Object[] parameters)
   at System.Web.Mvc.ReflectedActionDescriptor.Execute(ControllerContext controllerContext, IDictionary`2 parameters)
   at System.Web.Mvc.ControllerActionInvoker.InvokeActionMethod(ControllerContext controllerContext, ActionDescriptor actionDescriptor, IDictionary`2 parameters)
   at System.Web.Mvc.Async.AsyncControllerActionInvoker.<BeginInvokeSynchronousActionMethod>b__39(IAsyncResult asyncResult, ActionInvocation innerInvokeState)
   at System.Web.Mvc.Async.AsyncResultWrapper.WrappedAsyncResult`2.CallEndDelegate(IAsyncResult asyncResult)
   at System.Web.Mvc.Async.AsyncResultWrapper.WrappedAsyncResultBase`1.End()
   at System.Web.Mvc.Async.AsyncControllerActionInvoker.EndInvokeActionMethod(IAsyncResult asyncResult)
   at System.Web.Mvc.Async.AsyncControllerActionInvoker.AsyncInvocationWithFilters.<InvokeActionMethodFilterAsynchronouslyRecursive>b__3d()
   at System.Web.Mvc.Async.AsyncControllerActionInvoker.AsyncInvocationWithFilters.<>c__DisplayClass46.<InvokeActionMethodFilterAsynchronouslyRecursive>b__3f()
   at System.Web.Mvc.Async.AsyncControllerActionInvoker.AsyncInvocationWithFilters.<>c__DisplayClass46.<InvokeActionMethodFilterAsynchronouslyRecursive>b__3f()
   at System.Web.Mvc.Async.AsyncControllerActionInvoker.<>c__DisplayClass33.<BeginInvokeActionMethodWithFilters>b__32(IAsyncResult asyncResult)
   at System.Web.Mvc.Async.AsyncResultWrapper.WrappedAsyncResult`1.CallEndDelegate(IAsyncResult asyncResult)
   at System.Web.Mvc.Async.AsyncResultWrapper.WrappedAsyncResultBase`1.End()
   at System.Web.Mvc.Async.AsyncControllerActionInvoker.EndInvokeActionMethodWithFilters(IAsyncResult asyncResult)
   at System.Web.Mvc.Async.AsyncControllerActionInvoker.<>c__DisplayClass21.<>c__DisplayClass2b.<BeginInvokeAction>b__1c()
   at System.Web.Mvc.Async.AsyncControllerActionInvoker.<>c__DisplayClass21.<BeginInvokeAction>b__1e(IAsyncResult asyncResult)
2018-04-26 11:02:12.6641 ERROR CEC.Web.SRV.Infrastructure.HandleAndLogErrorAttribute.OnException  System.NullReferenceException: Object reference not set to an instance of an object.
   at CEC.Web.SRV.Controllers.VotersController.<>c.<GetActiveElections>b__24_1(Election x) in D:\work\CEC\CEC.SRV\src\CEC.Web.SRV\Controllers\VotersController.cs:line 280
   at CEC.Web.SRV.Infrastructure.SelectListItemExtension.<>c__DisplayClass3_0`1.<ToSelectSelect2List>b__0(T x) in D:\work\CEC\CEC.SRV\src\CEC.Web.SRV\Infrastructure\SelectListItemExtension.cs:line 53
   at System.Linq.Enumerable.WhereSelectListIterator`2.MoveNext()
   at System.Collections.Generic.List`1..ctor(IEnumerable`1 collection)
   at System.Linq.Enumerable.ToList[TSource](IEnumerable`1 source)
   at CEC.Web.SRV.Controllers.VotersController.GetActiveElections(Select2Request request) in D:\work\CEC\CEC.SRV\src\CEC.Web.SRV\Controllers\VotersController.cs:line 277
   at lambda_method(Closure , ControllerBase , Object[] )
   at System.Web.Mvc.ActionMethodDispatcher.Execute(ControllerBase controller, Object[] parameters)
   at System.Web.Mvc.ReflectedActionDescriptor.Execute(ControllerContext controllerContext, IDictionary`2 parameters)
   at System.Web.Mvc.ControllerActionInvoker.InvokeActionMethod(ControllerContext controllerContext, ActionDescriptor actionDescriptor, IDictionary`2 parameters)
   at System.Web.Mvc.Async.AsyncControllerActionInvoker.<BeginInvokeSynchronousActionMethod>b__39(IAsyncResult asyncResult, ActionInvocation innerInvokeState)
   at System.Web.Mvc.Async.AsyncResultWrapper.WrappedAsyncResult`2.CallEndDelegate(IAsyncResult asyncResult)
   at System.Web.Mvc.Async.AsyncResultWrapper.WrappedAsyncResultBase`1.End()
   at System.Web.Mvc.Async.AsyncControllerActionInvoker.EndInvokeActionMethod(IAsyncResult asyncResult)
   at System.Web.Mvc.Async.AsyncControllerActionInvoker.AsyncInvocationWithFilters.<InvokeActionMethodFilterAsynchronouslyRecursive>b__3d()
   at System.Web.Mvc.Async.AsyncControllerActionInvoker.AsyncInvocationWithFilters.<>c__DisplayClass46.<InvokeActionMethodFilterAsynchronouslyRecursive>b__3f()
   at System.Web.Mvc.Async.AsyncControllerActionInvoker.AsyncInvocationWithFilters.<>c__DisplayClass46.<InvokeActionMethodFilterAsynchronouslyRecursive>b__3f()
   at System.Web.Mvc.Async.AsyncControllerActionInvoker.<>c__DisplayClass33.<BeginInvokeActionMethodWithFilters>b__32(IAsyncResult asyncResult)
   at System.Web.Mvc.Async.AsyncResultWrapper.WrappedAsyncResult`1.CallEndDelegate(IAsyncResult asyncResult)
   at System.Web.Mvc.Async.AsyncResultWrapper.WrappedAsyncResultBase`1.End()
   at System.Web.Mvc.Async.AsyncControllerActionInvoker.EndInvokeActionMethodWithFilters(IAsyncResult asyncResult)
   at System.Web.Mvc.Async.AsyncControllerActionInvoker.<>c__DisplayClass21.<>c__DisplayClass2b.<BeginInvokeAction>b__1c()
   at System.Web.Mvc.Async.AsyncControllerActionInvoker.<>c__DisplayClass21.<BeginInvokeAction>b__1e(IAsyncResult asyncResult)
2018-04-26 11:29:37.4482 ERROR CEC.Web.SRV.Infrastructure.HandleAndLogErrorAttribute.OnException  System.InvalidOperationException: variable 'x' of type 'CEC.SRV.Domain.Election' referenced from scope '', but it is not defined
   at System.Linq.Expressions.Compiler.VariableBinder.Reference(ParameterExpression node, VariableStorageKind storage)
   at System.Linq.Expressions.Compiler.VariableBinder.VisitParameter(ParameterExpression node)
   at System.Linq.Expressions.ParameterExpression.Accept(ExpressionVisitor visitor)
   at System.Linq.Expressions.ExpressionVisitor.Visit(Expression node)
   at System.Linq.Expressions.ExpressionVisitor.VisitMember(MemberExpression node)
   at System.Linq.Expressions.MemberExpression.Accept(ExpressionVisitor visitor)
   at System.Linq.Expressions.ExpressionVisitor.Visit(Expression node)
   at System.Linq.Expressions.ExpressionVisitor.VisitArguments(IArgumentProvider nodes)
   at System.Linq.Expressions.ExpressionVisitor.VisitMethodCall(MethodCallExpression node)
   at System.Linq.Expressions.MethodCallExpression.Accept(ExpressionVisitor visitor)
   at System.Linq.Expressions.ExpressionVisitor.Visit(Expression node)
   at System.Linq.Expressions.ExpressionVisitor.Visit(ReadOnlyCollection`1 nodes)
   at System.Linq.Expressions.Compiler.VariableBinder.VisitLambda[T](Expression`1 node)
   at System.Linq.Expressions.Expression`1.Accept(ExpressionVisitor visitor)
   at System.Linq.Expressions.ExpressionVisitor.Visit(Expression node)
   at System.Linq.Expressions.Compiler.LambdaCompiler.Compile(LambdaExpression lambda, DebugInfoGenerator debugInfoGenerator)
   at NHibernate.Impl.ExpressionProcessor.EvaluatesToNull(Expression expression)
   at NHibernate.Impl.ExpressionProcessor.IsMemberExpression(Expression expression)
   at NHibernate.Impl.ExpressionProcessor.IsMemberExpression(Expression expression)
   at NHibernate.Impl.ExpressionProcessor.FindMemberProjection(Expression expression)
   at NHibernate.Impl.ExpressionProcessor.ProcessOrder(LambdaExpression expression, Func`2 orderStringDelegate, Func`2 orderProjectionDelegate)
   at NHibernate.Criterion.Lambda.QueryOverOrderBuilderBase`3.AddOrder(Func`2 orderStringDelegate, Func`2 orderProjectionDelegate)
   at NHibernate.Criterion.Lambda.QueryOverOrderBuilderBase`3.get_Desc()
   at CEC.SRV.BLL.Impl.VotersBll.SearchActiveElections(PageRequest pageRequest) in D:\work\CEC\CEC.SRV\src\CEC.SRV.BLL\Impl\VotersBll.cs:line 202
   at CEC.Web.SRV.Controllers.VotersController.GetActiveElections(Select2Request request) in D:\work\CEC\CEC.SRV\src\CEC.Web.SRV\Controllers\VotersController.cs:line 276
   at lambda_method(Closure , ControllerBase , Object[] )
   at System.Web.Mvc.ActionMethodDispatcher.Execute(ControllerBase controller, Object[] parameters)
   at System.Web.Mvc.ReflectedActionDescriptor.Execute(ControllerContext controllerContext, IDictionary`2 parameters)
   at System.Web.Mvc.ControllerActionInvoker.InvokeActionMethod(ControllerContext controllerContext, ActionDescriptor actionDescriptor, IDictionary`2 parameters)
   at System.Web.Mvc.Async.AsyncControllerActionInvoker.<BeginInvokeSynchronousActionMethod>b__39(IAsyncResult asyncResult, ActionInvocation innerInvokeState)
   at System.Web.Mvc.Async.AsyncResultWrapper.WrappedAsyncResult`2.CallEndDelegate(IAsyncResult asyncResult)
   at System.Web.Mvc.Async.AsyncResultWrapper.WrappedAsyncResultBase`1.End()
   at System.Web.Mvc.Async.AsyncControllerActionInvoker.EndInvokeActionMethod(IAsyncResult asyncResult)
   at System.Web.Mvc.Async.AsyncControllerActionInvoker.AsyncInvocationWithFilters.<InvokeActionMethodFilterAsynchronouslyRecursive>b__3d()
   at System.Web.Mvc.Async.AsyncControllerActionInvoker.AsyncInvocationWithFilters.<>c__DisplayClass46.<InvokeActionMethodFilterAsynchronouslyRecursive>b__3f()
   at System.Web.Mvc.Async.AsyncControllerActionInvoker.AsyncInvocationWithFilters.<>c__DisplayClass46.<InvokeActionMethodFilterAsynchronouslyRecursive>b__3f()
   at System.Web.Mvc.Async.AsyncControllerActionInvoker.<>c__DisplayClass33.<BeginInvokeActionMethodWithFilters>b__32(IAsyncResult asyncResult)
   at System.Web.Mvc.Async.AsyncResultWrapper.WrappedAsyncResult`1.CallEndDelegate(IAsyncResult asyncResult)
   at System.Web.Mvc.Async.AsyncResultWrapper.WrappedAsyncResultBase`1.End()
   at System.Web.Mvc.Async.AsyncControllerActionInvoker.EndInvokeActionMethodWithFilters(IAsyncResult asyncResult)
   at System.Web.Mvc.Async.AsyncControllerActionInvoker.<>c__DisplayClass21.<>c__DisplayClass2b.<BeginInvokeAction>b__1c()
   at System.Web.Mvc.Async.AsyncControllerActionInvoker.<>c__DisplayClass21.<BeginInvokeAction>b__1e(IAsyncResult asyncResult)
2018-04-26 11:38:02.0206 ERROR CEC.Web.SRV.Infrastructure.HandleAndLogErrorAttribute.OnException  System.InvalidOperationException: variable 'x' of type 'CEC.SRV.Domain.Election' referenced from scope '', but it is not defined
   at System.Linq.Expressions.Compiler.VariableBinder.Reference(ParameterExpression node, VariableStorageKind storage)
   at System.Linq.Expressions.Compiler.VariableBinder.VisitParameter(ParameterExpression node)
   at System.Linq.Expressions.ParameterExpression.Accept(ExpressionVisitor visitor)
   at System.Linq.Expressions.ExpressionVisitor.Visit(Expression node)
   at System.Linq.Expressions.ExpressionVisitor.VisitMember(MemberExpression node)
   at System.Linq.Expressions.MemberExpression.Accept(ExpressionVisitor visitor)
   at System.Linq.Expressions.ExpressionVisitor.Visit(Expression node)
   at System.Linq.Expressions.ExpressionVisitor.VisitArguments(IArgumentProvider nodes)
   at System.Linq.Expressions.ExpressionVisitor.VisitMethodCall(MethodCallExpression node)
   at System.Linq.Expressions.MethodCallExpression.Accept(ExpressionVisitor visitor)
   at System.Linq.Expressions.ExpressionVisitor.Visit(Expression node)
   at System.Linq.Expressions.ExpressionVisitor.Visit(ReadOnlyCollection`1 nodes)
   at System.Linq.Expressions.Compiler.VariableBinder.VisitLambda[T](Expression`1 node)
   at System.Linq.Expressions.Expression`1.Accept(ExpressionVisitor visitor)
   at System.Linq.Expressions.ExpressionVisitor.Visit(Expression node)
   at System.Linq.Expressions.Compiler.LambdaCompiler.Compile(LambdaExpression lambda, DebugInfoGenerator debugInfoGenerator)
   at NHibernate.Impl.ExpressionProcessor.EvaluatesToNull(Expression expression)
   at NHibernate.Impl.ExpressionProcessor.IsMemberExpression(Expression expression)
   at NHibernate.Impl.ExpressionProcessor.IsMemberExpression(Expression expression)
   at NHibernate.Impl.ExpressionProcessor.FindMemberProjection(Expression expression)
   at NHibernate.Impl.ExpressionProcessor.ProcessOrder(LambdaExpression expression, Func`2 orderStringDelegate, Func`2 orderProjectionDelegate)
   at NHibernate.Criterion.Lambda.QueryOverOrderBuilderBase`3.AddOrder(Func`2 orderStringDelegate, Func`2 orderProjectionDelegate)
   at NHibernate.Criterion.Lambda.QueryOverOrderBuilderBase`3.get_Desc()
   at CEC.SRV.BLL.Impl.VotersBll.SearchActiveElections(PageRequest pageRequest) in D:\work\CEC\CEC.SRV\src\CEC.SRV.BLL\Impl\VotersBll.cs:line 202
   at CEC.Web.SRV.Controllers.VotersController.GetActiveElections(Select2Request request) in D:\work\CEC\CEC.SRV\src\CEC.Web.SRV\Controllers\VotersController.cs:line 276
   at lambda_method(Closure , ControllerBase , Object[] )
   at System.Web.Mvc.ActionMethodDispatcher.Execute(ControllerBase controller, Object[] parameters)
   at System.Web.Mvc.ReflectedActionDescriptor.Execute(ControllerContext controllerContext, IDictionary`2 parameters)
   at System.Web.Mvc.ControllerActionInvoker.InvokeActionMethod(ControllerContext controllerContext, ActionDescriptor actionDescriptor, IDictionary`2 parameters)
   at System.Web.Mvc.Async.AsyncControllerActionInvoker.<BeginInvokeSynchronousActionMethod>b__39(IAsyncResult asyncResult, ActionInvocation innerInvokeState)
   at System.Web.Mvc.Async.AsyncResultWrapper.WrappedAsyncResult`2.CallEndDelegate(IAsyncResult asyncResult)
   at System.Web.Mvc.Async.AsyncResultWrapper.WrappedAsyncResultBase`1.End()
   at System.Web.Mvc.Async.AsyncControllerActionInvoker.EndInvokeActionMethod(IAsyncResult asyncResult)
   at System.Web.Mvc.Async.AsyncControllerActionInvoker.AsyncInvocationWithFilters.<InvokeActionMethodFilterAsynchronouslyRecursive>b__3d()
   at System.Web.Mvc.Async.AsyncControllerActionInvoker.AsyncInvocationWithFilters.<>c__DisplayClass46.<InvokeActionMethodFilterAsynchronouslyRecursive>b__3f()
   at System.Web.Mvc.Async.AsyncControllerActionInvoker.AsyncInvocationWithFilters.<>c__DisplayClass46.<InvokeActionMethodFilterAsynchronouslyRecursive>b__3f()
   at System.Web.Mvc.Async.AsyncControllerActionInvoker.<>c__DisplayClass33.<BeginInvokeActionMethodWithFilters>b__32(IAsyncResult asyncResult)
   at System.Web.Mvc.Async.AsyncResultWrapper.WrappedAsyncResult`1.CallEndDelegate(IAsyncResult asyncResult)
   at System.Web.Mvc.Async.AsyncResultWrapper.WrappedAsyncResultBase`1.End()
   at System.Web.Mvc.Async.AsyncControllerActionInvoker.EndInvokeActionMethodWithFilters(IAsyncResult asyncResult)
   at System.Web.Mvc.Async.AsyncControllerActionInvoker.<>c__DisplayClass21.<>c__DisplayClass2b.<BeginInvokeAction>b__1c()
   at System.Web.Mvc.Async.AsyncControllerActionInvoker.<>c__DisplayClass21.<BeginInvokeAction>b__1e(IAsyncResult asyncResult)
2018-04-26 11:42:49.5868 ERROR CEC.Web.SRV.Infrastructure.HandleAndLogErrorAttribute.OnException  System.InvalidOperationException: variable 'x' of type 'CEC.SRV.Domain.Election' referenced from scope '', but it is not defined
   at System.Linq.Expressions.Compiler.VariableBinder.Reference(ParameterExpression node, VariableStorageKind storage)
   at System.Linq.Expressions.Compiler.VariableBinder.VisitParameter(ParameterExpression node)
   at System.Linq.Expressions.ParameterExpression.Accept(ExpressionVisitor visitor)
   at System.Linq.Expressions.ExpressionVisitor.Visit(Expression node)
   at System.Linq.Expressions.ExpressionVisitor.VisitMember(MemberExpression node)
   at System.Linq.Expressions.MemberExpression.Accept(ExpressionVisitor visitor)
   at System.Linq.Expressions.ExpressionVisitor.Visit(Expression node)
   at System.Linq.Expressions.ExpressionVisitor.VisitArguments(IArgumentProvider nodes)
   at System.Linq.Expressions.ExpressionVisitor.VisitMethodCall(MethodCallExpression node)
   at System.Linq.Expressions.MethodCallExpression.Accept(ExpressionVisitor visitor)
   at System.Linq.Expressions.ExpressionVisitor.Visit(Expression node)
   at System.Linq.Expressions.ExpressionVisitor.VisitArguments(IArgumentProvider nodes)
   at System.Linq.Expressions.ExpressionVisitor.VisitMethodCall(MethodCallExpression node)
   at System.Linq.Expressions.MethodCallExpression.Accept(ExpressionVisitor visitor)
   at System.Linq.Expressions.ExpressionVisitor.Visit(Expression node)
   at System.Linq.Expressions.ExpressionVisitor.Visit(ReadOnlyCollection`1 nodes)
   at System.Linq.Expressions.Compiler.VariableBinder.VisitLambda[T](Expression`1 node)
   at System.Linq.Expressions.Expression`1.Accept(ExpressionVisitor visitor)
   at System.Linq.Expressions.ExpressionVisitor.Visit(Expression node)
   at System.Linq.Expressions.Compiler.LambdaCompiler.Compile(LambdaExpression lambda, DebugInfoGenerator debugInfoGenerator)
   at NHibernate.Impl.ExpressionProcessor.EvaluatesToNull(Expression expression)
   at NHibernate.Impl.ExpressionProcessor.IsMemberExpression(Expression expression)
   at NHibernate.Impl.ExpressionProcessor.IsMemberExpression(Expression expression)
   at NHibernate.Impl.ExpressionProcessor.FindMemberProjection(Expression expression)
   at NHibernate.Impl.ExpressionProcessor.ProcessOrder(LambdaExpression expression, Func`2 orderStringDelegate, Func`2 orderProjectionDelegate)
   at NHibernate.Criterion.Lambda.QueryOverOrderBuilderBase`3.AddOrder(Func`2 orderStringDelegate, Func`2 orderProjectionDelegate)
   at NHibernate.Criterion.Lambda.QueryOverOrderBuilderBase`3.get_Desc()
   at CEC.SRV.BLL.Impl.VotersBll.SearchActiveElections(PageRequest pageRequest) in D:\work\CEC\CEC.SRV\src\CEC.SRV.BLL\Impl\VotersBll.cs:line 202
   at CEC.Web.SRV.Controllers.VotersController.GetActiveElections(Select2Request request) in D:\work\CEC\CEC.SRV\src\CEC.Web.SRV\Controllers\VotersController.cs:line 276
   at lambda_method(Closure , ControllerBase , Object[] )
   at System.Web.Mvc.ActionMethodDispatcher.Execute(ControllerBase controller, Object[] parameters)
   at System.Web.Mvc.ReflectedActionDescriptor.Execute(ControllerContext controllerContext, IDictionary`2 parameters)
   at System.Web.Mvc.ControllerActionInvoker.InvokeActionMethod(ControllerContext controllerContext, ActionDescriptor actionDescriptor, IDictionary`2 parameters)
   at System.Web.Mvc.Async.AsyncControllerActionInvoker.<BeginInvokeSynchronousActionMethod>b__39(IAsyncResult asyncResult, ActionInvocation innerInvokeState)
   at System.Web.Mvc.Async.AsyncResultWrapper.WrappedAsyncResult`2.CallEndDelegate(IAsyncResult asyncResult)
   at System.Web.Mvc.Async.AsyncResultWrapper.WrappedAsyncResultBase`1.End()
   at System.Web.Mvc.Async.AsyncControllerActionInvoker.EndInvokeActionMethod(IAsyncResult asyncResult)
   at System.Web.Mvc.Async.AsyncControllerActionInvoker.AsyncInvocationWithFilters.<InvokeActionMethodFilterAsynchronouslyRecursive>b__3d()
   at System.Web.Mvc.Async.AsyncControllerActionInvoker.AsyncInvocationWithFilters.<>c__DisplayClass46.<InvokeActionMethodFilterAsynchronouslyRecursive>b__3f()
   at System.Web.Mvc.Async.AsyncControllerActionInvoker.AsyncInvocationWithFilters.<>c__DisplayClass46.<InvokeActionMethodFilterAsynchronouslyRecursive>b__3f()
   at System.Web.Mvc.Async.AsyncControllerActionInvoker.<>c__DisplayClass33.<BeginInvokeActionMethodWithFilters>b__32(IAsyncResult asyncResult)
   at System.Web.Mvc.Async.AsyncResultWrapper.WrappedAsyncResult`1.CallEndDelegate(IAsyncResult asyncResult)
   at System.Web.Mvc.Async.AsyncResultWrapper.WrappedAsyncResultBase`1.End()
   at System.Web.Mvc.Async.AsyncControllerActionInvoker.EndInvokeActionMethodWithFilters(IAsyncResult asyncResult)
   at System.Web.Mvc.Async.AsyncControllerActionInvoker.<>c__DisplayClass21.<>c__DisplayClass2b.<BeginInvokeAction>b__1c()
   at System.Web.Mvc.Async.AsyncControllerActionInvoker.<>c__DisplayClass21.<BeginInvokeAction>b__1e(IAsyncResult asyncResult)
