2019-05-27 14:19:30.8144 ERROR CEC.Web.SRV.MvcApplication.Application_Error  System.Web.HttpUnhandledException (0x80004005): Exception of type 'System.Web.HttpUnhandledException' was thrown. ---> System.Net.WebException: Unable to connect to the remote server ---> System.Net.Sockets.SocketException: A connection attempt failed because the connected party did not properly respond after a period of time, or established connection failed because connected host has failed to respond 192.168.1.142:80
   at System.Net.Sockets.Socket.DoConnect(EndPoint endPointSnapshot, SocketAddress socketAddress)
   at System.Net.ServicePoint.ConnectSocketInternal(Boolean connectFailure, Socket s4, Socket s6, Socket& socket, IPAddress& address, ConnectSocketState state, IAsyncResult asyncResult, Exception& exception)
   --- End of inner exception stack trace ---
   at Microsoft.Reporting.WebForms.Internal.Soap.ReportingServices2005.Execution.RSExecutionConnection.GetSecureMethods()
   at Microsoft.Reporting.WebForms.Internal.Soap.ReportingServices2005.Execution.RSExecutionConnection.IsSecureMethod(String methodname)
   at Microsoft.Reporting.WebForms.Internal.Soap.ReportingServices2005.Execution.RSExecutionConnection.SetConnectionSSLForMethod(String methodname)
   at Microsoft.Reporting.WebForms.Internal.Soap.ReportingServices2005.Execution.RSExecutionConnection.ProxyMethodInvocation.Execute[TReturn](RSExecutionConnection connection, ProxyMethod`1 initialMethod, ProxyMethod`1 retryMethod)
   at Microsoft.Reporting.WebForms.Internal.Soap.ReportingServices2005.Execution.RSExecutionConnection.LoadReport(String Report, String HistoryID)
   at Microsoft.Reporting.WebForms.SoapReportExecutionService.LoadReport(String report, String historyId)
   at Microsoft.Reporting.WebForms.ServerReport.EnsureExecutionSession()
   at Microsoft.Reporting.WebForms.ServerReport.SetParameters(IEnumerable`1 parameters)
   at MvcReportViewer.ReportViewerExtensions.Initialize(ReportViewer reportViewer, ReportViewerParameters parameters)
   at MvcReportViewer.MvcReportViewer.ShopReport()
   at MvcReportViewer.MvcReportViewer.Page_Load(Object sender, EventArgs e)
   at System.Web.Util.CalliEventHandlerDelegateProxy.Callback(Object sender, EventArgs e)
   at System.Web.UI.Control.OnLoad(EventArgs e)
   at System.Web.UI.Control.LoadRecursive()
   at System.Web.UI.Page.ProcessRequestMain(Boolean includeStagesBeforeAsyncPoint, Boolean includeStagesAfterAsyncPoint)
   at System.Web.UI.Page.HandleError(Exception e)
   at System.Web.UI.Page.ProcessRequestMain(Boolean includeStagesBeforeAsyncPoint, Boolean includeStagesAfterAsyncPoint)
   at System.Web.UI.Page.ProcessRequest(Boolean includeStagesBeforeAsyncPoint, Boolean includeStagesAfterAsyncPoint)
   at System.Web.UI.Page.ProcessRequest()
   at System.Web.UI.Page.ProcessRequestWithNoAssert(HttpContext context)
   at System.Web.UI.Page.ProcessRequest(HttpContext context)
   at ASP.mvcreportviewer_aspx.ProcessRequest(HttpContext context) in c:\Windows\Microsoft.NET\Framework\v4.0.30319\Temporary ASP.NET Files\vs\0f96b86b\9955003f\App_Web_0uotumrr.0.cs:line 0
   at System.Web.HttpApplication.CallHandlerExecutionStep.System.Web.HttpApplication.IExecutionStep.Execute()
   at System.Web.HttpApplication.ExecuteStepImpl(IExecutionStep step)
   at System.Web.HttpApplication.ExecuteStep(IExecutionStep step, Boolean& completedSynchronously)
2019-05-27 16:06:37.2764 ERROR CEC.Web.SRV.Infrastructure.HandleAndLogErrorAttribute.OnException  System.ArgumentNullException: Value cannot be null.
Parameter name: prop
   at CEC.Web.SRV.Infrastructure.Grids.JqGridExtensions.ResolveFilter[T](JqGridRequestSearchingFilter searchingFilter) in D:\work\CEC\CEC.SRV\src\CEC.Web.SRV\Infrastructure\Grids\HtmlGridExtensions.cs:line 117
   at CEC.Web.SRV.Infrastructure.Grids.JqGridExtensions.MapToSingleFilter[T](JqGridRequestSearchingFilter searchingFilter, PageRequest pageRequest) in D:\work\CEC\CEC.SRV\src\CEC.Web.SRV\Infrastructure\Grids\HtmlGridExtensions.cs:line 106
   at CEC.Web.SRV.Infrastructure.Grids.JqGridExtensions.ToPageRequest[T](JqGridRequest jqGridRequest) in D:\work\CEC\CEC.SRV\src\CEC.Web.SRV\Infrastructure\Grids\HtmlGridExtensions.cs:line 29
   at CEC.Web.SRV.Controllers.VotersController.ListVotersAjax(JqGridRequest request, Nullable`1 regionId, Nullable`1 pollingStationId) in D:\work\CEC\CEC.SRV\src\CEC.Web.SRV\Controllers\VotersController.cs:line 67
   at lambda_method(Closure , ControllerBase , Object[] )
   at System.Web.Mvc.ActionMethodDispatcher.Execute(ControllerBase controller, Object[] parameters)
   at System.Web.Mvc.ReflectedActionDescriptor.Execute(ControllerContext controllerContext, IDictionary`2 parameters)
   at System.Web.Mvc.ControllerActionInvoker.InvokeActionMethod(ControllerContext controllerContext, ActionDescriptor actionDescriptor, IDictionary`2 parameters)
   at System.Web.Mvc.Async.AsyncControllerActionInvoker.<BeginInvokeSynchronousActionMethod>b__39(IAsyncResult asyncResult, ActionInvocation innerInvokeState)
   at System.Web.Mvc.Async.AsyncResultWrapper.WrappedAsyncResult`2.CallEndDelegate(IAsyncResult asyncResult)
   at System.Web.Mvc.Async.AsyncResultWrapper.WrappedAsyncResultBase`1.End()
   at System.Web.Mvc.Async.AsyncControllerActionInvoker.EndInvokeActionMethod(IAsyncResult asyncResult)
   at System.Web.Mvc.Async.AsyncControllerActionInvoker.AsyncInvocationWithFilters.<InvokeActionMethodFilterAsynchronouslyRecursive>b__3d()
   at System.Web.Mvc.Async.AsyncControllerActionInvoker.AsyncInvocationWithFilters.<>c__DisplayClass46.<InvokeActionMethodFilterAsynchronouslyRecursive>b__3f()
   at System.Web.Mvc.Async.AsyncControllerActionInvoker.AsyncInvocationWithFilters.<>c__DisplayClass46.<InvokeActionMethodFilterAsynchronouslyRecursive>b__3f()
   at System.Web.Mvc.Async.AsyncControllerActionInvoker.<>c__DisplayClass33.<BeginInvokeActionMethodWithFilters>b__32(IAsyncResult asyncResult)
   at System.Web.Mvc.Async.AsyncResultWrapper.WrappedAsyncResult`1.CallEndDelegate(IAsyncResult asyncResult)
   at System.Web.Mvc.Async.AsyncResultWrapper.WrappedAsyncResultBase`1.End()
   at System.Web.Mvc.Async.AsyncControllerActionInvoker.EndInvokeActionMethodWithFilters(IAsyncResult asyncResult)
   at System.Web.Mvc.Async.AsyncControllerActionInvoker.<>c__DisplayClass21.<>c__DisplayClass2b.<BeginInvokeAction>b__1c()
   at System.Web.Mvc.Async.AsyncControllerActionInvoker.<>c__DisplayClass21.<BeginInvokeAction>b__1e(IAsyncResult asyncResult)
2019-05-27 16:07:19.5848 ERROR CEC.Web.SRV.Infrastructure.HandleAndLogErrorAttribute.OnException  System.ArgumentNullException: Value cannot be null.
Parameter name: prop
   at CEC.Web.SRV.Infrastructure.Grids.JqGridExtensions.ResolveFilter[T](JqGridRequestSearchingFilter searchingFilter) in D:\work\CEC\CEC.SRV\src\CEC.Web.SRV\Infrastructure\Grids\HtmlGridExtensions.cs:line 117
   at CEC.Web.SRV.Infrastructure.Grids.JqGridExtensions.MapToSingleFilter[T](JqGridRequestSearchingFilter searchingFilter, PageRequest pageRequest) in D:\work\CEC\CEC.SRV\src\CEC.Web.SRV\Infrastructure\Grids\HtmlGridExtensions.cs:line 106
   at CEC.Web.SRV.Infrastructure.Grids.JqGridExtensions.ToPageRequest[T](JqGridRequest jqGridRequest) in D:\work\CEC\CEC.SRV\src\CEC.Web.SRV\Infrastructure\Grids\HtmlGridExtensions.cs:line 29
   at CEC.Web.SRV.Controllers.VotersController.ListVotersAjax(JqGridRequest request, Nullable`1 regionId, Nullable`1 pollingStationId) in D:\work\CEC\CEC.SRV\src\CEC.Web.SRV\Controllers\VotersController.cs:line 67
   at lambda_method(Closure , ControllerBase , Object[] )
   at System.Web.Mvc.ActionMethodDispatcher.Execute(ControllerBase controller, Object[] parameters)
   at System.Web.Mvc.ReflectedActionDescriptor.Execute(ControllerContext controllerContext, IDictionary`2 parameters)
   at System.Web.Mvc.ControllerActionInvoker.InvokeActionMethod(ControllerContext controllerContext, ActionDescriptor actionDescriptor, IDictionary`2 parameters)
   at System.Web.Mvc.Async.AsyncControllerActionInvoker.<BeginInvokeSynchronousActionMethod>b__39(IAsyncResult asyncResult, ActionInvocation innerInvokeState)
   at System.Web.Mvc.Async.AsyncResultWrapper.WrappedAsyncResult`2.CallEndDelegate(IAsyncResult asyncResult)
   at System.Web.Mvc.Async.AsyncResultWrapper.WrappedAsyncResultBase`1.End()
   at System.Web.Mvc.Async.AsyncControllerActionInvoker.EndInvokeActionMethod(IAsyncResult asyncResult)
   at System.Web.Mvc.Async.AsyncControllerActionInvoker.AsyncInvocationWithFilters.<InvokeActionMethodFilterAsynchronouslyRecursive>b__3d()
   at System.Web.Mvc.Async.AsyncControllerActionInvoker.AsyncInvocationWithFilters.<>c__DisplayClass46.<InvokeActionMethodFilterAsynchronouslyRecursive>b__3f()
   at System.Web.Mvc.Async.AsyncControllerActionInvoker.AsyncInvocationWithFilters.<>c__DisplayClass46.<InvokeActionMethodFilterAsynchronouslyRecursive>b__3f()
   at System.Web.Mvc.Async.AsyncControllerActionInvoker.<>c__DisplayClass33.<BeginInvokeActionMethodWithFilters>b__32(IAsyncResult asyncResult)
   at System.Web.Mvc.Async.AsyncResultWrapper.WrappedAsyncResult`1.CallEndDelegate(IAsyncResult asyncResult)
   at System.Web.Mvc.Async.AsyncResultWrapper.WrappedAsyncResultBase`1.End()
   at System.Web.Mvc.Async.AsyncControllerActionInvoker.EndInvokeActionMethodWithFilters(IAsyncResult asyncResult)
   at System.Web.Mvc.Async.AsyncControllerActionInvoker.<>c__DisplayClass21.<>c__DisplayClass2b.<BeginInvokeAction>b__1c()
   at System.Web.Mvc.Async.AsyncControllerActionInvoker.<>c__DisplayClass21.<BeginInvokeAction>b__1e(IAsyncResult asyncResult)
2019-05-27 16:07:27.3319 ERROR CEC.Web.SRV.Infrastructure.HandleAndLogErrorAttribute.OnException  System.ArgumentNullException: Value cannot be null.
Parameter name: prop
   at CEC.Web.SRV.Infrastructure.Grids.JqGridExtensions.ResolveFilter[T](JqGridRequestSearchingFilter searchingFilter) in D:\work\CEC\CEC.SRV\src\CEC.Web.SRV\Infrastructure\Grids\HtmlGridExtensions.cs:line 117
   at CEC.Web.SRV.Infrastructure.Grids.JqGridExtensions.MapToSingleFilter[T](JqGridRequestSearchingFilter searchingFilter, PageRequest pageRequest) in D:\work\CEC\CEC.SRV\src\CEC.Web.SRV\Infrastructure\Grids\HtmlGridExtensions.cs:line 106
   at CEC.Web.SRV.Infrastructure.Grids.JqGridExtensions.ToPageRequest[T](JqGridRequest jqGridRequest) in D:\work\CEC\CEC.SRV\src\CEC.Web.SRV\Infrastructure\Grids\HtmlGridExtensions.cs:line 29
   at CEC.Web.SRV.Controllers.VotersController.ListVotersAjax(JqGridRequest request, Nullable`1 regionId, Nullable`1 pollingStationId) in D:\work\CEC\CEC.SRV\src\CEC.Web.SRV\Controllers\VotersController.cs:line 67
   at lambda_method(Closure , ControllerBase , Object[] )
   at System.Web.Mvc.ActionMethodDispatcher.Execute(ControllerBase controller, Object[] parameters)
   at System.Web.Mvc.ReflectedActionDescriptor.Execute(ControllerContext controllerContext, IDictionary`2 parameters)
   at System.Web.Mvc.ControllerActionInvoker.InvokeActionMethod(ControllerContext controllerContext, ActionDescriptor actionDescriptor, IDictionary`2 parameters)
   at System.Web.Mvc.Async.AsyncControllerActionInvoker.<BeginInvokeSynchronousActionMethod>b__39(IAsyncResult asyncResult, ActionInvocation innerInvokeState)
   at System.Web.Mvc.Async.AsyncResultWrapper.WrappedAsyncResult`2.CallEndDelegate(IAsyncResult asyncResult)
   at System.Web.Mvc.Async.AsyncResultWrapper.WrappedAsyncResultBase`1.End()
   at System.Web.Mvc.Async.AsyncControllerActionInvoker.EndInvokeActionMethod(IAsyncResult asyncResult)
   at System.Web.Mvc.Async.AsyncControllerActionInvoker.AsyncInvocationWithFilters.<InvokeActionMethodFilterAsynchronouslyRecursive>b__3d()
   at System.Web.Mvc.Async.AsyncControllerActionInvoker.AsyncInvocationWithFilters.<>c__DisplayClass46.<InvokeActionMethodFilterAsynchronouslyRecursive>b__3f()
   at System.Web.Mvc.Async.AsyncControllerActionInvoker.AsyncInvocationWithFilters.<>c__DisplayClass46.<InvokeActionMethodFilterAsynchronouslyRecursive>b__3f()
   at System.Web.Mvc.Async.AsyncControllerActionInvoker.<>c__DisplayClass33.<BeginInvokeActionMethodWithFilters>b__32(IAsyncResult asyncResult)
   at System.Web.Mvc.Async.AsyncResultWrapper.WrappedAsyncResult`1.CallEndDelegate(IAsyncResult asyncResult)
   at System.Web.Mvc.Async.AsyncResultWrapper.WrappedAsyncResultBase`1.End()
   at System.Web.Mvc.Async.AsyncControllerActionInvoker.EndInvokeActionMethodWithFilters(IAsyncResult asyncResult)
   at System.Web.Mvc.Async.AsyncControllerActionInvoker.<>c__DisplayClass21.<>c__DisplayClass2b.<BeginInvokeAction>b__1c()
   at System.Web.Mvc.Async.AsyncControllerActionInvoker.<>c__DisplayClass21.<BeginInvokeAction>b__1e(IAsyncResult asyncResult)
2019-05-27 16:07:53.6511 ERROR CEC.Web.SRV.Infrastructure.HandleAndLogErrorAttribute.OnException  System.ArgumentNullException: Value cannot be null.
Parameter name: prop
   at CEC.Web.SRV.Infrastructure.Grids.JqGridExtensions.ResolveFilter[T](JqGridRequestSearchingFilter searchingFilter) in D:\work\CEC\CEC.SRV\src\CEC.Web.SRV\Infrastructure\Grids\HtmlGridExtensions.cs:line 117
   at CEC.Web.SRV.Infrastructure.Grids.JqGridExtensions.MapToSingleFilter[T](JqGridRequestSearchingFilter searchingFilter, PageRequest pageRequest) in D:\work\CEC\CEC.SRV\src\CEC.Web.SRV\Infrastructure\Grids\HtmlGridExtensions.cs:line 106
   at CEC.Web.SRV.Infrastructure.Grids.JqGridExtensions.ToPageRequest[T](JqGridRequest jqGridRequest) in D:\work\CEC\CEC.SRV\src\CEC.Web.SRV\Infrastructure\Grids\HtmlGridExtensions.cs:line 29
   at CEC.Web.SRV.Controllers.VotersController.ListVotersAjax(JqGridRequest request, Nullable`1 regionId, Nullable`1 pollingStationId) in D:\work\CEC\CEC.SRV\src\CEC.Web.SRV\Controllers\VotersController.cs:line 67
   at lambda_method(Closure , ControllerBase , Object[] )
   at System.Web.Mvc.ActionMethodDispatcher.Execute(ControllerBase controller, Object[] parameters)
   at System.Web.Mvc.ReflectedActionDescriptor.Execute(ControllerContext controllerContext, IDictionary`2 parameters)
   at System.Web.Mvc.ControllerActionInvoker.InvokeActionMethod(ControllerContext controllerContext, ActionDescriptor actionDescriptor, IDictionary`2 parameters)
   at System.Web.Mvc.Async.AsyncControllerActionInvoker.<BeginInvokeSynchronousActionMethod>b__39(IAsyncResult asyncResult, ActionInvocation innerInvokeState)
   at System.Web.Mvc.Async.AsyncResultWrapper.WrappedAsyncResult`2.CallEndDelegate(IAsyncResult asyncResult)
   at System.Web.Mvc.Async.AsyncResultWrapper.WrappedAsyncResultBase`1.End()
   at System.Web.Mvc.Async.AsyncControllerActionInvoker.EndInvokeActionMethod(IAsyncResult asyncResult)
   at System.Web.Mvc.Async.AsyncControllerActionInvoker.AsyncInvocationWithFilters.<InvokeActionMethodFilterAsynchronouslyRecursive>b__3d()
   at System.Web.Mvc.Async.AsyncControllerActionInvoker.AsyncInvocationWithFilters.<>c__DisplayClass46.<InvokeActionMethodFilterAsynchronouslyRecursive>b__3f()
   at System.Web.Mvc.Async.AsyncControllerActionInvoker.AsyncInvocationWithFilters.<>c__DisplayClass46.<InvokeActionMethodFilterAsynchronouslyRecursive>b__3f()
   at System.Web.Mvc.Async.AsyncControllerActionInvoker.<>c__DisplayClass33.<BeginInvokeActionMethodWithFilters>b__32(IAsyncResult asyncResult)
   at System.Web.Mvc.Async.AsyncResultWrapper.WrappedAsyncResult`1.CallEndDelegate(IAsyncResult asyncResult)
   at System.Web.Mvc.Async.AsyncResultWrapper.WrappedAsyncResultBase`1.End()
   at System.Web.Mvc.Async.AsyncControllerActionInvoker.EndInvokeActionMethodWithFilters(IAsyncResult asyncResult)
   at System.Web.Mvc.Async.AsyncControllerActionInvoker.<>c__DisplayClass21.<>c__DisplayClass2b.<BeginInvokeAction>b__1c()
   at System.Web.Mvc.Async.AsyncControllerActionInvoker.<>c__DisplayClass21.<BeginInvokeAction>b__1e(IAsyncResult asyncResult)
2019-05-27 16:08:08.4039 ERROR CEC.Web.SRV.Infrastructure.HandleAndLogErrorAttribute.OnException  System.ArgumentNullException: Value cannot be null.
Parameter name: prop
   at CEC.Web.SRV.Infrastructure.Grids.JqGridExtensions.ResolveFilter[T](JqGridRequestSearchingFilter searchingFilter) in D:\work\CEC\CEC.SRV\src\CEC.Web.SRV\Infrastructure\Grids\HtmlGridExtensions.cs:line 117
   at CEC.Web.SRV.Infrastructure.Grids.JqGridExtensions.MapToSingleFilter[T](JqGridRequestSearchingFilter searchingFilter, PageRequest pageRequest) in D:\work\CEC\CEC.SRV\src\CEC.Web.SRV\Infrastructure\Grids\HtmlGridExtensions.cs:line 106
   at CEC.Web.SRV.Infrastructure.Grids.JqGridExtensions.ToPageRequest[T](JqGridRequest jqGridRequest) in D:\work\CEC\CEC.SRV\src\CEC.Web.SRV\Infrastructure\Grids\HtmlGridExtensions.cs:line 29
   at CEC.Web.SRV.Controllers.VotersController.ListVotersAjax(JqGridRequest request, Nullable`1 regionId, Nullable`1 pollingStationId) in D:\work\CEC\CEC.SRV\src\CEC.Web.SRV\Controllers\VotersController.cs:line 67
   at lambda_method(Closure , ControllerBase , Object[] )
   at System.Web.Mvc.ActionMethodDispatcher.Execute(ControllerBase controller, Object[] parameters)
   at System.Web.Mvc.ReflectedActionDescriptor.Execute(ControllerContext controllerContext, IDictionary`2 parameters)
   at System.Web.Mvc.ControllerActionInvoker.InvokeActionMethod(ControllerContext controllerContext, ActionDescriptor actionDescriptor, IDictionary`2 parameters)
   at System.Web.Mvc.Async.AsyncControllerActionInvoker.<BeginInvokeSynchronousActionMethod>b__39(IAsyncResult asyncResult, ActionInvocation innerInvokeState)
   at System.Web.Mvc.Async.AsyncResultWrapper.WrappedAsyncResult`2.CallEndDelegate(IAsyncResult asyncResult)
   at System.Web.Mvc.Async.AsyncResultWrapper.WrappedAsyncResultBase`1.End()
   at System.Web.Mvc.Async.AsyncControllerActionInvoker.EndInvokeActionMethod(IAsyncResult asyncResult)
   at System.Web.Mvc.Async.AsyncControllerActionInvoker.AsyncInvocationWithFilters.<InvokeActionMethodFilterAsynchronouslyRecursive>b__3d()
   at System.Web.Mvc.Async.AsyncControllerActionInvoker.AsyncInvocationWithFilters.<>c__DisplayClass46.<InvokeActionMethodFilterAsynchronouslyRecursive>b__3f()
   at System.Web.Mvc.Async.AsyncControllerActionInvoker.AsyncInvocationWithFilters.<>c__DisplayClass46.<InvokeActionMethodFilterAsynchronouslyRecursive>b__3f()
   at System.Web.Mvc.Async.AsyncControllerActionInvoker.<>c__DisplayClass33.<BeginInvokeActionMethodWithFilters>b__32(IAsyncResult asyncResult)
   at System.Web.Mvc.Async.AsyncResultWrapper.WrappedAsyncResult`1.CallEndDelegate(IAsyncResult asyncResult)
   at System.Web.Mvc.Async.AsyncResultWrapper.WrappedAsyncResultBase`1.End()
   at System.Web.Mvc.Async.AsyncControllerActionInvoker.EndInvokeActionMethodWithFilters(IAsyncResult asyncResult)
   at System.Web.Mvc.Async.AsyncControllerActionInvoker.<>c__DisplayClass21.<>c__DisplayClass2b.<BeginInvokeAction>b__1c()
   at System.Web.Mvc.Async.AsyncControllerActionInvoker.<>c__DisplayClass21.<BeginInvokeAction>b__1e(IAsyncResult asyncResult)
2019-05-27 16:08:19.7533 ERROR CEC.Web.SRV.Infrastructure.HandleAndLogErrorAttribute.OnException  System.ArgumentNullException: Value cannot be null.
Parameter name: prop
   at CEC.Web.SRV.Infrastructure.Grids.JqGridExtensions.ResolveFilter[T](JqGridRequestSearchingFilter searchingFilter) in D:\work\CEC\CEC.SRV\src\CEC.Web.SRV\Infrastructure\Grids\HtmlGridExtensions.cs:line 117
   at CEC.Web.SRV.Infrastructure.Grids.JqGridExtensions.MapToSingleFilter[T](JqGridRequestSearchingFilter searchingFilter, PageRequest pageRequest) in D:\work\CEC\CEC.SRV\src\CEC.Web.SRV\Infrastructure\Grids\HtmlGridExtensions.cs:line 106
   at CEC.Web.SRV.Infrastructure.Grids.JqGridExtensions.ToPageRequest[T](JqGridRequest jqGridRequest) in D:\work\CEC\CEC.SRV\src\CEC.Web.SRV\Infrastructure\Grids\HtmlGridExtensions.cs:line 29
   at CEC.Web.SRV.Controllers.VotersController.ListVotersAjax(JqGridRequest request, Nullable`1 regionId, Nullable`1 pollingStationId) in D:\work\CEC\CEC.SRV\src\CEC.Web.SRV\Controllers\VotersController.cs:line 67
   at lambda_method(Closure , ControllerBase , Object[] )
   at System.Web.Mvc.ActionMethodDispatcher.Execute(ControllerBase controller, Object[] parameters)
   at System.Web.Mvc.ReflectedActionDescriptor.Execute(ControllerContext controllerContext, IDictionary`2 parameters)
   at System.Web.Mvc.ControllerActionInvoker.InvokeActionMethod(ControllerContext controllerContext, ActionDescriptor actionDescriptor, IDictionary`2 parameters)
   at System.Web.Mvc.Async.AsyncControllerActionInvoker.<BeginInvokeSynchronousActionMethod>b__39(IAsyncResult asyncResult, ActionInvocation innerInvokeState)
   at System.Web.Mvc.Async.AsyncResultWrapper.WrappedAsyncResult`2.CallEndDelegate(IAsyncResult asyncResult)
   at System.Web.Mvc.Async.AsyncResultWrapper.WrappedAsyncResultBase`1.End()
   at System.Web.Mvc.Async.AsyncControllerActionInvoker.EndInvokeActionMethod(IAsyncResult asyncResult)
   at System.Web.Mvc.Async.AsyncControllerActionInvoker.AsyncInvocationWithFilters.<InvokeActionMethodFilterAsynchronouslyRecursive>b__3d()
   at System.Web.Mvc.Async.AsyncControllerActionInvoker.AsyncInvocationWithFilters.<>c__DisplayClass46.<InvokeActionMethodFilterAsynchronouslyRecursive>b__3f()
   at System.Web.Mvc.Async.AsyncControllerActionInvoker.AsyncInvocationWithFilters.<>c__DisplayClass46.<InvokeActionMethodFilterAsynchronouslyRecursive>b__3f()
   at System.Web.Mvc.Async.AsyncControllerActionInvoker.<>c__DisplayClass33.<BeginInvokeActionMethodWithFilters>b__32(IAsyncResult asyncResult)
   at System.Web.Mvc.Async.AsyncResultWrapper.WrappedAsyncResult`1.CallEndDelegate(IAsyncResult asyncResult)
   at System.Web.Mvc.Async.AsyncResultWrapper.WrappedAsyncResultBase`1.End()
   at System.Web.Mvc.Async.AsyncControllerActionInvoker.EndInvokeActionMethodWithFilters(IAsyncResult asyncResult)
   at System.Web.Mvc.Async.AsyncControllerActionInvoker.<>c__DisplayClass21.<>c__DisplayClass2b.<BeginInvokeAction>b__1c()
   at System.Web.Mvc.Async.AsyncControllerActionInvoker.<>c__DisplayClass21.<BeginInvokeAction>b__1e(IAsyncResult asyncResult)
2019-05-27 16:17:48.4716 ERROR CEC.Web.SRV.Infrastructure.HandleAndLogErrorAttribute.OnException  System.ArgumentNullException: Value cannot be null.
Parameter name: prop
   at CEC.Web.SRV.Infrastructure.Grids.JqGridExtensions.ResolveFilter[T](JqGridRequestSearchingFilter searchingFilter) in D:\work\CEC\CEC.SRV\src\CEC.Web.SRV\Infrastructure\Grids\HtmlGridExtensions.cs:line 117
   at CEC.Web.SRV.Infrastructure.Grids.JqGridExtensions.MapToSingleFilter[T](JqGridRequestSearchingFilter searchingFilter, PageRequest pageRequest) in D:\work\CEC\CEC.SRV\src\CEC.Web.SRV\Infrastructure\Grids\HtmlGridExtensions.cs:line 106
   at CEC.Web.SRV.Infrastructure.Grids.JqGridExtensions.ToPageRequest[T](JqGridRequest jqGridRequest) in D:\work\CEC\CEC.SRV\src\CEC.Web.SRV\Infrastructure\Grids\HtmlGridExtensions.cs:line 29
   at CEC.Web.SRV.Controllers.VotersController.ListVotersAjax(JqGridRequest request, Nullable`1 regionId, Nullable`1 pollingStationId) in D:\work\CEC\CEC.SRV\src\CEC.Web.SRV\Controllers\VotersController.cs:line 67
   at lambda_method(Closure , ControllerBase , Object[] )
   at System.Web.Mvc.ActionMethodDispatcher.Execute(ControllerBase controller, Object[] parameters)
   at System.Web.Mvc.ReflectedActionDescriptor.Execute(ControllerContext controllerContext, IDictionary`2 parameters)
   at System.Web.Mvc.ControllerActionInvoker.InvokeActionMethod(ControllerContext controllerContext, ActionDescriptor actionDescriptor, IDictionary`2 parameters)
   at System.Web.Mvc.Async.AsyncControllerActionInvoker.<BeginInvokeSynchronousActionMethod>b__39(IAsyncResult asyncResult, ActionInvocation innerInvokeState)
   at System.Web.Mvc.Async.AsyncResultWrapper.WrappedAsyncResult`2.CallEndDelegate(IAsyncResult asyncResult)
   at System.Web.Mvc.Async.AsyncResultWrapper.WrappedAsyncResultBase`1.End()
   at System.Web.Mvc.Async.AsyncControllerActionInvoker.EndInvokeActionMethod(IAsyncResult asyncResult)
   at System.Web.Mvc.Async.AsyncControllerActionInvoker.AsyncInvocationWithFilters.<InvokeActionMethodFilterAsynchronouslyRecursive>b__3d()
   at System.Web.Mvc.Async.AsyncControllerActionInvoker.AsyncInvocationWithFilters.<>c__DisplayClass46.<InvokeActionMethodFilterAsynchronouslyRecursive>b__3f()
   at System.Web.Mvc.Async.AsyncControllerActionInvoker.AsyncInvocationWithFilters.<>c__DisplayClass46.<InvokeActionMethodFilterAsynchronouslyRecursive>b__3f()
   at System.Web.Mvc.Async.AsyncControllerActionInvoker.<>c__DisplayClass33.<BeginInvokeActionMethodWithFilters>b__32(IAsyncResult asyncResult)
   at System.Web.Mvc.Async.AsyncResultWrapper.WrappedAsyncResult`1.CallEndDelegate(IAsyncResult asyncResult)
   at System.Web.Mvc.Async.AsyncResultWrapper.WrappedAsyncResultBase`1.End()
   at System.Web.Mvc.Async.AsyncControllerActionInvoker.EndInvokeActionMethodWithFilters(IAsyncResult asyncResult)
   at System.Web.Mvc.Async.AsyncControllerActionInvoker.<>c__DisplayClass21.<>c__DisplayClass2b.<BeginInvokeAction>b__1c()
   at System.Web.Mvc.Async.AsyncControllerActionInvoker.<>c__DisplayClass21.<BeginInvokeAction>b__1e(IAsyncResult asyncResult)
2019-05-27 16:19:34.1097 ERROR CEC.Web.SRV.Infrastructure.HandleAndLogErrorAttribute.OnException  System.ArgumentNullException: Value cannot be null.
Parameter name: prop
   at CEC.Web.SRV.Infrastructure.Grids.JqGridExtensions.ResolveFilter[T](JqGridRequestSearchingFilter searchingFilter) in D:\work\CEC\CEC.SRV\src\CEC.Web.SRV\Infrastructure\Grids\HtmlGridExtensions.cs:line 117
   at CEC.Web.SRV.Infrastructure.Grids.JqGridExtensions.MapToSingleFilter[T](JqGridRequestSearchingFilter searchingFilter, PageRequest pageRequest) in D:\work\CEC\CEC.SRV\src\CEC.Web.SRV\Infrastructure\Grids\HtmlGridExtensions.cs:line 106
   at CEC.Web.SRV.Infrastructure.Grids.JqGridExtensions.ToPageRequest[T](JqGridRequest jqGridRequest) in D:\work\CEC\CEC.SRV\src\CEC.Web.SRV\Infrastructure\Grids\HtmlGridExtensions.cs:line 29
   at CEC.Web.SRV.Controllers.VotersController.ListVotersAjax(JqGridRequest request, Nullable`1 regionId, Nullable`1 pollingStationId) in D:\work\CEC\CEC.SRV\src\CEC.Web.SRV\Controllers\VotersController.cs:line 67
   at lambda_method(Closure , ControllerBase , Object[] )
   at System.Web.Mvc.ActionMethodDispatcher.Execute(ControllerBase controller, Object[] parameters)
   at System.Web.Mvc.ReflectedActionDescriptor.Execute(ControllerContext controllerContext, IDictionary`2 parameters)
   at System.Web.Mvc.ControllerActionInvoker.InvokeActionMethod(ControllerContext controllerContext, ActionDescriptor actionDescriptor, IDictionary`2 parameters)
   at System.Web.Mvc.Async.AsyncControllerActionInvoker.<BeginInvokeSynchronousActionMethod>b__39(IAsyncResult asyncResult, ActionInvocation innerInvokeState)
   at System.Web.Mvc.Async.AsyncResultWrapper.WrappedAsyncResult`2.CallEndDelegate(IAsyncResult asyncResult)
   at System.Web.Mvc.Async.AsyncResultWrapper.WrappedAsyncResultBase`1.End()
   at System.Web.Mvc.Async.AsyncControllerActionInvoker.EndInvokeActionMethod(IAsyncResult asyncResult)
   at System.Web.Mvc.Async.AsyncControllerActionInvoker.AsyncInvocationWithFilters.<InvokeActionMethodFilterAsynchronouslyRecursive>b__3d()
   at System.Web.Mvc.Async.AsyncControllerActionInvoker.AsyncInvocationWithFilters.<>c__DisplayClass46.<InvokeActionMethodFilterAsynchronouslyRecursive>b__3f()
   at System.Web.Mvc.Async.AsyncControllerActionInvoker.AsyncInvocationWithFilters.<>c__DisplayClass46.<InvokeActionMethodFilterAsynchronouslyRecursive>b__3f()
   at System.Web.Mvc.Async.AsyncControllerActionInvoker.<>c__DisplayClass33.<BeginInvokeActionMethodWithFilters>b__32(IAsyncResult asyncResult)
   at System.Web.Mvc.Async.AsyncResultWrapper.WrappedAsyncResult`1.CallEndDelegate(IAsyncResult asyncResult)
   at System.Web.Mvc.Async.AsyncResultWrapper.WrappedAsyncResultBase`1.End()
   at System.Web.Mvc.Async.AsyncControllerActionInvoker.EndInvokeActionMethodWithFilters(IAsyncResult asyncResult)
   at System.Web.Mvc.Async.AsyncControllerActionInvoker.<>c__DisplayClass21.<>c__DisplayClass2b.<BeginInvokeAction>b__1c()
   at System.Web.Mvc.Async.AsyncControllerActionInvoker.<>c__DisplayClass21.<BeginInvokeAction>b__1e(IAsyncResult asyncResult)
2019-05-27 16:37:52.8769 ERROR CEC.Web.SRV.Infrastructure.HandleAndLogErrorAttribute.OnException  System.NullReferenceException: Object reference not set to an instance of an object.
   at System.Collections.Generic.Dictionary`2.Insert(TKey key, TValue value, Boolean add)
   at System.Collections.Generic.Dictionary`2.set_Item(TKey key, TValue value)
   at CEC.Web.SRV.Infrastructure.MenuHelper.CreateNewMenuAndPutInCache(String userName, CultureInfo currentCulture, HtmlHelper helper) in D:\work\CEC\CEC.SRV\src\CEC.Web.SRV\Infrastructure\MenuHelper.cs:line 124
   at CEC.Web.SRV.Infrastructure.MenuHelper.GetMenuItems(HtmlHelper helper) in D:\work\CEC\CEC.SRV\src\CEC.Web.SRV\Infrastructure\MenuHelper.cs:line 50
   at ASP._Page_Views_Shared__Layout_cshtml.Execute() in d:\work\CEC\CEC.SRV\src\CEC.Web.SRV\Views\Shared\_Layout.cshtml:line 105
   at System.Web.WebPages.WebPageBase.ExecutePageHierarchy()
   at System.Web.Mvc.WebViewPage.ExecutePageHierarchy()
   at System.Web.WebPages.WebPageBase.ExecutePageHierarchy(WebPageContext pageContext, TextWriter writer, WebPageRenderingBase startPage)
   at System.Web.WebPages.WebPageBase.<>c__DisplayClass7.<RenderPageCore>b__6(TextWriter writer)
   at System.Web.WebPages.HelperResult.WriteTo(TextWriter writer)
   at System.Web.WebPages.WebPageBase.Write(HelperResult result)
   at System.Web.WebPages.WebPageBase.RenderSurrounding(String partialViewName, Action`1 body)
   at System.Web.WebPages.WebPageBase.PopContext()
   at System.Web.WebPages.WebPageBase.ExecutePageHierarchy(WebPageContext pageContext, TextWriter writer, WebPageRenderingBase startPage)
   at System.Web.Mvc.RazorView.RenderView(ViewContext viewContext, TextWriter writer, Object instance)
   at System.Web.Mvc.BuildManagerCompiledView.Render(ViewContext viewContext, TextWriter writer)
   at System.Web.Mvc.ViewResultBase.ExecuteResult(ControllerContext context)
   at System.Web.Mvc.ControllerActionInvoker.InvokeActionResult(ControllerContext controllerContext, ActionResult actionResult)
   at System.Web.Mvc.ControllerActionInvoker.InvokeActionResultFilterRecursive(IList`1 filters, Int32 filterIndex, ResultExecutingContext preContext, ControllerContext controllerContext, ActionResult actionResult)
   at System.Web.Mvc.ControllerActionInvoker.InvokeActionResultFilterRecursive(IList`1 filters, Int32 filterIndex, ResultExecutingContext preContext, ControllerContext controllerContext, ActionResult actionResult)
   at System.Web.Mvc.ControllerActionInvoker.InvokeActionResultFilterRecursive(IList`1 filters, Int32 filterIndex, ResultExecutingContext preContext, ControllerContext controllerContext, ActionResult actionResult)
   at System.Web.Mvc.ControllerActionInvoker.InvokeActionResultWithFilters(ControllerContext controllerContext, IList`1 filters, ActionResult actionResult)
   at System.Web.Mvc.Async.AsyncControllerActionInvoker.<>c__DisplayClass21.<>c__DisplayClass2b.<BeginInvokeAction>b__1c()
   at System.Web.Mvc.Async.AsyncControllerActionInvoker.<>c__DisplayClass21.<BeginInvokeAction>b__1e(IAsyncResult asyncResult)
   at System.Web.Mvc.Async.AsyncResultWrapper.WrappedAsyncResult`1.CallEndDelegate(IAsyncResult asyncResult)
   at System.Web.Mvc.Async.AsyncResultWrapper.WrappedAsyncResultBase`1.End()
   at System.Web.Mvc.Async.AsyncControllerActionInvoker.EndInvokeAction(IAsyncResult asyncResult)
   at System.Web.Mvc.Controller.<BeginExecuteCore>b__1d(IAsyncResult asyncResult, ExecuteCoreState innerState)
   at System.Web.Mvc.Async.AsyncResultWrapper.WrappedAsyncVoid`1.CallEndDelegate(IAsyncResult asyncResult)
   at System.Web.Mvc.Async.AsyncResultWrapper.WrappedAsyncResultBase`1.End()
   at System.Web.Mvc.Controller.EndExecuteCore(IAsyncResult asyncResult)
   at System.Web.Mvc.Controller.<BeginExecute>b__15(IAsyncResult asyncResult, Controller controller)
   at System.Web.Mvc.Async.AsyncResultWrapper.WrappedAsyncVoid`1.CallEndDelegate(IAsyncResult asyncResult)
   at System.Web.Mvc.Async.AsyncResultWrapper.WrappedAsyncResultBase`1.End()
   at System.Web.Mvc.Controller.EndExecute(IAsyncResult asyncResult)
   at System.Web.Mvc.Controller.System.Web.Mvc.Async.IAsyncController.EndExecute(IAsyncResult asyncResult)
   at System.Web.Mvc.MvcHandler.<BeginProcessRequest>b__5(IAsyncResult asyncResult, ProcessRequestState innerState)
   at System.Web.Mvc.Async.AsyncResultWrapper.WrappedAsyncVoid`1.CallEndDelegate(IAsyncResult asyncResult)
   at System.Web.Mvc.Async.AsyncResultWrapper.WrappedAsyncResultBase`1.End()
   at System.Web.Mvc.MvcHandler.EndProcessRequest(IAsyncResult asyncResult)
   at System.Web.Mvc.MvcHandler.System.Web.IHttpAsyncHandler.EndProcessRequest(IAsyncResult result)
   at System.Web.HttpApplication.CallHandlerExecutionStep.System.Web.HttpApplication.IExecutionStep.Execute()
   at System.Web.HttpApplication.ExecuteStepImpl(IExecutionStep step)
   at System.Web.HttpApplication.ExecuteStep(IExecutionStep step, Boolean& completedSynchronously)
